Compiled on Apr 23 2020 at 02:42:48
Launched in Engine\
Answered : MESSAGE Detected following devices : CPU : GenuineIntel : 4 x AVX with 4043MB of memory
Answered : MESSAGE Using : CPU : GenuineIntel : 4 x AVX with 4043MB of memory
Got : START 15
Answered : OK
Got : INFO max_memory 2306867200
Got : INFO timeout_match 60000
Got : INFO timeout_turn 60000
Got : INFO game_type 1
Got : INFO rule 1
Got : INFO time_left 60000
Got : SWAP2BOARD
Got : 10,13
Got : 11,11
Got : 12,9
Got : DONE
Answered : MESSAGE depth 1-9 ev 59.4 n 348 n/s 217 tm 1600 pv Ok9 Xk10 Oj10 Xl8 Oj8 Xl10 Om9 Xl9 Oh8
Overall 222 children
sum of visits = 329
BEST
CIRCLE (10, 9) Q=61.9% : H=0.707 : Visit=246 : 30
CIRCLE (9, 10) Q=57.2% : H=0.19 : Visit=45 : 25
CIRCLE (10, 10) Q=49.9% : H=0.049 : Visit=9 : 21
CIRCLE (10, 8) Q=57.1% : H=0.015 : Visit=4 : 31
CIRCLE (11, 9) Q=53.9% : H=0.003 : Visit=2 : 23
CIRCLE (8, 10) Q=50.3% : H=0.015 : Visit=2 : 26
CIRCLE (9, 9) Q=48.1% : H=0.009 : Visit=2 : 22
CIRCLE (9, 8) Q=62.7% : H=0.002 : Visit=1 : 32
CIRCLE (11, 10) Q=62.3% : H=0.001 : Visit=1 : 21
CIRCLE (10, 11) Q=61% : H=0.002 : Visit=1 : 22
WORST
CIRCLE (6, 5) Q=0% : H=0 : Visit=0 : 0
CIRCLE (8, 5) Q=0% : H=0 : Visit=0 : 0
CIRCLE (4, 9) Q=0% : H=0 : Visit=0 : 0
CIRCLE (7, 5) Q=0% : H=0 : Visit=0 : 0
CIRCLE (8, 4) Q=0% : H=0 : Visit=0 : 0
CIRCLE (3, 8) Q=0% : H=0 : Visit=0 : 0
CIRCLE (7, 4) Q=0% : H=0 : Visit=0 : 0
CIRCLE (4, 7) Q=0% : H=0 : Visit=0 : 0
CIRCLE (3, 7) Q=0% : H=0 : Visit=0 : 0
CIRCLE (4, 8) Q=0% : H=0 : Visit=0 : 0
  _   _   _   _   _   _   _   _   _   _   _   _   _   _   _ 
  _   _   _   _   _   _   _   _   _   _   _   _   _   _   _ 
  _   _   _   _   _   _   _   _   _   _   _   _   _   _   _ 
  _   _   _   _   _   _   _   _   _   _   _   _   _   _   _ 
  _   _   _   _   _   _   _   _   _   _   _   _   _   _   _ 
  _   _   _   _   _   _   _   _   _   _   _   _   _   _   _ 
  _   _   _   _   _   _   _   _   _   _   _   _   _   _   _ 
  _   _   _   _   _   _   _   _   _    3   3  _   _   _   _ 
  _   _   _   _   _   _   _   _    3   3   6   3  _   _   _ 
  _   _   _   _   _   _   _   _    3   6 136   3  X   _   _ 
  _   _   _   _   _   _   _    3  12 747  27   3   3  _   _ 
  _   _   _   _   _   _   _   _    3   6   3  O    3  _   _ 
  _   _   _   _   _   _   _   _   _    3   3   3  _   _   _ 
  _   _   _   _   _   _   _   _   _   _   X    3  _   _   _ 
  _   _    3   3  _   _   _   _   _   _   _   _   _   _   _ 

nodes used 7k / 42M (0%)
memory = 1285.67 MB
0 : CROSS  (-1, -1) Q=40.5% : H=0.999 : Visit=330 : 222
1 : CIRCLE (10, 9) Q=61.9% : H=0.707 : Visit=246 : 30
2 : CROSS  (10, 10) Q=42.2% : H=0.342 : Visit=132 : 18
3 : CIRCLE (9, 10) Q=59.3% : H=0.308 : Visit=45 : 22
4 : CROSS  (11, 8) Q=39.6% : H=0.459 : Visit=19 : 22
5 : CIRCLE (9, 8) Q=61.2% : H=0.287 : Visit=6 : 21
6 : CROSS  (11, 10) Q=33.7% : H=0.44 : Visit=3 : 13
7 : CIRCLE (12, 9) Q=64.5% : H=0.802 : Visit=2 : 24
8 : CROSS  (11, 9) Q=36.6% : H=0.405 : Visit=1 : 24
9 : CIRCLE (7, 8) Q=0% : H=0 : Visit=0 : 0
Total 9 moves ahead
----NNCACHE-INFO----
memory = 0.378433 MB / 857.112MB
stored = 336 elements
calls  = 348
hits   = 11 (3.1%)
--------------------
nodes left = 1806
steps left = 10
using 0.079414s out of 9s left
median imbalance = 0.248037
depth=1 : removed 0/43
depth=2 : removed 17/33
nodes left = 1789
steps left = 10
using 0.0787133s out of 8.92059s left
----MOST-BALANCED-MOVES----
CIRCLE (7, 10) Q=49.5% : H=1 : Visit=1 : 42
CROSS  (7, 11) Q=50.4% : H=1 : Visit=1 : 26
---------------------------
median imbalance = 0.221451
depth=1 : removed 0/43
depth=2 : removed 24/48
nodes left = 1765
steps left = 10
using 0.0780188s out of 8.84187s left
----MOST-BALANCED-MOVES----
CIRCLE (7, 10) Q=61.5% : H=1 : Visit=2 : 42
CROSS  (7, 11) Q=50.4% : H=1 : Visit=1 : 26
---------------------------
median imbalance = 0.216547
depth=1 : removed 0/43
depth=2 : removed 28/56
nodes left = 1737
steps left = 10
using 0.0773303s out of 8.76385s left
----MOST-BALANCED-MOVES----
CIRCLE (7, 10) Q=61.5% : H=1 : Visit=2 : 42
CROSS  (7, 11) Q=50.4% : H=1 : Visit=1 : 26
---------------------------
median imbalance = 0.15229
depth=1 : removed 0/43
depth=2 : removed 30/60
nodes left = 1707
steps left = 10
using 0.076648s out of 8.68652s left
----MOST-BALANCED-MOVES----
CIRCLE (7, 10) Q=71.3% : H=1 : Visit=3 : 42
CROSS  (7, 11) Q=50.4% : H=1 : Visit=1 : 26
---------------------------
median imbalance = 0.1468
depth=1 : removed 0/43
depth=2 : removed 31/62
nodes left = 1676
steps left = 10
using 0.0759717s out of 8.60988s left
----MOST-BALANCED-MOVES----
CIRCLE (7, 10) Q=77.7% : H=1 : Visit=4 : 42
CROSS  (7, 11) Q=50.4% : H=1 : Visit=1 : 26
---------------------------
median imbalance = 0.141863
depth=1 : removed 0/43
depth=2 : removed 32/63
nodes left = 1644
steps left = 10
using 0.0753013s out of 8.5339s left
----MOST-BALANCED-MOVES----
CIRCLE (7, 10) Q=69.3% : H=1 : Visit=5 : 42
CROSS  (7, 11) Q=50.4% : H=1 : Visit=1 : 26
---------------------------
median imbalance = 0.0898527
depth=1 : removed 0/43
depth=2 : removed 33/65
nodes left = 1611
steps left = 10
using 0.0746369s out of 8.4586s left
----MOST-BALANCED-MOVES----
CIRCLE (7, 10) Q=69.3% : H=1 : Visit=5 : 42
CROSS  (7, 11) Q=50.4% : H=1 : Visit=1 : 26
---------------------------
median imbalance = 0.0694876
depth=1 : removed 0/43
depth=2 : removed 33/65
nodes left = 1578
steps left = 10
using 0.0739783s out of 8.38397s left
----MOST-BALANCED-MOVES----
CIRCLE (7, 10) Q=67.3% : H=1 : Visit=6 : 42
CROSS  (7, 11) Q=50.4% : H=1 : Visit=1 : 26
---------------------------
median imbalance = 0.0665608
depth=1 : removed 0/43
depth=2 : removed 33/65
nodes left = 1545
steps left = 10
using 0.0733255s out of 8.30999s left
----MOST-BALANCED-MOVES----
CIRCLE (7, 10) Q=66.2% : H=1 : Visit=7 : 42
CROSS  (7, 11) Q=50.4% : H=1 : Visit=1 : 26
---------------------------
median imbalance = 0.0620035
depth=1 : removed 0/43
depth=2 : removed 32/64
nodes left = 1513
steps left = 10
using 0.0726785s out of 8.23666s left
----MOST-BALANCED-MOVES----
CIRCLE (11, 8) Q=64.2% : H=1 : Visit=8 : 42
CROSS  (8, 12) Q=50% : H=1 : Visit=1 : 26
---------------------------
median imbalance = 0.0776632
depth=1 : removed 0/43
depth=2 : removed 32/64
nodes left = 1481
steps left = 10
using 0.0720372s out of 8.16398s left
----MOST-BALANCED-MOVES----
CIRCLE (11, 8) Q=66.8% : H=1 : Visit=9 : 42
CROSS  (8, 12) Q=50% : H=1 : Visit=1 : 26
---------------------------
median imbalance = 0.0527707
depth=1 : removed 0/43
depth=2 : removed 32/64
nodes left = 1449
steps left = 10
using 0.0714016s out of 8.09195s left
----MOST-BALANCED-MOVES----
CIRCLE (11, 8) Q=69.8% : H=1 : Visit=10 : 42
CROSS  (8, 12) Q=50% : H=1 : Visit=1 : 26
---------------------------
median imbalance = 0.0487658
depth=1 : removed 0/43
depth=2 : removed 33/66
nodes left = 1416
steps left = 10
using 0.0707715s out of 8.02054s left
----MOST-BALANCED-MOVES----
CIRCLE (11, 8) Q=67.6% : H=1 : Visit=11 : 42
CROSS  (8, 12) Q=50% : H=1 : Visit=1 : 26
---------------------------
median imbalance = 0.046177
depth=1 : removed 0/43
depth=2 : removed 33/66
nodes left = 1383
steps left = 10
using 0.0701471s out of 7.94977s left
----MOST-BALANCED-MOVES----
CIRCLE (11, 8) Q=64.6% : H=1 : Visit=12 : 42
CROSS  (8, 12) Q=50% : H=1 : Visit=1 : 26
---------------------------
median imbalance = 0.0379697
depth=1 : removed 0/43
depth=2 : removed 33/66
nodes left = 1350
steps left = 10
using 0.0695281s out of 7.87963s left
----MOST-BALANCED-MOVES----
CIRCLE (11, 8) Q=64.6% : H=1 : Visit=12 : 42
CROSS  (8, 12) Q=50% : H=1 : Visit=1 : 26
---------------------------
median imbalance = 0.0362987
depth=1 : removed 0/43
depth=2 : removed 33/65
nodes left = 1317
steps left = 10
using 0.0689146s out of 7.8101s left
----MOST-BALANCED-MOVES----
CIRCLE (11, 8) Q=64.7% : H=1 : Visit=13 : 42
CROSS  (8, 12) Q=50% : H=1 : Visit=1 : 26
---------------------------
median imbalance = 0.0378909
depth=1 : removed 0/43
depth=2 : removed 33/66
nodes left = 1284
steps left = 10
using 0.0683065s out of 7.74118s left
----MOST-BALANCED-MOVES----
CIRCLE (11, 8) Q=66.1% : H=1 : Visit=14 : 42
CROSS  (8, 12) Q=50% : H=1 : Visit=1 : 26
---------------------------
median imbalance = 0.0347848
depth=1 : removed 0/43
depth=2 : removed 35/69
nodes left = 1249
steps left = 10
using 0.0677038s out of 7.67288s left
----MOST-BALANCED-MOVES----
CIRCLE (11, 8) Q=68.2% : H=1 : Visit=15 : 42
CROSS  (8, 12) Q=50% : H=1 : Visit=1 : 26
---------------------------
median imbalance = 0.0337448
depth=1 : removed 0/43
depth=2 : removed 34/67
nodes left = 1215
steps left = 10
using 0.0671064s out of 7.60517s left
----MOST-BALANCED-MOVES----
CIRCLE (11, 8) Q=66.2% : H=0.999 : Visit=16 : 42
CROSS  (8, 12) Q=50% : H=1 : Visit=1 : 26
---------------------------
median imbalance = 0.0329637
depth=1 : removed 0/43
depth=2 : removed 33/66
nodes left = 1182
steps left = 10
using 0.0665143s out of 7.53807s left
----MOST-BALANCED-MOVES----
CIRCLE (11, 8) Q=64.4% : H=1 : Visit=17 : 42
CROSS  (8, 12) Q=50% : H=1 : Visit=1 : 26
---------------------------
median imbalance = 0.0293241
depth=1 : removed 0/43
depth=2 : removed 33/65
nodes left = 1149
steps left = 10
using 0.0659274s out of 7.47155s left
----MOST-BALANCED-MOVES----
CIRCLE (11, 8) Q=64.4% : H=1 : Visit=17 : 42
CROSS  (8, 12) Q=50% : H=1 : Visit=1 : 26
---------------------------
median imbalance = 0.0286049
depth=1 : removed 0/43
depth=2 : removed 32/64
nodes left = 1117
steps left = 10
using 0.0653456s out of 7.40562s left
----MOST-BALANCED-MOVES----
CIRCLE (11, 8) Q=62.7% : H=1 : Visit=18 : 42
CROSS  (8, 12) Q=50% : H=1 : Visit=1 : 26
---------------------------
median imbalance = 0.0259135
depth=1 : removed 0/43
depth=2 : removed 33/65
nodes left = 1084
steps left = 10
using 0.064769s out of 7.34028s left
----MOST-BALANCED-MOVES----
CIRCLE (11, 8) Q=61.1% : H=1 : Visit=19 : 42
CROSS  (8, 12) Q=50% : H=1 : Visit=1 : 26
---------------------------
median imbalance = 0.0255055
depth=1 : removed 0/43
depth=2 : removed 33/65
nodes left = 1051
steps left = 10
using 0.0641975s out of 7.27551s left
----MOST-BALANCED-MOVES----
CIRCLE (11, 8) Q=60.5% : H=1 : Visit=20 : 42
CROSS  (8, 12) Q=50% : H=1 : Visit=1 : 26
---------------------------
median imbalance = 0.0211241
depth=1 : removed 0/43
depth=2 : removed 33/65
nodes left = 1018
steps left = 9
using 0.0962963s out of 7.21131s left
----MOST-BALANCED-MOVES----
CIRCLE (11, 8) Q=62.3% : H=1 : Visit=21 : 42
CROSS  (8, 12) Q=50% : H=1 : Visit=1 : 26
---------------------------
median imbalance = 0.0204526
depth=1 : removed 0/43
depth=2 : removed 33/65
nodes left = 985
steps left = 9
using 0.0950104s out of 7.11502s left
----MOST-BALANCED-MOVES----
CIRCLE (11, 8) Q=60.9% : H=0.999 : Visit=22 : 42
CROSS  (8, 12) Q=50% : H=1 : Visit=1 : 26
---------------------------
median imbalance = 0.0191841
depth=1 : removed 0/43
depth=2 : removed 32/64
nodes left = 953
steps left = 9
using 0.0937417s out of 7.02001s left
----MOST-BALANCED-MOVES----
CIRCLE (11, 8) Q=60.9% : H=0.999 : Visit=22 : 42
CROSS  (8, 12) Q=50% : H=1 : Visit=1 : 26
---------------------------
median imbalance = 0.0184957
depth=1 : removed 0/43
depth=2 : removed 32/64
nodes left = 921
steps left = 9
using 0.0924899s out of 6.92626s left
----MOST-BALANCED-MOVES----
CIRCLE (11, 8) Q=60.6% : H=1 : Visit=23 : 42
CROSS  (8, 12) Q=50% : H=1 : Visit=1 : 26
---------------------------
median imbalance = 0.0231594
depth=1 : removed 0/43
depth=2 : removed 32/64
nodes left = 889
steps left = 9
using 0.0912548s out of 6.83377s left
----MOST-BALANCED-MOVES----
CIRCLE (11, 8) Q=59.7% : H=1 : Visit=24 : 42
CROSS  (8, 12) Q=50% : H=1 : Visit=1 : 26
---------------------------
median imbalance = 0.0919679
depth=1 : removed 0/43
depth=2 : removed 33/65
nodes left = 856
steps left = 9
using 0.0900363s out of 6.74252s left
----MOST-BALANCED-MOVES----
CIRCLE (11, 8) Q=60.9% : H=1 : Visit=25 : 42
CROSS  (8, 12) Q=50% : H=1 : Visit=1 : 26
---------------------------
median imbalance = 0.0169547
depth=1 : removed 0/43
depth=2 : removed 33/65
nodes left = 823
steps left = 9
using 0.088834s out of 6.65248s left
----MOST-BALANCED-MOVES----
CIRCLE (11, 8) Q=62.2% : H=0.999 : Visit=26 : 42
CROSS  (8, 12) Q=50% : H=1 : Visit=1 : 26
---------------------------
median imbalance = 0.0407171
depth=1 : removed 0/43
depth=2 : removed 33/65
nodes left = 790
steps left = 9
using 0.0876477s out of 6.56365s left
----MOST-BALANCED-MOVES----
CIRCLE (11, 8) Q=62.6% : H=1 : Visit=27 : 42
CROSS  (8, 12) Q=50% : H=1 : Visit=1 : 26
---------------------------
median imbalance = 0.0150115
depth=1 : removed 0/43
depth=2 : removed 32/64
nodes left = 758
steps left = 9
using 0.0864773s out of 6.476s left
----MOST-BALANCED-MOVES----
CIRCLE (11, 8) Q=63.2% : H=0.999 : Visit=28 : 42
CROSS  (8, 12) Q=50% : H=1 : Visit=1 : 26
---------------------------
median imbalance = 0.0144643
depth=1 : removed 0/43
depth=2 : removed 32/64
nodes left = 726
steps left = 9
using 0.0853225s out of 6.38952s left
----MOST-BALANCED-MOVES----
CIRCLE (11, 8) Q=63.2% : H=0.999 : Visit=28 : 42
CROSS  (8, 12) Q=50% : H=1 : Visit=1 : 26
---------------------------
median imbalance = 0.0144764
depth=1 : removed 0/43
depth=2 : removed 32/64
nodes left = 694
steps left = 9
using 0.0841832s out of 6.3042s left
----MOST-BALANCED-MOVES----
CIRCLE (11, 8) Q=63.4% : H=0.999 : Visit=29 : 42
CROSS  (8, 12) Q=50% : H=1 : Visit=1 : 26
---------------------------
median imbalance = 0.0155221
depth=1 : removed 0/43
depth=2 : removed 32/64
nodes left = 662
steps left = 9
using 0.083059s out of 6.22002s left
----MOST-BALANCED-MOVES----
CIRCLE (11, 8) Q=62.9% : H=0.999 : Visit=30 : 42
CROSS  (8, 12) Q=50% : H=1 : Visit=1 : 26
---------------------------
median imbalance = 0.0141378
depth=1 : removed 0/43
depth=2 : removed 32/64
nodes left = 630
steps left = 9
using 0.0819499s out of 6.13696s left
----MOST-BALANCED-MOVES----
CIRCLE (11, 8) Q=62.9% : H=1 : Visit=31 : 42
CROSS  (8, 12) Q=50% : H=1 : Visit=1 : 26
---------------------------
median imbalance = 0.0364729
depth=1 : removed 0/43
depth=2 : removed 32/64
nodes left = 598
steps left = 9
using 0.0808556s out of 6.05501s left
----MOST-BALANCED-MOVES----
CIRCLE (11, 8) Q=63.6% : H=1 : Visit=32 : 42
CROSS  (8, 12) Q=50% : H=1 : Visit=1 : 26
---------------------------
median imbalance = 0.0344907
depth=1 : removed 0/43
depth=2 : removed 32/64
nodes left = 566
steps left = 9
using 0.0797759s out of 5.97415s left
----MOST-BALANCED-MOVES----
CIRCLE (11, 8) Q=64% : H=0.999 : Visit=33 : 42
CROSS  (8, 12) Q=50% : H=1 : Visit=1 : 26
---------------------------
median imbalance = 0.0252609
depth=1 : removed 0/43
depth=2 : removed 32/64
nodes left = 534
steps left = 9
using 0.0787106s out of 5.89438s left
----MOST-BALANCED-MOVES----
CIRCLE (11, 8) Q=64% : H=0.999 : Visit=33 : 42
CROSS  (8, 12) Q=50% : H=1 : Visit=1 : 26
---------------------------
median imbalance = 0.0504686
depth=1 : removed 0/43
depth=2 : removed 32/64
nodes left = 502
steps left = 8
using 0.118066s out of 5.81567s left
----MOST-BALANCED-MOVES----
CIRCLE (11, 8) Q=64.4% : H=0.999 : Visit=34 : 42
CROSS  (8, 12) Q=50% : H=1 : Visit=1 : 26
---------------------------
median imbalance = 0.0916202
depth=1 : removed 0/43
depth=2 : removed 40/80
nodes left = 462
steps left = 8
using 0.115669s out of 5.6976s left
----MOST-BALANCED-MOVES----
CIRCLE (11, 8) Q=65.4% : H=1 : Visit=36 : 42
CROSS  (8, 12) Q=50% : H=1 : Visit=1 : 26
---------------------------
median imbalance = 0.0649135
depth=1 : removed 3/43
depth=2 : removed 43/86
nodes left = 419
steps left = 8
using 0.113321s out of 5.58193s left
----MOST-BALANCED-MOVES----
CIRCLE (11, 8) Q=66.1% : H=1 : Visit=37 : 42
CROSS  (8, 12) Q=50% : H=1 : Visit=1 : 26
---------------------------
median imbalance = 0.122949
depth=1 : removed 6/43
depth=2 : removed 44/88
nodes left = 375
steps left = 8
using 0.11102s out of 5.46861s left
----MOST-BALANCED-MOVES----
CIRCLE (11, 8) Q=67.7% : H=1 : Visit=39 : 42
CROSS  (8, 12) Q=50% : H=1 : Visit=1 : 26
---------------------------
median imbalance = 0.0623432
depth=1 : removed 7/43
depth=2 : removed 44/87
nodes left = 331
steps left = 8
using 0.108766s out of 5.35759s left
----MOST-BALANCED-MOVES----
CIRCLE (11, 8) Q=69.1% : H=1 : Visit=41 : 42
CROSS  (8, 12) Q=50% : H=1 : Visit=1 : 26
---------------------------
median imbalance = 0.0572759
depth=1 : removed 10/43
depth=2 : removed 43/85
nodes left = 288
steps left = 8
using 0.106558s out of 5.24883s left
----MOST-BALANCED-MOVES----
CIRCLE (11, 8) Q=69.9% : H=1 : Visit=43 : 42
CROSS  (8, 12) Q=50% : H=1 : Visit=1 : 26
---------------------------
median imbalance = 0.0527763
depth=1 : removed 12/43
depth=2 : removed 42/83
nodes left = 246
steps left = 7
using 0.159837s out of 5.14227s left
----MOST-BALANCED-MOVES----
CIRCLE (9, 13) Q=49.5% : H=0.999 : Visit=38 : 42
CROSS  (10, 13) Q=49.9% : H=1 : Visit=1 : 22
---------------------------
median imbalance = 0.0463023
depth=1 : removed 14/43
depth=2 : removed 38/76
nodes left = 208
steps left = 7
using 0.154869s out of 4.98243s left
----MOST-BALANCED-MOVES----
CIRCLE (9, 13) Q=51.6% : H=1 : Visit=40 : 42
CROSS  (10, 13) Q=49.9% : H=1 : Visit=1 : 22
---------------------------
median imbalance = 0.0606115
depth=1 : removed 16/43
depth=2 : removed 37/74
nodes left = 171
steps left = 7
using 0.150055s out of 4.82756s left
----MOST-BALANCED-MOVES----
CIRCLE (11, 13) Q=45% : H=1 : Visit=40 : 42
CROSS  (13, 11) Q=50% : H=1 : Visit=1 : 21
---------------------------
median imbalance = 0.0654424
depth=1 : removed 16/43
depth=2 : removed 36/72
nodes left = 135
steps left = 7
using 0.145391s out of 4.67751s left
----MOST-BALANCED-MOVES----
CIRCLE (11, 13) Q=46.8% : H=0.999 : Visit=42 : 42
CROSS  (13, 11) Q=50% : H=1 : Visit=1 : 21
---------------------------
median imbalance = 0.0679281
depth=1 : removed 18/43
depth=2 : removed 31/61
nodes left = 104
steps left = 6
using 0.218087s out of 4.53211s left
----MOST-BALANCED-MOVES----
CIRCLE (11, 13) Q=48.1% : H=1 : Visit=44 : 42
CROSS  (13, 11) Q=50% : H=1 : Visit=1 : 21
---------------------------
median imbalance = 0.0483445
depth=1 : removed 19/43
depth=2 : removed 30/60
nodes left = 74
steps left = 6
using 0.207592s out of 4.31403s left
----MOST-BALANCED-MOVES----
CIRCLE (12, 8) Q=59.8% : H=1 : Visit=52 : 42
CROSS  (11, 8) Q=49.9% : H=1 : Visit=11 : 24
---------------------------
median imbalance = 0.0291788
depth=1 : removed 24/43
depth=2 : removed 24/50
nodes left = 50
steps left = 5
using 0.311388s out of 4.10644s left
----MOST-BALANCED-MOVES----
CIRCLE (14, 10) Q=20% : H=1 : Visit=39 : 42
CROSS  (9, 14) Q=49.8% : H=1 : Visit=1 : 21
---------------------------
median imbalance = 0.0844253
depth=1 : removed 30/43
depth=2 : removed 25/50
nodes left = 25
steps left = 4
using 0.467083s out of 3.79505s left
----MOST-BALANCED-MOVES----
CIRCLE (7, 12) Q=47.8% : H=0.999 : Visit=54 : 42
CROSS  (13, 11) Q=49.9% : H=1 : Visit=12 : 26
---------------------------
median imbalance = 0.0683518
depth=1 : removed 33/43
depth=2 : removed 13/25
nodes left = 12
steps left = 3
using 0.700624s out of 3.32796s left
----MOST-BALANCED-MOVES----
CIRCLE (7, 12) Q=48.1% : H=0.999 : Visit=62 : 42
CROSS  (13, 11) Q=49.9% : H=1 : Visit=20 : 26
---------------------------
median imbalance = 0.0375425
depth=1 : removed 36/43
depth=2 : removed 5/12
nodes left = 7
steps left = 2
using 1.05094s out of 2.62734s left
----MOST-BALANCED-MOVES----
CIRCLE (7, 10) Q=58.3% : H=1 : Visit=86 : 42
CROSS  (11, 10) Q=49.3% : H=1 : Visit=44 : 15
---------------------------
median imbalance = 0.0226912
depth=1 : removed 40/43
depth=2 : removed 4/7
nodes left = 3
steps left = 1
using 1.5764s out of 1.5764s left
----MOST-BALANCED-MOVES----
CIRCLE (9, 11) Q=58.2% : H=1 : Visit=133 : 42
CROSS  (8, 10) Q=49.9% : H=0.999 : Visit=91 : 24
---------------------------
median imbalance = 0.0256732
depth=1 : removed 42/43
depth=2 : removed 2/3
Answered : MESSAGE depth 1-11 ev 51.6 n 2894 n/s 186 tm 15530 pv Oh12 Xn11 Ok10 Xk9 Oj9 Xi8 Oi10 Xh11 Oj11 Xl10 Og8
Overall 43 children
sum of visits = 269
BEST
CIRCLE (7, 12) Q=47.8% : H=0.999 : Visit=227 : 42
CIRCLE (7, 10) Q=0% : H=0 : Visit=1 : 42
CIRCLE (10, 10) Q=0% : H=0 : Visit=1 : 42
CIRCLE (11, 9) Q=0% : H=0 : Visit=1 : 42
CIRCLE (8, 10) Q=0% : H=0 : Visit=1 : 42
CIRCLE (7, 13) Q=0% : H=0 : Visit=1 : 42
CIRCLE (13, 13) Q=0% : H=0 : Visit=1 : 42
CIRCLE (11, 10) Q=0% : H=0 : Visit=1 : 42
CIRCLE (7, 11) Q=0% : H=0 : Visit=1 : 42
CIRCLE (8, 13) Q=0% : H=0 : Visit=1 : 42
WORST
CIRCLE (14, 12) Q=0% : H=0 : Visit=1 : 42
CIRCLE (14, 10) Q=0% : H=0 : Visit=1 : 42
CIRCLE (10, 12) Q=0% : H=0 : Visit=1 : 42
CIRCLE (13, 11) Q=0% : H=0 : Visit=1 : 42
CIRCLE (12, 9) Q=0% : H=0 : Visit=1 : 42
CIRCLE (7, 14) Q=0% : H=0 : Visit=1 : 42
CIRCLE (9, 9) Q=0% : H=0 : Visit=1 : 42
CIRCLE (12, 8) Q=0% : H=0 : Visit=1 : 42
CIRCLE (13, 9) Q=0% : H=0 : Visit=1 : 42
CIRCLE (9, 11) Q=0% : H=0 : Visit=1 : 42
  _   _   _   _   _   _   _   _   _   _   _   _   _   _   _ 
  _   _   _   _   _   _   _   _   _   _   _   _   _   _   _ 
  _   _   _   _   _   _   _   _   _   _   _   _   _   _   _ 
  _   _   _   _   _   _   _   _   _   _   _   _   _   _   _ 
  _   _   _   _   _   _   _   _   _   _   _   _   _   _   _ 
  _   _   _   _   _   _   _   _   _   _   _   _   _   _   _ 
  _   _   _   _   _   _   _   _   _   _   _   _   _   _   _ 
  _   _   _   _   _   _   _   _   _   _    3   3 843   3   3
  _   _   _   _   _   _   _   _   _   _    3   3   3   3   3
  _   _   _   _   _   _   _   _   _    3   3   3  X    3   3
  _   _   _   _   _   _   _   _   _    3   3   3   3   3   3
  _   _   _   _   _   _   _   _    3   3   3  O    3   3   3
  _   _   _   _   _   _   _   _    3   3   3   3   3   3  _ 
  _   _   _   _   _   _   _   _    3   3  X    3   3   3  _ 
  _   _   _   _   _   _   _   _    3   3   3   3   3  _   _ 

nodes used 69k / 42M (0.1%)
memory = 1285.67 MB
0 : CROSS  (-1, -1) Q=48.3% : H=1 : Visit=2889 : 43
1 : CIRCLE (7, 12) Q=47.8% : H=0.999 : Visit=227 : 42
2 : CROSS  (13, 11) Q=51.9% : H=1 : Visit=185 : 26
3 : CIRCLE (10, 10) Q=52.4% : H=0.309 : Visit=97 : 29
4 : CROSS  (10, 9) Q=47.3% : H=0.496 : Visit=48 : 30
5 : CIRCLE (9, 9) Q=59.5% : H=0.341 : Visit=29 : 13
6 : CROSS  (8, 8) Q=34.7% : H=0.777 : Visit=18 : 36
7 : CIRCLE (8, 10) Q=71.4% : H=0.484 : Visit=13 : 26
8 : CROSS  (7, 11) Q=30.4% : H=0.236 : Visit=4 : 40
9 : CIRCLE (9, 11) Q=75.1% : H=0.39 : Visit=3 : 27
10 : CROSS  (11, 10) Q=34.5% : H=0.371 : Visit=1 : 33
11 : CIRCLE (6, 8) Q=0% : H=0 : Visit=0 : 0
Total 11 moves ahead
----NNCACHE-INFO----
memory = 3.58611 MB / 857.112MB
stored = 3184 elements
calls  = 3242
hits   = 52 (1.6%)
--------------------
----MOST-BALANCED-MOVES----
CIRCLE (7, 12) Q=47.8% : H=0.999 : Visit=227 : 42
CROSS  (13, 11) Q=51.9% : H=1 : Visit=185 : 26
---------------------------
Answered : 12,7 11,13
Got : END
