Compiled on Apr 23 2020 at 02:42:48
Launched in Engine\
Answered : MESSAGE Detected following devices : CPU : GenuineIntel : 4 x AVX with 4043MB of memory
Answered : MESSAGE Using : CPU : GenuineIntel : 4 x AVX with 4043MB of memory
Got : START 15
Answered : OK
Got : INFO max_memory 2306867200
Got : INFO timeout_match 60000
Got : INFO timeout_turn 60000
Got : INFO game_type 1
Got : INFO rule 1
Got : INFO time_left 60000
Got : SWAP2BOARD
Got : 1,3
Got : 1,4
Got : 2,5
Got : DONE
Answered : MESSAGE depth 1-10 ev 32.9 n 410 n/s 273 tm 1500 pv Of4 Xe4 Od5 Xg5 Oe6 Xf7 Od6 Xd7 Oc5 Xb5
Overall 222 children
sum of visits = 393
BEST
CIRCLE (5, 4) Q=36.3% : H=0.504 : Visit=281 : 28
CIRCLE (6, 4) Q=28.1% : H=0.143 : Visit=31 : 26
CIRCLE (5, 3) Q=22.8% : H=0.171 : Visit=27 : 28
CIRCLE (4, 4) Q=32% : H=0.059 : Visit=17 : 24
CIRCLE (5, 5) Q=24.8% : H=0.085 : Visit=14 : 28
CIRCLE (3, 4) Q=18.3% : H=0.029 : Visit=3 : 25
CIRCLE (4, 5) Q=34.1% : H=0.001 : Visit=1 : 26
CIRCLE (4, 3) Q=26.1% : H=0.002 : Visit=1 : 23
CIRCLE (6, 5) Q=24.3% : H=0.001 : Visit=1 : 27
CIRCLE (5, 6) Q=22.9% : H=0 : Visit=1 : 28
WORST
CIRCLE (9, 14) Q=0% : H=0 : Visit=0 : 0
CIRCLE (12, 6) Q=0% : H=0 : Visit=0 : 0
CIRCLE (7, 13) Q=0% : H=0 : Visit=0 : 0
CIRCLE (13, 6) Q=0% : H=0 : Visit=0 : 0
CIRCLE (6, 13) Q=0% : H=0 : Visit=0 : 0
CIRCLE (8, 13) Q=0% : H=0 : Visit=0 : 0
CIRCLE (4, 11) Q=0% : H=0 : Visit=0 : 0
CIRCLE (8, 14) Q=0% : H=0 : Visit=0 : 0
CIRCLE (6, 14) Q=0% : H=0 : Visit=0 : 0
CIRCLE (7, 14) Q=0% : H=0 : Visit=0 : 0
  _   _   _   _   _   _   _   _   _   _   _   _   _   _   _ 
  _   _   _   _   _   _   _   _   _   _   _   _   _   _   _ 
  _    2  _   _   _   _   _   _   _   _   _   _   _   _   _ 
  _   X    2   2   7   2  _   _   _   _   _   _   _   _   _ 
  _   O    2   2  43   2  _   _   _   _   _   _   _   _   _ 
  _   _   X   68 715  35   2  _   _   _   _   _   _   _   _ 
  _   _    2   2  78   2   2  _    2   2  _   _   _   _   _ 
  _   _   _   _    2   2   2  _    2  _   _   _   _   _   _ 
  _   _   _   _   _   _    2  _   _   _   _   _   _   _   _ 
  _   _   _   _   _   _   _   _   _   _    2  _   _   _   _ 
  _   _   _   _   _   _   _   _   _   _   _   _   _   _   _ 
  _   _   _   _   _   _   _   _   _   _   _   _   _   _   _ 
  _   _   _   _   _   _   _   _   _   _   _   _   _   _   _ 
  _   _   _   _   _   _   _   _   _   _   _   _   _   _   _ 
  _   _   _   _   _   _   _   _   _   _   _   _   _   _   _ 

nodes used 9k / 42M (0%)
memory = 1285.67 MB
0 : CROSS  (-1, -1) Q=67% : H=1 : Visit=394 : 222
1 : CIRCLE (5, 4) Q=36.3% : H=0.504 : Visit=281 : 28
2 : CROSS  (4, 4) Q=60.7% : H=0.652 : Visit=135 : 22
3 : CIRCLE (3, 5) Q=41.2% : H=0.717 : Visit=115 : 27
4 : CROSS  (6, 5) Q=57.8% : H=0.309 : Visit=33 : 19
5 : CIRCLE (4, 6) Q=51.4% : H=0.226 : Visit=14 : 25
6 : CROSS  (5, 7) Q=46.1% : H=0.841 : Visit=11 : 23
7 : CIRCLE (3, 6) Q=59.3% : H=0.66 : Visit=9 : 22
8 : CROSS  (3, 7) Q=47% : H=0.357 : Visit=4 : 25
9 : CIRCLE (2, 5) Q=57.4% : H=0.234 : Visit=1 : 14
10 : CROSS  (1, 5) Q=0% : H=0 : Visit=0 : 0
Total 10 moves ahead
----NNCACHE-INFO----
memory = 0.450516 MB / 857.112MB
stored = 400 elements
calls  = 410
hits   = 10 (2.4%)
--------------------
nodes left = 870
steps left = 9
using 0.120182s out of 9s left
median imbalance = 0.297431
depth=1 : removed 0/30
depth=2 : removed 32/64
nodes left = 838
steps left = 9
using 0.118577s out of 8.87982s left
----MOST-BALANCED-MOVES----
CIRCLE (1, 3) Q=46.5% : H=1 : Visit=2 : 29
CROSS  (1, 0) Q=47% : H=1 : Visit=1 : 26
---------------------------
median imbalance = 0.206832
depth=1 : removed 0/30
depth=2 : removed 48/96
nodes left = 790
steps left = 9
using 0.116993s out of 8.76124s left
----MOST-BALANCED-MOVES----
CIRCLE (7, 2) Q=62.9% : H=1 : Visit=4 : 29
CROSS  (1, 2) Q=50% : H=1 : Visit=1 : 26
---------------------------
median imbalance = 0.166588
depth=1 : removed 0/30
depth=2 : removed 64/128
nodes left = 726
steps left = 9
using 0.115431s out of 8.64425s left
----MOST-BALANCED-MOVES----
CIRCLE (7, 2) Q=59.9% : H=1 : Visit=7 : 29
CROSS  (1, 2) Q=50% : H=1 : Visit=1 : 26
---------------------------
median imbalance = 0.175547
depth=1 : removed 0/30
depth=2 : removed 84/167
nodes left = 642
steps left = 9
using 0.11389s out of 8.52882s left
----MOST-BALANCED-MOVES----
CIRCLE (7, 2) Q=50.7% : H=1 : Visit=11 : 29
CROSS  (1, 2) Q=50% : H=1 : Visit=1 : 26
---------------------------
median imbalance = 0.150516
depth=1 : removed 0/30
depth=2 : removed 84/168
nodes left = 558
steps left = 9
using 0.112369s out of 8.41493s left
----MOST-BALANCED-MOVES----
CIRCLE (7, 2) Q=47.1% : H=1 : Visit=14 : 29
CROSS  (1, 2) Q=50% : H=1 : Visit=1 : 26
---------------------------
median imbalance = 0.130162
depth=1 : removed 0/30
depth=2 : removed 84/167
nodes left = 474
steps left = 8
using 0.168553s out of 8.30256s left
----MOST-BALANCED-MOVES----
CIRCLE (7, 2) Q=42.2% : H=0.999 : Visit=16 : 29
CROSS  (1, 2) Q=50% : H=1 : Visit=1 : 26
---------------------------
median imbalance = 0.115813
depth=1 : removed 0/30
depth=2 : removed 83/166
nodes left = 391
steps left = 8
using 0.165131s out of 8.13401s left
----MOST-BALANCED-MOVES----
CIRCLE (7, 2) Q=43.4% : H=1 : Visit=19 : 29
CROSS  (1, 2) Q=50% : H=1 : Visit=1 : 26
---------------------------
median imbalance = 0.109213
depth=1 : removed 0/30
depth=2 : removed 92/183
nodes left = 299
steps left = 8
using 0.161779s out of 7.96887s left
----MOST-BALANCED-MOVES----
CIRCLE (7, 2) Q=43% : H=1 : Visit=23 : 29
CROSS  (1, 2) Q=50% : H=1 : Visit=1 : 26
---------------------------
median imbalance = 0.0907932
depth=1 : removed 0/30
depth=2 : removed 86/171
nodes left = 213
steps left = 7
using 0.242668s out of 7.8071s left
----MOST-BALANCED-MOVES----
CIRCLE (7, 2) Q=40.4% : H=1 : Visit=25 : 29
CROSS  (1, 2) Q=50% : H=1 : Visit=1 : 26
---------------------------
median imbalance = 0.0851304
depth=1 : removed 2/30
depth=2 : removed 78/156
nodes left = 135
steps left = 7
using 0.235125s out of 7.56443s left
----MOST-BALANCED-MOVES----
CIRCLE (7, 2) Q=39.5% : H=0.999 : Visit=30 : 29
CROSS  (1, 2) Q=50% : H=1 : Visit=1 : 26
---------------------------
median imbalance = 0.0827592
depth=1 : removed 2/30
depth=2 : removed 60/119
nodes left = 75
steps left = 6
using 0.352688s out of 7.3293s left
----MOST-BALANCED-MOVES----
CIRCLE (5, 3) Q=58.3% : H=1 : Visit=41 : 29
CROSS  (7, 2) Q=50.4% : H=1 : Visit=5 : 23
---------------------------
median imbalance = 0.0988413
depth=1 : removed 11/30
depth=2 : removed 38/75
nodes left = 37
steps left = 5
using 0.529032s out of 6.97661s left
----MOST-BALANCED-MOVES----
CIRCLE (3, 2) Q=49.2% : H=1 : Visit=44 : 29
CROSS  (4, 2) Q=49% : H=1 : Visit=10 : 19
---------------------------
median imbalance = 0.0430484
depth=1 : removed 16/30
depth=2 : removed 18/37
nodes left = 19
steps left = 4
using 0.793548s out of 6.44758s left
----MOST-BALANCED-MOVES----
CIRCLE (7, 1) Q=36.9% : H=1 : Visit=50 : 29
CROSS  (2, 1) Q=49.9% : H=1 : Visit=9 : 26
---------------------------
median imbalance = 0.0337094
depth=1 : removed 21/30
depth=2 : removed 9/19
nodes left = 10
steps left = 3
using 1.19032s out of 5.65403s left
----MOST-BALANCED-MOVES----
CIRCLE (1, 3) Q=40.9% : H=1 : Visit=74 : 29
CROSS  (5, 0) Q=50.1% : H=0.999 : Visit=30 : 25
---------------------------
median imbalance = 0.0227632
depth=1 : removed 24/30
depth=2 : removed 4/10
nodes left = 6
steps left = 2
using 1.78548s out of 4.46371s left
----MOST-BALANCED-MOVES----
CIRCLE (1, 3) Q=44.8% : H=1 : Visit=133 : 29
CROSS  (5, 0) Q=50.2% : H=1 : Visit=89 : 25
---------------------------
median imbalance = 0.0270026
depth=1 : removed 27/30
depth=2 : removed 3/6
nodes left = 3
steps left = 1
using 2.67823s out of 2.67823s left
----MOST-BALANCED-MOVES----
CIRCLE (1, 3) Q=47% : H=0.999 : Visit=251 : 29
CROSS  (5, 0) Q=50.3% : H=0.999 : Visit=207 : 25
---------------------------
median imbalance = 0.00707508
depth=1 : removed 28/30
depth=2 : removed 1/3
nodes left = 2
steps left = 1
using 0s out of 0s left
----MOST-BALANCED-MOVES----
CIRCLE (1, 3) Q=48.4% : H=1 : Visit=528 : 29
CROSS  (5, 0) Q=50.3% : H=1 : Visit=484 : 25
---------------------------
median imbalance = 0.00637391
depth=1 : removed 28/30
depth=2 : removed 0/2
nodes left = 2
steps left = 1
using 0s out of 0s left
----MOST-BALANCED-MOVES----
CIRCLE (1, 3) Q=48.4% : H=1 : Visit=537 : 29
CROSS  (5, 0) Q=50.2% : H=1 : Visit=493 : 25
---------------------------
median imbalance = 0.00677362
depth=1 : removed 28/30
depth=2 : removed 0/2
nodes left = 2
steps left = 1
using 0s out of 0s left
----MOST-BALANCED-MOVES----
CIRCLE (1, 3) Q=48.4% : H=1 : Visit=545 : 29
CROSS  (5, 0) Q=50.3% : H=1 : Visit=501 : 25
---------------------------
median imbalance = 0.00565197
depth=1 : removed 28/30
depth=2 : removed 0/2
nodes left = 2
steps left = 1
using 0s out of 0s left
----MOST-BALANCED-MOVES----
CIRCLE (1, 3) Q=48.5% : H=1 : Visit=553 : 29
CROSS  (5, 0) Q=50.2% : H=1 : Visit=509 : 25
---------------------------
median imbalance = 0.00471755
depth=1 : removed 29/30
depth=2 : removed 1/2
Answered : MESSAGE depth 1-12 ev 47.5 n 4255 n/s 350 tm 12130 pv Ob3 Xf0 Of4 Xg4 Oh5 Xg2 Oh2 Xg3 Og5 Xe3 Og1 Xc2
Overall 30 children
sum of visits = 591
BEST
CIRCLE (1, 3) Q=48.7% : H=1 : Visit=562 : 29
CIRCLE (6, 2) Q=0% : H=0 : Visit=1 : 29
CIRCLE (2, 1) Q=0% : H=0 : Visit=1 : 29
CIRCLE (1, 2) Q=0% : H=0 : Visit=1 : 29
CIRCLE (4, 4) Q=0% : H=0 : Visit=1 : 29
CIRCLE (6, 3) Q=0% : H=0 : Visit=1 : 29
CIRCLE (4, 3) Q=0% : H=0 : Visit=1 : 29
CIRCLE (3, 0) Q=0% : H=0 : Visit=1 : 29
CIRCLE (1, 1) Q=0% : H=0 : Visit=1 : 29
CIRCLE (1, 0) Q=0% : H=0 : Visit=1 : 29
WORST
CIRCLE (7, 3) Q=0% : H=0 : Visit=1 : 29
CIRCLE (3, 2) Q=0% : H=0 : Visit=1 : 29
CIRCLE (5, 1) Q=0% : H=0 : Visit=1 : 29
CIRCLE (7, 4) Q=0% : H=0 : Visit=1 : 29
CIRCLE (7, 1) Q=0% : H=0 : Visit=1 : 29
CIRCLE (3, 4) Q=0% : H=0 : Visit=1 : 29
CIRCLE (6, 4) Q=0% : H=0 : Visit=1 : 29
CIRCLE (6, 1) Q=0% : H=0 : Visit=1 : 29
CIRCLE (5, 4) Q=0% : H=0 : Visit=1 : 29
CIRCLE (5, 3) Q=0% : H=0 : Visit=1 : 29
  _   _   _   _   _   _   _   _   _   _   _   _   _   _   _ 
   1   1   1 950  _   _   _   _   _   _   _   _   _   _   _ 
   1   1   1   1  _   _   _   _   _   _   _   _   _   _   _ 
   1  X    1   1   1  _   _   _   _   _   _   _   _   _   _ 
   1  O    1   1   1  _   _   _   _   _   _   _   _   _   _ 
   1   1  X    1   1  _   _   _   _   _   _   _   _   _   _ 
   1   1   1   1   1  _   _   _   _   _   _   _   _   _   _ 
   1   1   1   1   1  _   _   _   _   _   _   _   _   _   _ 
  _   _   _   _   _   _   _   _   _   _   _   _   _   _   _ 
  _   _   _   _   _   _   _   _   _   _   _   _   _   _   _ 
  _   _   _   _   _   _   _   _   _   _   _   _   _   _   _ 
  _   _   _   _   _   _   _   _   _   _   _   _   _   _   _ 
  _   _   _   _   _   _   _   _   _   _   _   _   _   _   _ 
  _   _   _   _   _   _   _   _   _   _   _   _   _   _   _ 
  _   _   _   _   _   _   _   _   _   _   _   _   _   _   _ 

nodes used 103k / 42M (0.2%)
memory = 1285.67 MB
0 : CROSS  (-1, -1) Q=52.4% : H=1 : Visit=4249 : 30
1 : CIRCLE (1, 3) Q=48.7% : H=1 : Visit=562 : 29
2 : CROSS  (5, 0) Q=50% : H=1 : Visit=518 : 25
3 : CIRCLE (5, 4) Q=48.7% : H=0.409 : Visit=178 : 29
4 : CROSS  (6, 4) Q=55.5% : H=0.355 : Visit=121 : 24
5 : CIRCLE (7, 5) Q=44.4% : H=0.494 : Visit=58 : 29
6 : CROSS  (6, 2) Q=58.9% : H=0.475 : Visit=36 : 21
7 : CIRCLE (7, 2) Q=38.3% : H=0.438 : Visit=15 : 25
8 : CROSS  (6, 3) Q=76.9% : H=0.198 : Visit=6 : 8
9 : CIRCLE (6, 5) Q=21.8% : H=0.601 : Visit=3 : 23
10 : CROSS  (4, 3) Q=83.6% : H=0.491 : Visit=2 : 21
11 : CIRCLE (6, 1) Q=17.5% : H=0.509 : Visit=1 : 23
12 : CROSS  (2, 2) Q=0% : H=0 : Visit=0 : 0
Total 12 moves ahead
----NNCACHE-INFO----
memory = 4.70338 MB / 857.112MB
stored = 4176 elements
calls  = 4665
hits   = 479 (10.2%)
--------------------
----MOST-BALANCED-MOVES----
CIRCLE (1, 3) Q=48.7% : H=1 : Visit=562 : 29
CROSS  (5, 0) Q=50% : H=1 : Visit=518 : 25
---------------------------
Answered : 3,1 0,5
Got : END
