Compiled on Apr 23 2020 at 02:42:48
Launched in Engine\
Answered : MESSAGE Detected following devices : CPU : GenuineIntel : 4 x AVX with 4043MB of memory
Answered : MESSAGE Using : CPU : GenuineIntel : 4 x AVX with 4043MB of memory
Got : START 15
Answered : OK
Got : INFO max_memory 2306867200
Got : INFO timeout_match 60000
Got : INFO timeout_turn 60000
Got : INFO game_type 1
Got : INFO rule 1
Got : INFO time_left 60000
Got : SWAP2BOARD
Got : 14,8
Got : 14,7
Got : 11,3
Got : DONE
Answered : MESSAGE depth 1-8 ev 20.5 n 678 n/s 443 tm 1528 pv Oe10 Xe9 Of8 Xg10 Og9 Xh10 Oh8 Xd8
Overall 222 children
sum of visits = 662
BEST
CIRCLE (4, 10) Q=23.2% : H=0.157 : Visit=192 : 34
CIRCLE (6, 10) Q=21% : H=0.148 : Visit=106 : 30
CIRCLE (5, 10) Q=22.5% : H=0.09 : Visit=88 : 28
CIRCLE (6, 11) Q=16% : H=0.253 : Visit=87 : 35
CIRCLE (5, 9) Q=20.5% : H=0.086 : Visit=56 : 34
CIRCLE (4, 11) Q=21.3% : H=0.068 : Visit=52 : 28
CIRCLE (7, 10) Q=13.3% : H=0.1 : Visit=28 : 28
CIRCLE (4, 9) Q=22.9% : H=0.014 : Visit=12 : 29
CIRCLE (6, 9) Q=16.2% : H=0.01 : Visit=5 : 30
CIRCLE (5, 11) Q=15.6% : H=0.01 : Visit=4 : 34
WORST
CIRCLE (0, 8) Q=0% : H=0 : Visit=0 : 0
CIRCLE (13, 7) Q=0% : H=0 : Visit=0 : 0
CIRCLE (0, 9) Q=0% : H=0 : Visit=0 : 0
CIRCLE (7, 1) Q=0% : H=0 : Visit=0 : 0
CIRCLE (5, 1) Q=0% : H=0 : Visit=0 : 0
CIRCLE (11, 5) Q=0% : H=0 : Visit=0 : 0
CIRCLE (0, 10) Q=0% : H=0 : Visit=0 : 0
CIRCLE (6, 1) Q=0% : H=0 : Visit=0 : 0
CIRCLE (11, 12) Q=0% : H=0 : Visit=0 : 0
CIRCLE (11, 11) Q=0% : H=0 : Visit=0 : 0
  _   _   _   _   _   _   _   _   _   _   _   _   _   _   _ 
  _   _   _   _   _   _   _   _   _   _   _   _   _   _   _ 
  _   _   _   _   _   _   _   _   _   _   _   _   _   _   _ 
  _   _   _   _   _   _   _   _   _   _    1  X   _   _   _ 
  _   _   _   _    1  _   _   _    1  18 290  78  _   _   _ 
  _   _   _   _    1  _   _   _    3  84 132   6  _   _   _ 
  _   _   _   _   _   _   _   _    1   7 160 131  _   _   _ 
  _   _   _   _   _   _   _   _    1   1  42   4   1  _   O 
  _   _   _   _    1  _   _   _    1   1   4   3   1  _   X 
  _   _   _   _    1  _   _    1  _    1   4   3   1  _   _ 
  _   _   _   _   _   _   _   _   _   _    1  _   _   _   _ 
  _   _   _   _   _   _   _   _   _   _   _   _   _   _   _ 
  _   _   _   _   _   _   _   _   _   _   _   _   _   _   _ 
  _   _   _   _   _   _   _   _   _   _   _   _   _   _   _ 
  _   _   _   _   _   _   _   _   _   _   _   _   _   _   _ 

nodes used 17k / 42M (0%)
memory = 1285.67 MB
0 : CROSS  (-1, -1) Q=79.4% : H=1 : Visit=663 : 222
1 : CIRCLE (4, 10) Q=23.2% : H=0.157 : Visit=192 : 34
2 : CROSS  (4, 9) Q=73% : H=0.268 : Visit=40 : 17
3 : CIRCLE (5, 8) Q=27.9% : H=0.841 : Visit=36 : 26
4 : CROSS  (6, 10) Q=76.1% : H=0.235 : Visit=10 : 21
5 : CIRCLE (6, 9) Q=26.8% : H=0.419 : Visit=5 : 28
6 : CROSS  (7, 10) Q=70.9% : H=0.385 : Visit=2 : 28
7 : CIRCLE (7, 8) Q=40.8% : H=0.379 : Visit=1 : 25
8 : CROSS  (3, 8) Q=0% : H=0 : Visit=0 : 0
Total 8 moves ahead
----NNCACHE-INFO----
memory = 0.720825 MB / 857.112MB
stored = 640 elements
calls  = 678
hits   = 38 (5.6%)
--------------------
nodes left = 1406
steps left = 10
using 0.079414s out of 9s left
median imbalance = 0.19607
depth=1 : removed 0/38
depth=2 : removed 24/48
nodes left = 1382
steps left = 10
using 0.0787133s out of 8.92059s left
----MOST-BALANCED-MOVES----
CIRCLE (4, 10) Q=49.7% : H=1 : Visit=2 : 37
CROSS  (1, 10) Q=49.5% : H=1 : Visit=1 : 27
---------------------------
median imbalance = 0.157939
depth=1 : removed 0/38
depth=2 : removed 44/88
nodes left = 1338
steps left = 10
using 0.0780188s out of 8.84187s left
----MOST-BALANCED-MOVES----
CIRCLE (4, 12) Q=48.2% : H=1 : Visit=3 : 37
CROSS  (1, 11) Q=49.9% : H=1 : Visit=1 : 25
---------------------------
median imbalance = 0.111889
depth=1 : removed 0/38
depth=2 : removed 46/92
nodes left = 1292
steps left = 10
using 0.0773303s out of 8.76385s left
----MOST-BALANCED-MOVES----
CIRCLE (4, 12) Q=52.2% : H=1 : Visit=4 : 37
CROSS  (1, 11) Q=49.9% : H=1 : Visit=1 : 25
---------------------------
median imbalance = 0.0985155
depth=1 : removed 0/38
depth=2 : removed 47/94
nodes left = 1245
steps left = 10
using 0.076648s out of 8.68652s left
----MOST-BALANCED-MOVES----
CIRCLE (4, 12) Q=49.3% : H=1 : Visit=6 : 37
CROSS  (1, 11) Q=49.9% : H=1 : Visit=1 : 25
---------------------------
median imbalance = 0.0959796
depth=1 : removed 0/38
depth=2 : removed 48/95
nodes left = 1197
steps left = 10
using 0.0759717s out of 8.60988s left
----MOST-BALANCED-MOVES----
CIRCLE (4, 12) Q=47.2% : H=1 : Visit=7 : 37
CROSS  (1, 11) Q=49.9% : H=1 : Visit=1 : 25
---------------------------
median imbalance = 0.0736274
depth=1 : removed 0/38
depth=2 : removed 48/95
nodes left = 1149
steps left = 10
using 0.0753013s out of 8.5339s left
----MOST-BALANCED-MOVES----
CIRCLE (4, 12) Q=44.1% : H=1 : Visit=8 : 37
CROSS  (1, 11) Q=49.9% : H=1 : Visit=1 : 25
---------------------------
median imbalance = 0.107622
depth=1 : removed 0/38
depth=2 : removed 57/113
nodes left = 1092
steps left = 10
using 0.0746369s out of 8.4586s left
----MOST-BALANCED-MOVES----
CIRCLE (4, 12) Q=46.9% : H=1 : Visit=10 : 37
CROSS  (1, 11) Q=49.9% : H=1 : Visit=1 : 25
---------------------------
median imbalance = 0.0700623
depth=1 : removed 0/38
depth=2 : removed 54/108
nodes left = 1038
steps left = 10
using 0.0739783s out of 8.38397s left
----MOST-BALANCED-MOVES----
CIRCLE (4, 12) Q=40.6% : H=1 : Visit=12 : 37
CROSS  (1, 11) Q=49.9% : H=1 : Visit=1 : 25
---------------------------
median imbalance = 0.0658737
depth=1 : removed 0/38
depth=2 : removed 51/102
nodes left = 987
steps left = 9
using 0.110967s out of 8.30999s left
----MOST-BALANCED-MOVES----
CIRCLE (4, 12) Q=39.9% : H=1 : Visit=13 : 37
CROSS  (1, 11) Q=49.9% : H=1 : Visit=1 : 25
---------------------------
median imbalance = 0.316695
depth=1 : removed 0/38
depth=2 : removed 78/156
nodes left = 909
steps left = 9
using 0.109486s out of 8.19902s left
----MOST-BALANCED-MOVES----
CIRCLE (4, 12) Q=36.1% : H=0.999 : Visit=16 : 37
CROSS  (1, 11) Q=49.9% : H=1 : Visit=1 : 25
---------------------------
median imbalance = 0.201205
depth=1 : removed 0/38
depth=2 : removed 64/128
nodes left = 845
steps left = 9
using 0.108024s out of 8.08953s left
----MOST-BALANCED-MOVES----
CIRCLE (4, 12) Q=34.6% : H=1 : Visit=17 : 37
CROSS  (1, 11) Q=49.9% : H=1 : Visit=1 : 25
---------------------------
median imbalance = 0.0637338
depth=1 : removed 0/38
depth=2 : removed 59/117
nodes left = 786
steps left = 9
using 0.106581s out of 7.98151s left
----MOST-BALANCED-MOVES----
CIRCLE (4, 12) Q=33.2% : H=1 : Visit=19 : 37
CROSS  (1, 11) Q=49.9% : H=1 : Visit=1 : 25
---------------------------
median imbalance = 0.0563473
depth=1 : removed 0/38
depth=2 : removed 55/110
nodes left = 731
steps left = 9
using 0.105158s out of 7.87493s left
----MOST-BALANCED-MOVES----
CIRCLE (4, 12) Q=31.8% : H=1 : Visit=20 : 37
CROSS  (1, 11) Q=49.9% : H=1 : Visit=1 : 25
---------------------------
median imbalance = 0.0494173
depth=1 : removed 0/38
depth=2 : removed 52/103
nodes left = 679
steps left = 9
using 0.103754s out of 7.76977s left
----MOST-BALANCED-MOVES----
CIRCLE (4, 12) Q=30.8% : H=1 : Visit=21 : 37
CROSS  (1, 11) Q=49.9% : H=1 : Visit=1 : 25
---------------------------
median imbalance = 0.0471179
depth=1 : removed 0/38
depth=2 : removed 50/99
nodes left = 629
steps left = 9
using 0.102368s out of 7.66602s left
----MOST-BALANCED-MOVES----
CIRCLE (4, 12) Q=31.4% : H=1 : Visit=23 : 37
CROSS  (1, 11) Q=49.9% : H=1 : Visit=1 : 25
---------------------------
median imbalance = 0.0436413
depth=1 : removed 0/38
depth=2 : removed 49/97
nodes left = 580
steps left = 9
using 0.101001s out of 7.56365s left
----MOST-BALANCED-MOVES----
CIRCLE (4, 12) Q=32.7% : H=1 : Visit=25 : 37
CROSS  (1, 11) Q=49.9% : H=1 : Visit=1 : 25
---------------------------
median imbalance = 0.0434546
depth=1 : removed 0/38
depth=2 : removed 48/96
nodes left = 532
steps left = 9
using 0.0996525s out of 7.46265s left
----MOST-BALANCED-MOVES----
CIRCLE (4, 12) Q=33.2% : H=0.999 : Visit=26 : 37
CROSS  (1, 11) Q=49.9% : H=1 : Visit=1 : 25
---------------------------
median imbalance = 0.0409825
depth=1 : removed 0/38
depth=2 : removed 48/96
nodes left = 484
steps left = 8
using 0.149479s out of 7.363s left
----MOST-BALANCED-MOVES----
CIRCLE (4, 12) Q=35.1% : H=1 : Visit=27 : 37
CROSS  (1, 11) Q=49.9% : H=1 : Visit=1 : 25
---------------------------
median imbalance = 0.151709
depth=1 : removed 0/38
depth=2 : removed 72/144
nodes left = 412
steps left = 8
using 0.146444s out of 7.21352s left
----MOST-BALANCED-MOVES----
CIRCLE (4, 12) Q=35% : H=0.999 : Visit=30 : 37
CROSS  (1, 11) Q=49.9% : H=1 : Visit=1 : 25
---------------------------
median imbalance = 0.127079
depth=1 : removed 1/38
depth=2 : removed 83/166
nodes left = 329
steps left = 8
using 0.143471s out of 7.06707s left
----MOST-BALANCED-MOVES----
CIRCLE (4, 12) Q=36.3% : H=1 : Visit=32 : 37
CROSS  (1, 11) Q=49.9% : H=1 : Visit=1 : 25
---------------------------
median imbalance = 0.0890075
depth=1 : removed 3/38
depth=2 : removed 80/159
nodes left = 249
steps left = 7
using 0.215207s out of 6.9236s left
----MOST-BALANCED-MOVES----
CIRCLE (4, 12) Q=39.1% : H=1 : Visit=35 : 37
CROSS  (1, 11) Q=49.9% : H=1 : Visit=1 : 25
---------------------------
median imbalance = 0.0722409
depth=1 : removed 4/38
depth=2 : removed 72/145
nodes left = 177
steps left = 7
using 0.208517s out of 6.7084s left
----MOST-BALANCED-MOVES----
CIRCLE (4, 12) Q=42.6% : H=1 : Visit=39 : 37
CROSS  (1, 11) Q=49.9% : H=1 : Visit=1 : 25
---------------------------
median imbalance = 0.0590881
depth=1 : removed 5/38
depth=2 : removed 62/124
nodes left = 115
steps left = 6
using 0.312776s out of 6.49988s left
----MOST-BALANCED-MOVES----
CIRCLE (10, 13) Q=27.5% : H=1 : Visit=37 : 37
CROSS  (9, 13) Q=50.1% : H=1 : Visit=1 : 28
---------------------------
median imbalance = 0.0906964
depth=1 : removed 9/38
depth=2 : removed 51/104
nodes left = 64
steps left = 6
using 0.297725s out of 6.1871s left
----MOST-BALANCED-MOVES----
CIRCLE (2, 10) Q=44.3% : H=1 : Visit=47 : 37
CROSS  (5, 13) Q=50% : H=1 : Visit=4 : 22
---------------------------
median imbalance = 0.0427335
depth=1 : removed 18/38
depth=2 : removed 32/64
nodes left = 32
steps left = 5
using 0.446588s out of 5.88938s left
----MOST-BALANCED-MOVES----
CIRCLE (4, 10) Q=53.4% : H=0.999 : Visit=57 : 37
CROSS  (1, 9) Q=50% : H=1 : Visit=10 : 21
---------------------------
median imbalance = 0.0181814
depth=1 : removed 26/38
depth=2 : removed 16/32
nodes left = 16
steps left = 4
using 0.669882s out of 5.44279s left
----MOST-BALANCED-MOVES----
CIRCLE (1, 10) Q=34.5% : H=0.999 : Visit=58 : 37
CROSS  (9, 13) Q=50% : H=1 : Visit=7 : 34
---------------------------
median imbalance = 0.0198515
depth=1 : removed 31/38
depth=2 : removed 8/16
nodes left = 8
steps left = 3
using 1.00482s out of 4.77291s left
----MOST-BALANCED-MOVES----
CIRCLE (3, 12) Q=44.7% : H=0.999 : Visit=90 : 37
CROSS  (2, 12) Q=49.6% : H=0.999 : Visit=16 : 13
---------------------------
median imbalance = 0.00623169
depth=1 : removed 35/38
depth=2 : removed 4/8
nodes left = 4
steps left = 2
using 1.50723s out of 3.76808s left
----MOST-BALANCED-MOVES----
CIRCLE (3, 12) Q=46.6% : H=1 : Visit=158 : 37
CROSS  (2, 12) Q=50.2% : H=1 : Visit=50 : 13
---------------------------
median imbalance = 0.0120828
depth=1 : removed 36/38
depth=2 : removed 2/4
nodes left = 2
steps left = 1
using 2.26085s out of 2.26085s left
----MOST-BALANCED-MOVES----
CIRCLE (2, 10) Q=49.5% : H=1 : Visit=402 : 37
CROSS  (5, 13) Q=49.8% : H=1 : Visit=356 : 22
---------------------------
median imbalance = 0.00978359
depth=1 : removed 36/38
depth=2 : removed 0/2
nodes left = 2
steps left = 1
using 0s out of 0s left
----MOST-BALANCED-MOVES----
CIRCLE (4, 10) Q=50.8% : H=1 : Visit=972 : 37
CROSS  (1, 9) Q=49.2% : H=1 : Visit=925 : 21
---------------------------
median imbalance = 0.0100324
depth=1 : removed 36/38
depth=2 : removed 0/2
nodes left = 2
steps left = 1
using 0s out of 0s left
----MOST-BALANCED-MOVES----
CIRCLE (4, 10) Q=50.9% : H=1 : Visit=982 : 37
CROSS  (1, 9) Q=49.1% : H=1 : Visit=935 : 21
---------------------------
median imbalance = 0.010733
depth=1 : removed 36/38
depth=2 : removed 0/2
nodes left = 2
steps left = 1
using 0s out of 0s left
----MOST-BALANCED-MOVES----
CIRCLE (4, 10) Q=51% : H=1 : Visit=992 : 37
CROSS  (1, 9) Q=49.1% : H=1 : Visit=945 : 21
---------------------------
median imbalance = 0.0103576
depth=1 : removed 36/38
depth=2 : removed 0/2
nodes left = 2
steps left = 1
using 0s out of 0s left
----MOST-BALANCED-MOVES----
CIRCLE (4, 10) Q=51% : H=1 : Visit=1003 : 37
CROSS  (1, 9) Q=49% : H=1 : Visit=956 : 21
---------------------------
median imbalance = 0.0111744
depth=1 : removed 37/38
depth=2 : removed 1/2
Answered : MESSAGE depth 1-13 ev 45.4 n 4721 n/s 397 tm 11887 pv Oe10 Xb9 Od9 Xf11 Oe11 Xe9 Of8 Xf10 Of12 Xd8 Oc7 Xh9 Oc6
Overall 38 children
sum of visits = 1049
BEST
CIRCLE (4, 10) Q=51% : H=1 : Visit=1012 : 37
CIRCLE (3, 10) Q=0% : H=0 : Visit=1 : 37
CIRCLE (5, 12) Q=0% : H=0 : Visit=1 : 37
CIRCLE (2, 12) Q=0% : H=0 : Visit=1 : 37
CIRCLE (3, 9) Q=0% : H=0 : Visit=1 : 37
CIRCLE (6, 12) Q=0% : H=0 : Visit=1 : 37
CIRCLE (7, 12) Q=0% : H=0 : Visit=1 : 37
CIRCLE (4, 13) Q=0% : H=0 : Visit=1 : 37
CIRCLE (4, 11) Q=0% : H=0 : Visit=1 : 37
CIRCLE (1, 10) Q=0% : H=0 : Visit=1 : 37
WORST
CIRCLE (8, 13) Q=0% : H=0 : Visit=1 : 37
CIRCLE (3, 13) Q=0% : H=0 : Visit=1 : 37
CIRCLE (1, 12) Q=0% : H=0 : Visit=1 : 37
CIRCLE (10, 12) Q=0% : H=0 : Visit=1 : 37
CIRCLE (5, 10) Q=0% : H=0 : Visit=1 : 37
CIRCLE (3, 12) Q=0% : H=0 : Visit=1 : 37
CIRCLE (4, 12) Q=0% : H=0 : Visit=1 : 37
CIRCLE (2, 9) Q=0% : H=0 : Visit=1 : 37
CIRCLE (2, 10) Q=0% : H=0 : Visit=1 : 37
CIRCLE (9, 12) Q=0% : H=0 : Visit=1 : 37
  _   _   _   _   _   _   _   _   _   _   _   _   _   _   _ 
  _   _   _   _   _   _   _   _   _   _   _   _   _   _   _ 
  _   _   _   _   _   _   _   _   _   _   _   _   _   _   _ 
  _   _   _   _   _   _   _   _   _   _   _   X   _   _   _ 
  _   _   _   _   _   _   _   _   _   _  964  _   _   _   _ 
  _   _   _   _   _   _   _   _   _   _   _   _   _   _   _ 
  _   _   _   _   _   _   _   _   _   _   _   _   _   _   _ 
  _   _   _   _   _   _   _   _   _   _   _   _   _   _   O 
  _   _   _   _   _   _   _   _   _   _   _   _   _   _   X 
  _   _   _   _   _   _   _   _   _   _   _   _   _   _   _ 
  _   _   _   _   _   _   _   _   _   _   _   _   _   _   _ 
  _   _   _   _   _   _   _   _   _   _   _   _   _   _   _ 
  _   _   _   _   _   _   _   _   _   _   _   _   _   _   _ 
  _   _   _   _   _   _   _   _   _   _   _   _   _   _   _ 
  _   _   _   _   _   _   _   _   _   _   _   _   _   _   _ 

nodes used 135k / 42M (0.3%)
memory = 1285.67 MB
0 : CROSS  (-1, -1) Q=54.5% : H=1 : Visit=4715 : 38
1 : CIRCLE (4, 10) Q=51% : H=1 : Visit=1012 : 37
2 : CROSS  (1, 9) Q=49.1% : H=1 : Visit=965 : 21
3 : CIRCLE (3, 9) Q=54.1% : H=0.16 : Visit=455 : 25
4 : CROSS  (5, 11) Q=46% : H=0.528 : Visit=246 : 18
5 : CIRCLE (4, 11) Q=55% : H=0.73 : Visit=210 : 19
6 : CROSS  (4, 9) Q=45.1% : H=0.508 : Visit=108 : 28
7 : CIRCLE (5, 8) Q=58% : H=0.535 : Visit=77 : 31
8 : CROSS  (5, 10) Q=46.7% : H=0.262 : Visit=31 : 20
9 : CIRCLE (5, 12) Q=60.5% : H=0.278 : Visit=13 : 41
10 : CROSS  (3, 8) Q=40.7% : H=0.197 : Visit=3 : 8
11 : CIRCLE (2, 7) Q=65% : H=0.743 : Visit=2 : 44
12 : CROSS  (7, 9) Q=43% : H=0.192 : Visit=1 : 30
13 : CIRCLE (2, 6) Q=0% : H=0 : Visit=0 : 0
Total 13 moves ahead
----NNCACHE-INFO----
memory = 5.83868 MB / 857.112MB
stored = 5184 elements
calls  = 5399
hits   = 209 (3.8%)
--------------------
----MOST-BALANCED-MOVES----
CIRCLE (4, 10) Q=51% : H=1 : Visit=1012 : 37
CROSS  (1, 9) Q=49.1% : H=1 : Visit=965 : 21
---------------------------
Answered : 10,4 9,1
Got : END
