Compiled on Apr 23 2020 at 02:42:48
Launched in Engine\
Answered : MESSAGE Detected following devices : CPU : GenuineIntel : 4 x AVX with 4043MB of memory
Answered : MESSAGE Using : CPU : GenuineIntel : 4 x AVX with 4043MB of memory
Got : START 15
Answered : OK
Got : INFO max_memory 2306867200
Got : INFO timeout_match 10000
Got : INFO timeout_turn 10000
Got : INFO game_type 1
Got : INFO rule 1
Got : INFO time_left 10000
Got : SWAP2BOARD
Got : 7,7
Got : 7,8
Got : 7,3
Got : DONE
Answered : MESSAGE depth 1-1 ev 24.6 n 16 n/s 1025 tm 15 pv Oa0
Overall 222 children
sum of visits = 0
BEST
CIRCLE (8, 8) Q=0% : H=0.317 : Visit=0 : 0
CIRCLE (8, 6) Q=0% : H=0.181 : Visit=0 : 0
CIRCLE (9, 6) Q=0% : H=0.107 : Visit=0 : 0
CIRCLE (6, 6) Q=0% : H=0.093 : Visit=0 : 0
CIRCLE (7, 8) Q=0% : H=0.077 : Visit=0 : 0
CIRCLE (9, 8) Q=0% : H=0.066 : Visit=0 : 0
CIRCLE (6, 8) Q=0% : H=0.059 : Visit=0 : 0
CIRCLE (8, 9) Q=0% : H=0.028 : Visit=0 : 0
CIRCLE (7, 6) Q=0% : H=0.021 : Visit=0 : 0
CIRCLE (8, 5) Q=0% : H=0.014 : Visit=0 : 0
WORST
CIRCLE (11, 5) Q=0% : H=0 : Visit=0 : 0
CIRCLE (11, 6) Q=0% : H=0 : Visit=0 : 0
CIRCLE (4, 5) Q=0% : H=0 : Visit=0 : 0
CIRCLE (7, 11) Q=0% : H=0 : Visit=0 : 0
CIRCLE (7, 3) Q=0% : H=0 : Visit=0 : 0
CIRCLE (8, 11) Q=0% : H=0 : Visit=0 : 0
CIRCLE (4, 9) Q=0% : H=0 : Visit=0 : 0
CIRCLE (11, 8) Q=0% : H=0 : Visit=0 : 0
CIRCLE (11, 9) Q=0% : H=0 : Visit=0 : 0
CIRCLE (5, 10) Q=0% : H=0 : Visit=0 : 0
  _   _   _   _   _   _   _   _   _   _   _   _   _   _   _ 
  _   _   _   _   _   _   _   _   _   _   _   _   _   _   _ 
  _   _   _   _   _   _   _   _   _   _   _   _   _   _   _ 
  _   _   _   _   _   _   _   X   _   _   _   _   _   _   _ 
  _   _   _   _   _   _   _   _   _   _   _   _   _   _   _ 
  _   _   _   _   _   _   _   _   _   _   _   _   _   _   _ 
  _   _   _   _   _   _   93  _   59  _   _   _   _   _   _ 
  _   _   _   _   _    5  21  X   77  10  _   _   _   _   _ 
  _   _   _   _   _   14 181  O  317  28  _   _   _   _   _ 
  _   _   _   _   _   _  107   6  66  _   _   _   _   _   _ 
  _   _   _   _   _   _    1   5  _   _   _   _   _   _   _ 
  _   _   _   _   _   _   _   _   _   _   _   _   _   _   _ 
  _   _   _   _   _   _   _   _   _   _   _   _   _   _   _ 
  _   _   _   _   _   _   _   _   _   _   _   _   _   _   _ 
  _   _   _   _   _   _   _   _   _   _   _   _   _   _   _ 

nodes used 0k / 42M (0%)
memory = 1285.67 MB
0 : CROSS  (-1, -1) Q=75.3% : H=1 : Visit=1 : 222
1 : CIRCLE (8, 8) Q=0% : H=0.317 : Visit=0 : 0
Total 1 move ahead
----NNCACHE-INFO----
memory = 0.0180206 MB / 857.112MB
stored = 16 elements
calls  = 16
hits   = 0 (0%)
--------------------
nodes left = 2162
steps left = 11
using 0.00877218s out of 1.5s left
median imbalance = 0.401548
depth=1 : removed 0/47
depth=2 : removed 16/32
nodes left = 2146
steps left = 11
using 0.00872088s out of 1.49123s left
----MOST-BALANCED-MOVES----
CIRCLE (4, 5) Q=50% : H=1 : Visit=1 : 46
CROSS  (1, 5) Q=49.9% : H=1 : Visit=1 : 30
---------------------------
median imbalance = 0.475755
depth=1 : removed 0/47
depth=2 : removed 32/64
nodes left = 2114
steps left = 11
using 0.00866988s out of 1.48251s left
----MOST-BALANCED-MOVES----
CIRCLE (4, 5) Q=48.5% : H=1 : Visit=2 : 46
CROSS  (1, 5) Q=49.9% : H=1 : Visit=1 : 30
---------------------------
median imbalance = 0.374707
depth=1 : removed 0/47
depth=2 : removed 40/80
nodes left = 2074
steps left = 11
using 0.00861918s out of 1.47384s left
----MOST-BALANCED-MOVES----
CIRCLE (4, 5) Q=41.9% : H=1 : Visit=3 : 46
CROSS  (1, 5) Q=49.9% : H=1 : Visit=1 : 30
---------------------------
median imbalance = 0.318477
depth=1 : removed 0/47
depth=2 : removed 44/88
nodes left = 2030
steps left = 10
using 0.0129288s out of 1.46522s left
----MOST-BALANCED-MOVES----
CIRCLE (4, 5) Q=50.2% : H=1 : Visit=4 : 46
CROSS  (1, 5) Q=49.9% : H=1 : Visit=1 : 30
---------------------------
median imbalance = 0.371017
depth=1 : removed 0/47
depth=2 : removed 54/108
nodes left = 1976
steps left = 10
using 0.0128147s out of 1.45229s left
----MOST-BALANCED-MOVES----
CIRCLE (4, 5) Q=48.5% : H=1 : Visit=5 : 46
CROSS  (1, 5) Q=49.9% : H=1 : Visit=1 : 30
---------------------------
median imbalance = 0.262497
depth=1 : removed 0/47
depth=2 : removed 52/102
nodes left = 1924
steps left = 10
using 0.0127016s out of 1.43947s left
----MOST-BALANCED-MOVES----
CIRCLE (4, 5) Q=48.6% : H=1 : Visit=6 : 46
CROSS  (1, 5) Q=49.9% : H=1 : Visit=1 : 30
---------------------------
median imbalance = 0.252963
depth=1 : removed 0/47
depth=2 : removed 49/98
nodes left = 1875
steps left = 10
using 0.0125895s out of 1.42677s left
----MOST-BALANCED-MOVES----
CIRCLE (4, 5) Q=42.4% : H=1 : Visit=7 : 46
CROSS  (1, 5) Q=49.9% : H=1 : Visit=1 : 30
---------------------------
median imbalance = 0.232575
depth=1 : removed 0/47
depth=2 : removed 49/97
nodes left = 1826
steps left = 10
using 0.0124784s out of 1.41418s left
----MOST-BALANCED-MOVES----
CIRCLE (4, 5) Q=42.4% : H=1 : Visit=7 : 46
CROSS  (1, 5) Q=49.9% : H=1 : Visit=1 : 30
---------------------------
median imbalance = 0.306113
depth=1 : removed 0/47
depth=2 : removed 56/112
nodes left = 1770
steps left = 10
using 0.0123683s out of 1.4017s left
----MOST-BALANCED-MOVES----
CIRCLE (4, 5) Q=38.8% : H=1 : Visit=9 : 46
CROSS  (1, 5) Q=49.9% : H=1 : Visit=1 : 30
---------------------------
median imbalance = 0.166699
depth=1 : removed 0/47
depth=2 : removed 44/88
nodes left = 1726
steps left = 10
using 0.0122592s out of 1.38934s left
----MOST-BALANCED-MOVES----
CIRCLE (4, 5) Q=38.8% : H=1 : Visit=9 : 46
CROSS  (1, 5) Q=49.9% : H=1 : Visit=1 : 30
---------------------------
median imbalance = 0.153814
depth=1 : removed 0/47
depth=2 : removed 46/92
nodes left = 1680
steps left = 10
using 0.012151s out of 1.37708s left
----MOST-BALANCED-MOVES----
CIRCLE (4, 5) Q=42.3% : H=1 : Visit=10 : 46
CROSS  (1, 5) Q=49.9% : H=1 : Visit=1 : 30
---------------------------
median imbalance = 0.147196
depth=1 : removed 0/47
depth=2 : removed 47/94
nodes left = 1633
steps left = 10
using 0.0120438s out of 1.36493s left
----MOST-BALANCED-MOVES----
CIRCLE (4, 5) Q=39.1% : H=1 : Visit=11 : 46
CROSS  (1, 5) Q=49.9% : H=1 : Visit=1 : 30
---------------------------
median imbalance = 0.146804
depth=1 : removed 0/47
depth=2 : removed 48/95
nodes left = 1585
steps left = 10
using 0.0119375s out of 1.35288s left
----MOST-BALANCED-MOVES----
CIRCLE (4, 5) Q=35.9% : H=1 : Visit=12 : 46
CROSS  (1, 5) Q=49.9% : H=1 : Visit=1 : 30
---------------------------
median imbalance = 0.11542
depth=1 : removed 0/47
depth=2 : removed 48/95
nodes left = 1537
steps left = 10
using 0.0118322s out of 1.34094s left
----MOST-BALANCED-MOVES----
CIRCLE (4, 5) Q=33.5% : H=1 : Visit=13 : 46
CROSS  (1, 5) Q=49.9% : H=1 : Visit=1 : 30
---------------------------
median imbalance = 0.0985562
depth=1 : removed 0/47
depth=2 : removed 48/95
nodes left = 1489
steps left = 10
using 0.0117278s out of 1.32911s left
----MOST-BALANCED-MOVES----
CIRCLE (4, 5) Q=31.6% : H=1 : Visit=14 : 46
CROSS  (1, 5) Q=49.9% : H=1 : Visit=1 : 30
---------------------------
median imbalance = 0.0880365
depth=1 : removed 0/47
depth=2 : removed 48/95
nodes left = 1441
steps left = 10
using 0.0116243s out of 1.31738s left
----MOST-BALANCED-MOVES----
CIRCLE (4, 5) Q=31.6% : H=1 : Visit=14 : 46
CROSS  (1, 5) Q=49.9% : H=1 : Visit=1 : 30
---------------------------
median imbalance = 0.205213
depth=1 : removed 0/47
depth=2 : removed 48/95
nodes left = 1393
steps left = 10
using 0.0115217s out of 1.30576s left
----MOST-BALANCED-MOVES----
CIRCLE (4, 5) Q=29.9% : H=1 : Visit=15 : 46
CROSS  (1, 5) Q=49.9% : H=1 : Visit=1 : 30
---------------------------
median imbalance = 0.0865161
depth=1 : removed 0/47
depth=2 : removed 48/95
nodes left = 1345
steps left = 10
using 0.0114201s out of 1.29424s left
----MOST-BALANCED-MOVES----
CIRCLE (4, 5) Q=28.1% : H=0.999 : Visit=16 : 46
CROSS  (1, 5) Q=49.9% : H=1 : Visit=1 : 30
---------------------------
median imbalance = 0.0734217
depth=1 : removed 0/47
depth=2 : removed 48/95
nodes left = 1297
steps left = 10
using 0.0113193s out of 1.28282s left
----MOST-BALANCED-MOVES----
CIRCLE (4, 5) Q=26.5% : H=1 : Visit=17 : 46
CROSS  (1, 5) Q=49.9% : H=1 : Visit=1 : 30
---------------------------
median imbalance = 0.0714414
depth=1 : removed 0/47
depth=2 : removed 48/95
nodes left = 1249
steps left = 10
using 0.0112194s out of 1.2715s left
----MOST-BALANCED-MOVES----
CIRCLE (4, 5) Q=26.4% : H=1 : Visit=18 : 46
CROSS  (1, 5) Q=49.9% : H=1 : Visit=1 : 30
---------------------------
median imbalance = 0.0681883
depth=1 : removed 0/47
depth=2 : removed 48/95
nodes left = 1201
steps left = 10
using 0.0111204s out of 1.26028s left
----MOST-BALANCED-MOVES----
CIRCLE (4, 5) Q=25.1% : H=1 : Visit=19 : 46
CROSS  (1, 5) Q=49.9% : H=1 : Visit=1 : 30
---------------------------
median imbalance = 0.0623699
depth=1 : removed 0/47
depth=2 : removed 48/95
nodes left = 1153
steps left = 10
using 0.0110223s out of 1.24916s left
----MOST-BALANCED-MOVES----
CIRCLE (4, 5) Q=25.1% : H=1 : Visit=19 : 46
CROSS  (1, 5) Q=49.9% : H=1 : Visit=1 : 30
---------------------------
median imbalance = 0.0551803
depth=1 : removed 0/47
depth=2 : removed 48/95
nodes left = 1105
steps left = 10
using 0.0109251s out of 1.23814s left
----MOST-BALANCED-MOVES----
CIRCLE (4, 5) Q=24% : H=1 : Visit=20 : 46
CROSS  (1, 5) Q=49.9% : H=1 : Visit=1 : 30
---------------------------
median imbalance = 0.0546594
depth=1 : removed 0/47
depth=2 : removed 48/95
nodes left = 1057
steps left = 10
using 0.0108287s out of 1.22721s left
----MOST-BALANCED-MOVES----
CIRCLE (4, 5) Q=23% : H=1 : Visit=21 : 46
CROSS  (1, 5) Q=49.9% : H=1 : Visit=1 : 30
---------------------------
median imbalance = 0.053184
depth=1 : removed 0/47
depth=2 : removed 48/95
nodes left = 1009
steps left = 9
using 0.016243s out of 1.21638s left
----MOST-BALANCED-MOVES----
CIRCLE (4, 5) Q=22.3% : H=0.999 : Visit=22 : 46
CROSS  (1, 5) Q=49.9% : H=1 : Visit=1 : 30
---------------------------
median imbalance = 0.0462095
depth=1 : removed 0/47
depth=2 : removed 48/95
nodes left = 961
steps left = 9
using 0.0160261s out of 1.20014s left
----MOST-BALANCED-MOVES----
CIRCLE (4, 5) Q=22.3% : H=0.999 : Visit=22 : 46
CROSS  (1, 5) Q=49.9% : H=1 : Visit=1 : 30
---------------------------
median imbalance = 0.0440756
depth=1 : removed 0/47
depth=2 : removed 48/95
nodes left = 913
steps left = 9
using 0.0158121s out of 1.18411s left
----MOST-BALANCED-MOVES----
CIRCLE (4, 5) Q=21.3% : H=1 : Visit=23 : 46
CROSS  (1, 5) Q=49.9% : H=1 : Visit=1 : 30
---------------------------
median imbalance = 0.043978
depth=1 : removed 0/47
depth=2 : removed 49/95
nodes left = 864
steps left = 9
using 0.0156009s out of 1.1683s left
----MOST-BALANCED-MOVES----
CIRCLE (4, 5) Q=20.5% : H=1 : Visit=24 : 46
CROSS  (1, 5) Q=49.9% : H=1 : Visit=1 : 30
---------------------------
median imbalance = 0.0431685
depth=1 : removed 0/47
depth=2 : removed 48/94
nodes left = 816
steps left = 9
using 0.0153926s out of 1.1527s left
----MOST-BALANCED-MOVES----
CIRCLE (4, 5) Q=19.8% : H=1 : Visit=25 : 46
CROSS  (1, 5) Q=49.9% : H=1 : Visit=1 : 30
---------------------------
median imbalance = 0.0421343
depth=1 : removed 0/47
depth=2 : removed 47/94
nodes left = 769
steps left = 9
using 0.0151871s out of 1.13731s left
----MOST-BALANCED-MOVES----
CIRCLE (4, 5) Q=19.8% : H=1 : Visit=25 : 46
CROSS  (1, 5) Q=49.9% : H=1 : Visit=1 : 30
---------------------------
median imbalance = 0.0410329
depth=1 : removed 0/47
depth=2 : removed 48/95
nodes left = 721
steps left = 9
using 0.0149843s out of 1.12212s left
----MOST-BALANCED-MOVES----
CIRCLE (4, 5) Q=19.1% : H=0.999 : Visit=26 : 46
CROSS  (1, 5) Q=49.9% : H=1 : Visit=1 : 30
---------------------------
median imbalance = 0.0402786
depth=1 : removed 0/47
depth=2 : removed 48/95
nodes left = 673
steps left = 9
using 0.0147842s out of 1.10714s left
----MOST-BALANCED-MOVES----
CIRCLE (4, 5) Q=18.4% : H=1 : Visit=27 : 46
CROSS  (1, 5) Q=49.9% : H=1 : Visit=1 : 30
---------------------------
median imbalance = 0.039876
depth=1 : removed 0/47
depth=2 : removed 48/95
nodes left = 625
steps left = 9
using 0.0145867s out of 1.09235s left
----MOST-BALANCED-MOVES----
CIRCLE (4, 5) Q=18.4% : H=0.999 : Visit=28 : 46
CROSS  (1, 5) Q=49.9% : H=1 : Visit=1 : 30
---------------------------
median imbalance = 0.265022
depth=1 : removed 4/47
depth=2 : removed 53/105
nodes left = 572
steps left = 9
using 0.014392s out of 1.07777s left
----MOST-BALANCED-MOVES----
CIRCLE (4, 5) Q=18% : H=0.999 : Visit=29 : 46
CROSS  (1, 5) Q=49.9% : H=1 : Visit=1 : 30
---------------------------
median imbalance = 0.0807294
depth=1 : removed 7/47
depth=2 : removed 48/96
nodes left = 524
steps left = 9
using 0.0141998s out of 1.06337s left
----MOST-BALANCED-MOVES----
CIRCLE (4, 5) Q=18% : H=0.999 : Visit=29 : 46
CROSS  (1, 5) Q=49.9% : H=1 : Visit=1 : 30
---------------------------
median imbalance = 0.0602226
depth=1 : removed 10/47
depth=2 : removed 46/92
nodes left = 478
steps left = 8
using 0.0212997s out of 1.04917s left
----MOST-BALANCED-MOVES----
CIRCLE (4, 5) Q=17.5% : H=0.999 : Visit=30 : 46
CROSS  (1, 5) Q=49.9% : H=1 : Visit=1 : 30
---------------------------
median imbalance = 0.0857327
depth=1 : removed 11/47
depth=2 : removed 44/88
nodes left = 434
steps left = 8
using 0.0208673s out of 1.02788s left
----MOST-BALANCED-MOVES----
CIRCLE (4, 5) Q=17% : H=1 : Visit=31 : 46
CROSS  (1, 5) Q=49.9% : H=1 : Visit=1 : 30
---------------------------
median imbalance = 0.0870251
depth=1 : removed 13/47
depth=2 : removed 40/80
nodes left = 394
steps left = 8
using 0.0204436s out of 1.00701s left
----MOST-BALANCED-MOVES----
CIRCLE (4, 5) Q=16.9% : H=1 : Visit=32 : 46
CROSS  (1, 5) Q=49.9% : H=1 : Visit=1 : 30
---------------------------
median imbalance = 0.12731
depth=1 : removed 13/47
depth=2 : removed 37/74
nodes left = 357
steps left = 8
using 0.0200286s out of 0.986564s left
----MOST-BALANCED-MOVES----
CIRCLE (4, 5) Q=16.5% : H=0.999 : Visit=33 : 46
CROSS  (1, 5) Q=49.9% : H=1 : Visit=1 : 30
---------------------------
median imbalance = 0.121914
depth=1 : removed 15/47
depth=2 : removed 33/65
nodes left = 324
steps left = 8
using 0.019622s out of 0.966536s left
----MOST-BALANCED-MOVES----
CIRCLE (4, 5) Q=16.2% : H=0.999 : Visit=34 : 46
CROSS  (1, 5) Q=49.9% : H=1 : Visit=1 : 30
---------------------------
median imbalance = 0.152742
depth=1 : removed 17/47
depth=2 : removed 31/61
nodes left = 293
steps left = 8
using 0.0192236s out of 0.946914s left
----MOST-BALANCED-MOVES----
CIRCLE (6, 5) Q=69.1% : H=0.999 : Visit=53 : 46
CROSS  (4, 8) Q=50% : H=1 : Visit=3 : 28
---------------------------
median imbalance = 0.155878
depth=1 : removed 17/47
depth=2 : removed 32/64
nodes left = 261
steps left = 8
using 0.0188334s out of 0.92769s left
----MOST-BALANCED-MOVES----
CIRCLE (4, 5) Q=16.2% : H=1 : Visit=37 : 46
CROSS  (1, 5) Q=49.9% : H=1 : Visit=1 : 30
---------------------------
median imbalance = 0.183148
depth=1 : removed 17/47
depth=2 : removed 33/65
nodes left = 228
steps left = 7
using 0.02825s out of 0.908857s left
----MOST-BALANCED-MOVES----
CIRCLE (4, 5) Q=16.2% : H=0.999 : Visit=38 : 46
CROSS  (1, 5) Q=49.9% : H=1 : Visit=1 : 30
---------------------------
median imbalance = 0.16503
depth=1 : removed 17/47
depth=2 : removed 31/64
nodes left = 197
steps left = 7
using 0.0273719s out of 0.880607s left
----MOST-BALANCED-MOVES----
CIRCLE (4, 5) Q=16.2% : H=1 : Visit=40 : 46
CROSS  (1, 5) Q=49.9% : H=1 : Visit=1 : 30
---------------------------
median imbalance = 0.14785
depth=1 : removed 18/47
depth=2 : removed 30/60
nodes left = 167
steps left = 7
using 0.0265211s out of 0.853235s left
----MOST-BALANCED-MOVES----
CIRCLE (4, 5) Q=16.4% : H=1 : Visit=41 : 46
CROSS  (1, 5) Q=49.9% : H=1 : Visit=1 : 30
---------------------------
median imbalance = 0.142075
depth=1 : removed 18/47
depth=2 : removed 26/52
nodes left = 141
steps left = 7
using 0.0256968s out of 0.826714s left
----MOST-BALANCED-MOVES----
CIRCLE (4, 5) Q=18.5% : H=1 : Visit=43 : 46
CROSS  (1, 5) Q=49.9% : H=1 : Visit=1 : 30
---------------------------
median imbalance = 0.119093
depth=1 : removed 19/47
depth=2 : removed 25/50
nodes left = 116
steps left = 6
using 0.0385452s out of 0.801017s left
----MOST-BALANCED-MOVES----
CIRCLE (4, 5) Q=19.6% : H=1 : Visit=44 : 46
CROSS  (1, 5) Q=49.9% : H=1 : Visit=1 : 30
---------------------------
median imbalance = 0.0885461
depth=1 : removed 22/47
depth=2 : removed 25/49
nodes left = 91
steps left = 6
using 0.0366904s out of 0.762472s left
----MOST-BALANCED-MOVES----
CIRCLE (4, 5) Q=22.5% : H=1 : Visit=47 : 46
CROSS  (1, 5) Q=49.9% : H=1 : Visit=1 : 30
---------------------------
median imbalance = 0.143381
depth=1 : removed 22/47
depth=2 : removed 25/50
nodes left = 66
steps left = 6
using 0.0349248s out of 0.725781s left
----MOST-BALANCED-MOVES----
CIRCLE (4, 5) Q=23.9% : H=1 : Visit=49 : 46
CROSS  (1, 5) Q=49.9% : H=1 : Visit=1 : 30
---------------------------
median imbalance = 0.282238
depth=1 : removed 23/47
depth=2 : removed 26/51
nodes left = 40
steps left = 5
using 0.0523872s out of 0.690857s left
----MOST-BALANCED-MOVES----
CIRCLE (5, 7) Q=39.3% : H=0.999 : Visit=58 : 46
CROSS  (9, 7) Q=49.8% : H=1 : Visit=11 : 27
---------------------------
median imbalance = 0.12676
depth=1 : removed 34/47
depth=2 : removed 19/40
nodes left = 21
steps left = 4
using 0.0785808s out of 0.638469s left
----MOST-BALANCED-MOVES----
CIRCLE (3, 5) Q=8% : H=1 : Visit=47 : 46
CROSS  (10, 9) Q=50.8% : H=1 : Visit=2 : 36
---------------------------
median imbalance = 0.0721957
depth=1 : removed 39/47
depth=2 : removed 11/21
nodes left = 10
steps left = 3
using 0.117871s out of 0.559888s left
----MOST-BALANCED-MOVES----
CIRCLE (5, 7) Q=40.4% : H=0.999 : Visit=64 : 46
CROSS  (9, 7) Q=49.6% : H=1 : Visit=17 : 27
---------------------------
median imbalance = 0.032609
depth=1 : removed 41/47
depth=2 : removed 4/10
nodes left = 6
steps left = 2
using 0.176807s out of 0.442017s left
----MOST-BALANCED-MOVES----
CIRCLE (3, 8) Q=19.7% : H=0.999 : Visit=62 : 46
CROSS  (1, 8) Q=49.9% : H=1 : Visit=17 : 40
---------------------------
median imbalance = 0.0348159
depth=1 : removed 43/47
depth=2 : removed 2/6
nodes left = 4
steps left = 2
using 0.106084s out of 0.26521s left
----MOST-BALANCED-MOVES----
CIRCLE (4, 9) Q=33.4% : H=1 : Visit=82 : 46
CROSS  (9, 7) Q=48.7% : H=0.999 : Visit=26 : 33
---------------------------
median imbalance = 0.0259565
depth=1 : removed 45/47
depth=2 : removed 2/4
nodes left = 2
steps left = 1
using 0.159126s out of 0.159126s left
----MOST-BALANCED-MOVES----
CIRCLE (7, 9) Q=57.8% : H=1 : Visit=136 : 46
CROSS  (8, 6) Q=50.2% : H=0.999 : Visit=90 : 23
---------------------------
median imbalance = 0.0478878
depth=1 : removed 46/47
depth=2 : removed 1/2
Answered : MESSAGE depth 1-14 ev 48.6 n 2879 n/s 424 tm 6786 pv Oh9 Xi6 Og8 Xf7 Og9 Xg6 Oh8 Xj6 Oh6 Xe8 Od9 Xh5 Oi4 Xc6
Overall 47 children
sum of visits = 231
BEST
CIRCLE (7, 9) Q=53.9% : H=1 : Visit=185 : 46
CIRCLE (8, 9) Q=0% : H=0 : Visit=1 : 46
CIRCLE (4, 9) Q=0% : H=0 : Visit=1 : 46
CIRCLE (9, 8) Q=0% : H=0 : Visit=1 : 46
CIRCLE (10, 6) Q=0% : H=0 : Visit=1 : 46
CIRCLE (6, 9) Q=0% : H=0 : Visit=1 : 46
CIRCLE (9, 9) Q=0% : H=0 : Visit=1 : 46
CIRCLE (9, 7) Q=0% : H=0 : Visit=1 : 46
CIRCLE (8, 6) Q=0% : H=0 : Visit=1 : 46
CIRCLE (6, 8) Q=0% : H=0 : Visit=1 : 46
WORST
CIRCLE (4, 7) Q=0% : H=0 : Visit=1 : 46
CIRCLE (10, 7) Q=0% : H=0 : Visit=1 : 46
CIRCLE (9, 6) Q=0% : H=0 : Visit=1 : 46
CIRCLE (4, 6) Q=0% : H=0 : Visit=1 : 46
CIRCLE (5, 6) Q=0% : H=0 : Visit=1 : 46
CIRCLE (10, 8) Q=0% : H=0 : Visit=1 : 46
CIRCLE (5, 7) Q=0% : H=0 : Visit=1 : 46
CIRCLE (6, 7) Q=0% : H=0 : Visit=1 : 46
CIRCLE (10, 5) Q=0% : H=0 : Visit=1 : 46
CIRCLE (6, 5) Q=0% : H=0 : Visit=1 : 46
  _   _   _   _   _   _   _   _   _   _   _   _   _   _   _ 
  _   _   _   _   _    4   4   4   4   4  _   _   _   _   _ 
  _   _   _   _   _    4   4   4   4   4  _   _   _   _   _ 
  _   _   _   _   _    4   4  X    4   4  _   _   _   _   _ 
  _   _   _   _   _    4   4   4   4   4  _   _   _   _   _ 
  _   _   _   _   _    4   4   4   4   4  _   _   _   _   _ 
  _   _   _   _   _    4   4   4   4   4  _   _   _   _   _ 
  _   _   _   _   _    4   4  X    4 800  _   _   _   _   _ 
  _   _   _   _   _    4   4  O    4   4  _   _   _   _   _ 
  _   _   _   _   _    4   4   4   4   4  _   _   _   _   _ 
  _   _   _   _   _    4   4   4   4   4  _   _   _   _   _ 
  _   _   _   _   _   _   _   _   _   _   _   _   _   _   _ 
  _   _   _   _   _   _   _   _   _   _   _   _   _   _   _ 
  _   _   _   _   _   _   _   _   _   _   _   _   _   _   _ 
  _   _   _   _   _   _   _   _   _   _   _   _   _   _   _ 

nodes used 136k / 42M (0.3%)
memory = 1285.67 MB
0 : CROSS  (-1, -1) Q=51.3% : H=1 : Visit=2871 : 47
1 : CIRCLE (7, 9) Q=53.9% : H=1 : Visit=185 : 46
2 : CROSS  (8, 6) Q=52.5% : H=1 : Visit=139 : 23
3 : CIRCLE (6, 8) Q=44.7% : H=0.689 : Visit=82 : 28
4 : CROSS  (5, 7) Q=60.7% : H=0.529 : Visit=60 : 22
5 : CIRCLE (6, 9) Q=42.1% : H=0.587 : Visit=44 : 27
6 : CROSS  (6, 6) Q=66.4% : H=0.448 : Visit=35 : 40
7 : CIRCLE (7, 8) Q=26.6% : H=0.398 : Visit=11 : 16
8 : CROSS  (9, 6) Q=84.5% : H=0.732 : Visit=9 : 33
9 : CIRCLE (7, 6) Q=17.6% : H=0.716 : Visit=7 : 29
10 : CROSS  (4, 8) Q=83.3% : H=0.594 : Visit=5 : 25
11 : CIRCLE (3, 9) Q=20.9% : H=0.492 : Visit=3 : 34
12 : CROSS  (7, 5) Q=93.1% : H=0.352 : Visit=1 : 1
13 : CIRCLE (8, 4) Q=6.8% : H=1 : Visit=1 : 32
14 : CROSS  (2, 6) Q=0% : H=0.001 : Visit=0 : 0
Total 14 moves ahead
----NNCACHE-INFO----
memory = 3.24371 MB / 857.112MB
stored = 2880 elements
calls  = 2895
hits   = 7 (0.2%)
--------------------
----MOST-BALANCED-MOVES----
CIRCLE (7, 9) Q=53.9% : H=1 : Visit=185 : 46
CROSS  (8, 6) Q=52.5% : H=1 : Visit=139 : 23
---------------------------
Answered : 9,7 6,8
Got : END
