Compiled on Apr 23 2020 at 02:42:48
Launched in Engine\
Answered : MESSAGE Detected following devices : CPU : GenuineIntel : 4 x AVX with 4043MB of memory
Answered : MESSAGE Using : CPU : GenuineIntel : 4 x AVX with 4043MB of memory
Got : START 15
Answered : OK
Got : INFO max_memory 2306867200
Got : INFO timeout_match 10800000
Got : INFO timeout_turn 10800000
Got : INFO game_type 1
Got : INFO rule 1
Got : INFO time_left 10800000
Got : SWAP2BOARD
Got : 7,7
Got : 3,3
Got : 9,12
Got : DONE
Answered : MESSAGE depth 1-20 ev 4.4 n 682396 n/s 1267 tm 538466 pv Oe4 Xk7 Of5 Xg6 Of3 Xj6 Ol8 Xj7 Oi7 Xj8 Oj5 Xj9 Oj10 Xk10 Oi8 Xk9 Oc2 Xb1 Oe3 Xk8
Overall 222 children
sum of visits = 596458
BEST
CIRCLE (4, 4) Q=3.3% : H=0.412 : Visit=85971 : 46
CIRCLE (5, 6) Q=5% : H=0 : Visit=82959 : 44
CIRCLE (3, 4) Q=4.3% : H=0.147 : Visit=72554 : 51
CIRCLE (6, 3) Q=5% : H=0.001 : Visit=67058 : 49
CIRCLE (3, 5) Q=4.6% : H=0.049 : Visit=46033 : 46
CIRCLE (4, 3) Q=3.4% : H=0.17 : Visit=38625 : 50
CIRCLE (5, 3) Q=4.4% : H=0.065 : Visit=35110 : 46
CIRCLE (4, 2) Q=4.6% : H=0.04 : Visit=32843 : 44
CIRCLE (2, 4) Q=3.9% : H=0.076 : Visit=25330 : 52
CIRCLE (3, 6) Q=5% : H=0 : Visit=20711 : 47
WORST
CIRCLE (6, 13) Q=0% : H=0 : Visit=0 : 0
CIRCLE (0, 1) Q=0% : H=0 : Visit=0 : 0
CIRCLE (3, 0) Q=0% : H=0 : Visit=0 : 0
CIRCLE (0, 7) Q=0% : H=0 : Visit=0 : 0
CIRCLE (6, 11) Q=0% : H=0 : Visit=0 : 0
CIRCLE (7, 1) Q=0% : H=0 : Visit=0 : 0
CIRCLE (0, 5) Q=0% : H=0 : Visit=0 : 0
CIRCLE (11, 5) Q=0% : H=0 : Visit=0 : 0
CIRCLE (0, 6) Q=0% : H=0 : Visit=0 : 0
CIRCLE (4, 0) Q=0% : H=0 : Visit=0 : 0
  _   _   _   _   _   _   _   _   _   _   _   _   _   _   _ 
  _   _   _   _   _    7  _   _   _   _   _   _   _   _   _ 
  _   _   18  17  42   2  _   _   _   _   _   _   _   _   _ 
  _   _   19  O  121  77  34  _   _   _   _   _   _   _   _ 
  _   _   55  64 144   9   2  _   _   _   _   _   _   _   _ 
  _   23   3  58   5  30 139  _   _   _   _   _   _   _   _ 
  _   _   _  112  10  _   _   _   _   _   _   _   _   _   _ 
  _   _   _   _   _   _   _   X   _   _   _   _   _   _   _ 
  _   _   _   _   _   _   _   _   _   _   _   _   _   _   _ 
  _   _   _   _   _   _   _   _   _   _   _   _   _   _   _ 
  _   _   _   _   _   _   _   _   _   _   _   _   _   _   _ 
  _   _   _   _   _   _   _   _   _   _   _   _   _   _   _ 
  _   _   _   _   _   _   _   _   _   X   _   _   _   _   _ 
  _   _   _   _   _   _   _   _   _   _   _   _   _   _   _ 
  _   _   _   _   _   _   _   _   _   _   _   _   _   _   _ 

nodes used 16M / 42M (38.2%)
memory = 1285.67 MB
0 : CROSS  (-1, -1) Q=95.5% : H=1 : Visit=596459 : 222
1 : CIRCLE (4, 4) Q=3.3% : H=0.412 : Visit=85971 : 46
2 : CROSS  (10, 7) Q=97.3% : H=0.322 : Visit=79544 : 36
3 : CIRCLE (5, 5) Q=3.6% : H=0.015 : Visit=16946 : 37
4 : CROSS  (6, 6) Q=97.1% : H=0.379 : Visit=13979 : 42
5 : CIRCLE (5, 3) Q=3% : H=0.185 : Visit=3086 : 37
6 : CROSS  (9, 6) Q=97% : H=0.583 : Visit=1716 : 35
7 : CIRCLE (11, 8) Q=3.2% : H=0.412 : Visit=781 : 24
8 : CROSS  (9, 7) Q=98.2% : H=0.543 : Visit=635 : 45
9 : CIRCLE (8, 7) Q=1.5% : H=0.6 : Visit=371 : 17
10 : CROSS  (9, 8) Q=99% : H=0.397 : Visit=162 : 47
11 : CIRCLE (9, 5) Q=1.7% : H=0.399 : Visit=73 : 27
12 : CROSS  (9, 9) Q=98.8% : H=0.683 : Visit=52 : 1
13 : CIRCLE (9, 10) Q=1.1% : H=1 : Visit=52 : 29
14 : CROSS  (10, 10) Q=98.2% : H=0.328 : Visit=17 : 1
15 : CIRCLE (8, 8) Q=1.7% : H=1 : Visit=17 : 18
16 : CROSS  (10, 9) Q=99.5% : H=0.481 : Visit=8 : 72
17 : CIRCLE (2, 2) Q=0.7% : H=0.162 : Visit=2 : 1
18 : CROSS  (1, 1) Q=99.2% : H=1 : Visit=2 : 64
19 : CIRCLE (4, 3) Q=0% : H=0.16 : Visit=1 : 2
20 : CROSS  (10, 8) Q=0% : H=0.5 : Visit=0 : 0
Total 20 moves ahead
----NNCACHE-INFO----
memory = 246.161 MB / 857.112MB
stored = 218559 elements
calls  = 625948
hits   = 208074 (33.2%)
--------------------
Answered : SWAP
Got : END
