Compiled on Apr 23 2020 at 02:42:48
Launched in Engine\
Answered : MESSAGE Detected following devices : CPU : GenuineIntel : 4 x AVX with 4043MB of memory
Answered : MESSAGE Using : CPU : GenuineIntel : 4 x AVX with 4043MB of memory
Got : START 15
Answered : OK
Got : INFO max_memory 2306867200
Got : INFO timeout_match 300000
Got : INFO timeout_turn 300000
Got : INFO game_type 1
Got : INFO rule 1
Got : INFO time_left 300000
Got : SWAP2BOARD
Got : 1,0
Got : 0,1
Got : 2,4
Got : DONE
Answered : MESSAGE depth 1-19 ev 31.5 n 3239 n/s 239 tm 13500 pv Oe5 Xd4 Od5 Xf5 Of4 Xg3 Oe6 Xe7 Oc6 Xd6 Oc4 Xf7 Oc5 Xc7 Ob7 Xe4 Ob5 Xa5 Oa2
Overall 222 children
sum of visits = 3196
BEST
CIRCLE (4, 5) Q=31.9% : H=0.86 : Visit=3051 : 35
CIRCLE (4, 4) Q=25.3% : H=0.128 : Visit=118 : 31
CIRCLE (5, 4) Q=24.8% : H=0.001 : Visit=2 : 32
CIRCLE (6, 4) Q=21.3% : H=0 : Visit=2 : 31
CIRCLE (5, 5) Q=20.4% : H=0.002 : Visit=2 : 32
CIRCLE (4, 3) Q=18.1% : H=0.005 : Visit=2 : 25
CIRCLE (5, 6) Q=17.5% : H=0 : Visit=2 : 30
CIRCLE (5, 3) Q=28.9% : H=0 : Visit=1 : 28
CIRCLE (3, 4) Q=22.1% : H=0 : Visit=1 : 34
CIRCLE (4, 6) Q=21.6% : H=0 : Visit=1 : 29
WORST
CIRCLE (8, 13) Q=0% : H=0 : Visit=0 : 0
CIRCLE (7, 13) Q=0% : H=0 : Visit=0 : 0
CIRCLE (5, 14) Q=0% : H=0 : Visit=0 : 0
CIRCLE (3, 7) Q=0% : H=0 : Visit=0 : 0
CIRCLE (5, 13) Q=0% : H=0 : Visit=0 : 0
CIRCLE (6, 13) Q=0% : H=0 : Visit=0 : 0
CIRCLE (11, 11) Q=0% : H=0 : Visit=0 : 0
CIRCLE (8, 14) Q=0% : H=0 : Visit=0 : 0
CIRCLE (6, 14) Q=0% : H=0 : Visit=0 : 0
CIRCLE (7, 14) Q=0% : H=0 : Visit=0 : 0
  _   X   _   _   _   _   _   _   _   _   _   _   _   _   _ 
  O   _   _   _   _   _   _   _   _   _   _   _   _   _   _ 
  _   _   _   _   _   _   _   _   _   _   _   _   _   _   _ 
  _   _   _   _   _   _   _   _   _   _   _   _   _   _   _ 
  _   _   X   _   36 954  _   _   _   _   _   _   _   _   _ 
  _   _   _   _   _   _   _   _   _   _   _   _   _   _   _ 
  _   _   _   _   _   _   _   _   _   _   _   _   _   _   _ 
  _   _   _   _   _   _   _   _   _   _   _   _   _   _   _ 
  _   _   _   _   _   _   _   _   _   _   _   _   _   _   _ 
  _   _   _   _   _   _   _   _   _   _   _   _   _   _   _ 
  _   _   _   _   _   _   _   _   _   _   _   _   _   _   _ 
  _   _   _   _   _   _   _   _   _   _   _   _   _   _   _ 
  _   _   _   _   _   _   _   _   _   _   _   _   _   _   _ 
  _   _   _   _   _   _   _   _   _   _   _   _   _   _   _ 
  _   _   _   _   _   _   _   _   _   _   _   _   _   _   _ 

nodes used 75k / 42M (0.1%)
memory = 1285.67 MB
0 : CROSS  (-1, -1) Q=68.4% : H=1 : Visit=3197 : 222
1 : CIRCLE (4, 5) Q=31.9% : H=0.86 : Visit=3051 : 35
2 : CROSS  (3, 4) Q=68.6% : H=0.183 : Visit=713 : 30
3 : CIRCLE (3, 5) Q=35.5% : H=0.077 : Visit=310 : 20
4 : CROSS  (5, 5) Q=65.5% : H=0.721 : Visit=259 : 21
5 : CIRCLE (5, 4) Q=36.7% : H=0.592 : Visit=217 : 24
6 : CROSS  (6, 3) Q=61.8% : H=0.71 : Visit=137 : 25
7 : CIRCLE (4, 6) Q=38.8% : H=0.913 : Visit=132 : 20
8 : CROSS  (4, 7) Q=56.8% : H=0.544 : Visit=53 : 31
9 : CIRCLE (2, 6) Q=47.4% : H=0.593 : Visit=43 : 22
10 : CROSS  (3, 6) Q=52.3% : H=0.558 : Visit=23 : 29
11 : CIRCLE (2, 4) Q=52.6% : H=0.588 : Visit=17 : 18
12 : CROSS  (5, 7) Q=49% : H=0.492 : Visit=9 : 27
13 : CIRCLE (2, 5) Q=52.2% : H=0.905 : Visit=8 : 21
14 : CROSS  (2, 7) Q=49.2% : H=0.758 : Visit=6 : 23
15 : CIRCLE (1, 7) Q=55.7% : H=0.381 : Visit=3 : 35
16 : CROSS  (4, 4) Q=47.6% : H=0.629 : Visit=2 : 29
17 : CIRCLE (1, 5) Q=54.9% : H=0.545 : Visit=1 : 1
18 : CROSS  (0, 5) Q=45% : H=1 : Visit=1 : 27
19 : CIRCLE (0, 2) Q=0% : H=0.001 : Visit=0 : 0
Total 19 moves ahead
----NNCACHE-INFO----
memory = 3.4059 MB / 857.112MB
stored = 3024 elements
calls  = 3239
hits   = 191 (5.8%)
--------------------
nodes left = 870
steps left = 9
using 0.600908s out of 45s left
median imbalance = 0.23219
depth=1 : removed 0/30
depth=2 : removed 80/160
nodes left = 790
steps left = 9
using 0.592883s out of 44.3991s left
----MOST-BALANCED-MOVES----
CIRCLE (6, 1) Q=56.7% : H=1 : Visit=5 : 29
CROSS  (1, 1) Q=50% : H=1 : Visit=1 : 27
---------------------------
median imbalance = 0.195265
depth=1 : removed 0/30
depth=2 : removed 112/224
nodes left = 678
steps left = 9
using 0.584966s out of 43.8062s left
----MOST-BALANCED-MOVES----
CIRCLE (6, 1) Q=42.7% : H=1 : Visit=10 : 29
CROSS  (1, 1) Q=50% : H=1 : Visit=1 : 27
---------------------------
median imbalance = 0.179551
depth=1 : removed 0/30
depth=2 : removed 122/244
nodes left = 556
steps left = 9
using 0.577155s out of 43.2212s left
----MOST-BALANCED-MOVES----
CIRCLE (6, 1) Q=37.9% : H=1 : Visit=14 : 29
CROSS  (1, 1) Q=50% : H=1 : Visit=1 : 27
---------------------------
median imbalance = 0.156719
depth=1 : removed 0/30
depth=2 : removed 127/253
nodes left = 429
steps left = 8
using 0.865732s out of 42.6441s left
----MOST-BALANCED-MOVES----
CIRCLE (6, 1) Q=33% : H=1 : Visit=19 : 29
CROSS  (1, 1) Q=50% : H=1 : Visit=1 : 27
---------------------------
median imbalance = 0.217489
depth=1 : removed 0/30
depth=2 : removed 160/319
nodes left = 269
steps left = 8
using 0.848157s out of 41.7784s left
----MOST-BALANCED-MOVES----
CIRCLE (6, 1) Q=28.6% : H=1 : Visit=25 : 29
CROSS  (1, 1) Q=50% : H=1 : Visit=1 : 27
---------------------------
median imbalance = 0.145407
depth=1 : removed 0/30
depth=2 : removed 125/250
nodes left = 144
steps left = 7
using 1.27224s out of 40.9302s left
----MOST-BALANCED-MOVES----
CIRCLE (6, 1) Q=26.4% : H=0.999 : Visit=30 : 29
CROSS  (1, 1) Q=50% : H=1 : Visit=1 : 27
---------------------------
median imbalance = 0.0909517
depth=1 : removed 8/30
depth=2 : removed 72/144
nodes left = 72
steps left = 6
using 1.90835s out of 39.658s left
----MOST-BALANCED-MOVES----
CIRCLE (3, 4) Q=53% : H=1 : Visit=50 : 29
CROSS  (2, 2) Q=49.7% : H=1 : Visit=5 : 27
---------------------------
median imbalance = 0.0408081
depth=1 : removed 14/30
depth=2 : removed 36/72
nodes left = 36
steps left = 5
using 2.86253s out of 37.7496s left
----MOST-BALANCED-MOVES----
CIRCLE (6, 3) Q=52.3% : H=1 : Visit=71 : 29
CROSS  (5, 1) Q=50% : H=1 : Visit=18 : 19
---------------------------
median imbalance = 0.0167684
depth=1 : removed 16/30
depth=2 : removed 17/36
nodes left = 19
steps left = 4
using 4.29379s out of 34.8871s left
----MOST-BALANCED-MOVES----
CIRCLE (3, 3) Q=53.9% : H=1 : Visit=119 : 29
CROSS  (6, 1) Q=50% : H=1 : Visit=27 : 20
---------------------------
median imbalance = 0.00954074
depth=1 : removed 22/30
depth=2 : removed 9/19
nodes left = 10
steps left = 3
using 6.44069s out of 30.5933s left
----MOST-BALANCED-MOVES----
CIRCLE (5, 4) Q=52.1% : H=1 : Visit=192 : 29
CROSS  (2, 3) Q=50% : H=1 : Visit=73 : 22
---------------------------
median imbalance = 0.00975848
depth=1 : removed 25/30
depth=2 : removed 5/10
nodes left = 5
steps left = 2
using 9.66104s out of 24.1526s left
----MOST-BALANCED-MOVES----
CIRCLE (1, 2) Q=46% : H=0.999 : Visit=321 : 29
CROSS  (0, 0) Q=50.1% : H=0.999 : Visit=289 : 52
---------------------------
median imbalance = 0.00743819
depth=1 : removed 28/30
depth=2 : removed 3/5
nodes left = 2
steps left = 1
using 14.4916s out of 14.4916s left
----MOST-BALANCED-MOVES----
CIRCLE (3, 1) Q=49.2% : H=1 : Visit=766 : 29
CROSS  (5, 0) Q=50.6% : H=1 : Visit=547 : 25
---------------------------
median imbalance = 0.0141512
depth=1 : removed 29/30
depth=2 : removed 1/2
Answered : MESSAGE depth 1-17 ev 48.0 n 10665 n/s 179 tm 59280 pv Od2 Xb3 Oe5 Xe4 Of3 Xf4 Od4 Xf6 Og6 Xd3 Of7 Xc2 Ob1 Xc4 Ob5 Xc3 Oa2
Overall 30 children
sum of visits = 2572
BEST
CIRCLE (3, 2) Q=48.6% : H=1 : Visit=2543 : 29
CIRCLE (3, 3) Q=0% : H=0 : Visit=1 : 29
CIRCLE (2, 1) Q=0% : H=0 : Visit=1 : 29
CIRCLE (5, 4) Q=0% : H=0 : Visit=1 : 29
CIRCLE (5, 3) Q=0% : H=0 : Visit=1 : 29
CIRCLE (6, 4) Q=0% : H=0 : Visit=1 : 29
CIRCLE (5, 2) Q=0% : H=0 : Visit=1 : 29
CIRCLE (6, 3) Q=0% : H=0 : Visit=1 : 29
CIRCLE (4, 0) Q=0% : H=0 : Visit=1 : 29
CIRCLE (0, 3) Q=0% : H=0 : Visit=1 : 29
WORST
CIRCLE (4, 3) Q=0% : H=0 : Visit=1 : 29
CIRCLE (4, 1) Q=0% : H=0 : Visit=1 : 29
CIRCLE (1, 3) Q=0% : H=0 : Visit=1 : 29
CIRCLE (2, 2) Q=0% : H=0 : Visit=1 : 29
CIRCLE (2, 4) Q=0% : H=0 : Visit=1 : 29
CIRCLE (6, 2) Q=0% : H=0 : Visit=1 : 29
CIRCLE (2, 3) Q=0% : H=0 : Visit=1 : 29
CIRCLE (3, 4) Q=0% : H=0 : Visit=1 : 29
CIRCLE (1, 2) Q=0% : H=0 : Visit=1 : 29
CIRCLE (3, 1) Q=0% : H=0 : Visit=1 : 29
  _   X   _   _   _   _   _   _   _   _   _   _   _   _   _ 
  O   _   _   _   _   _   _   _   _   _   _   _   _   _   _ 
  _   _   _   _   _   _   _   _   _   _   _   _   _   _   _ 
  _   _  988  _   _   _   _   _   _   _   _   _   _   _   _ 
  _   _   X   _   _   _   _   _   _   _   _   _   _   _   _ 
  _   _   _   _   _   _   _   _   _   _   _   _   _   _   _ 
  _   _   _   _   _   _   _   _   _   _   _   _   _   _   _ 
  _   _   _   _   _   _   _   _   _   _   _   _   _   _   _ 
  _   _   _   _   _   _   _   _   _   _   _   _   _   _   _ 
  _   _   _   _   _   _   _   _   _   _   _   _   _   _   _ 
  _   _   _   _   _   _   _   _   _   _   _   _   _   _   _ 
  _   _   _   _   _   _   _   _   _   _   _   _   _   _   _ 
  _   _   _   _   _   _   _   _   _   _   _   _   _   _   _ 
  _   _   _   _   _   _   _   _   _   _   _   _   _   _   _ 
  _   _   _   _   _   _   _   _   _   _   _   _   _   _   _ 

nodes used 279k / 42M (0.6%)
memory = 1285.67 MB
0 : CROSS  (-1, -1) Q=51.9% : H=1 : Visit=10638 : 30
1 : CIRCLE (3, 2) Q=48.6% : H=1 : Visit=2543 : 29
2 : CROSS  (1, 3) Q=51.3% : H=1 : Visit=2485 : 17
3 : CIRCLE (4, 5) Q=49.5% : H=0.499 : Visit=1784 : 32
4 : CROSS  (4, 4) Q=51.4% : H=0.27 : Visit=774 : 19
5 : CIRCLE (5, 3) Q=50.9% : H=0.4 : Visit=610 : 23
6 : CROSS  (5, 4) Q=51.4% : H=0.329 : Visit=369 : 22
7 : CIRCLE (3, 4) Q=50.4% : H=0.528 : Visit=266 : 20
8 : CROSS  (5, 6) Q=50.7% : H=0.547 : Visit=170 : 35
9 : CIRCLE (6, 6) Q=49.3% : H=0.426 : Visit=77 : 33
10 : CROSS  (3, 3) Q=50.5% : H=0.489 : Visit=39 : 29
11 : CIRCLE (5, 7) Q=57% : H=0.363 : Visit=23 : 41
12 : CROSS  (2, 2) Q=43.3% : H=0.269 : Visit=7 : 26
13 : CIRCLE (1, 1) Q=65.2% : H=0.661 : Visit=5 : 38
14 : CROSS  (2, 4) Q=39% : H=0.454 : Visit=3 : 24
15 : CIRCLE (1, 5) Q=73.9% : H=0.884 : Visit=2 : 38
16 : CROSS  (2, 3) Q=28.4% : H=0.211 : Visit=1 : 21
17 : CIRCLE (0, 2) Q=0% : H=0 : Visit=0 : 0
Total 17 moves ahead
----NNCACHE-INFO----
memory = 14.7229 MB / 857.112MB
stored = 13072 elements
calls  = 13904
hits   = 780 (5.6%)
--------------------
----MOST-BALANCED-MOVES----
CIRCLE (3, 2) Q=48.6% : H=1 : Visit=2543 : 29
CROSS  (1, 3) Q=51.3% : H=1 : Visit=2485 : 17
---------------------------
Answered : 2,3 3,1
Got : END
