Compiled on Apr 23 2020 at 02:42:48
Launched in Engine\
Answered : MESSAGE Detected following devices : CPU : GenuineIntel : 4 x AVX with 4043MB of memory
Answered : MESSAGE Using : CPU : GenuineIntel : 4 x AVX with 4043MB of memory
Got : START 15
Answered : OK
Got : INFO max_memory 2306867200
Got : INFO timeout_match 60000
Got : INFO timeout_turn 60000
Got : INFO game_type 1
Got : INFO rule 1
Got : INFO time_left 60000
Got : SWAP2BOARD
Got : 3,1
Got : 2,2
Got : 2,5
Got : DONE
Answered : MESSAGE depth 1-11 ev 28.0 n 666 n/s 435 tm 1528 pv Oe5 Xe4 Of4 Xg3 Oh4 Xd5 Of3 Xd4 Od6 Xc4 Oa2
Overall 222 children
sum of visits = 647
BEST
CIRCLE (4, 5) Q=29.5% : H=0.634 : Visit=509 : 28
CIRCLE (5, 4) Q=25% : H=0.118 : Visit=45 : 26
CIRCLE (3, 4) Q=22% : H=0.098 : Visit=29 : 25
CIRCLE (4, 4) Q=25.6% : H=0.037 : Visit=16 : 21
CIRCLE (5, 5) Q=15.8% : H=0.065 : Visit=12 : 24
CIRCLE (3, 5) Q=26.4% : H=0.014 : Visit=8 : 25
CIRCLE (4, 3) Q=21.8% : H=0.02 : Visit=6 : 25
CIRCLE (5, 3) Q=23.3% : H=0.002 : Visit=2 : 28
CIRCLE (4, 6) Q=22% : H=0.005 : Visit=2 : 30
CIRCLE (6, 4) Q=30.9% : H=0 : Visit=1 : 27
WORST
CIRCLE (6, 14) Q=0% : H=0 : Visit=0 : 0
CIRCLE (8, 13) Q=0% : H=0 : Visit=0 : 0
CIRCLE (5, 10) Q=0% : H=0 : Visit=0 : 0
CIRCLE (8, 14) Q=0% : H=0 : Visit=0 : 0
CIRCLE (5, 13) Q=0% : H=0 : Visit=0 : 0
CIRCLE (7, 13) Q=0% : H=0 : Visit=0 : 0
CIRCLE (7, 14) Q=0% : H=0 : Visit=0 : 0
CIRCLE (6, 13) Q=0% : H=0 : Visit=0 : 0
CIRCLE (5, 11) Q=0% : H=0 : Visit=0 : 0
CIRCLE (6, 11) Q=0% : H=0 : Visit=0 : 0
  _   _   _   _   _   _   _   _   _   _   _   _   _   _   _ 
  _   _   _   X   _   _   _   _   _   _   _   _   _   _   _ 
  _   _   O    1   1   1  _   _   _   _   _   _   _   _   _ 
  _   _    1   1  44  12  _   _   _   _   _   _   _   _   _ 
  _   _    1   9  24 786   3   1  _   _   _   _   _   _   _ 
  _   _   X    3  69  18   1   1  _   _   _   _   _   _   _ 
  _   _   _    1   1   1  _    1  _    1  _   _   _   _   _ 
  _   _   _   _    1   1   1  _   _    1  _   _   _   _   _ 
  _   _   _   _   _   _   _   _   _   _   _   _   _   _   _ 
  _   _   _   _   _   _   _   _   _   _   _   _   _   _   _ 
  _   _   _   _   _   _   _   _   _   _   _   _   _   _   _ 
  _   _   _   _   _   _   _   _   _   _   _   _   _   _   _ 
  _   _   _   _   _   _   _   _   _   _   _   _   _   _   _ 
  _   _   _   _   _   _   _   _   _   _   _   _   _   _   _ 
  _   _   _   _   _   _   _   _   _   _   _   _   _   _   _ 

nodes used 15k / 42M (0%)
memory = 1285.67 MB
0 : CROSS  (-1, -1) Q=71.9% : H=1 : Visit=648 : 222
1 : CIRCLE (4, 5) Q=29.5% : H=0.634 : Visit=509 : 28
2 : CROSS  (4, 4) Q=72.5% : H=0.578 : Visit=410 : 28
3 : CIRCLE (5, 4) Q=30.6% : H=0.173 : Visit=125 : 23
4 : CROSS  (6, 3) Q=66.9% : H=0.399 : Visit=40 : 19
5 : CIRCLE (7, 4) Q=36% : H=0.715 : Visit=32 : 26
6 : CROSS  (3, 5) Q=64.1% : H=0.321 : Visit=11 : 21
7 : CIRCLE (5, 3) Q=39.5% : H=0.735 : Visit=9 : 26
8 : CROSS  (3, 4) Q=59.4% : H=0.427 : Visit=5 : 21
9 : CIRCLE (3, 6) Q=38.6% : H=0.415 : Visit=2 : 35
10 : CROSS  (2, 4) Q=79.1% : H=0.537 : Visit=1 : 22
11 : CIRCLE (0, 2) Q=0% : H=0.074 : Visit=0 : 0
Total 11 moves ahead
----NNCACHE-INFO----
memory = 0.720825 MB / 857.112MB
stored = 640 elements
calls  = 666
hits   = 25 (3.7%)
--------------------
nodes left = 1640
steps left = 10
using 0.079414s out of 9s left
median imbalance = 0.320531
depth=1 : removed 0/41
depth=2 : removed 24/48
nodes left = 1616
steps left = 10
using 0.0787133s out of 8.92059s left
----MOST-BALANCED-MOVES----
CIRCLE (1, 2) Q=57.7% : H=1 : Visit=1 : 40
CROSS  (0, 0) Q=42.2% : H=1 : Visit=1 : 29
---------------------------
median imbalance = 0.221002
depth=1 : removed 0/41
depth=2 : removed 36/72
nodes left = 1580
steps left = 10
using 0.0780188s out of 8.84187s left
----MOST-BALANCED-MOVES----
CIRCLE (3, 1) Q=56% : H=1 : Visit=2 : 40
CROSS  (0, 1) Q=47.5% : H=1 : Visit=1 : 24
---------------------------
median imbalance = 0.175603
depth=1 : removed 0/41
depth=2 : removed 42/84
nodes left = 1538
steps left = 10
using 0.0773303s out of 8.76385s left
----MOST-BALANCED-MOVES----
CIRCLE (2, 1) Q=58.9% : H=1 : Visit=3 : 40
CROSS  (0, 2) Q=49.5% : H=1 : Visit=1 : 27
---------------------------
median imbalance = 0.156363
depth=1 : removed 0/41
depth=2 : removed 45/90
nodes left = 1493
steps left = 10
using 0.076648s out of 8.68652s left
----MOST-BALANCED-MOVES----
CIRCLE (2, 1) Q=57.2% : H=1 : Visit=5 : 40
CROSS  (0, 2) Q=49.5% : H=1 : Visit=1 : 27
---------------------------
median imbalance = 0.144333
depth=1 : removed 0/41
depth=2 : removed 47/93
nodes left = 1446
steps left = 10
using 0.0759717s out of 8.60988s left
----MOST-BALANCED-MOVES----
CIRCLE (2, 1) Q=56.8% : H=1 : Visit=6 : 40
CROSS  (0, 2) Q=49.5% : H=1 : Visit=1 : 27
---------------------------
median imbalance = 0.143445
depth=1 : removed 0/41
depth=2 : removed 47/94
nodes left = 1399
steps left = 10
using 0.0753013s out of 8.5339s left
----MOST-BALANCED-MOVES----
CIRCLE (2, 1) Q=56.8% : H=1 : Visit=7 : 40
CROSS  (0, 2) Q=49.5% : H=1 : Visit=1 : 27
---------------------------
median imbalance = 0.129694
depth=1 : removed 0/41
depth=2 : removed 56/111
nodes left = 1343
steps left = 10
using 0.0746369s out of 8.4586s left
----MOST-BALANCED-MOVES----
CIRCLE (5, 1) Q=64% : H=1 : Visit=9 : 40
CROSS  (1, 1) Q=49.6% : H=1 : Visit=1 : 32
---------------------------
median imbalance = 0.0987768
depth=1 : removed 0/41
depth=2 : removed 52/103
nodes left = 1291
steps left = 10
using 0.0739783s out of 8.38397s left
----MOST-BALANCED-MOVES----
CIRCLE (5, 1) Q=60.2% : H=1 : Visit=10 : 40
CROSS  (1, 1) Q=49.6% : H=1 : Visit=1 : 32
---------------------------
median imbalance = 0.0946708
depth=1 : removed 0/41
depth=2 : removed 50/99
nodes left = 1241
steps left = 10
using 0.0733255s out of 8.30999s left
----MOST-BALANCED-MOVES----
CIRCLE (5, 1) Q=56.6% : H=1 : Visit=11 : 40
CROSS  (1, 1) Q=49.6% : H=1 : Visit=1 : 32
---------------------------
median imbalance = 0.0720471
depth=1 : removed 0/41
depth=2 : removed 49/97
nodes left = 1192
steps left = 10
using 0.0726785s out of 8.23666s left
----MOST-BALANCED-MOVES----
CIRCLE (5, 1) Q=57.2% : H=1 : Visit=12 : 40
CROSS  (1, 1) Q=49.6% : H=1 : Visit=1 : 32
---------------------------
median imbalance = 0.0621206
depth=1 : removed 0/41
depth=2 : removed 48/96
nodes left = 1144
steps left = 10
using 0.0720372s out of 8.16398s left
----MOST-BALANCED-MOVES----
CIRCLE (5, 1) Q=56.5% : H=1 : Visit=13 : 40
CROSS  (1, 1) Q=49.6% : H=1 : Visit=1 : 32
---------------------------
median imbalance = 0.060751
depth=1 : removed 0/41
depth=2 : removed 48/96
nodes left = 1096
steps left = 10
using 0.0714016s out of 8.09195s left
----MOST-BALANCED-MOVES----
CIRCLE (5, 1) Q=54% : H=1 : Visit=14 : 40
CROSS  (1, 1) Q=49.6% : H=1 : Visit=1 : 32
---------------------------
median imbalance = 0.0602241
depth=1 : removed 0/41
depth=2 : removed 48/96
nodes left = 1048
steps left = 10
using 0.0707715s out of 8.02054s left
----MOST-BALANCED-MOVES----
CIRCLE (5, 1) Q=48.9% : H=0.999 : Visit=16 : 40
CROSS  (1, 1) Q=49.6% : H=1 : Visit=1 : 32
---------------------------
median imbalance = 0.0551289
depth=1 : removed 0/41
depth=2 : removed 49/97
nodes left = 999
steps left = 9
using 0.106157s out of 7.94977s left
----MOST-BALANCED-MOVES----
CIRCLE (5, 1) Q=49.5% : H=1 : Visit=17 : 40
CROSS  (1, 1) Q=49.6% : H=1 : Visit=1 : 32
---------------------------
median imbalance = 0.0526744
depth=1 : removed 0/41
depth=2 : removed 48/96
nodes left = 951
steps left = 9
using 0.10474s out of 7.84362s left
----MOST-BALANCED-MOVES----
CIRCLE (6, 2) Q=56.5% : H=1 : Visit=19 : 40
CROSS  (3, 1) Q=50.2% : H=1 : Visit=1 : 23
---------------------------
median imbalance = 0.2026
depth=1 : removed 0/41
depth=2 : removed 56/112
nodes left = 895
steps left = 9
using 0.103341s out of 7.73888s left
----MOST-BALANCED-MOVES----
CIRCLE (6, 2) Q=54.5% : H=1 : Visit=20 : 40
CROSS  (3, 1) Q=50.2% : H=1 : Visit=1 : 23
---------------------------
median imbalance = 0.0646348
depth=1 : removed 0/41
depth=2 : removed 52/104
nodes left = 843
steps left = 9
using 0.101961s out of 7.63553s left
----MOST-BALANCED-MOVES----
CIRCLE (6, 2) Q=52.4% : H=1 : Visit=21 : 40
CROSS  (3, 1) Q=50.2% : H=1 : Visit=1 : 23
---------------------------
median imbalance = 0.0520525
depth=1 : removed 0/41
depth=2 : removed 52/104
nodes left = 791
steps left = 9
using 0.1006s out of 7.53357s left
----MOST-BALANCED-MOVES----
CIRCLE (6, 2) Q=51.4% : H=1 : Visit=23 : 40
CROSS  (3, 1) Q=50.2% : H=1 : Visit=1 : 23
---------------------------
median imbalance = 0.0399826
depth=1 : removed 0/41
depth=2 : removed 43/85
nodes left = 748
steps left = 9
using 0.0992562s out of 7.43297s left
----MOST-BALANCED-MOVES----
CIRCLE (6, 2) Q=50.9% : H=1 : Visit=24 : 40
CROSS  (3, 1) Q=50.2% : H=1 : Visit=1 : 23
---------------------------
median imbalance = 0.0309122
depth=1 : removed 0/41
depth=2 : removed 37/74
nodes left = 711
steps left = 9
using 0.0979308s out of 7.33372s left
----MOST-BALANCED-MOVES----
CIRCLE (6, 2) Q=50.1% : H=1 : Visit=25 : 40
CROSS  (3, 1) Q=50.2% : H=1 : Visit=1 : 23
---------------------------
median imbalance = 0.184938
depth=1 : removed 0/41
depth=2 : removed 43/86
nodes left = 668
steps left = 9
using 0.0966231s out of 7.23579s left
----MOST-BALANCED-MOVES----
CIRCLE (6, 2) Q=48.6% : H=0.999 : Visit=26 : 40
CROSS  (3, 1) Q=50.2% : H=1 : Visit=1 : 23
---------------------------
median imbalance = 0.161956
depth=1 : removed 0/41
depth=2 : removed 46/92
nodes left = 622
steps left = 9
using 0.0953328s out of 7.13916s left
----MOST-BALANCED-MOVES----
CIRCLE (6, 2) Q=47.1% : H=1 : Visit=27 : 40
CROSS  (3, 1) Q=50.2% : H=1 : Visit=1 : 23
---------------------------
median imbalance = 0.122628
depth=1 : removed 0/41
depth=2 : removed 47/94
nodes left = 575
steps left = 9
using 0.0940598s out of 7.04383s left
----MOST-BALANCED-MOVES----
CIRCLE (6, 2) Q=48% : H=0.999 : Visit=28 : 40
CROSS  (3, 1) Q=50.2% : H=1 : Visit=1 : 23
---------------------------
median imbalance = 0.102308
depth=1 : removed 0/41
depth=2 : removed 48/96
nodes left = 527
steps left = 9
using 0.0928038s out of 6.94977s left
----MOST-BALANCED-MOVES----
CIRCLE (6, 2) Q=47.3% : H=0.999 : Visit=30 : 40
CROSS  (3, 1) Q=50.2% : H=1 : Visit=1 : 23
---------------------------
median imbalance = 0.0796173
depth=1 : removed 0/41
depth=2 : removed 49/98
nodes left = 478
steps left = 8
using 0.139206s out of 6.85697s left
----MOST-BALANCED-MOVES----
CIRCLE (6, 2) Q=46% : H=1 : Visit=31 : 40
CROSS  (3, 1) Q=50.2% : H=1 : Visit=1 : 23
---------------------------
median imbalance = 0.192992
depth=1 : removed 0/41
depth=2 : removed 73/145
nodes left = 405
steps left = 8
using 0.13638s out of 6.71776s left
----MOST-BALANCED-MOVES----
CIRCLE (6, 2) Q=46.6% : H=0.999 : Visit=33 : 40
CROSS  (3, 1) Q=50.2% : H=1 : Visit=1 : 23
---------------------------
median imbalance = 0.14452
depth=1 : removed 0/41
depth=2 : removed 82/163
nodes left = 323
steps left = 8
using 0.133611s out of 6.58138s left
----MOST-BALANCED-MOVES----
CIRCLE (6, 2) Q=45.4% : H=1 : Visit=36 : 40
CROSS  (3, 1) Q=50.2% : H=1 : Visit=1 : 23
---------------------------
median imbalance = 0.105104
depth=1 : removed 2/41
depth=2 : removed 74/148
nodes left = 249
steps left = 7
using 0.200416s out of 6.44777s left
----MOST-BALANCED-MOVES----
CIRCLE (6, 2) Q=45.5% : H=0.999 : Visit=38 : 40
CROSS  (3, 1) Q=50.2% : H=1 : Visit=1 : 23
---------------------------
median imbalance = 0.0768786
depth=1 : removed 3/41
depth=2 : removed 64/127
nodes left = 185
steps left = 7
using 0.194187s out of 6.24735s left
----MOST-BALANCED-MOVES----
CIRCLE (2, 3) Q=52.3% : H=1 : Visit=44 : 40
CROSS  (7, 2) Q=49.9% : H=1 : Visit=3 : 21
---------------------------
median imbalance = 0.0621765
depth=1 : removed 5/41
depth=2 : removed 55/110
nodes left = 130
steps left = 7
using 0.188151s out of 6.05317s left
----MOST-BALANCED-MOVES----
CIRCLE (5, 4) Q=62.6% : H=1 : Visit=52 : 40
CROSS  (7, 2) Q=50.1% : H=1 : Visit=6 : 29
---------------------------
median imbalance = 0.095893
depth=1 : removed 5/41
depth=2 : removed 48/98
nodes left = 82
steps left = 6
using 0.282226s out of 5.86502s left
----MOST-BALANCED-MOVES----
CIRCLE (5, 4) Q=62.2% : H=0.999 : Visit=56 : 40
CROSS  (7, 2) Q=50.1% : H=1 : Visit=8 : 29
---------------------------
median imbalance = 0.0740927
depth=1 : removed 21/41
depth=2 : removed 41/82
nodes left = 41
steps left = 5
using 0.42334s out of 5.58279s left
----MOST-BALANCED-MOVES----
CIRCLE (5, 4) Q=61.6% : H=0.999 : Visit=60 : 40
CROSS  (7, 2) Q=49.9% : H=1 : Visit=10 : 29
---------------------------
median imbalance = 0.0455325
depth=1 : removed 25/41
depth=2 : removed 21/41
nodes left = 20
steps left = 4
using 0.635009s out of 5.15945s left
----MOST-BALANCED-MOVES----
CIRCLE (7, 3) Q=50.9% : H=0.999 : Visit=64 : 40
CROSS  (4, 1) Q=50% : H=0.999 : Visit=22 : 22
---------------------------
median imbalance = 0.0308722
depth=1 : removed 32/41
depth=2 : removed 10/20
nodes left = 10
steps left = 3
using 0.952514s out of 4.52444s left
----MOST-BALANCED-MOVES----
CIRCLE (2, 1) Q=37.7% : H=1 : Visit=73 : 40
CROSS  (4, 0) Q=50.2% : H=1 : Visit=14 : 28
---------------------------
median imbalance = 0.0121281
depth=1 : removed 35/41
depth=2 : removed 4/10
nodes left = 6
steps left = 2
using 1.42877s out of 3.57193s left
----MOST-BALANCED-MOVES----
CIRCLE (2, 1) Q=42.7% : H=1 : Visit=119 : 40
CROSS  (4, 0) Q=50% : H=1 : Visit=37 : 28
---------------------------
median imbalance = 0.0151659
depth=1 : removed 38/41
depth=2 : removed 3/6
nodes left = 3
steps left = 1
using 2.14316s out of 2.14316s left
----MOST-BALANCED-MOVES----
CIRCLE (4, 1) Q=47.9% : H=0.999 : Visit=254 : 40
CROSS  (1, 1) Q=49.4% : H=0.999 : Visit=215 : 30
---------------------------
median imbalance = 0.00546302
depth=1 : removed 39/41
depth=2 : removed 1/3
nodes left = 2
steps left = 1
using 0s out of 0s left
----MOST-BALANCED-MOVES----
CIRCLE (7, 2) Q=49.9% : H=1 : Visit=597 : 40
CROSS  (7, 1) Q=49.5% : H=1 : Visit=546 : 24
---------------------------
median imbalance = 0.00528516
depth=1 : removed 40/41
depth=2 : removed 1/2
Answered : MESSAGE depth 1-13 ev 45.2 n 4707 n/s 375 tm 12542 pv Oe1 Xb1 Of4 Xe5 Oe6 Xg4 Of6 Xg6 Og5 Xf7 Oe8 Xe7 Ob2
Overall 41 children
sum of visits = 633
BEST
CIRCLE (4, 1) Q=49.4% : H=1 : Visit=593 : 40
CIRCLE (7, 3) Q=0% : H=0 : Visit=1 : 40
CIRCLE (2, 1) Q=0% : H=0 : Visit=1 : 40
CIRCLE (3, 4) Q=0% : H=0 : Visit=1 : 40
CIRCLE (5, 4) Q=0% : H=0 : Visit=1 : 40
CIRCLE (4, 2) Q=0% : H=0 : Visit=1 : 40
CIRCLE (2, 5) Q=0% : H=0 : Visit=1 : 40
CIRCLE (5, 3) Q=0% : H=0 : Visit=1 : 40
CIRCLE (3, 5) Q=0% : H=0 : Visit=1 : 40
CIRCLE (3, 2) Q=0% : H=0 : Visit=1 : 40
WORST
CIRCLE (3, 1) Q=0% : H=0 : Visit=1 : 40
CIRCLE (4, 4) Q=0% : H=0 : Visit=1 : 40
CIRCLE (6, 1) Q=0% : H=0 : Visit=1 : 40
CIRCLE (6, 3) Q=0% : H=0 : Visit=1 : 40
CIRCLE (2, 4) Q=0% : H=0 : Visit=1 : 40
CIRCLE (2, 3) Q=0% : H=0 : Visit=1 : 40
CIRCLE (4, 3) Q=0% : H=0 : Visit=1 : 40
CIRCLE (3, 3) Q=0% : H=0 : Visit=1 : 40
CIRCLE (7, 2) Q=0% : H=0 : Visit=1 : 40
CIRCLE (5, 1) Q=0% : H=0 : Visit=1 : 40
   1   1   1   1   1   1  _   _   _   _   _   _   _   _   _ 
   1   1   1  X    1   1  _   _   _   _   _   _   _   _   _ 
   1   1  O    1   1   1  _   _   _   _   _   _   _   _   _ 
   1   1   1   1   1   1  _   _   _   _   _   _   _   _   _ 
   1 936   1   1   1  _   _   _   _   _   _   _   _   _   _ 
   1   1  X    1   1  _   _   _   _   _   _   _   _   _   _ 
   1   1   1   1   1  _   _   _   _   _   _   _   _   _   _ 
   1   1   1   1   1  _   _   _   _   _   _   _   _   _   _ 
  _   _   _   _   _   _   _   _   _   _   _   _   _   _   _ 
  _   _   _   _   _   _   _   _   _   _   _   _   _   _   _ 
  _   _   _   _   _   _   _   _   _   _   _   _   _   _   _ 
  _   _   _   _   _   _   _   _   _   _   _   _   _   _   _ 
  _   _   _   _   _   _   _   _   _   _   _   _   _   _   _ 
  _   _   _   _   _   _   _   _   _   _   _   _   _   _   _ 
  _   _   _   _   _   _   _   _   _   _   _   _   _   _   _ 

nodes used 130k / 42M (0.3%)
memory = 1285.67 MB
0 : CROSS  (-1, -1) Q=54.7% : H=1 : Visit=4702 : 41
1 : CIRCLE (4, 1) Q=49.4% : H=1 : Visit=593 : 40
2 : CROSS  (1, 1) Q=49.4% : H=1 : Visit=554 : 30
3 : CIRCLE (5, 4) Q=52.6% : H=0.202 : Visit=197 : 26
4 : CROSS  (4, 5) Q=50.6% : H=0.425 : Visit=126 : 26
5 : CIRCLE (4, 6) Q=52.5% : H=0.294 : Visit=53 : 27
6 : CROSS  (6, 4) Q=45.7% : H=0.577 : Visit=30 : 32
7 : CIRCLE (5, 6) Q=58.7% : H=0.384 : Visit=15 : 22
8 : CROSS  (6, 6) Q=38.6% : H=0.724 : Visit=10 : 22
9 : CIRCLE (6, 5) Q=62.5% : H=0.9 : Visit=9 : 24
10 : CROSS  (5, 7) Q=39% : H=0.482 : Visit=5 : 39
11 : CIRCLE (4, 8) Q=64.3% : H=0.33 : Visit=2 : 32
12 : CROSS  (4, 7) Q=42.5% : H=0.727 : Visit=1 : 42
13 : CIRCLE (1, 2) Q=0% : H=0 : Visit=0 : 0
Total 13 moves ahead
----NNCACHE-INFO----
memory = 5.78462 MB / 857.112MB
stored = 5136 elements
calls  = 5373
hits   = 231 (4.2%)
--------------------
----MOST-BALANCED-MOVES----
CIRCLE (4, 1) Q=49.4% : H=1 : Visit=593 : 40
CROSS  (1, 1) Q=49.4% : H=1 : Visit=554 : 30
---------------------------
Answered : 1,4 1,1
Got : END
