Compiled on Apr 23 2020 at 02:42:48
Launched in Engine\
Answered : MESSAGE Detected following devices : CPU : GenuineIntel : 4 x AVX with 4043MB of memory
Answered : MESSAGE Using : CPU : GenuineIntel : 4 x AVX with 4043MB of memory
Got : START 15
Answered : OK
Got : INFO max_memory 2306867200
Got : INFO timeout_match 300000
Got : INFO timeout_turn 300000
Got : INFO game_type 1
Got : INFO rule 1
Got : INFO time_left 300000
Got : SWAP2BOARD
Got : 7,7
Got : 3,3
Got : 9,12
Got : DONE
Answered : MESSAGE depth 1-17 ev 16.8 n 8601 n/s 637 tm 13500 pv Od5 Xk7 Od4 Xd6 Oe5 Xj6 Ol8 Xi7 Og7 Xh8 Og9 Xh6 Oh5 Xg5 Of6 Xc3 Oa11
Overall 222 children
sum of visits = 8329
BEST
CIRCLE (3, 5) Q=17.6% : H=0.049 : Visit=1632 : 46
CIRCLE (3, 4) Q=19.4% : H=0.147 : Visit=1451 : 51
CIRCLE (4, 4) Q=13.5% : H=0.412 : Visit=1297 : 46
CIRCLE (5, 3) Q=17.3% : H=0.065 : Visit=1188 : 46
CIRCLE (4, 3) Q=14.5% : H=0.17 : Visit=691 : 50
CIRCLE (2, 4) Q=16.2% : H=0.076 : Visit=581 : 52
CIRCLE (4, 2) Q=16.4% : H=0.04 : Visit=343 : 44
CIRCLE (5, 5) Q=17.9% : H=0.002 : Visit=328 : 45
CIRCLE (4, 5) Q=17.6% : H=0.008 : Visit=293 : 42
CIRCLE (2, 3) Q=17.5% : H=0.009 : Visit=269 : 50
WORST
CIRCLE (6, 13) Q=0% : H=0 : Visit=0 : 0
CIRCLE (0, 1) Q=0% : H=0 : Visit=0 : 0
CIRCLE (3, 0) Q=0% : H=0 : Visit=0 : 0
CIRCLE (0, 7) Q=0% : H=0 : Visit=0 : 0
CIRCLE (6, 11) Q=0% : H=0 : Visit=0 : 0
CIRCLE (7, 1) Q=0% : H=0 : Visit=0 : 0
CIRCLE (0, 5) Q=0% : H=0 : Visit=0 : 0
CIRCLE (11, 5) Q=0% : H=0 : Visit=0 : 0
CIRCLE (0, 6) Q=0% : H=0 : Visit=0 : 0
CIRCLE (4, 0) Q=0% : H=0 : Visit=0 : 0
  _   _   _   _   _   _   _   _   _   _   _   _   _   _   _ 
  _   _   _   _   _   _   _   _   _   _   _   _   _   _   _ 
  _   _   _   32  69  _   _   _   _   _   _   _   _   _   _ 
  _   _   _   O  174 195  _   _   _   _   _   _   _   _   _ 
  _   _   41  82 155  35  _   _   _   _   _   _   _   _   _ 
  _   _   _  142  26  39  _   _   _   _   _   _   _   _   _ 
  _   _   _   _   _   _   _   _   _   _   _   _   _   _   _ 
  _   _   _   _   _   _   _   X   _   _   _   _   _   _   _ 
  _   _   _   _   _   _   _   _   _   _   _   _   _   _   _ 
  _   _   _   _   _   _   _   _   _   _   _   _   _   _   _ 
  _   _   _   _   _   _   _   _   _   _   _   _   _   _   _ 
  _   _   _   _   _   _   _   _   _   _   _   _   _   _   _ 
  _   _   _   _   _   _   _   _   _   X   _   _   _   _   _ 
  _   _   _   _   _   _   _   _   _   _   _   _   _   _   _ 
  _   _   _   _   _   _   _   _   _   _   _   _   _   _   _ 

nodes used 251k / 42M (0.5%)
memory = 1285.67 MB
0 : CROSS  (-1, -1) Q=83.1% : H=1 : Visit=8330 : 222
1 : CIRCLE (3, 5) Q=17.6% : H=0.049 : Visit=1632 : 46
2 : CROSS  (10, 7) Q=86.2% : H=0.354 : Visit=1281 : 26
3 : CIRCLE (3, 4) Q=13.9% : H=0.745 : Visit=1009 : 32
4 : CROSS  (3, 6) Q=87.3% : H=0.574 : Visit=792 : 27
5 : CIRCLE (4, 5) Q=15.4% : H=0.092 : Visit=259 : 43
6 : CROSS  (9, 6) Q=90.6% : H=0.264 : Visit=237 : 32
7 : CIRCLE (11, 8) Q=9.7% : H=0.592 : Visit=152 : 28
8 : CROSS  (8, 7) Q=96.4% : H=0.307 : Visit=114 : 27
9 : CIRCLE (6, 7) Q=4.3% : H=0.666 : Visit=84 : 23
10 : CROSS  (7, 8) Q=98.4% : H=0.828 : Visit=81 : 37
11 : CIRCLE (6, 9) Q=2.6% : H=0.333 : Visit=30 : 36
12 : CROSS  (7, 6) Q=97.7% : H=0.575 : Visit=20 : 38
13 : CIRCLE (7, 5) Q=3.3% : H=0.448 : Visit=10 : 35
14 : CROSS  (6, 5) Q=99.1% : H=0.203 : Visit=3 : 43
15 : CIRCLE (5, 6) Q=0.7% : H=0.277 : Visit=1 : 1
16 : CROSS  (2, 3) Q=99.2% : H=1 : Visit=1 : 41
17 : CIRCLE (0, 11) Q=0% : H=0 : Visit=0 : 0
Total 17 moves ahead
----NNCACHE-INFO----
memory = 6.57077 MB / 857.112MB
stored = 5834 elements
calls  = 8591
hits   = 2263 (26.3%)
--------------------
nodes left = 4970
steps left = 12
using 0.174762s out of 45s left
median imbalance = 0.480534
depth=1 : removed 0/71
depth=2 : removed 40/80
nodes left = 4930
steps left = 12
using 0.174084s out of 44.8252s left
----MOST-BALANCED-MOVES----
CIRCLE (13, 8) Q=56.5% : H=1 : Visit=1 : 70
CROSS  (1, 1) Q=43.4% : H=1 : Visit=1 : 44
---------------------------
median imbalance = 0.416074
depth=1 : removed 0/71
depth=2 : removed 68/136
nodes left = 4862
steps left = 12
using 0.173407s out of 44.6512s left
----MOST-BALANCED-MOVES----
CIRCLE (13, 8) Q=57.7% : H=1 : Visit=2 : 70
CROSS  (1, 1) Q=43.4% : H=1 : Visit=1 : 44
---------------------------
median imbalance = 0.19764
depth=1 : removed 0/71
depth=2 : removed 82/164
nodes left = 4780
steps left = 12
using 0.172734s out of 44.4777s left
----MOST-BALANCED-MOVES----
CIRCLE (14, 9) Q=59.4% : H=1 : Visit=4 : 70
CROSS  (1, 3) Q=49.8% : H=1 : Visit=1 : 28
---------------------------
median imbalance = 0.136898
depth=1 : removed 0/71
depth=2 : removed 89/178
nodes left = 4691
steps left = 12
using 0.172063s out of 44.305s left
----MOST-BALANCED-MOVES----
CIRCLE (13, 7) Q=55% : H=1 : Visit=5 : 70
CROSS  (1, 4) Q=50% : H=1 : Visit=1 : 43
---------------------------
median imbalance = 0.124851
depth=1 : removed 0/71
depth=2 : removed 93/185
nodes left = 4598
steps left = 12
using 0.171395s out of 44.1329s left
----MOST-BALANCED-MOVES----
CIRCLE (13, 7) Q=56.1% : H=1 : Visit=6 : 70
CROSS  (1, 4) Q=50% : H=1 : Visit=1 : 43
---------------------------
median imbalance = 0.0921694
depth=1 : removed 0/71
depth=2 : removed 94/188
nodes left = 4504
steps left = 12
using 0.170729s out of 43.9616s left
----MOST-BALANCED-MOVES----
CIRCLE (11, 11) Q=64.9% : H=1 : Visit=8 : 70
CROSS  (2, 3) Q=50% : H=1 : Visit=1 : 44
---------------------------
median imbalance = 0.0808036
depth=1 : removed 0/71
depth=2 : removed 95/190
nodes left = 4409
steps left = 12
using 0.170066s out of 43.7908s left
----MOST-BALANCED-MOVES----
CIRCLE (11, 11) Q=63.3% : H=1 : Visit=9 : 70
CROSS  (2, 3) Q=50% : H=1 : Visit=1 : 44
---------------------------
median imbalance = 0.0612757
depth=1 : removed 0/71
depth=2 : removed 88/175
nodes left = 4321
steps left = 12
using 0.169406s out of 43.6208s left
----MOST-BALANCED-MOVES----
CIRCLE (11, 11) Q=61.6% : H=1 : Visit=10 : 70
CROSS  (2, 3) Q=50% : H=1 : Visit=1 : 44
---------------------------
median imbalance = 0.0549828
depth=1 : removed 0/71
depth=2 : removed 93/185
nodes left = 4228
steps left = 12
using 0.168748s out of 43.4514s left
----MOST-BALANCED-MOVES----
CIRCLE (11, 11) Q=61.9% : H=1 : Visit=11 : 70
CROSS  (2, 3) Q=50% : H=1 : Visit=1 : 44
---------------------------
median imbalance = 0.0493428
depth=1 : removed 0/71
depth=2 : removed 94/188
nodes left = 4134
steps left = 12
using 0.168093s out of 43.2826s left
----MOST-BALANCED-MOVES----
CIRCLE (11, 11) Q=61% : H=1 : Visit=12 : 70
CROSS  (2, 3) Q=50% : H=1 : Visit=1 : 44
---------------------------
median imbalance = 0.0469806
depth=1 : removed 0/71
depth=2 : removed 96/192
nodes left = 4038
steps left = 11
using 0.252139s out of 43.1145s left
----MOST-BALANCED-MOVES----
CIRCLE (11, 11) Q=59.3% : H=1 : Visit=13 : 70
CROSS  (2, 3) Q=50% : H=1 : Visit=1 : 44
---------------------------
median imbalance = 0.117201
depth=1 : removed 0/71
depth=2 : removed 113/225
nodes left = 3925
steps left = 11
using 0.250664s out of 42.8624s left
----MOST-BALANCED-MOVES----
CIRCLE (11, 11) Q=58.1% : H=1 : Visit=15 : 70
CROSS  (2, 3) Q=50% : H=1 : Visit=1 : 44
---------------------------
median imbalance = 0.0709816
depth=1 : removed 0/71
depth=2 : removed 128/256
nodes left = 3797
steps left = 11
using 0.249198s out of 42.6117s left
----MOST-BALANCED-MOVES----
CIRCLE (11, 11) Q=56.4% : H=1 : Visit=17 : 70
CROSS  (2, 3) Q=50% : H=1 : Visit=1 : 44
---------------------------
median imbalance = 0.253016
depth=1 : removed 0/71
depth=2 : removed 136/272
nodes left = 3661
steps left = 11
using 0.247741s out of 42.3625s left
----MOST-BALANCED-MOVES----
CIRCLE (11, 11) Q=53.2% : H=1 : Visit=19 : 70
CROSS  (2, 3) Q=50% : H=1 : Visit=1 : 44
---------------------------
median imbalance = 0.0540097
depth=1 : removed 0/71
depth=2 : removed 132/264
nodes left = 3529
steps left = 11
using 0.246292s out of 42.1148s left
----MOST-BALANCED-MOVES----
CIRCLE (11, 11) Q=53.5% : H=1 : Visit=20 : 70
CROSS  (2, 3) Q=50% : H=1 : Visit=1 : 44
---------------------------
median imbalance = 0.0432482
depth=1 : removed 0/71
depth=2 : removed 139/277
nodes left = 3390
steps left = 11
using 0.244852s out of 41.8685s left
----MOST-BALANCED-MOVES----
CIRCLE (11, 11) Q=52.5% : H=0.999 : Visit=22 : 70
CROSS  (2, 3) Q=50% : H=1 : Visit=1 : 44
---------------------------
median imbalance = 0.0420917
depth=1 : removed 0/71
depth=2 : removed 134/268
nodes left = 3256
steps left = 11
using 0.24342s out of 41.6236s left
----MOST-BALANCED-MOVES----
CIRCLE (11, 11) Q=49.6% : H=1 : Visit=24 : 70
CROSS  (2, 3) Q=50% : H=1 : Visit=1 : 44
---------------------------
median imbalance = 0.0391729
depth=1 : removed 0/71
depth=2 : removed 127/253
nodes left = 3129
steps left = 11
using 0.241996s out of 41.3802s left
----MOST-BALANCED-MOVES----
CIRCLE (11, 11) Q=48.4% : H=1 : Visit=25 : 70
CROSS  (2, 3) Q=50% : H=1 : Visit=1 : 44
---------------------------
median imbalance = 0.232733
depth=1 : removed 0/71
depth=2 : removed 137/274
nodes left = 2992
steps left = 11
using 0.240581s out of 41.1382s left
----MOST-BALANCED-MOVES----
CIRCLE (11, 11) Q=45.5% : H=1 : Visit=27 : 70
CROSS  (2, 3) Q=50% : H=1 : Visit=1 : 44
---------------------------
median imbalance = 0.0857439
depth=1 : removed 0/71
depth=2 : removed 135/269
nodes left = 2857
steps left = 11
using 0.239174s out of 40.8976s left
----MOST-BALANCED-MOVES----
CIRCLE (11, 11) Q=44% : H=0.999 : Visit=28 : 70
CROSS  (2, 3) Q=50% : H=1 : Visit=1 : 44
---------------------------
median imbalance = 0.112357
depth=1 : removed 0/71
depth=2 : removed 142/283
nodes left = 2715
steps left = 11
using 0.237776s out of 40.6585s left
----MOST-BALANCED-MOVES----
CIRCLE (11, 11) Q=41.7% : H=0.999 : Visit=30 : 70
CROSS  (2, 3) Q=50% : H=1 : Visit=1 : 44
---------------------------
median imbalance = 0.0685152
depth=1 : removed 0/71
depth=2 : removed 140/279
nodes left = 2575
steps left = 11
using 0.236385s out of 40.4207s left
----MOST-BALANCED-MOVES----
CIRCLE (11, 11) Q=39.4% : H=1 : Visit=32 : 70
CROSS  (2, 3) Q=50% : H=1 : Visit=1 : 44
---------------------------
median imbalance = 0.0340313
depth=1 : removed 0/71
depth=2 : removed 123/246
nodes left = 2452
steps left = 11
using 0.235003s out of 40.1843s left
----MOST-BALANCED-MOVES----
CIRCLE (11, 11) Q=38.8% : H=0.999 : Visit=33 : 70
CROSS  (2, 3) Q=50% : H=1 : Visit=1 : 44
---------------------------
median imbalance = 0.027442
depth=1 : removed 0/71
depth=2 : removed 101/201
nodes left = 2351
steps left = 11
using 0.233628s out of 39.9493s left
----MOST-BALANCED-MOVES----
CIRCLE (11, 11) Q=37.7% : H=0.999 : Visit=34 : 70
CROSS  (2, 3) Q=50% : H=1 : Visit=1 : 44
---------------------------
median imbalance = 0.0263996
depth=1 : removed 0/71
depth=2 : removed 96/192
nodes left = 2255
steps left = 11
using 0.232262s out of 39.7157s left
----MOST-BALANCED-MOVES----
CIRCLE (11, 11) Q=36.8% : H=1 : Visit=35 : 70
CROSS  (2, 3) Q=50% : H=1 : Visit=1 : 44
---------------------------
median imbalance = 0.0858427
depth=1 : removed 0/71
depth=2 : removed 97/194
nodes left = 2158
steps left = 11
using 0.230904s out of 39.4834s left
----MOST-BALANCED-MOVES----
CIRCLE (11, 11) Q=35.9% : H=1 : Visit=36 : 70
CROSS  (2, 3) Q=50% : H=1 : Visit=1 : 44
---------------------------
median imbalance = 0.26951
depth=1 : removed 0/71
depth=2 : removed 109/217
nodes left = 2049
steps left = 11
using 0.229553s out of 39.2525s left
----MOST-BALANCED-MOVES----
CIRCLE (11, 11) Q=35% : H=1 : Visit=37 : 70
CROSS  (2, 3) Q=50% : H=1 : Visit=1 : 44
---------------------------
median imbalance = 0.29027
depth=1 : removed 0/71
depth=2 : removed 129/258
nodes left = 1920
steps left = 10
using 0.34433s out of 39.0229s left
----MOST-BALANCED-MOVES----
CIRCLE (11, 11) Q=33.8% : H=1 : Visit=39 : 70
CROSS  (2, 3) Q=50% : H=1 : Visit=1 : 44
---------------------------
median imbalance = 0.350284
depth=1 : removed 0/71
depth=2 : removed 155/309
nodes left = 1765
steps left = 10
using 0.341292s out of 38.6786s left
----MOST-BALANCED-MOVES----
CIRCLE (11, 11) Q=32.4% : H=1 : Visit=41 : 70
CROSS  (2, 3) Q=50% : H=1 : Visit=1 : 44
---------------------------
median imbalance = 0.321061
depth=1 : removed 0/71
depth=2 : removed 158/315
nodes left = 1607
steps left = 10
using 0.33828s out of 38.3373s left
----MOST-BALANCED-MOVES----
CIRCLE (11, 11) Q=31.4% : H=1 : Visit=43 : 70
CROSS  (2, 3) Q=50% : H=1 : Visit=1 : 44
---------------------------
median imbalance = 0.354097
depth=1 : removed 0/71
depth=2 : removed 175/349
nodes left = 1432
steps left = 10
using 0.335295s out of 37.999s left
----MOST-BALANCED-MOVES----
CIRCLE (11, 11) Q=30.1% : H=0.999 : Visit=45 : 70
CROSS  (2, 3) Q=50% : H=1 : Visit=1 : 44
---------------------------
median imbalance = 0.309996
depth=1 : removed 8/71
depth=2 : removed 172/343
nodes left = 1260
steps left = 10
using 0.332337s out of 37.6637s left
----MOST-BALANCED-MOVES----
CIRCLE (11, 11) Q=29.1% : H=1 : Visit=47 : 70
CROSS  (2, 3) Q=50% : H=1 : Visit=1 : 44
---------------------------
median imbalance = 0.257801
depth=1 : removed 11/71
depth=2 : removed 155/309
nodes left = 1105
steps left = 10
using 0.329404s out of 37.3314s left
----MOST-BALANCED-MOVES----
CIRCLE (11, 11) Q=28.2% : H=1 : Visit=49 : 70
CROSS  (2, 3) Q=50% : H=1 : Visit=1 : 44
---------------------------
median imbalance = 0.205335
depth=1 : removed 11/71
depth=2 : removed 152/303
nodes left = 953
steps left = 9
using 0.494106s out of 37.002s left
----MOST-BALANCED-MOVES----
CIRCLE (5, 6) Q=77.7% : H=1 : Visit=71 : 70
CROSS  (10, 9) Q=50% : H=1 : Visit=2 : 33
---------------------------
median imbalance = 0.203966
depth=1 : removed 11/71
depth=2 : removed 154/308
nodes left = 799
steps left = 9
using 0.487508s out of 36.5079s left
----MOST-BALANCED-MOVES----
CIRCLE (11, 11) Q=26.6% : H=0.999 : Visit=55 : 70
CROSS  (2, 3) Q=50% : H=1 : Visit=1 : 44
---------------------------
median imbalance = 0.166993
depth=1 : removed 14/71
depth=2 : removed 151/302
nodes left = 648
steps left = 9
using 0.480998s out of 36.0204s left
----MOST-BALANCED-MOVES----
CIRCLE (11, 11) Q=25.8% : H=0.999 : Visit=58 : 70
CROSS  (2, 3) Q=50% : H=1 : Visit=1 : 44
---------------------------
median imbalance = 0.159872
depth=1 : removed 17/71
depth=2 : removed 154/307
nodes left = 494
steps left = 8
using 0.721498s out of 35.5394s left
----MOST-BALANCED-MOVES----
CIRCLE (11, 11) Q=26.4% : H=0.999 : Visit=62 : 70
CROSS  (2, 3) Q=50% : H=1 : Visit=1 : 44
---------------------------
median imbalance = 0.128841
depth=1 : removed 21/71
depth=2 : removed 185/369
nodes left = 309
steps left = 8
using 0.70685s out of 34.8179s left
----MOST-BALANCED-MOVES----
CIRCLE (11, 11) Q=29.3% : H=0.999 : Visit=69 : 70
CROSS  (2, 3) Q=50% : H=1 : Visit=1 : 44
---------------------------
median imbalance = 0.0944291
depth=1 : removed 30/71
depth=2 : removed 155/309
nodes left = 154
steps left = 7
using 1.06028s out of 34.111s left
----MOST-BALANCED-MOVES----
CIRCLE (12, 10) Q=25.5% : H=1 : Visit=73 : 70
CROSS  (2, 2) Q=49.9% : H=1 : Visit=2 : 42
---------------------------
median imbalance = 0.0751822
depth=1 : removed 35/71
depth=2 : removed 77/154
nodes left = 77
steps left = 6
using 1.59041s out of 33.0508s left
----MOST-BALANCED-MOVES----
CIRCLE (14, 8) Q=21.7% : H=1 : Visit=81 : 70
CROSS  (1, 4) Q=49.9% : H=1 : Visit=2 : 26
---------------------------
median imbalance = 0.0519421
depth=1 : removed 48/71
depth=2 : removed 38/77
nodes left = 39
steps left = 5
using 2.38562s out of 31.4604s left
----MOST-BALANCED-MOVES----
CIRCLE (9, 8) Q=30% : H=0.999 : Visit=102 : 70
CROSS  (14, 11) Q=49.8% : H=1 : Visit=7 : 71
---------------------------
median imbalance = 0.0543432
depth=1 : removed 57/71
depth=2 : removed 20/39
nodes left = 19
steps left = 4
using 3.57843s out of 29.0747s left
----MOST-BALANCED-MOVES----
CIRCLE (10, 8) Q=40.6% : H=1 : Visit=154 : 70
CROSS  (14, 8) Q=49.9% : H=1 : Visit=21 : 58
---------------------------
median imbalance = 0.0418555
depth=1 : removed 64/71
depth=2 : removed 10/19
nodes left = 9
steps left = 3
using 5.36764s out of 25.4963s left
----MOST-BALANCED-MOVES----
CIRCLE (11, 9) Q=43.8% : H=0.999 : Visit=273 : 70
CROSS  (14, 7) Q=50.2% : H=1 : Visit=159 : 53
---------------------------
median imbalance = 0.0314217
depth=1 : removed 66/71
depth=2 : removed 4/9
nodes left = 5
steps left = 2
using 8.05147s out of 20.1287s left
----MOST-BALANCED-MOVES----
CIRCLE (10, 11) Q=47.1% : H=1 : Visit=593 : 70
CROSS  (14, 11) Q=50.6% : H=1 : Visit=485 : 53
---------------------------
median imbalance = 0.0260521
depth=1 : removed 68/71
depth=2 : removed 2/5
nodes left = 3
steps left = 1
using 12.0772s out of 12.0772s left
----MOST-BALANCED-MOVES----
CIRCLE (10, 8) Q=48.1% : H=1 : Visit=742 : 70
CROSS  (14, 9) Q=51.3% : H=1 : Visit=549 : 51
---------------------------
median imbalance = 0.0562245
depth=1 : removed 69/71
depth=2 : removed 1/3
nodes left = 2
steps left = 1
using 0s out of 0s left
----MOST-BALANCED-MOVES----
CIRCLE (12, 10) Q=48.5% : H=1 : Visit=3870 : 70
CROSS  (2, 2) Q=50.9% : H=1 : Visit=3799 : 42
---------------------------
median imbalance = 0.0563284
depth=1 : removed 70/71
depth=2 : removed 1/2
Answered : MESSAGE depth 1-18 ev 56.8 n 25113 n/s 406 tm 61840 pv Om10 Xc2 Ok10 Xj10 Ol11 Xk9 Oj9 Xm12 Oi11 Xj11 Ok8 Xl7 Ok12 Xj13 Oj12 Xh10 Oi12 Xg12
Overall 71 children
sum of visits = 3955
BEST
CIRCLE (12, 10) Q=48.5% : H=1 : Visit=3885 : 70
CIRCLE (11, 9) Q=0% : H=0 : Visit=1 : 70
CIRCLE (5, 5) Q=0% : H=0 : Visit=1 : 70
CIRCLE (4, 2) Q=0% : H=0 : Visit=1 : 70
CIRCLE (5, 1) Q=0% : H=0 : Visit=1 : 70
CIRCLE (11, 10) Q=0% : H=0 : Visit=1 : 70
CIRCLE (2, 3) Q=0% : H=0 : Visit=1 : 70
CIRCLE (1, 5) Q=0% : H=0 : Visit=1 : 70
CIRCLE (8, 8) Q=0% : H=0 : Visit=1 : 70
CIRCLE (3, 2) Q=0% : H=0 : Visit=1 : 70
WORST
CIRCLE (5, 4) Q=0% : H=0 : Visit=1 : 70
CIRCLE (5, 6) Q=0% : H=0 : Visit=1 : 70
CIRCLE (4, 3) Q=0% : H=0 : Visit=1 : 70
CIRCLE (4, 4) Q=0% : H=0 : Visit=1 : 70
CIRCLE (9, 9) Q=0% : H=0 : Visit=1 : 70
CIRCLE (8, 6) Q=0% : H=0 : Visit=1 : 70
CIRCLE (12, 7) Q=0% : H=0 : Visit=1 : 70
CIRCLE (10, 11) Q=0% : H=0 : Visit=1 : 70
CIRCLE (9, 8) Q=0% : H=0 : Visit=1 : 70
CIRCLE (10, 8) Q=0% : H=0 : Visit=1 : 70
  _   _   _   _   _   _   _   _   _   _   _   _   _   _   _ 
  _   _   _   _   _   _   _   _   _   _   _   _   _   _   _ 
  _   _   _   _   _   _   _   _   _   _   _   _   _   _   _ 
  _   _   _   O   _   _   _   _   _   _   _   _   _   _   _ 
  _   _   _   _   _   _   _   _   _   _   _   _   _   _   _ 
  _   _   _   _   _   _   _   _   _   _   _   _   _   _   _ 
  _   _   _   _   _   _   _   _   _   _   _   _   _   _   _ 
  _   _   _   _   _   _   _   X   _   _   _   _   _   _   _ 
  _   _   _   _   _   _   _   _   _   _   _   _   _   _   _ 
  _   _   _   _   _   _   _   _   _   _   _   _   _   _   _ 
  _   _   _   _   _   _   _   _   _   _   _   _   _   _   _ 
  _   _   _   _   _   _   _   _   _   _   _   _   _   _   _ 
  _   _   _   _   _   _   _   _   _   X  982  _   _   _   _ 
  _   _   _   _   _   _   _   _   _   _   _   _   _   _   _ 
  _   _   _   _   _   _   _   _   _   _   _   _   _   _   _ 

nodes used 900k / 42M (2.1%)
memory = 1285.67 MB
0 : CROSS  (-1, -1) Q=43.1% : H=1 : Visit=23938 : 71
1 : CIRCLE (12, 10) Q=48.5% : H=1 : Visit=3885 : 70
2 : CROSS  (2, 2) Q=50.9% : H=1 : Visit=3814 : 42
3 : CIRCLE (10, 10) Q=50.3% : H=0.402 : Visit=3199 : 44
4 : CROSS  (9, 10) Q=50% : H=0.507 : Visit=1815 : 35
5 : CIRCLE (11, 11) Q=50.1% : H=0.715 : Visit=1312 : 37
6 : CROSS  (10, 9) Q=52.8% : H=0.092 : Visit=758 : 28
7 : CIRCLE (9, 9) Q=51.1% : H=0.128 : Visit=505 : 16
8 : CROSS  (12, 12) Q=49.3% : H=0.912 : Visit=497 : 26
9 : CIRCLE (8, 11) Q=55.1% : H=0.157 : Visit=321 : 27
10 : CROSS  (9, 11) Q=43.6% : H=0.605 : Visit=161 : 43
11 : CIRCLE (10, 8) Q=57.3% : H=0.221 : Visit=41 : 22
12 : CROSS  (11, 7) Q=47.2% : H=0.448 : Visit=25 : 35
13 : CIRCLE (10, 12) Q=50.1% : H=0.375 : Visit=8 : 11
14 : CROSS  (9, 13) Q=49.5% : H=0.612 : Visit=4 : 46
15 : CIRCLE (9, 12) Q=55.9% : H=0.554 : Visit=3 : 24
16 : CROSS  (7, 10) Q=48.5% : H=0.726 : Visit=2 : 33
17 : CIRCLE (8, 12) Q=62.8% : H=0.201 : Visit=1 : 21
18 : CROSS  (6, 12) Q=0% : H=0.081 : Visit=0 : 0
Total 18 moves ahead
----NNCACHE-INFO----
memory = 29.3184 MB / 857.112MB
stored = 26031 elements
calls  = 33704
hits   = 5883 (17.4%)
--------------------
----MOST-BALANCED-MOVES----
CIRCLE (12, 10) Q=48.5% : H=1 : Visit=3885 : 70
CROSS  (2, 2) Q=50.9% : H=1 : Visit=3814 : 42
---------------------------
Answered : 10,12 2,2
Got : END
