Compiled on Apr 23 2020 at 02:42:48
Launched in Engine\
Answered : MESSAGE Detected following devices : CPU : GenuineIntel : 4 x AVX with 4043MB of memory
Answered : MESSAGE Using : CPU : GenuineIntel : 4 x AVX with 4043MB of memory
Got : START 15
Answered : OK
Got : INFO max_memory 2306867200
Got : INFO timeout_match 120000
Got : INFO timeout_turn 120000
Got : INFO game_type 1
Got : INFO rule 1
Got : INFO time_left 120000
Got : SWAP2BOARD
Got : 0,0
Got : 1,4
Got : 3,8
Got : DONE
Answered : MESSAGE depth 1-10 ev 80.6 n 1435 n/s 318 tm 4502 pv Of3 Xe4 Od4 Xf2 Od3 Xd2 Oe2 Xg4 Oc4 Xb5
Overall 222 children
sum of visits = 1411
BEST
CIRCLE (5, 3) Q=82.2% : H=0.291 : Visit=573 : 40
CIRCLE (3, 3) Q=83.8% : H=0.019 : Visit=319 : 76
CIRCLE (4, 4) Q=80.1% : H=0.164 : Visit=179 : 44
CIRCLE (4, 3) Q=72.9% : H=0.383 : Visit=163 : 39
CIRCLE (3, 2) Q=82.9% : H=0.016 : Visit=104 : 105
CIRCLE (5, 4) Q=73.9% : H=0.062 : Visit=36 : 43
CIRCLE (4, 2) Q=72.4% : H=0.042 : Visit=18 : 46
CIRCLE (2, 3) Q=76.1% : H=0 : Visit=4 : 62
CIRCLE (3, 4) Q=68.6% : H=0.003 : Visit=2 : 53
CIRCLE (5, 2) Q=73.3% : H=0 : Visit=1 : 27
WORST
CIRCLE (3, 8) Q=0% : H=0 : Visit=0 : 0
CIRCLE (3, 9) Q=0% : H=0 : Visit=0 : 0
CIRCLE (5, 13) Q=0% : H=0 : Visit=0 : 0
CIRCLE (5, 10) Q=0% : H=0 : Visit=0 : 0
CIRCLE (9, 13) Q=0% : H=0 : Visit=0 : 0
CIRCLE (6, 11) Q=0% : H=0 : Visit=0 : 0
CIRCLE (6, 13) Q=0% : H=0 : Visit=0 : 0
CIRCLE (8, 13) Q=0% : H=0 : Visit=0 : 0
CIRCLE (7, 13) Q=0% : H=0 : Visit=0 : 0
CIRCLE (5, 11) Q=0% : H=0 : Visit=0 : 0
  X   _   _   _   _   _   _   _   _   _   _   _   _   _   _ 
  _   _   _   _   _   _   _   _   _   _   _   _   _   _   _ 
  _   _   _    2  _   _   _   _   _   _   _   _   _   _   _ 
  _   _   73 226   1  _   _   _   _   _   _   _   _   _   _ 
  _   O   12 115 126  _   _   _   _   _   _   _   _   _   _ 
  _   _   _  406  25  _   _   _   _   _   _   _   _   _   _ 
  _   _   _   _   _   _   _   _   _   _   _   _   _   _   _ 
  _   _   _   _   _   _   _   _   _   _   _   _   _   _   _ 
  _   _   _   X   _   _   _   _   _   _   _   _   _   _   _ 
  _   _   _   _   _   _   _   _   _   _   _   _   _   _   _ 
  _   _   _   _   _   _   _   _   _   _   _   _   _   _   _ 
  _   _   _   _   _   _   _   _   _   _   _   _   _   _   _ 
  _   _   _   _   _   _   _   _   _   _   _   _   _   _   _ 
  _   _   _   _   _   _   _   _   _   _   _   _   _   _   _ 
  _   _   _   _   _   _   _   _   _   _   _   _   _   _   _ 

nodes used 36k / 42M (0%)
memory = 1285.67 MB
0 : CROSS  (-1, -1) Q=19.3% : H=1 : Visit=1412 : 222
1 : CIRCLE (5, 3) Q=82.2% : H=0.291 : Visit=573 : 40
2 : CROSS  (4, 4) Q=22.3% : H=0.074 : Visit=306 : 32
3 : CIRCLE (3, 4) Q=83.7% : H=0.087 : Visit=107 : 42
4 : CROSS  (5, 2) Q=16.2% : H=0.34 : Visit=37 : 28
5 : CIRCLE (3, 3) Q=85.8% : H=0.396 : Visit=16 : 15
6 : CROSS  (3, 2) Q=14.9% : H=0.7 : Visit=12 : 30
7 : CIRCLE (4, 2) Q=86.3% : H=0.324 : Visit=5 : 22
8 : CROSS  (6, 4) Q=16% : H=0.467 : Visit=3 : 29
9 : CIRCLE (2, 4) Q=79.6% : H=0.359 : Visit=1 : 12
10 : CROSS  (1, 5) Q=0% : H=0.783 : Visit=0 : 0
Total 10 moves ahead
----NNCACHE-INFO----
memory = 1.47769 MB / 857.112MB
stored = 1312 elements
calls  = 1435
hits   = 116 (8%)
--------------------
nodes left = 1980
steps left = 10
using 0.158828s out of 18s left
median imbalance = 0.486819
depth=1 : removed 0/45
depth=2 : removed 24/48
nodes left = 1956
steps left = 10
using 0.157427s out of 17.8412s left
----MOST-BALANCED-MOVES----
CIRCLE (0, 2) Q=64.4% : H=1 : Visit=1 : 44
CROSS  (0, 1) Q=35.5% : H=1 : Visit=1 : 38
---------------------------
median imbalance = 0.467954
depth=1 : removed 0/45
depth=2 : removed 36/72
nodes left = 1920
steps left = 10
using 0.156038s out of 17.6837s left
----MOST-BALANCED-MOVES----
CIRCLE (0, 2) Q=67.9% : H=1 : Visit=2 : 44
CROSS  (0, 1) Q=35.5% : H=1 : Visit=1 : 38
---------------------------
median imbalance = 0.444205
depth=1 : removed 0/45
depth=2 : removed 42/84
nodes left = 1878
steps left = 10
using 0.154661s out of 17.5277s left
----MOST-BALANCED-MOVES----
CIRCLE (0, 1) Q=61.7% : H=1 : Visit=3 : 44
CROSS  (1, 1) Q=47.9% : H=1 : Visit=1 : 31
---------------------------
median imbalance = 0.425774
depth=1 : removed 0/45
depth=2 : removed 53/106
nodes left = 1825
steps left = 10
using 0.153296s out of 17.373s left
----MOST-BALANCED-MOVES----
CIRCLE (0, 2) Q=61.2% : H=1 : Visit=4 : 44
CROSS  (1, 2) Q=51.6% : H=1 : Visit=1 : 38
---------------------------
median imbalance = 0.369854
depth=1 : removed 0/45
depth=2 : removed 51/101
nodes left = 1774
steps left = 10
using 0.151943s out of 17.2198s left
----MOST-BALANCED-MOVES----
CIRCLE (0, 2) Q=61.4% : H=1 : Visit=5 : 44
CROSS  (1, 2) Q=51.6% : H=1 : Visit=1 : 38
---------------------------
median imbalance = 0.308733
depth=1 : removed 0/45
depth=2 : removed 49/98
nodes left = 1725
steps left = 10
using 0.150603s out of 17.0678s left
----MOST-BALANCED-MOVES----
CIRCLE (2, 0) Q=66.2% : H=1 : Visit=6 : 44
CROSS  (2, 1) Q=51.3% : H=1 : Visit=1 : 34
---------------------------
median imbalance = 0.233818
depth=1 : removed 0/45
depth=2 : removed 49/97
nodes left = 1676
steps left = 10
using 0.149274s out of 16.9172s left
----MOST-BALANCED-MOVES----
CIRCLE (2, 0) Q=62% : H=1 : Visit=7 : 44
CROSS  (2, 1) Q=51.3% : H=1 : Visit=1 : 34
---------------------------
median imbalance = 0.182557
depth=1 : removed 0/45
depth=2 : removed 48/96
nodes left = 1628
steps left = 10
using 0.147957s out of 16.7679s left
----MOST-BALANCED-MOVES----
CIRCLE (2, 0) Q=57.3% : H=1 : Visit=8 : 44
CROSS  (2, 1) Q=51.3% : H=1 : Visit=1 : 34
---------------------------
median imbalance = 0.155311
depth=1 : removed 0/45
depth=2 : removed 48/96
nodes left = 1580
steps left = 10
using 0.146651s out of 16.62s left
----MOST-BALANCED-MOVES----
CIRCLE (2, 0) Q=58.1% : H=1 : Visit=9 : 44
CROSS  (2, 1) Q=51.3% : H=1 : Visit=1 : 34
---------------------------
median imbalance = 0.148459
depth=1 : removed 0/45
depth=2 : removed 49/97
nodes left = 1531
steps left = 10
using 0.145357s out of 16.4733s left
----MOST-BALANCED-MOVES----
CIRCLE (2, 0) Q=55.1% : H=1 : Visit=10 : 44
CROSS  (2, 1) Q=51.3% : H=1 : Visit=1 : 34
---------------------------
median imbalance = 0.12987
depth=1 : removed 0/45
depth=2 : removed 48/96
nodes left = 1483
steps left = 10
using 0.144074s out of 16.328s left
----MOST-BALANCED-MOVES----
CIRCLE (2, 0) Q=51.8% : H=1 : Visit=11 : 44
CROSS  (2, 1) Q=51.3% : H=1 : Visit=1 : 34
---------------------------
median imbalance = 0.1528
depth=1 : removed 0/45
depth=2 : removed 57/113
nodes left = 1426
steps left = 10
using 0.142803s out of 16.1839s left
----MOST-BALANCED-MOVES----
CIRCLE (9, 1) Q=75.5% : H=1 : Visit=13 : 44
CROSS  (3, 3) Q=50.5% : H=1 : Visit=1 : 36
---------------------------
median imbalance = 0.122234
depth=1 : removed 0/45
depth=2 : removed 62/124
nodes left = 1364
steps left = 10
using 0.141543s out of 16.0411s left
----MOST-BALANCED-MOVES----
CIRCLE (2, 2) Q=82.7% : H=1 : Visit=15 : 44
CROSS  (4, 3) Q=50.1% : H=1 : Visit=1 : 28
---------------------------
median imbalance = 0.122108
depth=1 : removed 0/45
depth=2 : removed 71/142
nodes left = 1293
steps left = 10
using 0.140294s out of 15.8995s left
----MOST-BALANCED-MOVES----
CIRCLE (2, 2) Q=83.1% : H=1 : Visit=17 : 44
CROSS  (4, 3) Q=50.1% : H=1 : Visit=1 : 28
---------------------------
median imbalance = 0.0874202
depth=1 : removed 0/45
depth=2 : removed 68/136
nodes left = 1225
steps left = 10
using 0.139056s out of 15.7593s left
----MOST-BALANCED-MOVES----
CIRCLE (2, 2) Q=81.9% : H=1 : Visit=18 : 44
CROSS  (4, 3) Q=50.1% : H=1 : Visit=1 : 28
---------------------------
median imbalance = 0.074424
depth=1 : removed 0/45
depth=2 : removed 66/132
nodes left = 1159
steps left = 10
using 0.137829s out of 15.6202s left
----MOST-BALANCED-MOVES----
CIRCLE (2, 2) Q=81.2% : H=1 : Visit=20 : 44
CROSS  (4, 3) Q=50.1% : H=1 : Visit=1 : 28
---------------------------
median imbalance = 0.0691738
depth=1 : removed 0/45
depth=2 : removed 67/134
nodes left = 1092
steps left = 10
using 0.136613s out of 15.4824s left
----MOST-BALANCED-MOVES----
CIRCLE (2, 2) Q=80.3% : H=1 : Visit=21 : 44
CROSS  (4, 3) Q=50.1% : H=1 : Visit=1 : 28
---------------------------
median imbalance = 0.0744058
depth=1 : removed 0/45
depth=2 : removed 77/153
nodes left = 1015
steps left = 9
using 0.20492s out of 15.3458s left
----MOST-BALANCED-MOVES----
CIRCLE (1, 2) Q=64.5% : H=0.999 : Visit=22 : 44
CROSS  (6, 2) Q=50.1% : H=1 : Visit=1 : 26
---------------------------
median imbalance = 0.0675759
depth=1 : removed 0/45
depth=2 : removed 91/182
nodes left = 924
steps left = 9
using 0.202183s out of 15.1408s left
----MOST-BALANCED-MOVES----
CIRCLE (1, 2) Q=62.6% : H=1 : Visit=24 : 44
CROSS  (6, 2) Q=50.1% : H=1 : Visit=1 : 26
---------------------------
median imbalance = 0.0770216
depth=1 : removed 0/45
depth=2 : removed 106/211
nodes left = 818
steps left = 9
using 0.199483s out of 14.9387s left
----MOST-BALANCED-MOVES----
CIRCLE (1, 2) Q=61.3% : H=0.999 : Visit=26 : 44
CROSS  (6, 2) Q=50.1% : H=1 : Visit=1 : 26
---------------------------
median imbalance = 0.0586334
depth=1 : removed 0/45
depth=2 : removed 96/191
nodes left = 722
steps left = 9
using 0.19682s out of 14.7392s left
----MOST-BALANCED-MOVES----
CIRCLE (1, 2) Q=58.8% : H=0.999 : Visit=28 : 44
CROSS  (6, 2) Q=50.1% : H=1 : Visit=1 : 26
---------------------------
median imbalance = 0.0532775
depth=1 : removed 0/45
depth=2 : removed 92/183
nodes left = 630
steps left = 9
using 0.194191s out of 14.5423s left
----MOST-BALANCED-MOVES----
CIRCLE (1, 2) Q=57.7% : H=0.999 : Visit=30 : 44
CROSS  (6, 2) Q=50.1% : H=1 : Visit=1 : 26
---------------------------
median imbalance = 0.045479
depth=1 : removed 0/45
depth=2 : removed 78/156
nodes left = 552
steps left = 9
using 0.191598s out of 14.3482s left
----MOST-BALANCED-MOVES----
CIRCLE (1, 2) Q=57.1% : H=1 : Visit=31 : 44
CROSS  (6, 2) Q=50.1% : H=1 : Visit=1 : 26
---------------------------
median imbalance = 0.040962
depth=1 : removed 0/45
depth=2 : removed 73/145
nodes left = 479
steps left = 8
using 0.287397s out of 14.1566s left
----MOST-BALANCED-MOVES----
CIRCLE (1, 2) Q=55.8% : H=1 : Visit=32 : 44
CROSS  (6, 2) Q=50.1% : H=1 : Visit=1 : 26
---------------------------
median imbalance = 0.0959702
depth=1 : removed 6/45
depth=2 : removed 82/164
nodes left = 397
steps left = 8
using 0.281563s out of 13.8692s left
----MOST-BALANCED-MOVES----
CIRCLE (1, 2) Q=54% : H=0.999 : Visit=34 : 44
CROSS  (6, 2) Q=50.1% : H=1 : Visit=1 : 26
---------------------------
median imbalance = 0.0698568
depth=1 : removed 10/45
depth=2 : removed 84/168
nodes left = 313
steps left = 8
using 0.275847s out of 13.5876s left
----MOST-BALANCED-MOVES----
CIRCLE (1, 2) Q=53.9% : H=1 : Visit=37 : 44
CROSS  (6, 2) Q=50.1% : H=1 : Visit=1 : 26
---------------------------
median imbalance = 0.0591547
depth=1 : removed 12/45
depth=2 : removed 79/157
nodes left = 234
steps left = 7
using 0.41377s out of 13.3118s left
----MOST-BALANCED-MOVES----
CIRCLE (1, 2) Q=53.8% : H=1 : Visit=39 : 44
CROSS  (6, 2) Q=50.1% : H=1 : Visit=1 : 26
---------------------------
median imbalance = 0.162876
depth=1 : removed 12/45
depth=2 : removed 86/171
nodes left = 148
steps left = 7
using 0.400909s out of 12.898s left
----MOST-BALANCED-MOVES----
CIRCLE (1, 2) Q=56.2% : H=1 : Visit=47 : 44
CROSS  (6, 2) Q=50.1% : H=1 : Visit=1 : 26
---------------------------
median imbalance = 0.087466
depth=1 : removed 14/45
depth=2 : removed 58/116
nodes left = 90
steps left = 6
using 0.601363s out of 12.4971s left
----MOST-BALANCED-MOVES----
CIRCLE (6, 0) Q=26% : H=1 : Visit=41 : 44
CROSS  (5, 0) Q=50.3% : H=1 : Visit=1 : 31
---------------------------
median imbalance = 0.108534
depth=1 : removed 19/45
depth=2 : removed 45/90
nodes left = 45
steps left = 5
using 0.902044s out of 11.8957s left
----MOST-BALANCED-MOVES----
CIRCLE (1, 1) Q=47% : H=0.999 : Visit=54 : 44
CROSS  (10, 5) Q=50.2% : H=1 : Visit=3 : 29
---------------------------
median imbalance = 0.0774027
depth=1 : removed 30/45
depth=2 : removed 22/45
nodes left = 23
steps left = 4
using 1.35307s out of 10.9937s left
----MOST-BALANCED-MOVES----
CIRCLE (1, 1) Q=48.4% : H=0.999 : Visit=64 : 44
CROSS  (10, 5) Q=50% : H=1 : Visit=7 : 29
---------------------------
median imbalance = 0.0416972
depth=1 : removed 37/45
depth=2 : removed 12/23
nodes left = 11
steps left = 3
using 2.0296s out of 9.6406s left
----MOST-BALANCED-MOVES----
CIRCLE (10, 3) Q=50.7% : H=1 : Visit=96 : 44
CROSS  (10, 2) Q=50.2% : H=1 : Visit=50 : 34
---------------------------
median imbalance = 0.0145731
depth=1 : removed 40/45
depth=2 : removed 5/11
nodes left = 6
steps left = 2
using 3.0444s out of 7.611s left
----MOST-BALANCED-MOVES----
CIRCLE (9, 4) Q=51.2% : H=1 : Visit=202 : 44
CROSS  (10, 2) Q=50.1% : H=1 : Visit=127 : 29
---------------------------
median imbalance = 0.0430904
depth=1 : removed 41/45
depth=2 : removed 2/6
nodes left = 4
steps left = 2
using 1.82664s out of 4.5666s left
----MOST-BALANCED-MOVES----
CIRCLE (9, 4) Q=49.9% : H=1 : Visit=398 : 44
CROSS  (10, 2) Q=50.9% : H=0.999 : Visit=323 : 29
---------------------------
median imbalance = 0.0319234
depth=1 : removed 42/45
depth=2 : removed 1/4
nodes left = 3
steps left = 1
using 2.73996s out of 2.73996s left
----MOST-BALANCED-MOVES----
CIRCLE (8, 2) Q=53.3% : H=1 : Visit=702 : 44
CROSS  (10, 4) Q=47.3% : H=1 : Visit=565 : 24
---------------------------
median imbalance = 0.0327532
depth=1 : removed 43/45
depth=2 : removed 1/3
nodes left = 2
steps left = 1
using 0s out of 0s left
----MOST-BALANCED-MOVES----
CIRCLE (8, 2) Q=51.4% : H=1 : Visit=1034 : 44
CROSS  (10, 4) Q=49.2% : H=1 : Visit=897 : 24
---------------------------
median imbalance = 0.0325895
depth=1 : removed 43/45
depth=2 : removed 0/2
nodes left = 2
steps left = 1
using 0s out of 0s left
----MOST-BALANCED-MOVES----
CIRCLE (8, 2) Q=51.4% : H=1 : Visit=1045 : 44
CROSS  (10, 4) Q=49.3% : H=1 : Visit=908 : 24
---------------------------
median imbalance = 0.0316776
depth=1 : removed 44/45
depth=2 : removed 1/2
Answered : MESSAGE depth 1-19 ev 53.8 n 7061 n/s 279 tm 25230 pv Oi2 Xk4 Oh4 Xg3 Oh3 Xh2 Og4 Xf5 Of4 Xe4 Oj4 Xi4 Og6 Xh6 Oj7 Xd5 Oe5 Xc6 Ob7
Overall 45 children
sum of visits = 1100
BEST
CIRCLE (8, 2) Q=51.2% : H=1 : Visit=1056 : 44
CIRCLE (10, 3) Q=0% : H=0 : Visit=1 : 44
CIRCLE (9, 1) Q=0% : H=0 : Visit=1 : 44
CIRCLE (6, 4) Q=0% : H=0 : Visit=1 : 44
CIRCLE (7, 4) Q=0% : H=0 : Visit=1 : 44
CIRCLE (6, 3) Q=0% : H=0 : Visit=1 : 44
CIRCLE (10, 1) Q=0% : H=0 : Visit=1 : 44
CIRCLE (5, 3) Q=0% : H=0 : Visit=1 : 44
CIRCLE (2, 1) Q=0% : H=0 : Visit=1 : 44
CIRCLE (9, 5) Q=0% : H=0 : Visit=1 : 44
WORST
CIRCLE (2, 3) Q=0% : H=0 : Visit=1 : 44
CIRCLE (6, 1) Q=0% : H=0 : Visit=1 : 44
CIRCLE (5, 0) Q=0% : H=0 : Visit=1 : 44
CIRCLE (8, 1) Q=0% : H=0 : Visit=1 : 44
CIRCLE (6, 2) Q=0% : H=0 : Visit=1 : 44
CIRCLE (7, 1) Q=0% : H=0 : Visit=1 : 44
CIRCLE (3, 2) Q=0% : H=0 : Visit=1 : 44
CIRCLE (8, 4) Q=0% : H=0 : Visit=1 : 44
CIRCLE (9, 4) Q=0% : H=0 : Visit=1 : 44
CIRCLE (7, 2) Q=0% : H=0 : Visit=1 : 44
  X   _   _   _   _   _   _   _   _   _   _   _   _   _   _ 
  _   _   _   _   _   _   _   _   _   _   _   _   _   _   _ 
  _   _   _   _   _   _   _   _   _   _   _   _   _   _   _ 
  _   _   _   _   _   _   _   _   _   _   _   _   _   _   _ 
  _   O   _   _   _   _   _   _   _   _   _   _   _   _   _ 
  _   _   _   _   _   _   _   _   _   _   _   _   _   _   _ 
  _   _   _   _   _   _   _   _   _   _   _   _   _   _   _ 
  _   _   _   _   _   _   _   _   _   _   _   _   _   _   _ 
  _   _  960  X   _   _   _   _   _   _   _   _   _   _   _ 
  _   _   _   _   _   _   _   _   _   _   _   _   _   _   _ 
  _   _   _   _   _   _   _   _   _   _   _   _   _   _   _ 
  _   _   _   _   _   _   _   _   _   _   _   _   _   _   _ 
  _   _   _   _   _   _   _   _   _   _   _   _   _   _   _ 
  _   _   _   _   _   _   _   _   _   _   _   _   _   _   _ 
  _   _   _   _   _   _   _   _   _   _   _   _   _   _   _ 

nodes used 192k / 42M (0.4%)
memory = 1285.67 MB
0 : CROSS  (-1, -1) Q=46.1% : H=1 : Visit=6984 : 45
1 : CIRCLE (8, 2) Q=51.2% : H=1 : Visit=1056 : 44
2 : CROSS  (10, 4) Q=49.4% : H=1 : Visit=919 : 24
3 : CIRCLE (7, 4) Q=53.3% : H=0.3 : Visit=789 : 28
4 : CROSS  (6, 3) Q=49.5% : H=0.339 : Visit=649 : 25
5 : CIRCLE (7, 3) Q=52.3% : H=0.318 : Visit=339 : 15
6 : CROSS  (7, 2) Q=53.1% : H=0.144 : Visit=247 : 26
7 : CIRCLE (6, 4) Q=47.9% : H=0.645 : Visit=185 : 7
8 : CROSS  (5, 5) Q=52.4% : H=0.986 : Visit=183 : 27
9 : CIRCLE (5, 4) Q=48.1% : H=0.75 : Visit=149 : 6
10 : CROSS  (4, 4) Q=53.6% : H=0.775 : Visit=136 : 37
11 : CIRCLE (9, 4) Q=47.9% : H=0.415 : Visit=66 : 1
12 : CROSS  (8, 4) Q=52% : H=0.999 : Visit=66 : 35
13 : CIRCLE (6, 6) Q=44.9% : H=0.649 : Visit=36 : 33
14 : CROSS  (7, 6) Q=56.8% : H=0.693 : Visit=28 : 61
15 : CIRCLE (9, 7) Q=46.1% : H=0.227 : Visit=9 : 39
16 : CROSS  (3, 5) Q=62% : H=0.166 : Visit=3 : 49
17 : CIRCLE (4, 5) Q=36.7% : H=0.255 : Visit=2 : 42
18 : CROSS  (2, 6) Q=75.9% : H=0.192 : Visit=1 : 25
19 : CIRCLE (1, 7) Q=0% : H=0.397 : Visit=0 : 0
Total 19 moves ahead
----NNCACHE-INFO----
memory = 8.99229 MB / 857.112MB
stored = 7984 elements
calls  = 8496
hits   = 419 (4.9%)
--------------------
----MOST-BALANCED-MOVES----
CIRCLE (8, 2) Q=51.2% : H=1 : Visit=1056 : 44
CROSS  (10, 4) Q=49.4% : H=1 : Visit=919 : 24
---------------------------
Answered : 2,8 4,10
Got : END
