Compiled on Apr 23 2020 at 02:42:48
Launched in Engine\
Answered : MESSAGE Detected following devices : CPU : GenuineIntel : 4 x AVX with 4043MB of memory
Answered : MESSAGE Using : CPU : GenuineIntel : 4 x AVX with 4043MB of memory
Got : START 15
Answered : OK
Got : INFO max_memory 2306867200
Got : INFO timeout_match 60000
Got : INFO timeout_turn 60000
Got : INFO game_type 1
Got : INFO rule 1
Got : INFO time_left 60000
Got : SWAP2BOARD
Got : 7,7
Got : 7,8
Got : 7,3
Got : DONE
Answered : MESSAGE depth 1-11 ev 51.6 n 650 n/s 425 tm 1528 pv Oi8 Xi9 Oj8 Xh8 Oh6 Xk9 Oi6 Xi5 Oj6 Xk6 Od8
Overall 222 children
sum of visits = 616
BEST
CIRCLE (8, 8) Q=53.9% : H=0.317 : Visit=215 : 32
CIRCLE (8, 6) Q=53.7% : H=0.181 : Visit=124 : 32
CIRCLE (9, 8) Q=54.6% : H=0.066 : Visit=116 : 34
CIRCLE (9, 6) Q=52.9% : H=0.107 : Visit=97 : 32
CIRCLE (6, 6) Q=35.9% : H=0.093 : Visit=12 : 35
CIRCLE (7, 8) Q=36% : H=0.077 : Visit=11 : 31
CIRCLE (8, 9) Q=47% : H=0.028 : Visit=10 : 35
CIRCLE (6, 8) Q=29.6% : H=0.059 : Visit=7 : 31
CIRCLE (8, 5) Q=49.6% : H=0.014 : Visit=6 : 36
CIRCLE (7, 6) Q=36.1% : H=0.021 : Visit=4 : 31
WORST
CIRCLE (11, 5) Q=0% : H=0 : Visit=0 : 0
CIRCLE (11, 6) Q=0% : H=0 : Visit=0 : 0
CIRCLE (4, 5) Q=0% : H=0 : Visit=0 : 0
CIRCLE (7, 11) Q=0% : H=0 : Visit=0 : 0
CIRCLE (7, 3) Q=0% : H=0 : Visit=0 : 0
CIRCLE (8, 11) Q=0% : H=0 : Visit=0 : 0
CIRCLE (4, 9) Q=0% : H=0 : Visit=0 : 0
CIRCLE (11, 8) Q=0% : H=0 : Visit=0 : 0
CIRCLE (11, 9) Q=0% : H=0 : Visit=0 : 0
CIRCLE (5, 10) Q=0% : H=0 : Visit=0 : 0
  _   _   _   _   _   _   _   _   _   _   _   _   _   _   _ 
  _   _   _   _   _   _   _   _   _   _   _   _   _   _   _ 
  _   _   _   _   _   _   _   _   _   _   _   _   _   _   _ 
  _   _   _   _   _   _   _   X   _   _   _   _   _   _   _ 
  _   _   _   _   _   _   _   _   _   _   _   _   _   _   _ 
  _   _   _   _   _   _   _   _    1  _   _   _   _   _   _ 
  _   _   _   _   _    1  19   1  11   1  _   _   _   _   _ 
  _   _   _   _   _    1   6  X   17   1  _   _   _   _   _ 
  _   _   _   _   _    9 201  O  349  16  _   _   _   _   _ 
  _   _   _   _   _    1 157   1 188   1   1  _   _   _   _ 
  _   _   _   _   _    1   1   1   1  _   _   _   _   _   _ 
  _   _   _   _   _   _   _   _   _   _   _   _   _   _   _ 
  _   _   _   _   _   _   _   _   _   _   _   _   _   _   _ 
  _   _   _   _   _   _   _   _   _   _   _   _   _   _   _ 
  _   _   _   _   _   _   _   _   _   _   _   _   _   _   _ 

nodes used 15k / 42M (0%)
memory = 1285.67 MB
0 : CROSS  (-1, -1) Q=48.3% : H=1 : Visit=617 : 222
1 : CIRCLE (8, 8) Q=53.9% : H=0.317 : Visit=215 : 32
2 : CROSS  (8, 9) Q=48.8% : H=0.663 : Visit=182 : 29
3 : CIRCLE (9, 8) Q=53.8% : H=0.341 : Visit=81 : 21
4 : CROSS  (7, 8) Q=48.8% : H=0.732 : Visit=74 : 14
5 : CIRCLE (7, 6) Q=52.9% : H=0.803 : Visit=67 : 8
6 : CROSS  (10, 9) Q=45.6% : H=0.774 : Visit=49 : 21
7 : CIRCLE (8, 6) Q=68.3% : H=0.128 : Visit=23 : 28
8 : CROSS  (8, 5) Q=42% : H=0.157 : Visit=7 : 23
9 : CIRCLE (9, 6) Q=68.3% : H=0.175 : Visit=2 : 16
10 : CROSS  (10, 6) Q=48.6% : H=0.905 : Visit=1 : 26
11 : CIRCLE (3, 8) Q=0% : H=0 : Visit=0 : 0
Total 11 moves ahead
----NNCACHE-INFO----
memory = 0.702805 MB / 857.112MB
stored = 624 elements
calls  = 650
hits   = 8 (1.2%)
--------------------
nodes left = 2162
steps left = 11
using 0.0526331s out of 9s left
median imbalance = 0.451054
depth=1 : removed 0/47
depth=2 : removed 24/48
nodes left = 2138
steps left = 11
using 0.0523253s out of 8.94737s left
----MOST-BALANCED-MOVES----
CIRCLE (4, 9) Q=48.1% : H=1 : Visit=1 : 46
CROSS  (1, 5) Q=51.8% : H=1 : Visit=1 : 32
---------------------------
median imbalance = 0.434947
depth=1 : removed 0/47
depth=2 : removed 28/56
nodes left = 2110
steps left = 11
using 0.0520193s out of 8.89504s left
----MOST-BALANCED-MOVES----
CIRCLE (4, 9) Q=60.9% : H=1 : Visit=2 : 46
CROSS  (1, 5) Q=51.8% : H=1 : Visit=1 : 32
---------------------------
median imbalance = 0.380301
depth=1 : removed 0/47
depth=2 : removed 38/76
nodes left = 2072
steps left = 11
using 0.0517151s out of 8.84302s left
----MOST-BALANCED-MOVES----
CIRCLE (4, 5) Q=36.2% : H=1 : Visit=3 : 46
CROSS  (1, 6) Q=51.6% : H=1 : Visit=1 : 40
---------------------------
median imbalance = 0.346488
depth=1 : removed 0/47
depth=2 : removed 43/86
nodes left = 2029
steps left = 10
using 0.0775726s out of 8.79131s left
----MOST-BALANCED-MOVES----
CIRCLE (4, 5) Q=46.5% : H=1 : Visit=4 : 46
CROSS  (1, 6) Q=51.6% : H=1 : Visit=1 : 40
---------------------------
median imbalance = 0.297713
depth=1 : removed 0/47
depth=2 : removed 46/91
nodes left = 1983
steps left = 10
using 0.0768881s out of 8.71373s left
----MOST-BALANCED-MOVES----
CIRCLE (4, 9) Q=53.2% : H=1 : Visit=5 : 46
CROSS  (1, 9) Q=49.9% : H=1 : Visit=1 : 30
---------------------------
median imbalance = 0.275134
depth=1 : removed 0/47
depth=2 : removed 47/93
nodes left = 1936
steps left = 10
using 0.0762097s out of 8.63685s left
----MOST-BALANCED-MOVES----
CIRCLE (4, 9) Q=54.5% : H=1 : Visit=6 : 46
CROSS  (1, 9) Q=49.9% : H=1 : Visit=1 : 30
---------------------------
median imbalance = 0.256061
depth=1 : removed 0/47
depth=2 : removed 47/94
nodes left = 1889
steps left = 10
using 0.0755372s out of 8.56064s left
----MOST-BALANCED-MOVES----
CIRCLE (4, 9) Q=54.5% : H=1 : Visit=6 : 46
CROSS  (1, 9) Q=49.9% : H=1 : Visit=1 : 30
---------------------------
median imbalance = 0.237352
depth=1 : removed 0/47
depth=2 : removed 48/95
nodes left = 1841
steps left = 10
using 0.0748707s out of 8.4851s left
----MOST-BALANCED-MOVES----
CIRCLE (4, 9) Q=48.6% : H=1 : Visit=7 : 46
CROSS  (1, 9) Q=49.9% : H=1 : Visit=1 : 30
---------------------------
median imbalance = 0.226249
depth=1 : removed 0/47
depth=2 : removed 48/95
nodes left = 1793
steps left = 10
using 0.07421s out of 8.41023s left
----MOST-BALANCED-MOVES----
CIRCLE (4, 9) Q=44.8% : H=1 : Visit=8 : 46
CROSS  (1, 9) Q=49.9% : H=1 : Visit=1 : 30
---------------------------
median imbalance = 0.205124
depth=1 : removed 0/47
depth=2 : removed 48/95
nodes left = 1745
steps left = 10
using 0.0735552s out of 8.33602s left
----MOST-BALANCED-MOVES----
CIRCLE (4, 9) Q=40.4% : H=1 : Visit=9 : 46
CROSS  (1, 9) Q=49.9% : H=1 : Visit=1 : 30
---------------------------
median imbalance = 0.158915
depth=1 : removed 0/47
depth=2 : removed 48/95
nodes left = 1697
steps left = 10
using 0.0729062s out of 8.26246s left
----MOST-BALANCED-MOVES----
CIRCLE (4, 9) Q=39.6% : H=1 : Visit=10 : 46
CROSS  (1, 9) Q=49.9% : H=1 : Visit=1 : 30
---------------------------
median imbalance = 0.150309
depth=1 : removed 0/47
depth=2 : removed 48/95
nodes left = 1649
steps left = 10
using 0.0722629s out of 8.18956s left
----MOST-BALANCED-MOVES----
CIRCLE (4, 9) Q=36.4% : H=1 : Visit=11 : 46
CROSS  (1, 9) Q=49.9% : H=1 : Visit=1 : 30
---------------------------
median imbalance = 0.149822
depth=1 : removed 0/47
depth=2 : removed 48/95
nodes left = 1601
steps left = 10
using 0.0716252s out of 8.11729s left
----MOST-BALANCED-MOVES----
CIRCLE (4, 9) Q=34% : H=1 : Visit=12 : 46
CROSS  (1, 9) Q=49.9% : H=1 : Visit=1 : 30
---------------------------
median imbalance = 0.115038
depth=1 : removed 0/47
depth=2 : removed 50/99
nodes left = 1551
steps left = 10
using 0.0709932s out of 8.04567s left
----MOST-BALANCED-MOVES----
CIRCLE (4, 9) Q=34% : H=1 : Visit=12 : 46
CROSS  (1, 9) Q=49.9% : H=1 : Visit=1 : 30
---------------------------
median imbalance = 0.108075
depth=1 : removed 0/47
depth=2 : removed 50/99
nodes left = 1501
steps left = 10
using 0.0703668s out of 7.97468s left
----MOST-BALANCED-MOVES----
CIRCLE (4, 9) Q=31.6% : H=1 : Visit=13 : 46
CROSS  (1, 9) Q=49.9% : H=1 : Visit=1 : 30
---------------------------
median imbalance = 0.135015
depth=1 : removed 0/47
depth=2 : removed 60/119
nodes left = 1441
steps left = 10
using 0.0697459s out of 7.90431s left
----MOST-BALANCED-MOVES----
CIRCLE (4, 9) Q=29.5% : H=1 : Visit=15 : 46
CROSS  (1, 9) Q=49.9% : H=1 : Visit=1 : 30
---------------------------
median imbalance = 0.105159
depth=1 : removed 0/47
depth=2 : removed 55/110
nodes left = 1386
steps left = 10
using 0.0691305s out of 7.83456s left
----MOST-BALANCED-MOVES----
CIRCLE (4, 9) Q=29.5% : H=1 : Visit=15 : 46
CROSS  (1, 9) Q=49.9% : H=1 : Visit=1 : 30
---------------------------
median imbalance = 0.0902615
depth=1 : removed 0/47
depth=2 : removed 52/104
nodes left = 1334
steps left = 10
using 0.0685205s out of 7.76543s left
----MOST-BALANCED-MOVES----
CIRCLE (4, 9) Q=27.8% : H=0.999 : Visit=16 : 46
CROSS  (1, 9) Q=49.9% : H=1 : Visit=1 : 30
---------------------------
median imbalance = 0.0752302
depth=1 : removed 0/47
depth=2 : removed 53/106
nodes left = 1281
steps left = 10
using 0.0679159s out of 7.69691s left
----MOST-BALANCED-MOVES----
CIRCLE (4, 9) Q=26.2% : H=1 : Visit=17 : 46
CROSS  (1, 9) Q=49.9% : H=1 : Visit=1 : 30
---------------------------
median imbalance = 0.0714414
depth=1 : removed 0/47
depth=2 : removed 54/107
nodes left = 1227
steps left = 10
using 0.0673166s out of 7.629s left
----MOST-BALANCED-MOVES----
CIRCLE (4, 9) Q=24.9% : H=1 : Visit=18 : 46
CROSS  (1, 9) Q=49.9% : H=1 : Visit=1 : 30
---------------------------
median imbalance = 0.0656019
depth=1 : removed 0/47
depth=2 : removed 54/107
nodes left = 1173
steps left = 10
using 0.0667226s out of 7.56168s left
----MOST-BALANCED-MOVES----
CIRCLE (4, 9) Q=23.7% : H=1 : Visit=19 : 46
CROSS  (1, 9) Q=49.9% : H=1 : Visit=1 : 30
---------------------------
median imbalance = 0.0574249
depth=1 : removed 0/47
depth=2 : removed 52/103
nodes left = 1121
steps left = 10
using 0.0661339s out of 7.49496s left
----MOST-BALANCED-MOVES----
CIRCLE (4, 9) Q=22.8% : H=1 : Visit=20 : 46
CROSS  (1, 9) Q=49.9% : H=1 : Visit=1 : 30
---------------------------
median imbalance = 0.0552376
depth=1 : removed 0/47
depth=2 : removed 53/103
nodes left = 1068
steps left = 10
using 0.0655503s out of 7.42882s left
----MOST-BALANCED-MOVES----
CIRCLE (4, 9) Q=21.9% : H=1 : Visit=21 : 46
CROSS  (1, 9) Q=49.9% : H=1 : Visit=1 : 30
---------------------------
median imbalance = 0.05466
depth=1 : removed 0/47
depth=2 : removed 50/99
nodes left = 1018
steps left = 9
using 0.0983255s out of 7.36327s left
----MOST-BALANCED-MOVES----
CIRCLE (4, 9) Q=21.9% : H=1 : Visit=21 : 46
CROSS  (1, 9) Q=49.9% : H=1 : Visit=1 : 30
---------------------------
median imbalance = 0.173519
depth=1 : removed 0/47
depth=2 : removed 59/118
nodes left = 959
steps left = 9
using 0.0970125s out of 7.26495s left
----MOST-BALANCED-MOVES----
CIRCLE (4, 9) Q=20.3% : H=1 : Visit=23 : 46
CROSS  (1, 9) Q=49.9% : H=1 : Visit=1 : 30
---------------------------
median imbalance = 0.0771452
depth=1 : removed 0/47
depth=2 : removed 56/111
nodes left = 903
steps left = 9
using 0.095717s out of 7.16794s left
----MOST-BALANCED-MOVES----
CIRCLE (4, 9) Q=20.3% : H=1 : Visit=23 : 46
CROSS  (1, 9) Q=49.9% : H=1 : Visit=1 : 30
---------------------------
median imbalance = 0.0501679
depth=1 : removed 0/47
depth=2 : removed 52/104
nodes left = 851
steps left = 9
using 0.0944389s out of 7.07222s left
----MOST-BALANCED-MOVES----
CIRCLE (4, 9) Q=20.1% : H=1 : Visit=24 : 46
CROSS  (1, 9) Q=49.9% : H=1 : Visit=1 : 30
---------------------------
median imbalance = 0.0468671
depth=1 : removed 0/47
depth=2 : removed 51/102
nodes left = 800
steps left = 9
using 0.0931778s out of 6.97778s left
----MOST-BALANCED-MOVES----
CIRCLE (4, 9) Q=19.3% : H=1 : Visit=25 : 46
CROSS  (1, 9) Q=49.9% : H=1 : Visit=1 : 30
---------------------------
median imbalance = 0.0435873
depth=1 : removed 0/47
depth=2 : removed 50/99
nodes left = 750
steps left = 9
using 0.0919335s out of 6.8846s left
----MOST-BALANCED-MOVES----
CIRCLE (4, 9) Q=18.7% : H=0.999 : Visit=26 : 46
CROSS  (1, 9) Q=49.9% : H=1 : Visit=1 : 30
---------------------------
median imbalance = 0.0428616
depth=1 : removed 0/47
depth=2 : removed 49/97
nodes left = 701
steps left = 9
using 0.0907059s out of 6.79267s left
----MOST-BALANCED-MOVES----
CIRCLE (4, 9) Q=18.7% : H=0.999 : Visit=26 : 46
CROSS  (1, 9) Q=49.9% : H=1 : Visit=1 : 30
---------------------------
median imbalance = 0.0410512
depth=1 : removed 0/47
depth=2 : removed 48/96
nodes left = 653
steps left = 9
using 0.0894947s out of 6.70196s left
----MOST-BALANCED-MOVES----
CIRCLE (4, 9) Q=18.1% : H=1 : Visit=27 : 46
CROSS  (1, 9) Q=49.9% : H=1 : Visit=1 : 30
---------------------------
median imbalance = 0.0349681
depth=1 : removed 1/47
depth=2 : removed 40/80
nodes left = 613
steps left = 9
using 0.0882996s out of 6.61247s left
----MOST-BALANCED-MOVES----
CIRCLE (4, 9) Q=17.5% : H=0.999 : Visit=28 : 46
CROSS  (1, 9) Q=49.9% : H=1 : Visit=1 : 30
---------------------------
median imbalance = 0.182591
depth=1 : removed 4/47
depth=2 : removed 43/86
nodes left = 570
steps left = 9
using 0.0871205s out of 6.52417s left
----MOST-BALANCED-MOVES----
CIRCLE (4, 9) Q=17.5% : H=0.999 : Visit=28 : 46
CROSS  (1, 9) Q=49.9% : H=1 : Visit=1 : 30
---------------------------
median imbalance = 0.0995824
depth=1 : removed 5/47
depth=2 : removed 45/89
nodes left = 525
steps left = 9
using 0.0859571s out of 6.43705s left
----MOST-BALANCED-MOVES----
CIRCLE (4, 9) Q=17.2% : H=0.999 : Visit=29 : 46
CROSS  (1, 9) Q=49.9% : H=1 : Visit=1 : 30
---------------------------
median imbalance = 0.0995824
depth=1 : removed 7/47
depth=2 : removed 43/86
nodes left = 482
steps left = 8
using 0.128936s out of 6.35109s left
----MOST-BALANCED-MOVES----
CIRCLE (4, 9) Q=16.7% : H=0.999 : Visit=30 : 46
CROSS  (1, 9) Q=49.9% : H=1 : Visit=1 : 30
---------------------------
median imbalance = 0.40856
depth=1 : removed 8/47
depth=2 : removed 62/124
nodes left = 420
steps left = 8
using 0.126318s out of 6.22215s left
----MOST-BALANCED-MOVES----
CIRCLE (4, 9) Q=16% : H=1 : Visit=32 : 46
CROSS  (1, 9) Q=49.9% : H=1 : Visit=1 : 30
---------------------------
median imbalance = 0.320455
depth=1 : removed 9/47
depth=2 : removed 59/117
nodes left = 361
steps left = 8
using 0.123754s out of 6.09584s left
----MOST-BALANCED-MOVES----
CIRCLE (4, 9) Q=16% : H=0.999 : Visit=34 : 46
CROSS  (1, 9) Q=49.9% : H=1 : Visit=1 : 30
---------------------------
median imbalance = 0.214456
depth=1 : removed 10/47
depth=2 : removed 53/105
nodes left = 308
steps left = 8
using 0.121241s out of 5.97208s left
----MOST-BALANCED-MOVES----
CIRCLE (4, 9) Q=15.5% : H=1 : Visit=36 : 46
CROSS  (1, 9) Q=49.9% : H=1 : Visit=1 : 30
---------------------------
median imbalance = 0.163204
depth=1 : removed 10/47
depth=2 : removed 52/105
nodes left = 256
steps left = 8
using 0.11878s out of 5.85084s left
----MOST-BALANCED-MOVES----
CIRCLE (4, 9) Q=15.4% : H=0.999 : Visit=38 : 46
CROSS  (1, 9) Q=49.9% : H=1 : Visit=1 : 30
---------------------------
median imbalance = 0.157288
depth=1 : removed 10/47
depth=2 : removed 51/101
nodes left = 205
steps left = 7
using 0.17817s out of 5.73206s left
----MOST-BALANCED-MOVES----
CIRCLE (4, 9) Q=15.6% : H=1 : Visit=40 : 46
CROSS  (1, 9) Q=49.9% : H=1 : Visit=1 : 30
---------------------------
median imbalance = 0.168896
depth=1 : removed 11/47
depth=2 : removed 46/93
nodes left = 159
steps left = 7
using 0.172632s out of 5.55389s left
----MOST-BALANCED-MOVES----
CIRCLE (5, 6) Q=46.6% : H=0.999 : Visit=53 : 46
CROSS  (9, 6) Q=50% : H=1 : Visit=3 : 27
---------------------------
median imbalance = 0.144499
depth=1 : removed 14/47
depth=2 : removed 45/90
nodes left = 114
steps left = 6
using 0.258948s out of 5.38126s left
----MOST-BALANCED-MOVES----
CIRCLE (5, 6) Q=47% : H=0.999 : Visit=56 : 46
CROSS  (9, 6) Q=50% : H=1 : Visit=3 : 27
---------------------------
median imbalance = 0.163168
depth=1 : removed 14/47
depth=2 : removed 46/92
nodes left = 68
steps left = 6
using 0.246487s out of 5.12231s left
----MOST-BALANCED-MOVES----
CIRCLE (4, 7) Q=26.7% : H=1 : Visit=52 : 46
CROSS  (2, 5) Q=50.9% : H=1 : Visit=2 : 40
---------------------------
median imbalance = 0.122018
depth=1 : removed 28/47
depth=2 : removed 34/68
nodes left = 34
steps left = 5
using 0.369731s out of 4.87582s left
----MOST-BALANCED-MOVES----
CIRCLE (10, 6) Q=64.5% : H=1 : Visit=79 : 46
CROSS  (4, 6) Q=50.1% : H=0.999 : Visit=22 : 24
---------------------------
median imbalance = 0.0776288
depth=1 : removed 34/47
depth=2 : removed 17/34
nodes left = 17
steps left = 4
using 0.554596s out of 4.50609s left
----MOST-BALANCED-MOVES----
CIRCLE (10, 7) Q=61.8% : H=0.999 : Visit=90 : 46
CROSS  (8, 8) Q=49.5% : H=1 : Visit=20 : 22
---------------------------
median imbalance = 0.0366482
depth=1 : removed 39/47
depth=2 : removed 9/17
nodes left = 8
steps left = 3
using 0.831894s out of 3.9515s left
----MOST-BALANCED-MOVES----
CIRCLE (5, 7) Q=43.4% : H=1 : Visit=89 : 46
CROSS  (9, 7) Q=49.4% : H=0.999 : Visit=33 : 28
---------------------------
median imbalance = 0.0482349
depth=1 : removed 43/47
depth=2 : removed 4/8
nodes left = 4
steps left = 2
using 1.24784s out of 3.1196s left
----MOST-BALANCED-MOVES----
CIRCLE (5, 7) Q=43.9% : H=1 : Visit=129 : 46
CROSS  (9, 7) Q=52.3% : H=1 : Visit=73 : 28
---------------------------
median imbalance = 0.0665518
depth=1 : removed 45/47
depth=2 : removed 2/4
nodes left = 2
steps left = 1
using 1.87176s out of 1.87176s left
----MOST-BALANCED-MOVES----
CIRCLE (9, 7) Q=56.5% : H=0.999 : Visit=341 : 46
CROSS  (6, 7) Q=47.6% : H=0.999 : Visit=291 : 24
---------------------------
median imbalance = 0.0690144
depth=1 : removed 45/47
depth=2 : removed 0/2
nodes left = 2
steps left = 1
using 0s out of 0s left
----MOST-BALANCED-MOVES----
CIRCLE (5, 7) Q=46% : H=1 : Visit=756 : 46
CROSS  (9, 7) Q=53.4% : H=1 : Visit=700 : 28
---------------------------
median imbalance = 0.0715724
depth=1 : removed 45/47
depth=2 : removed 0/2
nodes left = 2
steps left = 1
using 0s out of 0s left
----MOST-BALANCED-MOVES----
CIRCLE (5, 7) Q=46% : H=1 : Visit=768 : 46
CROSS  (9, 7) Q=53.3% : H=1 : Visit=712 : 28
---------------------------
median imbalance = 0.0733164
depth=1 : removed 46/47
depth=2 : removed 1/2
Answered : MESSAGE depth 1-19 ev 49.3 n 5377 n/s 396 tm 13572 pv Of7 Xj7 Oh6 Xj8 Og6 Xj5 Oj6 Xi6 Og8 Xh5 Og4 Xk8 Ol9 Xk5 Og5 Xg7 Of4 Xe3 Oa4
Overall 47 children
sum of visits = 827
BEST
CIRCLE (5, 7) Q=46% : H=1 : Visit=781 : 46
CIRCLE (4, 7) Q=0% : H=0 : Visit=1 : 46
CIRCLE (5, 5) Q=0% : H=0 : Visit=1 : 46
CIRCLE (7, 5) Q=0% : H=0 : Visit=1 : 46
CIRCLE (9, 8) Q=0% : H=0 : Visit=1 : 46
CIRCLE (8, 6) Q=0% : H=0 : Visit=1 : 46
CIRCLE (10, 6) Q=0% : H=0 : Visit=1 : 46
CIRCLE (10, 9) Q=0% : H=0 : Visit=1 : 46
CIRCLE (4, 9) Q=0% : H=0 : Visit=1 : 46
CIRCLE (8, 8) Q=0% : H=0 : Visit=1 : 46
WORST
CIRCLE (6, 7) Q=0% : H=0 : Visit=1 : 46
CIRCLE (9, 6) Q=0% : H=0 : Visit=1 : 46
CIRCLE (7, 6) Q=0% : H=0 : Visit=1 : 46
CIRCLE (9, 5) Q=0% : H=0 : Visit=1 : 46
CIRCLE (6, 8) Q=0% : H=0 : Visit=1 : 46
CIRCLE (7, 8) Q=0% : H=0 : Visit=1 : 46
CIRCLE (10, 5) Q=0% : H=0 : Visit=1 : 46
CIRCLE (5, 8) Q=0% : H=0 : Visit=1 : 46
CIRCLE (4, 5) Q=0% : H=0 : Visit=1 : 46
CIRCLE (9, 7) Q=0% : H=0 : Visit=1 : 46
  _   _   _   _   _   _   _   _   _   _   _   _   _   _   _ 
  _   _   _   _   _    1   1   1   1   1  _   _   _   _   _ 
  _   _   _   _   _    1   1   1   1   1  _   _   _   _   _ 
  _   _   _   _   _    1   1  X    1   1  _   _   _   _   _ 
  _   _   _   _   _    1   1   1   1   1  _   _   _   _   _ 
  _   _   _   _   _    1   1 944   1   1  _   _   _   _   _ 
  _   _   _   _   _    1   1   1   1   1  _   _   _   _   _ 
  _   _   _   _   _    1   1  X    1   1  _   _   _   _   _ 
  _   _   _   _   _    1   1  O    1   1  _   _   _   _   _ 
  _   _   _   _   _    1   1   1   1   1  _   _   _   _   _ 
  _   _   _   _   _    1   1   1   1   1  _   _   _   _   _ 
  _   _   _   _   _   _   _   _   _   _   _   _   _   _   _ 
  _   _   _   _   _   _   _   _   _   _   _   _   _   _   _ 
  _   _   _   _   _   _   _   _   _   _   _   _   _   _   _ 
  _   _   _   _   _   _   _   _   _   _   _   _   _   _   _ 

nodes used 195k / 42M (0.4%)
memory = 1285.67 MB
0 : CROSS  (-1, -1) Q=50.6% : H=1 : Visit=5202 : 47
1 : CIRCLE (5, 7) Q=46% : H=1 : Visit=781 : 46
2 : CROSS  (9, 7) Q=53.3% : H=1 : Visit=725 : 28
3 : CIRCLE (7, 6) Q=48% : H=0.223 : Visit=269 : 27
4 : CROSS  (9, 8) Q=53% : H=0.338 : Visit=129 : 21
5 : CIRCLE (6, 6) Q=54.1% : H=0.194 : Visit=81 : 22
6 : CROSS  (9, 5) Q=57.9% : H=0.137 : Visit=39 : 16
7 : CIRCLE (9, 6) Q=42.7% : H=0.962 : Visit=37 : 7
8 : CROSS  (8, 6) Q=56.8% : H=0.998 : Visit=36 : 11
9 : CIRCLE (6, 8) Q=44.5% : H=0.888 : Visit=34 : 32
10 : CROSS  (7, 5) Q=58.5% : H=0.639 : Visit=26 : 15
11 : CIRCLE (6, 4) Q=41.4% : H=0.519 : Visit=13 : 25
12 : CROSS  (10, 8) Q=58.7% : H=0.326 : Visit=5 : 1
13 : CIRCLE (11, 9) Q=41.2% : H=1 : Visit=5 : 22
14 : CROSS  (10, 5) Q=44.3% : H=0.603 : Visit=3 : 14
15 : CIRCLE (6, 5) Q=54.7% : H=0.886 : Visit=2 : 1
16 : CROSS  (6, 7) Q=45.2% : H=1 : Visit=2 : 32
17 : CIRCLE (5, 4) Q=47.2% : H=0.465 : Visit=1 : 1
18 : CROSS  (4, 3) Q=52.7% : H=1 : Visit=1 : 32
19 : CIRCLE (0, 4) Q=0% : H=0 : Visit=0 : 0
Total 19 moves ahead
----NNCACHE-INFO----
memory = 6.36128 MB / 857.112MB
stored = 5648 elements
calls  = 6027
hits   = 177 (2.9%)
--------------------
----MOST-BALANCED-MOVES----
CIRCLE (5, 7) Q=46% : H=1 : Visit=781 : 46
CROSS  (9, 7) Q=53.3% : H=1 : Visit=725 : 28
---------------------------
Answered : 7,5 7,9
Got : END
