Compiled on Apr 23 2020 at 02:42:48
Launched in Engine\
Answered : MESSAGE Detected following devices : CPU : GenuineIntel : 4 x AVX with 4043MB of memory
Answered : MESSAGE Using : CPU : GenuineIntel : 4 x AVX with 4043MB of memory
Got : START 15
Answered : OK
Got : INFO max_memory 2306867200
Got : INFO timeout_match 180000
Got : INFO timeout_turn 180000
Got : INFO game_type 1
Got : INFO rule 1
Got : INFO time_left 180000
Got : SWAP2BOARD
Got : 0,0
Got : 1,4
Got : 3,8
Got : DONE
Answered : MESSAGE depth 1-10 ev 80.1 n 1659 n/s 220 tm 7510 pv Of3 Xe4 Od4 Xf2 Od3 Xd2 Oe2 Xg4 Oc4 Xb5
Overall 222 children
sum of visits = 1634
BEST
CIRCLE (5, 3) Q=81.3% : H=0.291 : Visit=677 : 40
CIRCLE (3, 3) Q=83.2% : H=0.019 : Visit=359 : 76
CIRCLE (4, 4) Q=79.5% : H=0.164 : Visit=212 : 44
CIRCLE (4, 3) Q=73.2% : H=0.383 : Visit=196 : 39
CIRCLE (3, 2) Q=82.5% : H=0.016 : Visit=115 : 105
CIRCLE (5, 4) Q=73.9% : H=0.062 : Visit=36 : 43
CIRCLE (4, 2) Q=71.8% : H=0.042 : Visit=20 : 46
CIRCLE (2, 3) Q=76.1% : H=0 : Visit=4 : 62
CIRCLE (3, 4) Q=68.6% : H=0.003 : Visit=2 : 53
CIRCLE (5, 2) Q=73.3% : H=0 : Visit=1 : 27
WORST
CIRCLE (3, 8) Q=0% : H=0 : Visit=0 : 0
CIRCLE (3, 9) Q=0% : H=0 : Visit=0 : 0
CIRCLE (5, 13) Q=0% : H=0 : Visit=0 : 0
CIRCLE (5, 10) Q=0% : H=0 : Visit=0 : 0
CIRCLE (9, 13) Q=0% : H=0 : Visit=0 : 0
CIRCLE (6, 11) Q=0% : H=0 : Visit=0 : 0
CIRCLE (6, 13) Q=0% : H=0 : Visit=0 : 0
CIRCLE (8, 13) Q=0% : H=0 : Visit=0 : 0
CIRCLE (7, 13) Q=0% : H=0 : Visit=0 : 0
CIRCLE (5, 11) Q=0% : H=0 : Visit=0 : 0
  X   _   _   _   _   _   _   _   _   _   _   _   _   _   _ 
  _   _   _   _   _   _   _   _   _   _   _   _   _   _   _ 
  _   _   _    2  _   _   _   _   _   _   _   _   _   _   _ 
  _   _   70 219   1  _   _   _   _   _   _   _   _   _   _ 
  _   O   12 119 129  _   _   _   _   _   _   _   _   _   _ 
  _   _   _  414  22  _   _   _   _   _   _   _   _   _   _ 
  _   _   _   _   _   _   _   _   _   _   _   _   _   _   _ 
  _   _   _   _   _   _   _   _   _   _   _   _   _   _   _ 
  _   _   _   X   _   _   _   _   _   _   _   _   _   _   _ 
  _   _   _   _   _   _   _   _   _   _   _   _   _   _   _ 
  _   _   _   _   _   _   _   _   _   _   _   _   _   _   _ 
  _   _   _   _   _   _   _   _   _   _   _   _   _   _   _ 
  _   _   _   _   _   _   _   _   _   _   _   _   _   _   _ 
  _   _   _   _   _   _   _   _   _   _   _   _   _   _   _ 
  _   _   _   _   _   _   _   _   _   _   _   _   _   _   _ 

nodes used 42k / 42M (0.1%)
memory = 1285.67 MB
0 : CROSS  (-1, -1) Q=19.8% : H=1 : Visit=1635 : 222
1 : CIRCLE (5, 3) Q=81.3% : H=0.291 : Visit=677 : 40
2 : CROSS  (4, 4) Q=23.2% : H=0.074 : Visit=373 : 32
3 : CIRCLE (3, 4) Q=82.5% : H=0.087 : Visit=137 : 42
4 : CROSS  (5, 2) Q=15.9% : H=0.34 : Visit=43 : 28
5 : CIRCLE (3, 3) Q=85.3% : H=0.396 : Visit=19 : 15
6 : CROSS  (3, 2) Q=16.2% : H=0.7 : Visit=14 : 30
7 : CIRCLE (4, 2) Q=86.3% : H=0.324 : Visit=5 : 22
8 : CROSS  (6, 4) Q=16% : H=0.467 : Visit=3 : 29
9 : CIRCLE (2, 4) Q=79.6% : H=0.359 : Visit=1 : 12
10 : CROSS  (1, 5) Q=0% : H=0.783 : Visit=0 : 0
Total 10 moves ahead
----NNCACHE-INFO----
memory = 1.69394 MB / 857.112MB
stored = 1504 elements
calls  = 1659
hits   = 147 (8.8%)
--------------------
nodes left = 1980
steps left = 10
using 0.238242s out of 27s left
median imbalance = 0.491404
depth=1 : removed 0/45
depth=2 : removed 32/64
nodes left = 1948
steps left = 10
using 0.23614s out of 26.7618s left
----MOST-BALANCED-MOVES----
CIRCLE (4, 0) Q=63.1% : H=1 : Visit=1 : 44
CROSS  (0, 1) Q=36.8% : H=1 : Visit=1 : 31
---------------------------
median imbalance = 0.477608
depth=1 : removed 0/45
depth=2 : removed 40/80
nodes left = 1908
steps left = 10
using 0.234056s out of 26.5256s left
----MOST-BALANCED-MOVES----
CIRCLE (4, 0) Q=67.5% : H=1 : Visit=2 : 44
CROSS  (0, 1) Q=36.8% : H=1 : Visit=1 : 31
---------------------------
median imbalance = 0.452237
depth=1 : removed 0/45
depth=2 : removed 44/88
nodes left = 1864
steps left = 10
using 0.231991s out of 26.2916s left
----MOST-BALANCED-MOVES----
CIRCLE (1, 0) Q=62.6% : H=1 : Visit=3 : 44
CROSS  (1, 1) Q=49.2% : H=1 : Visit=1 : 32
---------------------------
median imbalance = 0.414056
depth=1 : removed 0/45
depth=2 : removed 46/92
nodes left = 1818
steps left = 10
using 0.229944s out of 26.0596s left
----MOST-BALANCED-MOVES----
CIRCLE (0, 2) Q=58.5% : H=1 : Visit=4 : 44
CROSS  (1, 2) Q=50% : H=1 : Visit=1 : 32
---------------------------
median imbalance = 0.360732
depth=1 : removed 0/45
depth=2 : removed 47/94
nodes left = 1771
steps left = 10
using 0.227915s out of 25.8296s left
----MOST-BALANCED-MOVES----
CIRCLE (0, 2) Q=57.1% : H=1 : Visit=5 : 44
CROSS  (1, 2) Q=50% : H=1 : Visit=1 : 32
---------------------------
median imbalance = 0.289499
depth=1 : removed 0/45
depth=2 : removed 56/111
nodes left = 1715
steps left = 10
using 0.225904s out of 25.6017s left
----MOST-BALANCED-MOVES----
CIRCLE (0, 2) Q=53.9% : H=1 : Visit=6 : 44
CROSS  (1, 2) Q=50% : H=1 : Visit=1 : 32
---------------------------
median imbalance = 0.224899
depth=1 : removed 0/45
depth=2 : removed 52/103
nodes left = 1663
steps left = 10
using 0.223911s out of 25.3758s left
----MOST-BALANCED-MOVES----
CIRCLE (0, 2) Q=50.5% : H=1 : Visit=7 : 44
CROSS  (1, 2) Q=50% : H=1 : Visit=1 : 32
---------------------------
median imbalance = 0.200854
depth=1 : removed 0/45
depth=2 : removed 50/99
nodes left = 1613
steps left = 10
using 0.221935s out of 25.1519s left
----MOST-BALANCED-MOVES----
CIRCLE (0, 2) Q=47% : H=1 : Visit=8 : 44
CROSS  (1, 2) Q=50% : H=1 : Visit=1 : 32
---------------------------
median imbalance = 0.17305
depth=1 : removed 0/45
depth=2 : removed 57/114
nodes left = 1556
steps left = 10
using 0.219977s out of 24.93s left
----MOST-BALANCED-MOVES----
CIRCLE (0, 2) Q=47.7% : H=1 : Visit=9 : 44
CROSS  (1, 2) Q=50% : H=1 : Visit=1 : 32
---------------------------
median imbalance = 0.143589
depth=1 : removed 0/45
depth=2 : removed 53/105
nodes left = 1503
steps left = 10
using 0.218036s out of 24.71s left
----MOST-BALANCED-MOVES----
CIRCLE (0, 2) Q=45.7% : H=1 : Visit=10 : 44
CROSS  (1, 2) Q=50% : H=1 : Visit=1 : 32
---------------------------
median imbalance = 0.126316
depth=1 : removed 0/45
depth=2 : removed 50/100
nodes left = 1453
steps left = 10
using 0.216112s out of 24.492s left
----MOST-BALANCED-MOVES----
CIRCLE (0, 2) Q=42.9% : H=1 : Visit=11 : 44
CROSS  (1, 2) Q=50% : H=1 : Visit=1 : 32
---------------------------
median imbalance = 0.120397
depth=1 : removed 0/45
depth=2 : removed 51/102
nodes left = 1402
steps left = 10
using 0.214205s out of 24.2758s left
----MOST-BALANCED-MOVES----
CIRCLE (0, 2) Q=40.6% : H=1 : Visit=12 : 44
CROSS  (1, 2) Q=50% : H=1 : Visit=1 : 32
---------------------------
median imbalance = 0.10473
depth=1 : removed 0/45
depth=2 : removed 58/116
nodes left = 1344
steps left = 10
using 0.212315s out of 24.0616s left
----MOST-BALANCED-MOVES----
CIRCLE (0, 2) Q=40.7% : H=1 : Visit=13 : 44
CROSS  (1, 2) Q=50% : H=1 : Visit=1 : 32
---------------------------
median imbalance = 0.196261
depth=1 : removed 0/45
depth=2 : removed 61/122
nodes left = 1283
steps left = 10
using 0.210441s out of 23.8493s left
----MOST-BALANCED-MOVES----
CIRCLE (0, 2) Q=38.5% : H=1 : Visit=14 : 44
CROSS  (1, 2) Q=50% : H=1 : Visit=1 : 32
---------------------------
median imbalance = 0.0762715
depth=1 : removed 0/45
depth=2 : removed 63/126
nodes left = 1220
steps left = 10
using 0.208584s out of 23.6389s left
----MOST-BALANCED-MOVES----
CIRCLE (0, 2) Q=36.8% : H=1 : Visit=15 : 44
CROSS  (1, 2) Q=50% : H=1 : Visit=1 : 32
---------------------------
median imbalance = 0.0537331
depth=1 : removed 0/45
depth=2 : removed 56/111
nodes left = 1164
steps left = 10
using 0.206744s out of 23.4303s left
----MOST-BALANCED-MOVES----
CIRCLE (0, 2) Q=36.4% : H=0.999 : Visit=16 : 44
CROSS  (1, 2) Q=50% : H=1 : Visit=1 : 32
---------------------------
median imbalance = 0.152098
depth=1 : removed 0/45
depth=2 : removed 62/123
nodes left = 1102
steps left = 10
using 0.20492s out of 23.2235s left
----MOST-BALANCED-MOVES----
CIRCLE (0, 2) Q=35.1% : H=1 : Visit=17 : 44
CROSS  (1, 2) Q=50% : H=1 : Visit=1 : 32
---------------------------
median imbalance = 0.0497148
depth=1 : removed 0/45
depth=2 : removed 56/111
nodes left = 1046
steps left = 10
using 0.203111s out of 23.0186s left
----MOST-BALANCED-MOVES----
CIRCLE (0, 2) Q=33.6% : H=1 : Visit=18 : 44
CROSS  (1, 2) Q=50% : H=1 : Visit=1 : 32
---------------------------
median imbalance = 0.058962
depth=1 : removed 0/45
depth=2 : removed 62/123
nodes left = 984
steps left = 9
using 0.304667s out of 22.8155s left
----MOST-BALANCED-MOVES----
CIRCLE (0, 2) Q=32.1% : H=1 : Visit=19 : 44
CROSS  (1, 2) Q=50% : H=1 : Visit=1 : 32
---------------------------
median imbalance = 0.101671
depth=1 : removed 0/45
depth=2 : removed 84/168
nodes left = 900
steps left = 9
using 0.300599s out of 22.5109s left
----MOST-BALANCED-MOVES----
CIRCLE (0, 2) Q=31.8% : H=1 : Visit=21 : 44
CROSS  (1, 2) Q=50% : H=1 : Visit=1 : 32
---------------------------
median imbalance = 0.082737
depth=1 : removed 0/45
depth=2 : removed 94/187
nodes left = 806
steps left = 9
using 0.296585s out of 22.2103s left
----MOST-BALANCED-MOVES----
CIRCLE (0, 2) Q=30.7% : H=0.999 : Visit=22 : 44
CROSS  (1, 2) Q=50% : H=1 : Visit=1 : 32
---------------------------
median imbalance = 0.0489454
depth=1 : removed 0/45
depth=2 : removed 82/163
nodes left = 724
steps left = 9
using 0.292624s out of 21.9137s left
----MOST-BALANCED-MOVES----
CIRCLE (0, 2) Q=28.6% : H=1 : Visit=24 : 44
CROSS  (1, 2) Q=50% : H=1 : Visit=1 : 32
---------------------------
median imbalance = 0.044379
depth=1 : removed 0/45
depth=2 : removed 75/150
nodes left = 649
steps left = 9
using 0.288717s out of 21.621s left
----MOST-BALANCED-MOVES----
CIRCLE (0, 2) Q=27.5% : H=1 : Visit=25 : 44
CROSS  (1, 2) Q=50% : H=1 : Visit=1 : 32
---------------------------
median imbalance = 0.0418078
depth=1 : removed 0/45
depth=2 : removed 72/143
nodes left = 577
steps left = 9
using 0.284861s out of 21.3323s left
----MOST-BALANCED-MOVES----
CIRCLE (0, 2) Q=26.8% : H=0.999 : Visit=26 : 44
CROSS  (1, 2) Q=50% : H=1 : Visit=1 : 32
---------------------------
median imbalance = 0.0386164
depth=1 : removed 0/45
depth=2 : removed 68/135
nodes left = 509
steps left = 8
using 0.427292s out of 21.0475s left
----MOST-BALANCED-MOVES----
CIRCLE (0, 2) Q=25.9% : H=1 : Visit=27 : 44
CROSS  (1, 2) Q=50% : H=1 : Visit=1 : 32
---------------------------
median imbalance = 0.19046
depth=1 : removed 4/45
depth=2 : removed 83/166
nodes left = 426
steps left = 8
using 0.418617s out of 20.6202s left
----MOST-BALANCED-MOVES----
CIRCLE (0, 2) Q=25.1% : H=0.999 : Visit=28 : 44
CROSS  (1, 2) Q=50% : H=1 : Visit=1 : 32
---------------------------
median imbalance = 0.141964
depth=1 : removed 10/45
depth=2 : removed 91/181
nodes left = 335
steps left = 8
using 0.410119s out of 20.2016s left
----MOST-BALANCED-MOVES----
CIRCLE (0, 2) Q=23.7% : H=0.999 : Visit=30 : 44
CROSS  (1, 2) Q=50% : H=1 : Visit=1 : 32
---------------------------
median imbalance = 0.0698131
depth=1 : removed 12/45
depth=2 : removed 78/156
nodes left = 257
steps left = 8
using 0.401793s out of 19.7914s left
----MOST-BALANCED-MOVES----
CIRCLE (0, 2) Q=22.4% : H=1 : Visit=32 : 44
CROSS  (1, 2) Q=50% : H=1 : Visit=1 : 32
---------------------------
median imbalance = 0.123139
depth=1 : removed 15/45
depth=2 : removed 79/158
nodes left = 178
steps left = 7
using 0.602689s out of 19.3896s left
----MOST-BALANCED-MOVES----
CIRCLE (0, 2) Q=21.2% : H=0.999 : Visit=34 : 44
CROSS  (1, 2) Q=50% : H=1 : Visit=1 : 32
---------------------------
median imbalance = 0.11074
depth=1 : removed 18/45
depth=2 : removed 63/127
nodes left = 115
steps left = 6
using 0.904034s out of 18.787s left
----MOST-BALANCED-MOVES----
CIRCLE (0, 2) Q=20.1% : H=1 : Visit=37 : 44
CROSS  (1, 2) Q=50% : H=1 : Visit=1 : 32
---------------------------
median imbalance = 0.140152
depth=1 : removed 20/45
depth=2 : removed 53/108
nodes left = 62
steps left = 5
using 1.35605s out of 17.8829s left
----MOST-BALANCED-MOVES----
CIRCLE (0, 2) Q=18.9% : H=0.999 : Visit=42 : 44
CROSS  (1, 2) Q=50% : H=1 : Visit=1 : 32
---------------------------
median imbalance = 0.102377
depth=1 : removed 27/45
depth=2 : removed 31/62
nodes left = 31
steps left = 4
using 2.03408s out of 16.5269s left
----MOST-BALANCED-MOVES----
CIRCLE (9, 2) Q=51.4% : H=0.999 : Visit=65 : 44
CROSS  (5, 2) Q=50.2% : H=1 : Visit=8 : 34
---------------------------
median imbalance = 0.0363352
depth=1 : removed 35/45
depth=2 : removed 16/31
nodes left = 15
steps left = 3
using 3.05111s out of 14.4928s left
----MOST-BALANCED-MOVES----
CIRCLE (7, 5) Q=60.8% : H=0.999 : Visit=95 : 44
CROSS  (8, 2) Q=49.8% : H=1 : Visit=18 : 27
---------------------------
median imbalance = 0.018632
depth=1 : removed 39/45
depth=2 : removed 7/15
nodes left = 8
steps left = 3
using 2.40877s out of 11.4417s left
----MOST-BALANCED-MOVES----
CIRCLE (7, 5) Q=57.9% : H=1 : Visit=169 : 44
CROSS  (10, 3) Q=49.7% : H=0.999 : Visit=59 : 27
---------------------------
median imbalance = 0.0400807
depth=1 : removed 41/45
depth=2 : removed 4/8
nodes left = 4
steps left = 2
using 3.61316s out of 9.03291s left
----MOST-BALANCED-MOVES----
CIRCLE (7, 1) Q=53.1% : H=0.999 : Visit=235 : 44
CROSS  (4, 3) Q=49.8% : H=1 : Visit=169 : 31
---------------------------
median imbalance = 0.0292856
depth=1 : removed 42/45
depth=2 : removed 1/4
nodes left = 3
steps left = 1
using 5.41974s out of 5.41974s left
----MOST-BALANCED-MOVES----
CIRCLE (7, 1) Q=50.5% : H=1 : Visit=381 : 44
CROSS  (4, 3) Q=51.6% : H=0.999 : Visit=315 : 31
---------------------------
median imbalance = 0.0410264
depth=1 : removed 43/45
depth=2 : removed 1/3
nodes left = 2
steps left = 1
using 0s out of 0s left
----MOST-BALANCED-MOVES----
CIRCLE (7, 1) Q=48.7% : H=1 : Visit=669 : 44
CROSS  (4, 3) Q=52.6% : H=1 : Visit=603 : 31
---------------------------
median imbalance = 0.0410803
depth=1 : removed 43/45
depth=2 : removed 0/2
nodes left = 2
steps left = 1
using 0s out of 0s left
----MOST-BALANCED-MOVES----
CIRCLE (7, 1) Q=48.7% : H=1 : Visit=673 : 44
CROSS  (4, 3) Q=52.6% : H=1 : Visit=607 : 31
---------------------------
median imbalance = 0.0413256
depth=1 : removed 43/45
depth=2 : removed 0/2
nodes left = 2
steps left = 1
using 0s out of 0s left
----MOST-BALANCED-MOVES----
CIRCLE (7, 1) Q=48.6% : H=1 : Visit=677 : 44
CROSS  (4, 3) Q=52.6% : H=1 : Visit=611 : 31
---------------------------
median imbalance = 0.0406391
depth=1 : removed 44/45
depth=2 : removed 1/2
Answered : MESSAGE depth 1-14 ev 54.7 n 5840 n/s 148 tm 39306 pv Oh1 Xe3 Og4 Xf4 Og5 Xg3 Of3 Xh5 Oh2 Xe4 Oi2 Xh3 Oj3 Xc4
Overall 45 children
sum of visits = 726
BEST
CIRCLE (7, 1) Q=48.6% : H=1 : Visit=682 : 44
CIRCLE (10, 3) Q=0% : H=0 : Visit=1 : 44
CIRCLE (8, 2) Q=0% : H=0 : Visit=1 : 44
CIRCLE (9, 3) Q=0% : H=0 : Visit=1 : 44
CIRCLE (5, 3) Q=0% : H=0 : Visit=1 : 44
CIRCLE (6, 5) Q=0% : H=0 : Visit=1 : 44
CIRCLE (10, 1) Q=0% : H=0 : Visit=1 : 44
CIRCLE (10, 4) Q=0% : H=0 : Visit=1 : 44
CIRCLE (7, 3) Q=0% : H=0 : Visit=1 : 44
CIRCLE (7, 2) Q=0% : H=0 : Visit=1 : 44
WORST
CIRCLE (3, 1) Q=0% : H=0 : Visit=1 : 44
CIRCLE (8, 5) Q=0% : H=0 : Visit=1 : 44
CIRCLE (1, 1) Q=0% : H=0 : Visit=1 : 44
CIRCLE (9, 4) Q=0% : H=0 : Visit=1 : 44
CIRCLE (6, 4) Q=0% : H=0 : Visit=1 : 44
CIRCLE (3, 3) Q=0% : H=0 : Visit=1 : 44
CIRCLE (5, 2) Q=0% : H=0 : Visit=1 : 44
CIRCLE (6, 3) Q=0% : H=0 : Visit=1 : 44
CIRCLE (2, 2) Q=0% : H=0 : Visit=1 : 44
CIRCLE (7, 5) Q=0% : H=0 : Visit=1 : 44
  X    1   1  _   _   _   _   _   _   _   _   _   _   _   _ 
   1   1   1  _   _   _   _   _   _   _   _   _   _   _   _ 
   1   1   1   1  _   _   _   _   _   _   _   _   _   _   _ 
   1   1   1   1  _   _   _   _   _   _   _   _   _   _   _ 
   1  O    1   1  _   _   _   _   _   _   _   _   _   _   _ 
   1   1   1   1  _   _   _   _   _   _   _   _   _   _   _ 
   1   1   1   1   1   1  _   _   _   _   _   _   _   _   _ 
  _  939   1   1   1   1  _   _   _   _   _   _   _   _   _ 
  _    1   1  X    1   1  _   _   _   _   _   _   _   _   _ 
  _    1   1   1   1   1  _   _   _   _   _   _   _   _   _ 
  _    1   1   1   1   1  _   _   _   _   _   _   _   _   _ 
  _   _   _   _   _   _   _   _   _   _   _   _   _   _   _ 
  _   _   _   _   _   _   _   _   _   _   _   _   _   _   _ 
  _   _   _   _   _   _   _   _   _   _   _   _   _   _   _ 
  _   _   _   _   _   _   _   _   _   _   _   _   _   _   _ 

nodes used 160k / 42M (0.3%)
memory = 1285.67 MB
0 : CROSS  (-1, -1) Q=45.2% : H=1 : Visit=5812 : 45
1 : CIRCLE (7, 1) Q=48.6% : H=1 : Visit=682 : 44
2 : CROSS  (4, 3) Q=52.6% : H=1 : Visit=616 : 31
3 : CIRCLE (6, 4) Q=49.2% : H=0.444 : Visit=389 : 22
4 : CROSS  (5, 4) Q=54.2% : H=0.202 : Visit=158 : 24
5 : CIRCLE (6, 5) Q=47.5% : H=0.671 : Visit=127 : 21
6 : CROSS  (6, 3) Q=55.9% : H=0.572 : Visit=105 : 16
7 : CIRCLE (5, 3) Q=44.8% : H=0.531 : Visit=60 : 24
8 : CROSS  (7, 5) Q=58.5% : H=0.607 : Visit=46 : 31
9 : CIRCLE (7, 2) Q=46.3% : H=0.297 : Visit=20 : 34
10 : CROSS  (4, 4) Q=53.7% : H=0.351 : Visit=8 : 37
11 : CIRCLE (8, 2) Q=44.7% : H=0.462 : Visit=4 : 26
12 : CROSS  (7, 3) Q=59.8% : H=0.49 : Visit=2 : 40
13 : CIRCLE (9, 3) Q=52.4% : H=0.442 : Visit=1 : 17
14 : CROSS  (2, 4) Q=0% : H=0 : Visit=0 : 0
Total 14 moves ahead
----NNCACHE-INFO----
memory = 8.0372 MB / 857.112MB
stored = 7136 elements
calls  = 7499
hits   = 326 (4.3%)
--------------------
----MOST-BALANCED-MOVES----
CIRCLE (7, 1) Q=48.6% : H=1 : Visit=682 : 44
CROSS  (4, 3) Q=52.6% : H=1 : Visit=616 : 31
---------------------------
Answered : 1,7 3,4
Got : END
