Compiled on Apr 23 2020 at 02:42:48
Launched in Engine\
Answered : MESSAGE Detected following devices : CPU : GenuineIntel : 4 x AVX with 4043MB of memory
Answered : MESSAGE Using : CPU : GenuineIntel : 4 x AVX with 4043MB of memory
Got : START 15
Answered : OK
Got : INFO max_memory 2306867200
Got : INFO timeout_match 60000
Got : INFO timeout_turn 60000
Got : INFO game_type 1
Got : INFO rule 1
Got : INFO time_left 60000
Got : SWAP2BOARD
Got : 0,0
Got : 1,4
Got : 3,8
Got : DONE
Answered : MESSAGE depth 1-9 ev 82.2 n 618 n/s 411 tm 1500 pv Of3 Xe4 Od3 Xe3 Oe5 Xd4 Of4 Xf2 Ob0
Overall 222 children
sum of visits = 599
BEST
CIRCLE (5, 3) Q=85.5% : H=0.291 : Visit=276 : 40
CIRCLE (4, 4) Q=81.7% : H=0.164 : Visit=97 : 44
CIRCLE (4, 3) Q=73.4% : H=0.383 : Visit=89 : 39
CIRCLE (3, 3) Q=90% : H=0.019 : Visit=56 : 76
CIRCLE (3, 2) Q=86.5% : H=0.016 : Visit=36 : 105
CIRCLE (5, 4) Q=73.1% : H=0.062 : Visit=18 : 43
CIRCLE (4, 2) Q=69.9% : H=0.042 : Visit=8 : 46
CIRCLE (2, 3) Q=76.1% : H=0 : Visit=4 : 62
CIRCLE (3, 4) Q=68.6% : H=0.003 : Visit=2 : 53
CIRCLE (5, 2) Q=73.3% : H=0 : Visit=1 : 27
WORST
CIRCLE (3, 8) Q=0% : H=0 : Visit=0 : 0
CIRCLE (3, 9) Q=0% : H=0 : Visit=0 : 0
CIRCLE (5, 13) Q=0% : H=0 : Visit=0 : 0
CIRCLE (5, 10) Q=0% : H=0 : Visit=0 : 0
CIRCLE (9, 13) Q=0% : H=0 : Visit=0 : 0
CIRCLE (6, 11) Q=0% : H=0 : Visit=0 : 0
CIRCLE (6, 13) Q=0% : H=0 : Visit=0 : 0
CIRCLE (8, 13) Q=0% : H=0 : Visit=0 : 0
CIRCLE (7, 13) Q=0% : H=0 : Visit=0 : 0
CIRCLE (5, 11) Q=0% : H=0 : Visit=0 : 0
  X   _   _   _   _   _   _   _   _   _   _   _   _   _   _ 
  _   _   _   _   _   _   _   _   _   _   _   _   _   _   _ 
  _   _   _    6  _   _   _   _   _   _   _   _   _   _   _ 
  _    1  60  93   3  _   _   _   _   _   _   _   _   _   _ 
  _   O   13 148 161   1  _   _   _   _   _   _   _   _   _ 
  _    1   1 460  30   1  _   _   _   _   _   _   _   _   _ 
  _    1   1   1   1   1  _   _   _   _   _   _   _   _   _ 
  _   _   _    1   1  _   _   _   _   _   _   _   _   _   _ 
  _   _   _   X    1  _   _   _   _   _   _   _   _   _   _ 
  _   _   _   _   _   _   _   _   _   _   _   _   _   _   _ 
  _   _   _   _   _   _   _   _   _   _   _   _   _   _   _ 
  _   _   _   _   _   _   _   _   _   _   _   _   _   _   _ 
  _   _   _   _   _   _   _   _   _   _   _   _   _   _   _ 
  _   _   _   _   _   _   _   _   _   _   _   _   _   _   _ 
  _   _   _   _   _   _   _   _   _   _   _   _   _   _   _ 

nodes used 15k / 42M (0%)
memory = 1285.67 MB
0 : CROSS  (-1, -1) Q=17.7% : H=1 : Visit=600 : 222
1 : CIRCLE (5, 3) Q=85.5% : H=0.291 : Visit=276 : 40
2 : CROSS  (4, 4) Q=21.2% : H=0.074 : Visit=74 : 32
3 : CIRCLE (3, 3) Q=78.4% : H=0.425 : Visit=28 : 21
4 : CROSS  (4, 3) Q=23.1% : H=0.718 : Visit=22 : 23
5 : CIRCLE (4, 5) Q=78.1% : H=0.378 : Visit=9 : 32
6 : CROSS  (3, 4) Q=25.8% : H=0.266 : Visit=3 : 23
7 : CIRCLE (5, 4) Q=74.9% : H=0.483 : Visit=2 : 15
8 : CROSS  (5, 2) Q=30.7% : H=0.71 : Visit=1 : 9
9 : CIRCLE (1, 0) Q=0% : H=0 : Visit=0 : 0
Total 9 moves ahead
----NNCACHE-INFO----
memory = 0.666763 MB / 857.112MB
stored = 592 elements
calls  = 618
hits   = 24 (3.8%)
--------------------
nodes left = 1980
steps left = 10
using 0.079414s out of 9s left
median imbalance = 0.484548
depth=1 : removed 0/45
depth=2 : removed 24/48
nodes left = 1956
steps left = 10
using 0.0787133s out of 8.92059s left
----MOST-BALANCED-MOVES----
CIRCLE (4, 0) Q=63.1% : H=1 : Visit=1 : 44
CROSS  (0, 1) Q=36.8% : H=1 : Visit=1 : 31
---------------------------
median imbalance = 0.473386
depth=1 : removed 0/45
depth=2 : removed 36/72
nodes left = 1920
steps left = 10
using 0.0780188s out of 8.84187s left
----MOST-BALANCED-MOVES----
CIRCLE (4, 0) Q=66.3% : H=1 : Visit=2 : 44
CROSS  (0, 1) Q=36.8% : H=1 : Visit=1 : 31
---------------------------
median imbalance = 0.441299
depth=1 : removed 0/45
depth=2 : removed 42/84
nodes left = 1878
steps left = 10
using 0.0773303s out of 8.76385s left
----MOST-BALANCED-MOVES----
CIRCLE (0, 1) Q=66.2% : H=1 : Visit=3 : 44
CROSS  (1, 1) Q=48.6% : H=1 : Visit=1 : 33
---------------------------
median imbalance = 0.395935
depth=1 : removed 0/45
depth=2 : removed 45/90
nodes left = 1833
steps left = 10
using 0.076648s out of 8.68652s left
----MOST-BALANCED-MOVES----
CIRCLE (1, 0) Q=61.3% : H=1 : Visit=4 : 44
CROSS  (1, 2) Q=48.8% : H=1 : Visit=1 : 28
---------------------------
median imbalance = 0.359452
depth=1 : removed 0/45
depth=2 : removed 47/93
nodes left = 1786
steps left = 10
using 0.0759717s out of 8.60988s left
----MOST-BALANCED-MOVES----
CIRCLE (1, 0) Q=63.4% : H=1 : Visit=5 : 44
CROSS  (1, 2) Q=48.8% : H=1 : Visit=1 : 28
---------------------------
median imbalance = 0.314927
depth=1 : removed 0/45
depth=2 : removed 47/94
nodes left = 1739
steps left = 10
using 0.0753013s out of 8.5339s left
----MOST-BALANCED-MOVES----
CIRCLE (1, 1) Q=78.8% : H=1 : Visit=6 : 44
CROSS  (2, 1) Q=50.8% : H=1 : Visit=1 : 27
---------------------------
median imbalance = 0.234659
depth=1 : removed 0/45
depth=2 : removed 48/95
nodes left = 1691
steps left = 10
using 0.0746369s out of 8.4586s left
----MOST-BALANCED-MOVES----
CIRCLE (1, 1) Q=75.8% : H=1 : Visit=7 : 44
CROSS  (2, 1) Q=50.8% : H=1 : Visit=1 : 27
---------------------------
median imbalance = 0.198498
depth=1 : removed 0/45
depth=2 : removed 48/95
nodes left = 1643
steps left = 10
using 0.0739783s out of 8.38397s left
----MOST-BALANCED-MOVES----
CIRCLE (5, 0) Q=73.1% : H=1 : Visit=8 : 44
CROSS  (2, 2) Q=49.3% : H=1 : Visit=1 : 27
---------------------------
median imbalance = 0.168994
depth=1 : removed 0/45
depth=2 : removed 40/79
nodes left = 1603
steps left = 10
using 0.0733255s out of 8.30999s left
----MOST-BALANCED-MOVES----
CIRCLE (5, 0) Q=69.1% : H=1 : Visit=9 : 44
CROSS  (2, 2) Q=49.3% : H=1 : Visit=1 : 27
---------------------------
median imbalance = 0.152093
depth=1 : removed 0/45
depth=2 : removed 44/88
nodes left = 1559
steps left = 10
using 0.0726785s out of 8.23666s left
----MOST-BALANCED-MOVES----
CIRCLE (2, 1) Q=85% : H=1 : Visit=10 : 44
CROSS  (3, 1) Q=50.4% : H=1 : Visit=1 : 25
---------------------------
median imbalance = 0.147785
depth=1 : removed 0/45
depth=2 : removed 46/92
nodes left = 1513
steps left = 10
using 0.0720372s out of 8.16398s left
----MOST-BALANCED-MOVES----
CIRCLE (2, 1) Q=82.1% : H=1 : Visit=11 : 44
CROSS  (3, 1) Q=50.4% : H=1 : Visit=1 : 25
---------------------------
median imbalance = 0.131625
depth=1 : removed 0/45
depth=2 : removed 47/94
nodes left = 1466
steps left = 10
using 0.0714016s out of 8.09195s left
----MOST-BALANCED-MOVES----
CIRCLE (2, 1) Q=80% : H=1 : Visit=12 : 44
CROSS  (3, 1) Q=50.4% : H=1 : Visit=1 : 25
---------------------------
median imbalance = 0.121229
depth=1 : removed 0/45
depth=2 : removed 48/95
nodes left = 1418
steps left = 10
using 0.0707715s out of 8.02054s left
----MOST-BALANCED-MOVES----
CIRCLE (2, 1) Q=80.7% : H=1 : Visit=13 : 44
CROSS  (3, 1) Q=50.4% : H=1 : Visit=1 : 25
---------------------------
median imbalance = 0.103591
depth=1 : removed 0/45
depth=2 : removed 49/97
nodes left = 1369
steps left = 10
using 0.0701471s out of 7.94977s left
----MOST-BALANCED-MOVES----
CIRCLE (2, 1) Q=78.9% : H=1 : Visit=14 : 44
CROSS  (3, 1) Q=50.4% : H=1 : Visit=1 : 25
---------------------------
median imbalance = 0.0679891
depth=1 : removed 0/45
depth=2 : removed 48/96
nodes left = 1321
steps left = 10
using 0.0695281s out of 7.87963s left
----MOST-BALANCED-MOVES----
CIRCLE (2, 1) Q=75.4% : H=1 : Visit=15 : 44
CROSS  (3, 1) Q=50.4% : H=1 : Visit=1 : 25
---------------------------
median imbalance = 0.0647457
depth=1 : removed 0/45
depth=2 : removed 48/96
nodes left = 1273
steps left = 10
using 0.0689146s out of 7.8101s left
----MOST-BALANCED-MOVES----
CIRCLE (2, 1) Q=76.5% : H=0.999 : Visit=16 : 44
CROSS  (3, 1) Q=50.4% : H=1 : Visit=1 : 25
---------------------------
median imbalance = 0.0578439
depth=1 : removed 0/45
depth=2 : removed 49/97
nodes left = 1224
steps left = 10
using 0.0683065s out of 7.74118s left
----MOST-BALANCED-MOVES----
CIRCLE (2, 1) Q=74.4% : H=1 : Visit=17 : 44
CROSS  (3, 1) Q=50.4% : H=1 : Visit=1 : 25
---------------------------
median imbalance = 0.0473083
depth=1 : removed 0/45
depth=2 : removed 40/80
nodes left = 1184
steps left = 10
using 0.0677038s out of 7.67288s left
----MOST-BALANCED-MOVES----
CIRCLE (2, 1) Q=74% : H=1 : Visit=18 : 44
CROSS  (3, 1) Q=50.4% : H=1 : Visit=1 : 25
---------------------------
median imbalance = 0.110239
depth=1 : removed 0/45
depth=2 : removed 44/88
nodes left = 1140
steps left = 10
using 0.0671064s out of 7.60517s left
----MOST-BALANCED-MOVES----
CIRCLE (6, 0) Q=51.7% : H=1 : Visit=17 : 44
CROSS  (5, 0) Q=50.3% : H=1 : Visit=1 : 31
---------------------------
median imbalance = 0.223511
depth=1 : removed 0/45
depth=2 : removed 48/96
nodes left = 1092
steps left = 10
using 0.0665143s out of 7.53807s left
----MOST-BALANCED-MOVES----
CIRCLE (6, 0) Q=49.6% : H=1 : Visit=18 : 44
CROSS  (5, 0) Q=50.3% : H=1 : Visit=1 : 31
---------------------------
median imbalance = 0.0393173
depth=1 : removed 0/45
depth=2 : removed 41/82
nodes left = 1051
steps left = 10
using 0.0659274s out of 7.47155s left
----MOST-BALANCED-MOVES----
CIRCLE (6, 0) Q=47.3% : H=1 : Visit=19 : 44
CROSS  (5, 0) Q=50.3% : H=1 : Visit=1 : 31
---------------------------
median imbalance = 0.0481109
depth=1 : removed 0/45
depth=2 : removed 47/93
nodes left = 1004
steps left = 9
using 0.098891s out of 7.40562s left
----MOST-BALANCED-MOVES----
CIRCLE (2, 2) Q=77.4% : H=1 : Visit=23 : 44
CROSS  (6, 3) Q=49.7% : H=1 : Visit=1 : 19
---------------------------
median imbalance = 0.0390639
depth=1 : removed 0/45
depth=2 : removed 49/97
nodes left = 955
steps left = 9
using 0.0975705s out of 7.30673s left
----MOST-BALANCED-MOVES----
CIRCLE (2, 2) Q=77.1% : H=1 : Visit=24 : 44
CROSS  (6, 3) Q=49.7% : H=1 : Visit=1 : 19
---------------------------
median imbalance = 0.0368158
depth=1 : removed 0/45
depth=2 : removed 50/99
nodes left = 905
steps left = 9
using 0.0962676s out of 7.20916s left
----MOST-BALANCED-MOVES----
CIRCLE (2, 2) Q=75.8% : H=1 : Visit=25 : 44
CROSS  (6, 3) Q=49.7% : H=1 : Visit=1 : 19
---------------------------
median imbalance = 0.0357415
depth=1 : removed 0/45
depth=2 : removed 51/102
nodes left = 854
steps left = 9
using 0.0949821s out of 7.1129s left
----MOST-BALANCED-MOVES----
CIRCLE (2, 2) Q=75.2% : H=1 : Visit=27 : 44
CROSS  (6, 3) Q=49.7% : H=1 : Visit=1 : 19
---------------------------
median imbalance = 0.032069
depth=1 : removed 0/45
depth=2 : removed 50/99
nodes left = 804
steps left = 9
using 0.0937137s out of 7.01791s left
----MOST-BALANCED-MOVES----
CIRCLE (2, 2) Q=74.3% : H=0.999 : Visit=28 : 44
CROSS  (6, 3) Q=49.7% : H=1 : Visit=1 : 19
---------------------------
median imbalance = 0.0379015
depth=1 : removed 0/45
depth=2 : removed 52/103
nodes left = 752
steps left = 9
using 0.0924623s out of 6.9242s left
----MOST-BALANCED-MOVES----
CIRCLE (3, 1) Q=78.4% : H=0.999 : Visit=30 : 44
CROSS  (7, 4) Q=50.1% : H=1 : Visit=1 : 25
---------------------------
median imbalance = 0.0306505
depth=1 : removed 0/45
depth=2 : removed 51/101
nodes left = 701
steps left = 9
using 0.0912276s out of 6.83174s left
----MOST-BALANCED-MOVES----
CIRCLE (3, 1) Q=78.3% : H=1 : Visit=31 : 44
CROSS  (7, 4) Q=50.1% : H=1 : Visit=1 : 25
---------------------------
median imbalance = 0.0276809
depth=1 : removed 0/45
depth=2 : removed 49/98
nodes left = 652
steps left = 9
using 0.0900094s out of 6.74051s left
----MOST-BALANCED-MOVES----
CIRCLE (3, 1) Q=77.8% : H=1 : Visit=32 : 44
CROSS  (7, 4) Q=50.1% : H=1 : Visit=1 : 25
---------------------------
median imbalance = 0.0282785
depth=1 : removed 0/45
depth=2 : removed 50/100
nodes left = 602
steps left = 9
using 0.0888075s out of 6.6505s left
----MOST-BALANCED-MOVES----
CIRCLE (3, 1) Q=76.7% : H=0.999 : Visit=34 : 44
CROSS  (7, 4) Q=50.1% : H=1 : Visit=1 : 25
---------------------------
median imbalance = 0.0258466
depth=1 : removed 0/45
depth=2 : removed 50/100
nodes left = 552
steps left = 9
using 0.0876216s out of 6.56169s left
----MOST-BALANCED-MOVES----
CIRCLE (3, 1) Q=77.2% : H=1 : Visit=35 : 44
CROSS  (7, 4) Q=50.1% : H=1 : Visit=1 : 25
---------------------------
median imbalance = 0.0229877
depth=1 : removed 0/45
depth=2 : removed 49/98
nodes left = 503
steps left = 8
using 0.131432s out of 6.47407s left
----MOST-BALANCED-MOVES----
CIRCLE (3, 1) Q=77.2% : H=1 : Visit=36 : 44
CROSS  (7, 4) Q=50.1% : H=1 : Visit=1 : 25
---------------------------
median imbalance = 0.228225
depth=1 : removed 3/45
depth=2 : removed 73/146
nodes left = 430
steps left = 8
using 0.128764s out of 6.34264s left
----MOST-BALANCED-MOVES----
CIRCLE (3, 1) Q=76.9% : H=1 : Visit=39 : 44
CROSS  (7, 4) Q=50.1% : H=1 : Visit=1 : 25
---------------------------
median imbalance = 0.122615
depth=1 : removed 7/45
depth=2 : removed 74/147
nodes left = 356
steps left = 8
using 0.12615s out of 6.21388s left
----MOST-BALANCED-MOVES----
CIRCLE (3, 1) Q=77.8% : H=0.999 : Visit=42 : 44
CROSS  (7, 4) Q=50.1% : H=1 : Visit=1 : 25
---------------------------
median imbalance = 0.113857
depth=1 : removed 10/45
depth=2 : removed 76/151
nodes left = 280
steps left = 8
using 0.123589s out of 6.08773s left
----MOST-BALANCED-MOVES----
CIRCLE (3, 1) Q=77.9% : H=0.999 : Visit=45 : 44
CROSS  (7, 4) Q=50.1% : H=1 : Visit=1 : 25
---------------------------
median imbalance = 0.0978846
depth=1 : removed 12/45
depth=2 : removed 71/141
nodes left = 209
steps left = 7
using 0.185384s out of 5.96414s left
----MOST-BALANCED-MOVES----
CIRCLE (8, 2) Q=60.6% : H=1 : Visit=43 : 44
CROSS  (10, 4) Q=50.2% : H=1 : Visit=1 : 25
---------------------------
median imbalance = 0.0990463
depth=1 : removed 15/45
depth=2 : removed 60/120
nodes left = 149
steps left = 7
using 0.179621s out of 5.77875s left
----MOST-BALANCED-MOVES----
CIRCLE (8, 2) Q=59.8% : H=1 : Visit=46 : 44
CROSS  (10, 4) Q=50.2% : H=1 : Visit=1 : 25
---------------------------
median imbalance = 0.123143
depth=1 : removed 18/45
depth=2 : removed 48/95
nodes left = 101
steps left = 6
using 0.269432s out of 5.59913s left
----MOST-BALANCED-MOVES----
CIRCLE (10, 5) Q=51.7% : H=1 : Visit=46 : 44
CROSS  (7, 1) Q=49.6% : H=1 : Visit=1 : 40
---------------------------
median imbalance = 0.150838
depth=1 : removed 19/45
depth=2 : removed 41/82
nodes left = 60
steps left = 5
using 0.404148s out of 5.3297s left
----MOST-BALANCED-MOVES----
CIRCLE (6, 0) Q=25.2% : H=0.999 : Visit=42 : 44
CROSS  (5, 0) Q=50.3% : H=1 : Visit=1 : 31
---------------------------
median imbalance = 0.105016
depth=1 : removed 26/45
depth=2 : removed 29/60
nodes left = 31
steps left = 4
using 0.606222s out of 4.92555s left
----MOST-BALANCED-MOVES----
CIRCLE (7, 5) Q=63.2% : H=1 : Visit=68 : 44
CROSS  (10, 5) Q=49.9% : H=0.999 : Visit=22 : 30
---------------------------
median imbalance = 0.0664551
depth=1 : removed 36/45
depth=2 : removed 16/31
nodes left = 15
steps left = 3
using 0.909333s out of 4.31933s left
----MOST-BALANCED-MOVES----
CIRCLE (7, 1) Q=60% : H=1 : Visit=81 : 44
CROSS  (4, 3) Q=49.7% : H=1 : Visit=13 : 33
---------------------------
median imbalance = 0.032236
depth=1 : removed 41/45
depth=2 : removed 8/15
nodes left = 7
steps left = 2
using 1.364s out of 3.41s left
----MOST-BALANCED-MOVES----
CIRCLE (8, 2) Q=55.8% : H=1 : Visit=129 : 44
CROSS  (4, 3) Q=50.1% : H=0.999 : Visit=22 : 31
---------------------------
median imbalance = 0.0450614
depth=1 : removed 42/45
depth=2 : removed 4/7
nodes left = 3
steps left = 1
using 2.046s out of 2.046s left
----MOST-BALANCED-MOVES----
CIRCLE (7, 1) Q=55% : H=0.999 : Visit=273 : 44
CROSS  (4, 3) Q=50.6% : H=0.999 : Visit=118 : 33
---------------------------
median imbalance = 0.0333435
depth=1 : removed 44/45
depth=2 : removed 2/3
Answered : MESSAGE depth 1-14 ev 57.1 n 4663 n/s 370 tm 12590 pv Oh1 Xe3 Og4 Xh4 Og5 Xg6 Of3 Xg2 Of1 Xg1 Oh5 Xe2 Of2 Xe5
Overall 45 children
sum of visits = 534
BEST
CIRCLE (7, 1) Q=50.9% : H=1 : Visit=490 : 44
CIRCLE (8, 2) Q=0% : H=0 : Visit=1 : 44
CIRCLE (7, 3) Q=0% : H=0 : Visit=1 : 44
CIRCLE (3, 3) Q=0% : H=0 : Visit=1 : 44
CIRCLE (6, 5) Q=0% : H=0 : Visit=1 : 44
CIRCLE (2, 2) Q=0% : H=0 : Visit=1 : 44
CIRCLE (5, 1) Q=0% : H=0 : Visit=1 : 44
CIRCLE (4, 3) Q=0% : H=0 : Visit=1 : 44
CIRCLE (6, 1) Q=0% : H=0 : Visit=1 : 44
CIRCLE (10, 1) Q=0% : H=0 : Visit=1 : 44
WORST
CIRCLE (7, 2) Q=0% : H=0 : Visit=1 : 44
CIRCLE (6, 2) Q=0% : H=0 : Visit=1 : 44
CIRCLE (2, 1) Q=0% : H=0 : Visit=1 : 44
CIRCLE (6, 3) Q=0% : H=0 : Visit=1 : 44
CIRCLE (3, 1) Q=0% : H=0 : Visit=1 : 44
CIRCLE (6, 4) Q=0% : H=0 : Visit=1 : 44
CIRCLE (5, 3) Q=0% : H=0 : Visit=1 : 44
CIRCLE (9, 5) Q=0% : H=0 : Visit=1 : 44
CIRCLE (7, 5) Q=0% : H=0 : Visit=1 : 44
CIRCLE (9, 3) Q=0% : H=0 : Visit=1 : 44
  X    1   1  _   _   _   _   _   _   _   _   _   _   _   _ 
   1   1   1  _   _   _   _   _   _   _   _   _   _   _   _ 
   1   1   1   1  _   _   _   _   _   _   _   _   _   _   _ 
   1   1   1   1  _   _   _   _   _   _   _   _   _   _   _ 
   1  O    1   1  _   _   _   _   _   _   _   _   _   _   _ 
   1   1   1   1  _   _   _   _   _   _   _   _   _   _   _ 
   1   1   1   1   1   1  _   _   _   _   _   _   _   _   _ 
  _  917   1   1   1   1  _   _   _   _   _   _   _   _   _ 
  _    1   1  X    1   1  _   _   _   _   _   _   _   _   _ 
  _    1   1   1   1   1  _   _   _   _   _   _   _   _   _ 
  _    1   1   1   1   1  _   _   _   _   _   _   _   _   _ 
  _   _   _   _   _   _   _   _   _   _   _   _   _   _   _ 
  _   _   _   _   _   _   _   _   _   _   _   _   _   _   _ 
  _   _   _   _   _   _   _   _   _   _   _   _   _   _   _ 
  _   _   _   _   _   _   _   _   _   _   _   _   _   _   _ 

nodes used 133k / 42M (0.3%)
memory = 1285.67 MB
0 : CROSS  (-1, -1) Q=42.8% : H=1 : Visit=4643 : 45
1 : CIRCLE (7, 1) Q=50.9% : H=1 : Visit=490 : 44
2 : CROSS  (4, 3) Q=52.9% : H=0.999 : Visit=335 : 33
3 : CIRCLE (6, 4) Q=49.5% : H=0.37 : Visit=192 : 20
4 : CROSS  (7, 4) Q=52.4% : H=0.507 : Visit=117 : 23
5 : CIRCLE (6, 5) Q=48.2% : H=0.821 : Visit=101 : 24
6 : CROSS  (6, 6) Q=54.8% : H=0.588 : Visit=80 : 38
7 : CIRCLE (5, 3) Q=49.7% : H=0.3 : Visit=39 : 18
8 : CROSS  (6, 2) Q=56.5% : H=0.609 : Visit=32 : 40
9 : CIRCLE (5, 1) Q=49.3% : H=0.236 : Visit=10 : 15
10 : CROSS  (6, 1) Q=55.1% : H=0.666 : Visit=6 : 31
11 : CIRCLE (7, 5) Q=50.9% : H=0.45 : Visit=4 : 9
12 : CROSS  (4, 2) Q=56% : H=0.482 : Visit=2 : 24
13 : CIRCLE (5, 2) Q=40.8% : H=0.6 : Visit=1 : 10
14 : CROSS  (4, 5) Q=0% : H=0 : Visit=0 : 0
Total 14 moves ahead
----NNCACHE-INFO----
memory = 5.73056 MB / 857.112MB
stored = 5088 elements
calls  = 5281
hits   = 170 (3.2%)
--------------------
----MOST-BALANCED-MOVES----
CIRCLE (7, 1) Q=50.9% : H=1 : Visit=490 : 44
CROSS  (4, 3) Q=52.9% : H=0.999 : Visit=335 : 33
---------------------------
Answered : 1,7 3,4
Got : END
