Compiled on Apr 23 2020 at 02:42:48
Launched in Engine\
Answered : MESSAGE Detected following devices : CPU : GenuineIntel : 4 x AVX with 4043MB of memory
Answered : MESSAGE Using : CPU : GenuineIntel : 4 x AVX with 4043MB of memory
Got : START 15
Answered : OK
Got : INFO max_memory 2306867200
Got : INFO timeout_match 60000
Got : INFO timeout_turn 60000
Got : INFO game_type 1
Got : INFO rule 1
Got : INFO time_left 60000
Got : SWAP2BOARD
Got : 14,7
Got : 14,6
Got : 11,2
Got : DONE
Answered : MESSAGE depth 1-10 ev 40.7 n 601 n/s 400 tm 1500 pv Of11 Xd9 Og10 Xc10 Oe8 Xc9 Oc8 Xf9 Oe9 Xa14
Overall 222 children
sum of visits = 584
BEST
CIRCLE (5, 11) Q=42.6% : H=0.309 : Visit=229 : 35
CIRCLE (5, 10) Q=40.2% : H=0.432 : Visit=201 : 30
CIRCLE (4, 9) Q=43.6% : H=0.054 : Visit=62 : 33
CIRCLE (4, 10) Q=40.5% : H=0.075 : Visit=42 : 25
CIRCLE (6, 10) Q=35.4% : H=0.084 : Visit=25 : 31
CIRCLE (5, 9) Q=32.5% : H=0.02 : Visit=4 : 31
CIRCLE (6, 11) Q=30.3% : H=0.003 : Visit=2 : 32
CIRCLE (6, 9) Q=41% : H=0 : Visit=1 : 28
CIRCLE (7, 10) Q=37.1% : H=0.004 : Visit=1 : 28
CIRCLE (4, 8) Q=36.2% : H=0.003 : Visit=1 : 33
WORST
CIRCLE (2, 5) Q=0% : H=0 : Visit=0 : 0
CIRCLE (1, 12) Q=0% : H=0 : Visit=0 : 0
CIRCLE (11, 10) Q=0% : H=0 : Visit=0 : 0
CIRCLE (0, 7) Q=0% : H=0 : Visit=0 : 0
CIRCLE (5, 1) Q=0% : H=0 : Visit=0 : 0
CIRCLE (0, 11) Q=0% : H=0 : Visit=0 : 0
CIRCLE (0, 8) Q=0% : H=0 : Visit=0 : 0
CIRCLE (0, 9) Q=0% : H=0 : Visit=0 : 0
CIRCLE (11, 11) Q=0% : H=0 : Visit=0 : 0
CIRCLE (0, 10) Q=0% : H=0 : Visit=0 : 0
  _   _   _   _   _   _   _   _   _   _   _   _   _   _   _ 
  _   _   _   _   _   _   _   _   _   _   _   _   _   _   _ 
  _   _   _   _   _   _   _   _   _   _   _   X   _   _   _ 
  _   _   _   _   _   _   _   _   _   _   _   _   _   _   _ 
  _   _   _   _   _   _   _   _    1 106  71   1  _   _   _ 
  _   _   _   _   _   _   _   _    1   6 344 392  _   _   _ 
  _   _   _   _   _   _   _    1   1   1  42   3   1  _   O 
  _   _   _   _   _   _   _   _    1   1   1   1  _   _   X 
  _   _   _   _   _   _   _   _    1  _    1   1  _   _   _ 
  _   _   _   _   _   _   _   _   _   _    1   1  _   _   _ 
  _   _   _   _   _   _   _    1  _    1   1  _   _   _   _ 
  _   _   _   _   _   _   _   _   _   _   _   _   _   _   _ 
  _   _   _   _   _   _   _   _   _   _   _   _   _   _   _ 
  _   _   _   _   _   _   _   _   _   _   _   _   _   _   _ 
  _   _   _   _   _   _   _   _   _   _   _   _   _   _   _ 

nodes used 13k / 42M (0%)
memory = 1285.67 MB
0 : CROSS  (-1, -1) Q=59.2% : H=1 : Visit=585 : 222
1 : CIRCLE (5, 11) Q=42.6% : H=0.309 : Visit=229 : 35
2 : CROSS  (3, 9) Q=62.9% : H=0.105 : Visit=48 : 26
3 : CIRCLE (6, 10) Q=35.4% : H=0.551 : Visit=24 : 22
4 : CROSS  (2, 10) Q=67.1% : H=0.524 : Visit=13 : 31
5 : CIRCLE (4, 8) Q=34% : H=0.53 : Visit=7 : 22
6 : CROSS  (2, 9) Q=69% : H=0.663 : Visit=5 : 15
7 : CIRCLE (2, 8) Q=41.9% : H=0.662 : Visit=3 : 30
8 : CROSS  (5, 9) Q=53.5% : H=0.396 : Visit=2 : 11
9 : CIRCLE (4, 9) Q=49.4% : H=0.98 : Visit=1 : 21
10 : CROSS  (0, 14) Q=0% : H=0 : Visit=0 : 0
Total 10 moves ahead
----NNCACHE-INFO----
memory = 0.612701 MB / 857.112MB
stored = 544 elements
calls  = 601
hits   = 57 (9.4%)
--------------------
nodes left = 1406
steps left = 10
using 0.079414s out of 9s left
median imbalance = 0.362962
depth=1 : removed 0/38
depth=2 : removed 24/48
nodes left = 1382
steps left = 10
using 0.0787133s out of 8.92059s left
----MOST-BALANCED-MOVES----
CIRCLE (1, 11) Q=52.2% : H=1 : Visit=1 : 37
CROSS  (0, 9) Q=47.7% : H=1 : Visit=1 : 34
---------------------------
median imbalance = 0.269216
depth=1 : removed 0/38
depth=2 : removed 36/72
nodes left = 1346
steps left = 10
using 0.0780188s out of 8.84187s left
----MOST-BALANCED-MOVES----
CIRCLE (2, 13) Q=47.3% : H=1 : Visit=2 : 37
CROSS  (0, 10) Q=49.7% : H=1 : Visit=1 : 27
---------------------------
median imbalance = 0.170188
depth=1 : removed 0/38
depth=2 : removed 42/84
nodes left = 1304
steps left = 10
using 0.0773303s out of 8.76385s left
----MOST-BALANCED-MOVES----
CIRCLE (2, 13) Q=49.8% : H=1 : Visit=4 : 37
CROSS  (0, 10) Q=49.7% : H=1 : Visit=1 : 27
---------------------------
median imbalance = 0.145275
depth=1 : removed 0/38
depth=2 : removed 45/90
nodes left = 1259
steps left = 10
using 0.076648s out of 8.68652s left
----MOST-BALANCED-MOVES----
CIRCLE (2, 13) Q=51.1% : H=1 : Visit=5 : 37
CROSS  (0, 10) Q=49.7% : H=1 : Visit=1 : 27
---------------------------
median imbalance = 0.10932
depth=1 : removed 0/38
depth=2 : removed 47/93
nodes left = 1212
steps left = 10
using 0.0759717s out of 8.60988s left
----MOST-BALANCED-MOVES----
CIRCLE (2, 13) Q=45.5% : H=1 : Visit=6 : 37
CROSS  (0, 10) Q=49.7% : H=1 : Visit=1 : 27
---------------------------
median imbalance = 0.10077
depth=1 : removed 0/38
depth=2 : removed 47/94
nodes left = 1165
steps left = 10
using 0.0753013s out of 8.5339s left
----MOST-BALANCED-MOVES----
CIRCLE (2, 13) Q=41% : H=1 : Visit=7 : 37
CROSS  (0, 10) Q=49.7% : H=1 : Visit=1 : 27
---------------------------
median imbalance = 0.0915483
depth=1 : removed 0/38
depth=2 : removed 48/95
nodes left = 1117
steps left = 10
using 0.0746369s out of 8.4586s left
----MOST-BALANCED-MOVES----
CIRCLE (2, 13) Q=38.7% : H=1 : Visit=8 : 37
CROSS  (0, 10) Q=49.7% : H=1 : Visit=1 : 27
---------------------------
median imbalance = 0.070196
depth=1 : removed 0/38
depth=2 : removed 48/95
nodes left = 1069
steps left = 10
using 0.0739783s out of 8.38397s left
----MOST-BALANCED-MOVES----
CIRCLE (1, 12) Q=39.6% : H=1 : Visit=10 : 37
CROSS  (1, 13) Q=49.9% : H=1 : Visit=1 : 39
---------------------------
median imbalance = 0.0697131
depth=1 : removed 0/38
depth=2 : removed 48/96
nodes left = 1021
steps left = 9
using 0.110967s out of 8.30999s left
----MOST-BALANCED-MOVES----
CIRCLE (1, 12) Q=36.5% : H=1 : Visit=11 : 37
CROSS  (1, 13) Q=49.9% : H=1 : Visit=1 : 39
---------------------------
median imbalance = 0.170532
depth=1 : removed 0/38
depth=2 : removed 74/147
nodes left = 947
steps left = 9
using 0.109486s out of 8.19902s left
----MOST-BALANCED-MOVES----
CIRCLE (1, 12) Q=34.4% : H=1 : Visit=13 : 37
CROSS  (1, 13) Q=49.9% : H=1 : Visit=1 : 39
---------------------------
median imbalance = 0.145355
depth=1 : removed 0/38
depth=2 : removed 77/153
nodes left = 870
steps left = 9
using 0.108024s out of 8.08953s left
----MOST-BALANCED-MOVES----
CIRCLE (1, 12) Q=31% : H=1 : Visit=15 : 37
CROSS  (1, 13) Q=49.9% : H=1 : Visit=1 : 39
---------------------------
median imbalance = 0.131704
depth=1 : removed 0/38
depth=2 : removed 80/159
nodes left = 790
steps left = 9
using 0.106581s out of 7.98151s left
----MOST-BALANCED-MOVES----
CIRCLE (1, 12) Q=28.2% : H=1 : Visit=17 : 37
CROSS  (1, 13) Q=49.9% : H=1 : Visit=1 : 39
---------------------------
median imbalance = 0.0966851
depth=1 : removed 0/38
depth=2 : removed 88/175
nodes left = 702
steps left = 9
using 0.105158s out of 7.87493s left
----MOST-BALANCED-MOVES----
CIRCLE (1, 12) Q=26.8% : H=1 : Visit=19 : 37
CROSS  (1, 13) Q=49.9% : H=1 : Visit=1 : 39
---------------------------
median imbalance = 0.0780268
depth=1 : removed 0/38
depth=2 : removed 84/167
nodes left = 618
steps left = 9
using 0.103754s out of 7.76977s left
----MOST-BALANCED-MOVES----
CIRCLE (1, 12) Q=24.8% : H=1 : Visit=21 : 37
CROSS  (1, 13) Q=49.9% : H=1 : Visit=1 : 39
---------------------------
median imbalance = 0.0691945
depth=1 : removed 0/38
depth=2 : removed 82/163
nodes left = 536
steps left = 9
using 0.102368s out of 7.66602s left
----MOST-BALANCED-MOVES----
CIRCLE (1, 12) Q=23.9% : H=1 : Visit=23 : 37
CROSS  (1, 13) Q=49.9% : H=1 : Visit=1 : 39
---------------------------
median imbalance = 0.0627972
depth=1 : removed 0/38
depth=2 : removed 81/161
nodes left = 455
steps left = 8
using 0.153552s out of 7.56365s left
----MOST-BALANCED-MOVES----
CIRCLE (1, 12) Q=24.3% : H=1 : Visit=25 : 37
CROSS  (1, 13) Q=49.9% : H=1 : Visit=1 : 39
---------------------------
median imbalance = 0.0755229
depth=1 : removed 1/38
depth=2 : removed 87/173
nodes left = 368
steps left = 8
using 0.150435s out of 7.4101s left
----MOST-BALANCED-MOVES----
CIRCLE (1, 12) Q=25.1% : H=1 : Visit=27 : 37
CROSS  (1, 13) Q=49.9% : H=1 : Visit=1 : 39
---------------------------
median imbalance = 0.0615988
depth=1 : removed 4/38
depth=2 : removed 85/170
nodes left = 283
steps left = 8
using 0.147381s out of 7.25966s left
----MOST-BALANCED-MOVES----
CIRCLE (1, 12) Q=24.8% : H=0.999 : Visit=29 : 37
CROSS  (1, 13) Q=49.9% : H=1 : Visit=1 : 39
---------------------------
median imbalance = 0.0558003
depth=1 : removed 4/38
depth=2 : removed 77/154
nodes left = 206
steps left = 7
using 0.221071s out of 7.11228s left
----MOST-BALANCED-MOVES----
CIRCLE (3, 11) Q=63.1% : H=0.999 : Visit=42 : 37
CROSS  (5, 12) Q=50% : H=1 : Visit=3 : 25
---------------------------
median imbalance = 0.0680498
depth=1 : removed 6/38
depth=2 : removed 74/148
nodes left = 132
steps left = 7
using 0.2142s out of 6.89121s left
----MOST-BALANCED-MOVES----
CIRCLE (4, 9) Q=68.2% : H=1 : Visit=49 : 37
CROSS  (3, 11) Q=50% : H=1 : Visit=5 : 19
---------------------------
median imbalance = 0.056318
depth=1 : removed 9/38
depth=2 : removed 57/114
nodes left = 75
steps left = 6
using 0.3213s out of 6.67701s left
----MOST-BALANCED-MOVES----
CIRCLE (1, 12) Q=26.4% : H=0.999 : Visit=38 : 37
CROSS  (1, 13) Q=49.9% : H=1 : Visit=1 : 39
---------------------------
median imbalance = 0.0416494
depth=1 : removed 15/38
depth=2 : removed 38/75
nodes left = 37
steps left = 5
using 0.48195s out of 6.35571s left
----MOST-BALANCED-MOVES----
CIRCLE (1, 9) Q=43.7% : H=1 : Visit=49 : 37
CROSS  (9, 12) Q=49.9% : H=1 : Visit=5 : 30
---------------------------
median imbalance = 0.0221035
depth=1 : removed 26/38
depth=2 : removed 18/37
nodes left = 19
steps left = 4
using 0.722924s out of 5.87376s left
----MOST-BALANCED-MOVES----
CIRCLE (2, 9) Q=57.1% : H=0.999 : Visit=66 : 37
CROSS  (4, 13) Q=50% : H=1 : Visit=7 : 21
---------------------------
median imbalance = 0.0152158
depth=1 : removed 29/38
depth=2 : removed 9/19
nodes left = 10
steps left = 3
using 1.08439s out of 5.15084s left
----MOST-BALANCED-MOVES----
CIRCLE (4, 14) Q=32.9% : H=1 : Visit=72 : 37
CROSS  (8, 14) Q=50% : H=0.999 : Visit=33 : 49
---------------------------
median imbalance = 0.0152789
depth=1 : removed 33/38
depth=2 : removed 5/10
nodes left = 5
steps left = 2
using 1.62658s out of 4.06645s left
----MOST-BALANCED-MOVES----
CIRCLE (0, 11) Q=38.8% : H=1 : Visit=119 : 37
CROSS  (9, 14) Q=50% : H=1 : Visit=81 : 48
---------------------------
median imbalance = 0.0129214
depth=1 : removed 36/38
depth=2 : removed 3/5
nodes left = 2
steps left = 1
using 2.43987s out of 2.43987s left
----MOST-BALANCED-MOVES----
CIRCLE (5, 14) Q=46.3% : H=0.999 : Visit=263 : 37
CROSS  (9, 14) Q=49.1% : H=1 : Visit=180 : 45
---------------------------
median imbalance = 0.010401
depth=1 : removed 37/38
depth=2 : removed 1/2
Answered : MESSAGE depth 1-13 ev 48.1 n 4696 n/s 369 tm 12700 pv Oa11 Xj14 Oe9 Xe10 Of11 Xg9 Of10 Xg11 Og8 Xf8 Oh10 Xi10 Ob9
Overall 38 children
sum of visits = 821
BEST
CIRCLE (0, 11) Q=48.1% : H=1 : Visit=784 : 37
CIRCLE (5, 14) Q=0% : H=0 : Visit=1 : 37
CIRCLE (5, 12) Q=0% : H=0 : Visit=1 : 37
CIRCLE (2, 9) Q=0% : H=0 : Visit=1 : 37
CIRCLE (3, 11) Q=0% : H=0 : Visit=1 : 37
CIRCLE (3, 10) Q=0% : H=0 : Visit=1 : 37
CIRCLE (3, 9) Q=0% : H=0 : Visit=1 : 37
CIRCLE (3, 13) Q=0% : H=0 : Visit=1 : 37
CIRCLE (4, 14) Q=0% : H=0 : Visit=1 : 37
CIRCLE (6, 12) Q=0% : H=0 : Visit=1 : 37
WORST
CIRCLE (0, 10) Q=0% : H=0 : Visit=1 : 37
CIRCLE (8, 13) Q=0% : H=0 : Visit=1 : 37
CIRCLE (4, 10) Q=0% : H=0 : Visit=1 : 37
CIRCLE (4, 12) Q=0% : H=0 : Visit=1 : 37
CIRCLE (1, 12) Q=0% : H=0 : Visit=1 : 37
CIRCLE (1, 11) Q=0% : H=0 : Visit=1 : 37
CIRCLE (2, 12) Q=0% : H=0 : Visit=1 : 37
CIRCLE (1, 9) Q=0% : H=0 : Visit=1 : 37
CIRCLE (6, 13) Q=0% : H=0 : Visit=1 : 37
CIRCLE (3, 12) Q=0% : H=0 : Visit=1 : 37
  _   _   _   _   _   _   _   _   _    1   1 954   1   1  _ 
  _   _   _   _   _   _   _   _   _    1   1   1   1   1  _ 
  _   _   _   _   _   _   _   _   _    1   1  X    1   1  _ 
  _   _   _   _   _   _   _   _   _    1   1   1   1   1  _ 
  _   _   _   _   _   _   _   _   _    1   1   1   1   1   1
  _   _   _   _   _   _   _   _   _   _   _   _    1   1   1
  _   _   _   _   _   _   _   _   _   _   _   _    1   1  O 
  _   _   _   _   _   _   _   _   _   _   _   _    1   1  X 
  _   _   _   _   _   _   _   _   _   _   _   _    1   1   1
  _   _   _   _   _   _   _   _   _   _   _   _    1   1   1
  _   _   _   _   _   _   _   _   _   _   _   _   _   _   _ 
  _   _   _   _   _   _   _   _   _   _   _   _   _   _   _ 
  _   _   _   _   _   _   _   _   _   _   _   _   _   _   _ 
  _   _   _   _   _   _   _   _   _   _   _   _   _   _   _ 
  _   _   _   _   _   _   _   _   _   _   _   _   _   _   _ 

nodes used 136k / 42M (0.3%)
memory = 1285.67 MB
0 : CROSS  (-1, -1) Q=51.8% : H=1 : Visit=4694 : 38
1 : CIRCLE (0, 11) Q=48.1% : H=1 : Visit=784 : 37
2 : CROSS  (9, 14) Q=50.1% : H=1 : Visit=746 : 48
3 : CIRCLE (4, 9) Q=50.5% : H=0.354 : Visit=322 : 48
4 : CROSS  (4, 10) Q=48.9% : H=0.421 : Visit=128 : 22
5 : CIRCLE (5, 11) Q=53.3% : H=0.59 : Visit=96 : 32
6 : CROSS  (6, 9) Q=47.8% : H=0.335 : Visit=37 : 23
7 : CIRCLE (5, 10) Q=64.4% : H=0.105 : Visit=10 : 15
8 : CROSS  (6, 11) Q=35.7% : H=0.657 : Visit=7 : 26
9 : CIRCLE (6, 8) Q=67.6% : H=0.868 : Visit=6 : 29
10 : CROSS  (5, 8) Q=35.6% : H=0.343 : Visit=3 : 27
11 : CIRCLE (7, 10) Q=65.8% : H=0.675 : Visit=2 : 45
12 : CROSS  (8, 10) Q=38.5% : H=0.456 : Visit=1 : 52
13 : CIRCLE (1, 9) Q=0% : H=0 : Visit=0 : 0
Total 13 moves ahead
----NNCACHE-INFO----
memory = 5.65848 MB / 857.112MB
stored = 5024 elements
calls  = 5297
hits   = 271 (5.1%)
--------------------
----MOST-BALANCED-MOVES----
CIRCLE (0, 11) Q=48.1% : H=1 : Visit=784 : 37
CROSS  (9, 14) Q=50.1% : H=1 : Visit=746 : 48
---------------------------
Answered : 11,0 14,9
Got : END
