Compiled on Apr 23 2020 at 02:42:48
Launched in Engine\
Answered : MESSAGE Detected following devices : CPU : GenuineIntel : 4 x AVX with 4043MB of memory
Answered : MESSAGE Using : CPU : GenuineIntel : 4 x AVX with 4043MB of memory
Got : START 15
Answered : OK
Got : INFO max_memory 2306867200
Got : INFO timeout_match 60000
Got : INFO timeout_turn 60000
Got : INFO game_type 1
Got : INFO rule 1
Got : INFO time_left 60000
Got : SWAP2BOARD
Got : 7,7
Got : 7,8
Got : 7,3
Got : DONE
Answered : MESSAGE depth 1-14 ev 51.0 n 684 n/s 447 tm 1528 pv Oi8 Xi9 Oj8 Xh8 Oh6 Xk9 Oi6 Xg7 Of6 Xg6 Og5 Xf4 Oh4 Xd8
Overall 222 children
sum of visits = 649
BEST
CIRCLE (8, 8) Q=52.9% : H=0.317 : Visit=232 : 32
CIRCLE (8, 6) Q=53.2% : H=0.181 : Visit=134 : 32
CIRCLE (9, 8) Q=54.3% : H=0.066 : Visit=117 : 34
CIRCLE (9, 6) Q=52.5% : H=0.107 : Visit=98 : 32
CIRCLE (6, 6) Q=36.4% : H=0.093 : Visit=14 : 35
CIRCLE (7, 8) Q=34% : H=0.077 : Visit=12 : 31
CIRCLE (8, 9) Q=47% : H=0.028 : Visit=10 : 35
CIRCLE (8, 5) Q=49.4% : H=0.014 : Visit=7 : 36
CIRCLE (6, 8) Q=29.6% : H=0.059 : Visit=7 : 31
CIRCLE (7, 6) Q=36.1% : H=0.021 : Visit=4 : 31
WORST
CIRCLE (11, 5) Q=0% : H=0 : Visit=0 : 0
CIRCLE (11, 6) Q=0% : H=0 : Visit=0 : 0
CIRCLE (4, 5) Q=0% : H=0 : Visit=0 : 0
CIRCLE (7, 11) Q=0% : H=0 : Visit=0 : 0
CIRCLE (7, 3) Q=0% : H=0 : Visit=0 : 0
CIRCLE (8, 11) Q=0% : H=0 : Visit=0 : 0
CIRCLE (4, 9) Q=0% : H=0 : Visit=0 : 0
CIRCLE (11, 8) Q=0% : H=0 : Visit=0 : 0
CIRCLE (11, 9) Q=0% : H=0 : Visit=0 : 0
CIRCLE (5, 10) Q=0% : H=0 : Visit=0 : 0
  _   _   _   _   _   _   _   _   _   _   _   _   _   _   _ 
  _   _   _   _   _   _   _   _   _   _   _   _   _   _   _ 
  _   _   _   _   _   _   _   _   _   _   _   _   _   _   _ 
  _   _   _   _   _   _   _   X   _   _   _   _   _   _   _ 
  _   _   _   _   _   _   _   _   _   _   _   _   _   _   _ 
  _   _   _   _   _   _   _   _    1  _   _   _   _   _   _ 
  _   _   _   _   _    1  21   1  10   1  _   _   _   _   _ 
  _   _   _   _   _    1   6  X   18   1  _   _   _   _   _ 
  _   _   _   _   _   10 206  O  357  15  _   _   _   _   _ 
  _   _   _   _   _    1 151   1 180   1   1  _   _   _   _ 
  _   _   _   _   _    1   1   1   1  _   _   _   _   _   _ 
  _   _   _   _   _   _   _   _   _   _   _   _   _   _   _ 
  _   _   _   _   _   _   _   _   _   _   _   _   _   _   _ 
  _   _   _   _   _   _   _   _   _   _   _   _   _   _   _ 
  _   _   _   _   _   _   _   _   _   _   _   _   _   _   _ 

nodes used 16k / 42M (0%)
memory = 1285.67 MB
0 : CROSS  (-1, -1) Q=48.9% : H=1 : Visit=650 : 222
1 : CIRCLE (8, 8) Q=52.9% : H=0.317 : Visit=232 : 32
2 : CROSS  (8, 9) Q=49.7% : H=0.663 : Visit=198 : 29
3 : CIRCLE (9, 8) Q=53.1% : H=0.341 : Visit=89 : 21
4 : CROSS  (7, 8) Q=49.3% : H=0.732 : Visit=82 : 14
5 : CIRCLE (7, 6) Q=52.9% : H=0.803 : Visit=74 : 8
6 : CROSS  (10, 9) Q=45.6% : H=0.774 : Visit=52 : 21
7 : CIRCLE (8, 6) Q=67.4% : H=0.128 : Visit=25 : 28
8 : CROSS  (6, 7) Q=28.3% : H=0.329 : Visit=7 : 13
9 : CIRCLE (5, 6) Q=71.8% : H=0.872 : Visit=6 : 20
10 : CROSS  (6, 6) Q=29.7% : H=0.781 : Visit=5 : 23
11 : CIRCLE (6, 5) Q=69.1% : H=0.78 : Visit=4 : 1
12 : CROSS  (5, 4) Q=30.8% : H=1 : Visit=4 : 24
13 : CIRCLE (7, 4) Q=49% : H=0.256 : Visit=1 : 18
14 : CROSS  (3, 8) Q=0% : H=0 : Visit=0 : 0
Total 14 moves ahead
----NNCACHE-INFO----
memory = 0.738846 MB / 857.112MB
stored = 656 elements
calls  = 684
hits   = 9 (1.3%)
--------------------
nodes left = 2162
steps left = 11
using 0.0526331s out of 9s left
median imbalance = 0.460185
depth=1 : removed 0/47
depth=2 : removed 24/48
nodes left = 2138
steps left = 11
using 0.0523253s out of 8.94737s left
----MOST-BALANCED-MOVES----
CIRCLE (4, 9) Q=48.2% : H=1 : Visit=1 : 46
CROSS  (1, 5) Q=51.7% : H=1 : Visit=1 : 30
---------------------------
median imbalance = 0.425997
depth=1 : removed 0/47
depth=2 : removed 36/72
nodes left = 2102
steps left = 11
using 0.0520193s out of 8.89504s left
----MOST-BALANCED-MOVES----
CIRCLE (4, 9) Q=61% : H=1 : Visit=2 : 46
CROSS  (1, 5) Q=51.7% : H=1 : Visit=1 : 30
---------------------------
median imbalance = 0.371782
depth=1 : removed 0/47
depth=2 : removed 42/84
nodes left = 2060
steps left = 11
using 0.0517151s out of 8.84302s left
----MOST-BALANCED-MOVES----
CIRCLE (4, 9) Q=51.4% : H=1 : Visit=3 : 46
CROSS  (1, 5) Q=51.7% : H=1 : Visit=1 : 30
---------------------------
median imbalance = 0.316754
depth=1 : removed 0/47
depth=2 : removed 45/90
nodes left = 2015
steps left = 10
using 0.0775726s out of 8.79131s left
----MOST-BALANCED-MOVES----
CIRCLE (4, 7) Q=49.1% : H=1 : Visit=4 : 46
CROSS  (1, 8) Q=49.3% : H=1 : Visit=1 : 32
---------------------------
median imbalance = 0.28184
depth=1 : removed 0/47
depth=2 : removed 47/93
nodes left = 1968
steps left = 10
using 0.0768881s out of 8.71373s left
----MOST-BALANCED-MOVES----
CIRCLE (4, 7) Q=48.5% : H=1 : Visit=5 : 46
CROSS  (1, 8) Q=49.3% : H=1 : Visit=1 : 32
---------------------------
median imbalance = 0.261565
depth=1 : removed 0/47
depth=2 : removed 47/94
nodes left = 1921
steps left = 10
using 0.0762097s out of 8.63685s left
----MOST-BALANCED-MOVES----
CIRCLE (4, 7) Q=47.7% : H=1 : Visit=6 : 46
CROSS  (1, 8) Q=49.3% : H=1 : Visit=1 : 32
---------------------------
median imbalance = 0.247717
depth=1 : removed 0/47
depth=2 : removed 48/95
nodes left = 1873
steps left = 10
using 0.0755372s out of 8.56064s left
----MOST-BALANCED-MOVES----
CIRCLE (4, 7) Q=42.2% : H=1 : Visit=7 : 46
CROSS  (1, 8) Q=49.3% : H=1 : Visit=1 : 32
---------------------------
median imbalance = 0.218247
depth=1 : removed 0/47
depth=2 : removed 48/95
nodes left = 1825
steps left = 10
using 0.0748707s out of 8.4851s left
----MOST-BALANCED-MOVES----
CIRCLE (4, 7) Q=42.9% : H=1 : Visit=8 : 46
CROSS  (1, 8) Q=49.3% : H=1 : Visit=1 : 32
---------------------------
median imbalance = 0.19099
depth=1 : removed 0/47
depth=2 : removed 48/95
nodes left = 1777
steps left = 10
using 0.07421s out of 8.41023s left
----MOST-BALANCED-MOVES----
CIRCLE (4, 7) Q=42.9% : H=1 : Visit=8 : 46
CROSS  (1, 8) Q=49.3% : H=1 : Visit=1 : 32
---------------------------
median imbalance = 0.220931
depth=1 : removed 0/47
depth=2 : removed 56/111
nodes left = 1721
steps left = 10
using 0.0735552s out of 8.33602s left
----MOST-BALANCED-MOVES----
CIRCLE (4, 7) Q=40.4% : H=1 : Visit=9 : 46
CROSS  (1, 8) Q=49.3% : H=1 : Visit=1 : 32
---------------------------
median imbalance = 0.167117
depth=1 : removed 0/47
depth=2 : removed 52/103
nodes left = 1669
steps left = 10
using 0.0729062s out of 8.26246s left
----MOST-BALANCED-MOVES----
CIRCLE (4, 7) Q=38.4% : H=1 : Visit=11 : 46
CROSS  (2, 9) Q=50.5% : H=1 : Visit=1 : 40
---------------------------
median imbalance = 0.150721
depth=1 : removed 0/47
depth=2 : removed 51/99
nodes left = 1618
steps left = 10
using 0.0722629s out of 8.18956s left
----MOST-BALANCED-MOVES----
CIRCLE (4, 7) Q=38.4% : H=1 : Visit=11 : 46
CROSS  (2, 9) Q=50.5% : H=1 : Visit=1 : 40
---------------------------
median imbalance = 0.137207
depth=1 : removed 0/47
depth=2 : removed 50/99
nodes left = 1568
steps left = 10
using 0.0716252s out of 8.11729s left
----MOST-BALANCED-MOVES----
CIRCLE (4, 7) Q=35.5% : H=1 : Visit=12 : 46
CROSS  (2, 9) Q=50.5% : H=1 : Visit=1 : 40
---------------------------
median imbalance = 0.122702
depth=1 : removed 0/47
depth=2 : removed 50/100
nodes left = 1518
steps left = 10
using 0.0709932s out of 8.04567s left
----MOST-BALANCED-MOVES----
CIRCLE (4, 7) Q=33.1% : H=1 : Visit=13 : 46
CROSS  (2, 9) Q=50.5% : H=1 : Visit=1 : 40
---------------------------
median imbalance = 0.10447
depth=1 : removed 0/47
depth=2 : removed 49/98
nodes left = 1469
steps left = 10
using 0.0703668s out of 7.97468s left
----MOST-BALANCED-MOVES----
CIRCLE (4, 7) Q=31.2% : H=1 : Visit=14 : 46
CROSS  (2, 9) Q=50.5% : H=1 : Visit=1 : 40
---------------------------
median imbalance = 0.0977906
depth=1 : removed 0/47
depth=2 : removed 52/103
nodes left = 1417
steps left = 10
using 0.0697459s out of 7.90431s left
----MOST-BALANCED-MOVES----
CIRCLE (4, 7) Q=29.9% : H=1 : Visit=15 : 46
CROSS  (2, 9) Q=50.5% : H=1 : Visit=1 : 40
---------------------------
median imbalance = 0.0945248
depth=1 : removed 0/47
depth=2 : removed 52/103
nodes left = 1365
steps left = 10
using 0.0691305s out of 7.83456s left
----MOST-BALANCED-MOVES----
CIRCLE (4, 7) Q=28.4% : H=0.999 : Visit=16 : 46
CROSS  (2, 9) Q=50.5% : H=1 : Visit=1 : 40
---------------------------
median imbalance = 0.083751
depth=1 : removed 0/47
depth=2 : removed 51/102
nodes left = 1314
steps left = 10
using 0.0685205s out of 7.76543s left
----MOST-BALANCED-MOVES----
CIRCLE (4, 7) Q=27% : H=1 : Visit=17 : 46
CROSS  (2, 9) Q=50.5% : H=1 : Visit=1 : 40
---------------------------
median imbalance = 0.0776676
depth=1 : removed 0/47
depth=2 : removed 51/102
nodes left = 1263
steps left = 10
using 0.0679159s out of 7.69691s left
----MOST-BALANCED-MOVES----
CIRCLE (4, 7) Q=27% : H=1 : Visit=17 : 46
CROSS  (2, 9) Q=50.5% : H=1 : Visit=1 : 40
---------------------------
median imbalance = 0.0762931
depth=1 : removed 0/47
depth=2 : removed 53/106
nodes left = 1210
steps left = 10
using 0.0673166s out of 7.629s left
----MOST-BALANCED-MOVES----
CIRCLE (4, 7) Q=26.2% : H=1 : Visit=18 : 46
CROSS  (2, 9) Q=50.5% : H=1 : Visit=1 : 40
---------------------------
median imbalance = 0.0669816
depth=1 : removed 0/47
depth=2 : removed 54/107
nodes left = 1156
steps left = 10
using 0.0667226s out of 7.56168s left
----MOST-BALANCED-MOVES----
CIRCLE (4, 7) Q=25.1% : H=1 : Visit=19 : 46
CROSS  (2, 9) Q=50.5% : H=1 : Visit=1 : 40
---------------------------
median imbalance = 0.0534059
depth=1 : removed 0/47
depth=2 : removed 52/104
nodes left = 1104
steps left = 10
using 0.0661339s out of 7.49496s left
----MOST-BALANCED-MOVES----
CIRCLE (10, 8) Q=77.8% : H=0.999 : Visit=28 : 46
CROSS  (6, 8) Q=50.4% : H=1 : Visit=1 : 21
---------------------------
median imbalance = 0.0507788
depth=1 : removed 0/47
depth=2 : removed 52/103
nodes left = 1052
steps left = 10
using 0.0655503s out of 7.42882s left
----MOST-BALANCED-MOVES----
CIRCLE (10, 8) Q=78.3% : H=0.999 : Visit=29 : 46
CROSS  (6, 8) Q=50.4% : H=1 : Visit=1 : 21
---------------------------
median imbalance = 0.0499734
depth=1 : removed 0/47
depth=2 : removed 52/101
nodes left = 1000
steps left = 9
using 0.0983255s out of 7.36327s left
----MOST-BALANCED-MOVES----
CIRCLE (10, 8) Q=78.4% : H=0.999 : Visit=30 : 46
CROSS  (6, 8) Q=50.4% : H=1 : Visit=1 : 21
---------------------------
median imbalance = 0.048415
depth=1 : removed 0/47
depth=2 : removed 51/100
nodes left = 949
steps left = 9
using 0.0970125s out of 7.26495s left
----MOST-BALANCED-MOVES----
CIRCLE (10, 8) Q=77% : H=1 : Visit=32 : 46
CROSS  (6, 8) Q=50.4% : H=1 : Visit=1 : 21
---------------------------
median imbalance = 0.102671
depth=1 : removed 0/47
depth=2 : removed 51/102
nodes left = 898
steps left = 9
using 0.095717s out of 7.16794s left
----MOST-BALANCED-MOVES----
CIRCLE (10, 8) Q=76.8% : H=0.999 : Visit=33 : 46
CROSS  (6, 8) Q=50.4% : H=1 : Visit=1 : 21
---------------------------
median imbalance = 0.0451481
depth=1 : removed 0/47
depth=2 : removed 50/100
nodes left = 848
steps left = 9
using 0.0944389s out of 7.07222s left
----MOST-BALANCED-MOVES----
CIRCLE (10, 8) Q=77.1% : H=0.999 : Visit=34 : 46
CROSS  (6, 8) Q=50.4% : H=1 : Visit=1 : 21
---------------------------
median imbalance = 0.0431954
depth=1 : removed 0/47
depth=2 : removed 50/100
nodes left = 798
steps left = 9
using 0.0931778s out of 6.97778s left
----MOST-BALANCED-MOVES----
CIRCLE (10, 8) Q=75.7% : H=1 : Visit=36 : 46
CROSS  (8, 6) Q=50.1% : H=1 : Visit=1 : 22
---------------------------
median imbalance = 0.0409119
depth=1 : removed 0/47
depth=2 : removed 49/98
nodes left = 749
steps left = 9
using 0.0919335s out of 6.8846s left
----MOST-BALANCED-MOVES----
CIRCLE (10, 8) Q=76% : H=1 : Visit=37 : 46
CROSS  (8, 6) Q=50.1% : H=1 : Visit=1 : 22
---------------------------
median imbalance = 0.0396546
depth=1 : removed 0/47
depth=2 : removed 49/97
nodes left = 700
steps left = 9
using 0.0907059s out of 6.79267s left
----MOST-BALANCED-MOVES----
CIRCLE (10, 8) Q=76.5% : H=0.999 : Visit=38 : 46
CROSS  (8, 6) Q=50.1% : H=1 : Visit=1 : 22
---------------------------
median imbalance = 0.0384657
depth=1 : removed 0/47
depth=2 : removed 48/96
nodes left = 652
steps left = 9
using 0.0894947s out of 6.70196s left
----MOST-BALANCED-MOVES----
CIRCLE (10, 8) Q=76.9% : H=1 : Visit=40 : 46
CROSS  (8, 6) Q=50.1% : H=1 : Visit=1 : 22
---------------------------
median imbalance = 0.0382988
depth=1 : removed 3/47
depth=2 : removed 48/96
nodes left = 604
steps left = 9
using 0.0882996s out of 6.61247s left
----MOST-BALANCED-MOVES----
CIRCLE (10, 8) Q=77% : H=1 : Visit=41 : 46
CROSS  (8, 6) Q=50.1% : H=1 : Visit=1 : 22
---------------------------
median imbalance = 0.0673498
depth=1 : removed 4/47
depth=2 : removed 48/96
nodes left = 556
steps left = 9
using 0.0871205s out of 6.52417s left
----MOST-BALANCED-MOVES----
CIRCLE (10, 8) Q=77.4% : H=0.999 : Visit=42 : 46
CROSS  (8, 6) Q=50.1% : H=1 : Visit=1 : 22
---------------------------
median imbalance = 0.0381761
depth=1 : removed 5/47
depth=2 : removed 46/91
nodes left = 510
steps left = 8
using 0.130681s out of 6.43705s left
----MOST-BALANCED-MOVES----
CIRCLE (10, 8) Q=78.3% : H=1 : Visit=44 : 46
CROSS  (8, 6) Q=50.1% : H=1 : Visit=1 : 22
---------------------------
median imbalance = 0.404173
depth=1 : removed 7/47
depth=2 : removed 60/119
nodes left = 450
steps left = 8
using 0.128028s out of 6.30637s left
----MOST-BALANCED-MOVES----
CIRCLE (8, 5) Q=84.5% : H=1 : Visit=50 : 46
CROSS  (8, 6) Q=49.8% : H=1 : Visit=5 : 17
---------------------------
median imbalance = 0.335107
depth=1 : removed 7/47
depth=2 : removed 61/121
nodes left = 389
steps left = 8
using 0.125429s out of 6.17834s left
----MOST-BALANCED-MOVES----
CIRCLE (6, 9) Q=66.3% : H=1 : Visit=46 : 46
CROSS  (9, 8) Q=49.7% : H=1 : Visit=1 : 32
---------------------------
median imbalance = 0.17674
depth=1 : removed 9/47
depth=2 : removed 52/103
nodes left = 337
steps left = 8
using 0.122882s out of 6.05291s left
----MOST-BALANCED-MOVES----
CIRCLE (10, 8) Q=73.6% : H=0.999 : Visit=53 : 46
CROSS  (6, 8) Q=50.3% : H=1 : Visit=3 : 21
---------------------------
median imbalance = 0.160539
depth=1 : removed 9/47
depth=2 : removed 52/101
nodes left = 285
steps left = 8
using 0.120388s out of 5.93003s left
----MOST-BALANCED-MOVES----
CIRCLE (4, 7) Q=17.6% : H=1 : Visit=37 : 46
CROSS  (2, 9) Q=50.5% : H=1 : Visit=1 : 40
---------------------------
median imbalance = 0.215037
depth=1 : removed 9/47
depth=2 : removed 51/101
nodes left = 234
steps left = 7
using 0.180581s out of 5.80964s left
----MOST-BALANCED-MOVES----
CIRCLE (4, 7) Q=17.8% : H=1 : Visit=39 : 46
CROSS  (2, 9) Q=50.5% : H=1 : Visit=1 : 40
---------------------------
median imbalance = 0.167856
depth=1 : removed 10/47
depth=2 : removed 46/93
nodes left = 188
steps left = 7
using 0.174968s out of 5.62906s left
----MOST-BALANCED-MOVES----
CIRCLE (9, 5) Q=72.6% : H=0.999 : Visit=64 : 46
CROSS  (6, 8) Q=50.1% : H=1 : Visit=10 : 25
---------------------------
median imbalance = 0.151817
depth=1 : removed 11/47
depth=2 : removed 41/81
nodes left = 147
steps left = 7
using 0.16953s out of 5.45409s left
----MOST-BALANCED-MOVES----
CIRCLE (4, 7) Q=21% : H=1 : Visit=44 : 46
CROSS  (2, 9) Q=50.5% : H=1 : Visit=1 : 40
---------------------------
median imbalance = 0.125298
depth=1 : removed 12/47
depth=2 : removed 39/77
nodes left = 108
steps left = 6
using 0.254295s out of 5.28456s left
----MOST-BALANCED-MOVES----
CIRCLE (4, 7) Q=23.2% : H=1 : Visit=47 : 46
CROSS  (2, 9) Q=50.5% : H=1 : Visit=1 : 40
---------------------------
median imbalance = 0.149736
depth=1 : removed 14/47
depth=2 : removed 40/79
nodes left = 68
steps left = 6
using 0.242058s out of 5.03027s left
----MOST-BALANCED-MOVES----
CIRCLE (5, 6) Q=46.8% : H=0.999 : Visit=60 : 46
CROSS  (2, 6) Q=49.8% : H=1 : Visit=7 : 25
---------------------------
median imbalance = 0.137958
depth=1 : removed 26/47
depth=2 : removed 34/68
nodes left = 34
steps left = 5
using 0.363087s out of 4.78821s left
----MOST-BALANCED-MOVES----
CIRCLE (3, 6) Q=12% : H=1 : Visit=49 : 46
CROSS  (10, 9) Q=49.8% : H=1 : Visit=4 : 32
---------------------------
median imbalance = 0.0661249
depth=1 : removed 34/47
depth=2 : removed 16/34
nodes left = 18
steps left = 4
using 0.54463s out of 4.42512s left
----MOST-BALANCED-MOVES----
CIRCLE (5, 8) Q=46% : H=1 : Visit=72 : 46
CROSS  (9, 8) Q=50.5% : H=1 : Visit=9 : 28
---------------------------
median imbalance = 0.0639079
depth=1 : removed 40/47
depth=2 : removed 8/18
nodes left = 10
steps left = 3
using 0.816946s out of 3.88049s left
----MOST-BALANCED-MOVES----
CIRCLE (6, 6) Q=59.5% : H=0.999 : Visit=106 : 46
CROSS  (9, 6) Q=49% : H=1 : Visit=48 : 30
---------------------------
median imbalance = 0.0279037
depth=1 : removed 42/47
depth=2 : removed 4/10
nodes left = 6
steps left = 2
using 1.22542s out of 3.06355s left
----MOST-BALANCED-MOVES----
CIRCLE (4, 5) Q=41.3% : H=1 : Visit=129 : 46
CROSS  (10, 6) Q=49.9% : H=1 : Visit=75 : 31
---------------------------
median imbalance = 0.0488832
depth=1 : removed 44/47
depth=2 : removed 3/6
nodes left = 3
steps left = 1
using 1.83813s out of 1.83813s left
----MOST-BALANCED-MOVES----
CIRCLE (6, 6) Q=52.9% : H=0.999 : Visit=301 : 46
CROSS  (9, 6) Q=50.2% : H=0.999 : Visit=243 : 30
---------------------------
median imbalance = 0.0206974
depth=1 : removed 45/47
depth=2 : removed 1/3
nodes left = 2
steps left = 1
using 0s out of 0s left
----MOST-BALANCED-MOVES----
CIRCLE (4, 5) Q=49% : H=1 : Visit=524 : 46
CROSS  (10, 6) Q=48.7% : H=1 : Visit=470 : 31
---------------------------
median imbalance = 0.0220285
depth=1 : removed 46/47
depth=2 : removed 1/2
Answered : MESSAGE depth 1-11 ev 50.3 n 5045 n/s 372 tm 13556 pv Oe5 Xk6 Oh8 Xg7 Og9 Xf10 Of7 Xf9 Oe8 Xf8 Oc7
Overall 47 children
sum of visits = 579
BEST
CIRCLE (4, 5) Q=48.9% : H=1 : Visit=533 : 46
CIRCLE (5, 8) Q=0% : H=0 : Visit=1 : 46
CIRCLE (10, 9) Q=0% : H=0 : Visit=1 : 46
CIRCLE (8, 9) Q=0% : H=0 : Visit=1 : 46
CIRCLE (6, 9) Q=0% : H=0 : Visit=1 : 46
CIRCLE (4, 7) Q=0% : H=0 : Visit=1 : 46
CIRCLE (8, 8) Q=0% : H=0 : Visit=1 : 46
CIRCLE (5, 7) Q=0% : H=0 : Visit=1 : 46
CIRCLE (6, 7) Q=0% : H=0 : Visit=1 : 46
CIRCLE (3, 8) Q=0% : H=0 : Visit=1 : 46
WORST
CIRCLE (8, 6) Q=0% : H=0 : Visit=1 : 46
CIRCLE (10, 7) Q=0% : H=0 : Visit=1 : 46
CIRCLE (6, 8) Q=0% : H=0 : Visit=1 : 46
CIRCLE (9, 6) Q=0% : H=0 : Visit=1 : 46
CIRCLE (10, 8) Q=0% : H=0 : Visit=1 : 46
CIRCLE (9, 7) Q=0% : H=0 : Visit=1 : 46
CIRCLE (7, 5) Q=0% : H=0 : Visit=1 : 46
CIRCLE (10, 6) Q=0% : H=0 : Visit=1 : 46
CIRCLE (6, 6) Q=0% : H=0 : Visit=1 : 46
CIRCLE (4, 8) Q=0% : H=0 : Visit=1 : 46
  _   _   _   _   _   _   _   _   _   _   _   _   _   _   _ 
  _   _   _   _   _    1   1   1   1   1  _   _   _   _   _ 
  _   _   _   _   _    1   1   1   1   1  _   _   _   _   _ 
  _   _   _   _   _    1   1  X    1   1  _   _   _   _   _ 
  _   _   _   _   _  920   1   1   1   1  _   _   _   _   _ 
  _   _   _   _   _    1   1   1   1   1  _   _   _   _   _ 
  _   _   _   _   _    1   1   1   1   1  _   _   _   _   _ 
  _   _   _   _   _    1   1  X    1   1  _   _   _   _   _ 
  _   _   _   _   _    1   1  O    1   1  _   _   _   _   _ 
  _   _   _   _   _    1   1   1   1   1  _   _   _   _   _ 
  _   _   _   _   _    1   1   1   1   1  _   _   _   _   _ 
  _   _   _   _   _   _   _   _   _   _   _   _   _   _   _ 
  _   _   _   _   _   _   _   _   _   _   _   _   _   _   _ 
  _   _   _   _   _   _   _   _   _   _   _   _   _   _   _ 
  _   _   _   _   _   _   _   _   _   _   _   _   _   _   _ 

nodes used 188k / 42M (0.4%)
memory = 1285.67 MB
0 : CROSS  (-1, -1) Q=49.6% : H=1 : Visit=5002 : 47
1 : CIRCLE (4, 5) Q=48.9% : H=1 : Visit=533 : 46
2 : CROSS  (10, 6) Q=48.8% : H=1 : Visit=479 : 31
3 : CIRCLE (7, 8) Q=55.4% : H=0.124 : Visit=200 : 32
4 : CROSS  (6, 7) Q=54.5% : H=0.032 : Visit=100 : 28
5 : CIRCLE (6, 9) Q=43% : H=0.456 : Visit=38 : 13
6 : CROSS  (5, 10) Q=58.1% : H=0.723 : Visit=26 : 33
7 : CIRCLE (5, 7) Q=56.3% : H=0.165 : Visit=12 : 39
8 : CROSS  (5, 9) Q=37.8% : H=0.199 : Visit=3 : 29
9 : CIRCLE (4, 8) Q=65.2% : H=0.619 : Visit=2 : 29
10 : CROSS  (5, 8) Q=28.6% : H=0.368 : Visit=1 : 33
11 : CIRCLE (2, 7) Q=0% : H=0 : Visit=0 : 0
Total 11 moves ahead
----NNCACHE-INFO----
memory = 6.23514 MB / 857.112MB
stored = 5536 elements
calls  = 5729
hits   = 130 (2.2%)
--------------------
----MOST-BALANCED-MOVES----
CIRCLE (4, 5) Q=48.9% : H=1 : Visit=533 : 46
CROSS  (10, 6) Q=48.8% : H=1 : Visit=479 : 31
---------------------------
Answered : 5,4 6,10
Got : END
