Compiled on Apr 23 2020 at 02:42:48
Launched in Engine\
Answered : MESSAGE Detected following devices : CPU : GenuineIntel : 4 x AVX with 4043MB of memory
Answered : MESSAGE Using : CPU : GenuineIntel : 4 x AVX with 4043MB of memory
Got : START 15
Answered : OK
Got : INFO max_memory 2306867200
Got : INFO timeout_match 60000
Got : INFO timeout_turn 60000
Got : INFO game_type 1
Got : INFO rule 1
Got : INFO time_left 60000
Got : SWAP2BOARD
Got : 1,2
Got : 2,1
Got : 6,1
Got : DONE
Answered : MESSAGE depth 1-11 ev 47.2 n 342 n/s 227 tm 1500 pv Oe4 Xe5 Of4 Xg4 Og5 Xh6 Of3 Xf5 Oh3 Xg2 Ob4
Overall 222 children
sum of visits = 325
BEST
CIRCLE (4, 4) Q=48.8% : H=0.44 : Visit=158 : 31
CIRCLE (4, 6) Q=49.4% : H=0.324 : Visit=106 : 32
CIRCLE (4, 5) Q=43.4% : H=0.103 : Visit=21 : 29
CIRCLE (5, 4) Q=41.6% : H=0.068 : Visit=13 : 33
CIRCLE (3, 5) Q=43.6% : H=0.005 : Visit=2 : 28
CIRCLE (5, 5) Q=42.9% : H=0.011 : Visit=2 : 35
CIRCLE (3, 4) Q=38.4% : H=0.009 : Visit=2 : 22
CIRCLE (4, 3) Q=32.2% : H=0.025 : Visit=2 : 34
CIRCLE (5, 6) Q=49.2% : H=0 : Visit=1 : 35
CIRCLE (3, 6) Q=45.3% : H=0 : Visit=1 : 35
WORST
CIRCLE (0, 7) Q=0% : H=0 : Visit=0 : 0
CIRCLE (6, 1) Q=0% : H=0 : Visit=0 : 0
CIRCLE (7, 13) Q=0% : H=0 : Visit=0 : 0
CIRCLE (5, 13) Q=0% : H=0 : Visit=0 : 0
CIRCLE (8, 14) Q=0% : H=0 : Visit=0 : 0
CIRCLE (6, 13) Q=0% : H=0 : Visit=0 : 0
CIRCLE (6, 14) Q=0% : H=0 : Visit=0 : 0
CIRCLE (7, 14) Q=0% : H=0 : Visit=0 : 0
CIRCLE (0, 5) Q=0% : H=0 : Visit=0 : 0
CIRCLE (0, 6) Q=0% : H=0 : Visit=0 : 0
  _   _   _   _   _   _   _   _   _   _   _   _   _   _   _ 
  _   _   O   _   _   _   X   _   _   _   _   _   _   _   _ 
  _   X   _   _    3   3  _   _   _   _   _   _   _   _   _ 
  _   _    3   3   6   6   3   3  _   _   _   _   _   _   _ 
  _   _    3   6 486  64 326   3   3   3  _   _   _   _   _ 
  _   _   _    3  40   6   3   3   3  _   _   _   _   _   _ 
  _   _   _   _    3   3   3   3  _   _   _   _   _   _   _ 
  _   _   _   _   _   _   _   _   _   _   _   _   _   _   _ 
  _   _   _   _   _   _   _   _   _   _   _   _   _   _   _ 
  _   _   _   _   _   _   _   _   _   _   _   _   _   _   _ 
  _   _   _   _   _   _   _   _   _    3  _   _   _   _   _ 
  _   _   _   _   _   _   _   _   _   _   _   _   _   _   _ 
  _   _   _   _   _   _   _   _   _   _   _   _   _   _   _ 
  _   _   _   _   _   _   _   _   _   _   _   _   _   _   _ 
  _   _   _   _   _   _   _   _   _   _   _   _   _   _   _ 

nodes used 8k / 42M (0%)
memory = 1285.67 MB
0 : CROSS  (-1, -1) Q=52.7% : H=0.999 : Visit=326 : 222
1 : CIRCLE (4, 4) Q=48.8% : H=0.44 : Visit=158 : 31
2 : CROSS  (4, 5) Q=57% : H=0.345 : Visit=87 : 27
3 : CIRCLE (5, 4) Q=42.1% : H=0.474 : Visit=39 : 23
4 : CROSS  (6, 4) Q=60.5% : H=0.698 : Visit=30 : 36
5 : CIRCLE (6, 5) Q=46.7% : H=0.222 : Visit=10 : 24
6 : CROSS  (7, 6) Q=55% : H=0.641 : Visit=7 : 32
7 : CIRCLE (5, 3) Q=48% : H=0.637 : Visit=5 : 17
8 : CROSS  (5, 5) Q=56.3% : H=0.549 : Visit=3 : 27
9 : CIRCLE (7, 3) Q=43.2% : H=0.617 : Visit=2 : 26
10 : CROSS  (6, 2) Q=74% : H=0.708 : Visit=1 : 46
11 : CIRCLE (1, 4) Q=0% : H=0.002 : Visit=0 : 0
Total 11 moves ahead
----NNCACHE-INFO----
memory = 0.378433 MB / 857.112MB
stored = 336 elements
calls  = 342
hits   = 6 (1.7%)
--------------------
nodes left = 1332
steps left = 10
using 0.079414s out of 9s left
median imbalance = 0.344967
depth=1 : removed 0/37
depth=2 : removed 16/32
nodes left = 1316
steps left = 10
using 0.0787133s out of 8.92059s left
----MOST-BALANCED-MOVES----
CIRCLE (0, 1) Q=49.9% : H=1 : Visit=1 : 36
CROSS  (0, 0) Q=50% : H=1 : Visit=1 : 33
---------------------------
median imbalance = 0.311101
depth=1 : removed 0/37
depth=2 : removed 24/48
nodes left = 1292
steps left = 10
using 0.0780188s out of 8.84187s left
----MOST-BALANCED-MOVES----
CIRCLE (0, 1) Q=49.9% : H=1 : Visit=1 : 36
CROSS  (0, 0) Q=50% : H=1 : Visit=1 : 33
---------------------------
median imbalance = 0.258044
depth=1 : removed 0/37
depth=2 : removed 28/56
nodes left = 1264
steps left = 10
using 0.0773303s out of 8.76385s left
----MOST-BALANCED-MOVES----
CIRCLE (0, 1) Q=44.7% : H=1 : Visit=2 : 36
CROSS  (0, 0) Q=50% : H=1 : Visit=1 : 33
---------------------------
median imbalance = 0.0971783
depth=1 : removed 0/37
depth=2 : removed 30/60
nodes left = 1234
steps left = 10
using 0.076648s out of 8.68652s left
----MOST-BALANCED-MOVES----
CIRCLE (0, 1) Q=40.8% : H=1 : Visit=3 : 36
CROSS  (0, 0) Q=50% : H=1 : Visit=1 : 33
---------------------------
median imbalance = 0.0541527
depth=1 : removed 0/37
depth=2 : removed 23/46
nodes left = 1211
steps left = 10
using 0.0759717s out of 8.60988s left
----MOST-BALANCED-MOVES----
CIRCLE (0, 6) Q=56.5% : H=1 : Visit=4 : 36
CROSS  (0, 3) Q=49.9% : H=1 : Visit=1 : 33
---------------------------
median imbalance = 0.0845545
depth=1 : removed 0/37
depth=2 : removed 28/55
nodes left = 1183
steps left = 10
using 0.0753013s out of 8.5339s left
----MOST-BALANCED-MOVES----
CIRCLE (0, 6) Q=54.7% : H=1 : Visit=5 : 36
CROSS  (0, 3) Q=49.9% : H=1 : Visit=1 : 33
---------------------------
median imbalance = 0.137618
depth=1 : removed 0/37
depth=2 : removed 38/75
nodes left = 1145
steps left = 10
using 0.0746369s out of 8.4586s left
----MOST-BALANCED-MOVES----
CIRCLE (0, 6) Q=53.4% : H=1 : Visit=6 : 36
CROSS  (0, 3) Q=49.9% : H=1 : Visit=1 : 33
---------------------------
median imbalance = 0.108909
depth=1 : removed 0/37
depth=2 : removed 35/69
nodes left = 1110
steps left = 10
using 0.0739783s out of 8.38397s left
----MOST-BALANCED-MOVES----
CIRCLE (0, 6) Q=53.4% : H=1 : Visit=6 : 36
CROSS  (0, 3) Q=49.9% : H=1 : Visit=1 : 33
---------------------------
median imbalance = 0.0802814
depth=1 : removed 0/37
depth=2 : removed 41/82
nodes left = 1069
steps left = 10
using 0.0733255s out of 8.30999s left
----MOST-BALANCED-MOVES----
CIRCLE (0, 6) Q=53% : H=1 : Visit=8 : 36
CROSS  (0, 3) Q=49.9% : H=1 : Visit=1 : 33
---------------------------
median imbalance = 0.0586046
depth=1 : removed 0/37
depth=2 : removed 37/73
nodes left = 1032
steps left = 10
using 0.0726785s out of 8.23666s left
----MOST-BALANCED-MOVES----
CIRCLE (0, 6) Q=53% : H=1 : Visit=8 : 36
CROSS  (0, 3) Q=49.9% : H=1 : Visit=1 : 33
---------------------------
median imbalance = 0.0444063
depth=1 : removed 0/37
depth=2 : removed 34/68
nodes left = 998
steps left = 9
using 0.109018s out of 8.16398s left
----MOST-BALANCED-MOVES----
CIRCLE (0, 6) Q=53.7% : H=1 : Visit=9 : 36
CROSS  (0, 3) Q=49.9% : H=1 : Visit=1 : 33
---------------------------
median imbalance = 0.0894756
depth=1 : removed 0/37
depth=2 : removed 49/98
nodes left = 949
steps left = 9
using 0.107562s out of 8.05497s left
----MOST-BALANCED-MOVES----
CIRCLE (0, 6) Q=50.3% : H=1 : Visit=11 : 36
CROSS  (0, 3) Q=49.9% : H=1 : Visit=1 : 33
---------------------------
median imbalance = 0.0648793
depth=1 : removed 0/37
depth=2 : removed 65/129
nodes left = 884
steps left = 9
using 0.106126s out of 7.9474s left
----MOST-BALANCED-MOVES----
CIRCLE (0, 6) Q=44.2% : H=1 : Visit=13 : 36
CROSS  (0, 3) Q=49.9% : H=1 : Visit=1 : 33
---------------------------
median imbalance = 0.0499557
depth=1 : removed 0/37
depth=2 : removed 64/128
nodes left = 820
steps left = 9
using 0.104709s out of 7.84128s left
----MOST-BALANCED-MOVES----
CIRCLE (0, 6) Q=41.7% : H=1 : Visit=14 : 36
CROSS  (0, 3) Q=49.9% : H=1 : Visit=1 : 33
---------------------------
median imbalance = 0.0352806
depth=1 : removed 0/37
depth=2 : removed 56/112
nodes left = 764
steps left = 9
using 0.10331s out of 7.73657s left
----MOST-BALANCED-MOVES----
CIRCLE (0, 6) Q=39.7% : H=1 : Visit=15 : 36
CROSS  (0, 3) Q=49.9% : H=1 : Visit=1 : 33
---------------------------
median imbalance = 0.0272314
depth=1 : removed 0/37
depth=2 : removed 52/104
nodes left = 712
steps left = 9
using 0.101931s out of 7.63326s left
----MOST-BALANCED-MOVES----
CIRCLE (0, 6) Q=40.5% : H=0.999 : Visit=16 : 36
CROSS  (0, 3) Q=49.9% : H=1 : Visit=1 : 33
---------------------------
median imbalance = 0.0255176
depth=1 : removed 0/37
depth=2 : removed 50/100
nodes left = 662
steps left = 9
using 0.10057s out of 7.53133s left
----MOST-BALANCED-MOVES----
CIRCLE (0, 6) Q=39.4% : H=1 : Visit=17 : 36
CROSS  (0, 3) Q=49.9% : H=1 : Visit=1 : 33
---------------------------
median imbalance = 0.0249295
depth=1 : removed 0/37
depth=2 : removed 49/98
nodes left = 613
steps left = 9
using 0.0992267s out of 7.43076s left
----MOST-BALANCED-MOVES----
CIRCLE (0, 6) Q=37.7% : H=1 : Visit=18 : 36
CROSS  (0, 3) Q=49.9% : H=1 : Visit=1 : 33
---------------------------
median imbalance = 0.0203982
depth=1 : removed 0/37
depth=2 : removed 41/81
nodes left = 572
steps left = 9
using 0.0979016s out of 7.33153s left
----MOST-BALANCED-MOVES----
CIRCLE (0, 6) Q=36.1% : H=1 : Visit=19 : 36
CROSS  (0, 3) Q=49.9% : H=1 : Visit=1 : 33
---------------------------
median imbalance = 0.0171614
depth=1 : removed 0/37
depth=2 : removed 36/72
nodes left = 536
steps left = 9
using 0.0965943s out of 7.23363s left
----MOST-BALANCED-MOVES----
CIRCLE (0, 6) Q=34.6% : H=1 : Visit=20 : 36
CROSS  (0, 3) Q=49.9% : H=1 : Visit=1 : 33
---------------------------
median imbalance = 0.0155193
depth=1 : removed 0/37
depth=2 : removed 34/68
nodes left = 502
steps left = 8
using 0.144891s out of 7.13704s left
----MOST-BALANCED-MOVES----
CIRCLE (0, 6) Q=33.5% : H=1 : Visit=21 : 36
CROSS  (0, 3) Q=49.9% : H=1 : Visit=1 : 33
---------------------------
median imbalance = 0.0323972
depth=1 : removed 0/37
depth=2 : removed 41/82
nodes left = 461
steps left = 8
using 0.14195s out of 6.99214s left
----MOST-BALANCED-MOVES----
CIRCLE (0, 6) Q=32.1% : H=0.999 : Visit=22 : 36
CROSS  (0, 3) Q=49.9% : H=1 : Visit=1 : 33
---------------------------
median imbalance = 0.0491155
depth=1 : removed 0/37
depth=2 : removed 45/89
nodes left = 416
steps left = 8
using 0.139068s out of 6.85019s left
----MOST-BALANCED-MOVES----
CIRCLE (0, 6) Q=31.2% : H=1 : Visit=23 : 36
CROSS  (0, 3) Q=49.9% : H=1 : Visit=1 : 33
---------------------------
median imbalance = 0.0306974
depth=1 : removed 0/37
depth=2 : removed 46/92
nodes left = 370
steps left = 8
using 0.136245s out of 6.71113s left
----MOST-BALANCED-MOVES----
CIRCLE (0, 6) Q=32.1% : H=1 : Visit=24 : 36
CROSS  (0, 3) Q=49.9% : H=1 : Visit=1 : 33
---------------------------
median imbalance = 0.0230985
depth=1 : removed 0/37
depth=2 : removed 47/94
nodes left = 323
steps left = 8
using 0.133479s out of 6.57488s left
----MOST-BALANCED-MOVES----
CIRCLE (0, 6) Q=31.7% : H=1 : Visit=25 : 36
CROSS  (0, 3) Q=49.9% : H=1 : Visit=1 : 33
---------------------------
median imbalance = 0.0761869
depth=1 : removed 0/37
depth=2 : removed 55/110
nodes left = 268
steps left = 8
using 0.130769s out of 6.4414s left
----MOST-BALANCED-MOVES----
CIRCLE (0, 6) Q=30.6% : H=1 : Visit=27 : 36
CROSS  (0, 3) Q=49.9% : H=1 : Visit=1 : 33
---------------------------
median imbalance = 0.0447848
depth=1 : removed 2/37
depth=2 : removed 52/103
nodes left = 216
steps left = 7
using 0.196154s out of 6.31063s left
----MOST-BALANCED-MOVES----
CIRCLE (0, 6) Q=29.6% : H=0.999 : Visit=28 : 36
CROSS  (0, 3) Q=49.9% : H=1 : Visit=1 : 33
---------------------------
median imbalance = 0.0806464
depth=1 : removed 4/37
depth=2 : removed 48/96
nodes left = 168
steps left = 7
using 0.190057s out of 6.11448s left
----MOST-BALANCED-MOVES----
CIRCLE (0, 6) Q=28.8% : H=0.999 : Visit=29 : 36
CROSS  (0, 3) Q=49.9% : H=1 : Visit=1 : 33
---------------------------
median imbalance = 0.0436539
depth=1 : removed 6/37
depth=2 : removed 41/83
nodes left = 127
steps left = 6
using 0.285085s out of 5.92442s left
----MOST-BALANCED-MOVES----
CIRCLE (0, 6) Q=27.4% : H=1 : Visit=31 : 36
CROSS  (0, 3) Q=49.9% : H=1 : Visit=1 : 33
---------------------------
median imbalance = 0.0442261
depth=1 : removed 14/37
depth=2 : removed 35/70
nodes left = 92
steps left = 6
using 0.271367s out of 5.63934s left
----MOST-BALANCED-MOVES----
CIRCLE (0, 6) Q=27.3% : H=0.999 : Visit=33 : 36
CROSS  (0, 3) Q=49.9% : H=1 : Visit=1 : 33
---------------------------
median imbalance = 0.0395141
depth=1 : removed 15/37
depth=2 : removed 34/68
nodes left = 58
steps left = 5
using 0.40705s out of 5.36797s left
----MOST-BALANCED-MOVES----
CIRCLE (0, 6) Q=26.8% : H=1 : Visit=35 : 36
CROSS  (0, 3) Q=49.9% : H=1 : Visit=1 : 33
---------------------------
median imbalance = 0.0549657
depth=1 : removed 19/37
depth=2 : removed 29/58
nodes left = 29
steps left = 4
using 0.610575s out of 4.96092s left
----MOST-BALANCED-MOVES----
CIRCLE (0, 6) Q=27.8% : H=1 : Visit=39 : 36
CROSS  (0, 3) Q=49.9% : H=1 : Visit=1 : 33
---------------------------
median imbalance = 0.0289044
depth=1 : removed 26/37
depth=2 : removed 15/29
nodes left = 14
steps left = 3
using 0.915862s out of 4.35035s left
----MOST-BALANCED-MOVES----
CIRCLE (2, 7) Q=53.9% : H=0.999 : Visit=58 : 36
CROSS  (3, 1) Q=49.9% : H=1 : Visit=17 : 35
---------------------------
median imbalance = 0.02011
depth=1 : removed 31/37
depth=2 : removed 7/14
nodes left = 7
steps left = 2
using 1.37379s out of 3.43448s left
----MOST-BALANCED-MOVES----
CIRCLE (0, 3) Q=34.7% : H=0.999 : Visit=65 : 36
CROSS  (0, 2) Q=50.4% : H=1 : Visit=11 : 30
---------------------------
median imbalance = 0.0133553
depth=1 : removed 33/37
depth=2 : removed 3/7
nodes left = 4
steps left = 2
using 0.824276s out of 2.06069s left
----MOST-BALANCED-MOVES----
CIRCLE (1, 0) Q=38.4% : H=0.999 : Visit=102 : 36
CROSS  (0, 0) Q=49.9% : H=0.999 : Visit=66 : 34
---------------------------
median imbalance = 0.0100942
depth=1 : removed 34/37
depth=2 : removed 1/4
nodes left = 3
steps left = 1
using 1.23641s out of 1.23641s left
----MOST-BALANCED-MOVES----
CIRCLE (2, 3) Q=51.4% : H=0.999 : Visit=212 : 36
CROSS  (4, 1) Q=49.5% : H=1 : Visit=177 : 31
---------------------------
median imbalance = 0.00821585
depth=1 : removed 35/37
depth=2 : removed 1/3
nodes left = 2
steps left = 1
using 0s out of 0s left
----MOST-BALANCED-MOVES----
CIRCLE (2, 3) Q=50.3% : H=1 : Visit=358 : 36
CROSS  (4, 1) Q=50.2% : H=0.999 : Visit=323 : 31
---------------------------
median imbalance = 0.00748952
depth=1 : removed 35/37
depth=2 : removed 0/2
nodes left = 2
steps left = 1
using 0s out of 0s left
----MOST-BALANCED-MOVES----
CIRCLE (2, 3) Q=50.2% : H=1 : Visit=366 : 36
CROSS  (4, 1) Q=50.4% : H=0.999 : Visit=331 : 31
---------------------------
median imbalance = 0.0104535
depth=1 : removed 36/37
depth=2 : removed 1/2
Answered : MESSAGE depth 1-11 ev 47.9 n 2968 n/s 213 tm 13890 pv Oc3 Xe1 Oe4 Xd4 Oc5 Xf5 Oe6 Xe7 Of3 Xd5 Ob1
Overall 37 children
sum of visits = 412
BEST
CIRCLE (2, 3) Q=50.2% : H=1 : Visit=376 : 36
CIRCLE (3, 7) Q=0% : H=0 : Visit=1 : 36
CIRCLE (3, 1) Q=0% : H=0 : Visit=1 : 36
CIRCLE (2, 6) Q=0% : H=0 : Visit=1 : 36
CIRCLE (2, 4) Q=0% : H=0 : Visit=1 : 36
CIRCLE (0, 3) Q=0% : H=0 : Visit=1 : 36
CIRCLE (3, 2) Q=0% : H=0 : Visit=1 : 36
CIRCLE (1, 7) Q=0% : H=0 : Visit=1 : 36
CIRCLE (3, 6) Q=0% : H=0 : Visit=1 : 36
CIRCLE (4, 2) Q=0% : H=0 : Visit=1 : 36
WORST
CIRCLE (0, 7) Q=0% : H=0 : Visit=1 : 36
CIRCLE (1, 3) Q=0% : H=0 : Visit=1 : 36
CIRCLE (1, 8) Q=0% : H=0 : Visit=1 : 36
CIRCLE (3, 8) Q=0% : H=0 : Visit=1 : 36
CIRCLE (1, 5) Q=0% : H=0 : Visit=1 : 36
CIRCLE (4, 3) Q=0% : H=0 : Visit=1 : 36
CIRCLE (3, 5) Q=0% : H=0 : Visit=1 : 36
CIRCLE (2, 5) Q=0% : H=0 : Visit=1 : 36
CIRCLE (0, 8) Q=0% : H=0 : Visit=1 : 36
CIRCLE (1, 0) Q=0% : H=0 : Visit=1 : 36
   2   2   2   2   2   2   2   2   2  _   _   _   _   _   _ 
   2   2  O    2   2   2  X    2   2  _   _   _   _   _   _ 
   2  X    2 912   2   2   2   2   2  _   _   _   _   _   _ 
   2   2   2   2   2   2   2   2   2  _   _   _   _   _   _ 
   2   2   2   2  _   _   _   _   _   _   _   _   _   _   _ 
  _   _   _   _   _   _   _   _   _   _   _   _   _   _   _ 
  _   _   _   _   _   _   _   _   _   _   _   _   _   _   _ 
  _   _   _   _   _   _   _   _   _   _   _   _   _   _   _ 
  _   _   _   _   _   _   _   _   _   _   _   _   _   _   _ 
  _   _   _   _   _   _   _   _   _   _   _   _   _   _   _ 
  _   _   _   _   _   _   _   _   _   _   _   _   _   _   _ 
  _   _   _   _   _   _   _   _   _   _   _   _   _   _   _ 
  _   _   _   _   _   _   _   _   _   _   _   _   _   _   _ 
  _   _   _   _   _   _   _   _   _   _   _   _   _   _   _ 
  _   _   _   _   _   _   _   _   _   _   _   _   _   _   _ 

nodes used 85k / 42M (0.2%)
memory = 1285.67 MB
0 : CROSS  (-1, -1) Q=52% : H=1 : Visit=2966 : 37
1 : CIRCLE (2, 3) Q=50.2% : H=1 : Visit=376 : 36
2 : CROSS  (4, 1) Q=50.4% : H=0.999 : Visit=341 : 31
3 : CIRCLE (4, 4) Q=49.2% : H=0.722 : Visit=225 : 24
4 : CROSS  (3, 4) Q=50.3% : H=0.504 : Visit=106 : 24
5 : CIRCLE (2, 5) Q=53.3% : H=0.32 : Visit=43 : 32
6 : CROSS  (5, 5) Q=49.4% : H=0.283 : Visit=15 : 31
7 : CIRCLE (4, 6) Q=51.7% : H=0.558 : Visit=10 : 22
8 : CROSS  (4, 7) Q=55.4% : H=0.39 : Visit=6 : 35
9 : CIRCLE (5, 3) Q=40.7% : H=0.189 : Visit=2 : 25
10 : CROSS  (3, 5) Q=80.5% : H=0.611 : Visit=1 : 33
11 : CIRCLE (1, 1) Q=0% : H=0 : Visit=0 : 0
Total 11 moves ahead
----NNCACHE-INFO----
memory = 3.67621 MB / 857.112MB
stored = 3264 elements
calls  = 3310
hits   = 44 (1.3%)
--------------------
----MOST-BALANCED-MOVES----
CIRCLE (2, 3) Q=50.2% : H=1 : Visit=376 : 36
CROSS  (4, 1) Q=50.4% : H=0.999 : Visit=341 : 31
---------------------------
Answered : 3,2 1,4
Got : END
