Compiled on Apr 23 2020 at 02:42:48
Launched in Engine\
Answered : MESSAGE Detected following devices : CPU : GenuineIntel : 4 x AVX with 4043MB of memory
Answered : MESSAGE Using : CPU : GenuineIntel : 4 x AVX with 4043MB of memory
Got : START 15
Answered : OK
Got : INFO max_memory 2306867200
Got : INFO timeout_match 60000
Got : INFO timeout_turn 60000
Got : INFO game_type 1
Got : INFO rule 1
Got : INFO time_left 60000
Got : SWAP2BOARD
Got : 11,13
Got : 10,12
Got : 11,10
Got : DONE
Answered : MESSAGE depth 1-11 ev 45.0 n 731 n/s 478 tm 1528 pv Ok9 Xj9 Ol11 Xl10 Om9 Xm8 Oi10 Xi8 Ok12 Xj13 Og8
Overall 222 children
sum of visits = 713
BEST
CIRCLE (10, 9) Q=46% : H=0.764 : Visit=585 : 29
CIRCLE (11, 11) Q=47.6% : H=0.055 : Visit=57 : 20
CIRCLE (9, 9) Q=39.2% : H=0.082 : Visit=27 : 26
CIRCLE (9, 11) Q=37.4% : H=0.064 : Visit=19 : 23
CIRCLE (10, 10) Q=33.3% : H=0.025 : Visit=5 : 24
CIRCLE (9, 8) Q=42.9% : H=0 : Visit=1 : 29
CIRCLE (12, 11) Q=38.1% : H=0.001 : Visit=1 : 21
CIRCLE (11, 8) Q=37.8% : H=0.001 : Visit=1 : 30
CIRCLE (9, 10) Q=37.1% : H=0.001 : Visit=1 : 25
CIRCLE (11, 9) Q=34.5% : H=0 : Visit=1 : 24
WORST
CIRCLE (2, 8) Q=0% : H=0 : Visit=0 : 0
CIRCLE (7, 5) Q=0% : H=0 : Visit=0 : 0
CIRCLE (2, 7) Q=0% : H=0 : Visit=0 : 0
CIRCLE (6, 7) Q=0% : H=0 : Visit=0 : 0
CIRCLE (3, 8) Q=0% : H=0 : Visit=0 : 0
CIRCLE (5, 7) Q=0% : H=0 : Visit=0 : 0
CIRCLE (4, 9) Q=0% : H=0 : Visit=0 : 0
CIRCLE (5, 9) Q=0% : H=0 : Visit=0 : 0
CIRCLE (4, 8) Q=0% : H=0 : Visit=0 : 0
CIRCLE (5, 8) Q=0% : H=0 : Visit=0 : 0
  _   _   _   _   _   _   _   _   _   _   _   _   _   _   _ 
  _   _   _   _   _   _   _   _   _   _   _   _   _   _   _ 
  _   _   _   _   _   _   _   _   _   _   _   _   _   _   _ 
  _   _   _   _   _   _   _   _   _   _   _   _   _   _   _ 
  _   _   _   _   _   _   _   _   _   _   _   _   _   _   _ 
  _   _   _   _   _   _   _   _   _   _   _   _   _   _   _ 
  _   _   _   _   _   _   _   _   _   _   _   _   _   _   _ 
  _   _   _   _   _   _   _   _   _   _   _   _   _   _   _ 
  _   _   _   _   _   _   _   _   _    1   1   1  _    1  _ 
  _   _   _   _   _   _   _   _    1  37   1  26   1  _   _ 
  _   _   _   _   _   _   _    1   1 820   7  X    1  _   _ 
  _   _   _   _   _   _   _    1   1   1   1  79   1  _   _ 
  _   _   _   _   _   _   _   _    1   1  O    1   1  _   _ 
  _   _   _   _   _   _   _   _   _   _    1  X   _   _   _ 
  _   _   _   _   _   _   _   _   _   _   _   _   _   _   _ 

nodes used 17k / 42M (0%)
memory = 1285.67 MB
0 : CROSS  (-1, -1) Q=54.9% : H=1 : Visit=714 : 222
1 : CIRCLE (10, 9) Q=46% : H=0.764 : Visit=585 : 29
2 : CROSS  (9, 9) Q=56% : H=0.371 : Visit=282 : 22
3 : CIRCLE (11, 11) Q=47.7% : H=0.381 : Visit=197 : 23
4 : CROSS  (11, 10) Q=54.4% : H=0.276 : Visit=72 : 25
5 : CIRCLE (12, 9) Q=47.1% : H=0.452 : Visit=35 : 22
6 : CROSS  (12, 8) Q=55% : H=0.707 : Visit=29 : 34
7 : CIRCLE (8, 10) Q=48.7% : H=0.476 : Visit=18 : 32
8 : CROSS  (8, 8) Q=50.9% : H=0.244 : Visit=4 : 32
9 : CIRCLE (10, 12) Q=46.6% : H=0.309 : Visit=2 : 10
10 : CROSS  (9, 13) Q=62.7% : H=0.542 : Visit=1 : 39
11 : CIRCLE (6, 8) Q=0% : H=0 : Visit=0 : 0
Total 11 moves ahead
----NNCACHE-INFO----
memory = 0.702805 MB / 857.112MB
stored = 624 elements
calls  = 731
hits   = 107 (14.6%)
--------------------
nodes left = 1332
steps left = 10
using 0.079414s out of 9s left
median imbalance = 0.246637
depth=1 : removed 0/37
depth=2 : removed 27/53
nodes left = 1305
steps left = 10
using 0.0787133s out of 8.92059s left
----MOST-BALANCED-MOVES----
CIRCLE (9, 10) Q=36.6% : H=1 : Visit=2 : 36
CROSS  (8, 9) Q=51.1% : H=1 : Visit=1 : 24
---------------------------
median imbalance = 0.199072
depth=1 : removed 0/37
depth=2 : removed 37/74
nodes left = 1268
steps left = 10
using 0.0780188s out of 8.84187s left
----MOST-BALANCED-MOVES----
CIRCLE (10, 10) Q=42.2% : H=1 : Visit=3 : 36
CROSS  (8, 11) Q=49.4% : H=1 : Visit=1 : 19
---------------------------
median imbalance = 0.159905
depth=1 : removed 0/37
depth=2 : removed 43/85
nodes left = 1225
steps left = 10
using 0.0773303s out of 8.76385s left
----MOST-BALANCED-MOVES----
CIRCLE (10, 10) Q=48.1% : H=1 : Visit=4 : 36
CROSS  (8, 11) Q=49.4% : H=1 : Visit=1 : 19
---------------------------
median imbalance = 0.15851
depth=1 : removed 0/37
depth=2 : removed 48/95
nodes left = 1177
steps left = 10
using 0.076648s out of 8.68652s left
----MOST-BALANCED-MOVES----
CIRCLE (10, 10) Q=49.7% : H=1 : Visit=6 : 36
CROSS  (8, 11) Q=49.4% : H=1 : Visit=1 : 19
---------------------------
median imbalance = 0.157242
depth=1 : removed 0/37
depth=2 : removed 50/99
nodes left = 1127
steps left = 10
using 0.0759717s out of 8.60988s left
----MOST-BALANCED-MOVES----
CIRCLE (10, 10) Q=45.6% : H=1 : Visit=8 : 36
CROSS  (8, 11) Q=49.4% : H=1 : Visit=1 : 19
---------------------------
median imbalance = 0.117875
depth=1 : removed 0/37
depth=2 : removed 49/98
nodes left = 1078
steps left = 10
using 0.0753013s out of 8.5339s left
----MOST-BALANCED-MOVES----
CIRCLE (9, 11) Q=46.6% : H=1 : Visit=9 : 36
CROSS  (9, 12) Q=50% : H=1 : Visit=1 : 19
---------------------------
median imbalance = 0.0863429
depth=1 : removed 0/37
depth=2 : removed 49/97
nodes left = 1029
steps left = 10
using 0.0746369s out of 8.4586s left
----MOST-BALANCED-MOVES----
CIRCLE (9, 11) Q=46.9% : H=1 : Visit=10 : 36
CROSS  (9, 12) Q=50% : H=1 : Visit=1 : 19
---------------------------
median imbalance = 0.0786188
depth=1 : removed 0/37
depth=2 : removed 51/102
nodes left = 978
steps left = 9
using 0.111955s out of 8.38397s left
----MOST-BALANCED-MOVES----
CIRCLE (9, 11) Q=45% : H=1 : Visit=12 : 36
CROSS  (9, 12) Q=50% : H=1 : Visit=1 : 19
---------------------------
median imbalance = 0.134846
depth=1 : removed 0/37
depth=2 : removed 76/152
nodes left = 902
steps left = 9
using 0.11046s out of 8.27201s left
----MOST-BALANCED-MOVES----
CIRCLE (9, 11) Q=46.9% : H=1 : Visit=15 : 36
CROSS  (9, 12) Q=50% : H=1 : Visit=1 : 19
---------------------------
median imbalance = 0.0920793
depth=1 : removed 0/37
depth=2 : removed 90/179
nodes left = 812
steps left = 9
using 0.108985s out of 8.16155s left
----MOST-BALANCED-MOVES----
CIRCLE (9, 11) Q=44.8% : H=1 : Visit=18 : 36
CROSS  (9, 12) Q=50% : H=1 : Visit=1 : 19
---------------------------
median imbalance = 0.063729
depth=1 : removed 0/37
depth=2 : removed 69/137
nodes left = 743
steps left = 9
using 0.10753s out of 8.05256s left
----MOST-BALANCED-MOVES----
CIRCLE (9, 11) Q=45.9% : H=1 : Visit=20 : 36
CROSS  (9, 12) Q=50% : H=1 : Visit=1 : 19
---------------------------
median imbalance = 0.0541583
depth=1 : removed 0/37
depth=2 : removed 58/116
nodes left = 685
steps left = 9
using 0.106094s out of 7.94503s left
----MOST-BALANCED-MOVES----
CIRCLE (9, 11) Q=46.7% : H=0.999 : Visit=22 : 36
CROSS  (9, 12) Q=50% : H=1 : Visit=1 : 19
---------------------------
median imbalance = 0.0464483
depth=1 : removed 0/37
depth=2 : removed 54/107
nodes left = 631
steps left = 9
using 0.104677s out of 7.83894s left
----MOST-BALANCED-MOVES----
CIRCLE (9, 11) Q=46.8% : H=1 : Visit=23 : 36
CROSS  (9, 12) Q=50% : H=1 : Visit=1 : 19
---------------------------
median imbalance = 0.0431379
depth=1 : removed 0/37
depth=2 : removed 51/101
nodes left = 580
steps left = 9
using 0.10328s out of 7.73426s left
----MOST-BALANCED-MOVES----
CIRCLE (9, 11) Q=49% : H=1 : Visit=25 : 36
CROSS  (9, 12) Q=50% : H=1 : Visit=1 : 19
---------------------------
median imbalance = 0.0401043
depth=1 : removed 0/37
depth=2 : removed 50/99
nodes left = 530
steps left = 9
using 0.1019s out of 7.63098s left
----MOST-BALANCED-MOVES----
CIRCLE (9, 11) Q=49.6% : H=1 : Visit=27 : 36
CROSS  (9, 12) Q=50% : H=1 : Visit=1 : 19
---------------------------
median imbalance = 0.0356735
depth=1 : removed 0/37
depth=2 : removed 49/97
nodes left = 481
steps left = 8
using 0.152851s out of 7.52908s left
----MOST-BALANCED-MOVES----
CIRCLE (9, 11) Q=49.3% : H=0.999 : Visit=28 : 36
CROSS  (9, 12) Q=50% : H=1 : Visit=1 : 19
---------------------------
median imbalance = 0.132226
depth=1 : removed 0/37
depth=2 : removed 72/144
nodes left = 409
steps left = 8
using 0.149747s out of 7.37623s left
----MOST-BALANCED-MOVES----
CIRCLE (9, 11) Q=52.4% : H=1 : Visit=31 : 36
CROSS  (9, 12) Q=50% : H=1 : Visit=1 : 19
---------------------------
median imbalance = 0.130202
depth=1 : removed 1/37
depth=2 : removed 81/162
nodes left = 328
steps left = 8
using 0.146707s out of 7.22649s left
----MOST-BALANCED-MOVES----
CIRCLE (9, 11) Q=57% : H=1 : Visit=35 : 36
CROSS  (9, 12) Q=50% : H=1 : Visit=1 : 19
---------------------------
median imbalance = 0.117681
depth=1 : removed 1/37
depth=2 : removed 79/158
nodes left = 249
steps left = 7
using 0.220061s out of 7.07978s left
----MOST-BALANCED-MOVES----
CIRCLE (10, 8) Q=39.6% : H=0.999 : Visit=33 : 36
CROSS  (12, 8) Q=50.1% : H=1 : Visit=1 : 30
---------------------------
median imbalance = 0.135257
depth=1 : removed 2/37
depth=2 : removed 80/159
nodes left = 169
steps left = 7
using 0.213221s out of 6.85972s left
----MOST-BALANCED-MOVES----
CIRCLE (10, 8) Q=44.8% : H=0.999 : Visit=38 : 36
CROSS  (12, 8) Q=50.1% : H=1 : Visit=1 : 30
---------------------------
median imbalance = 0.0881424
depth=1 : removed 2/37
depth=2 : removed 60/119
nodes left = 109
steps left = 6
using 0.319831s out of 6.6465s left
----MOST-BALANCED-MOVES----
CIRCLE (13, 12) Q=16% : H=0.999 : Visit=33 : 36
CROSS  (14, 10) Q=50.1% : H=1 : Visit=1 : 24
---------------------------
median imbalance = 0.0848227
depth=1 : removed 6/37
depth=2 : removed 47/93
nodes left = 62
steps left = 5
using 0.479747s out of 6.32666s left
----MOST-BALANCED-MOVES----
CIRCLE (13, 10) Q=32.1% : H=1 : Visit=40 : 36
CROSS  (12, 13) Q=49.8% : H=1 : Visit=2 : 21
---------------------------
median imbalance = 0.0607892
depth=1 : removed 13/37
depth=2 : removed 31/62
nodes left = 31
steps left = 4
using 0.719621s out of 5.84692s left
----MOST-BALANCED-MOVES----
CIRCLE (9, 13) Q=36.8% : H=1 : Visit=49 : 36
CROSS  (10, 13) Q=50.1% : H=1 : Visit=14 : 19
---------------------------
median imbalance = 0.0295421
depth=1 : removed 23/37
depth=2 : removed 16/31
nodes left = 15
steps left = 3
using 1.07943s out of 5.1273s left
----MOST-BALANCED-MOVES----
CIRCLE (12, 12) Q=43.4% : H=0.999 : Visit=65 : 36
CROSS  (12, 13) Q=50.1% : H=1 : Visit=11 : 19
---------------------------
median imbalance = 0.0268302
depth=1 : removed 30/37
depth=2 : removed 7/15
nodes left = 8
steps left = 3
using 0.852182s out of 4.04787s left
----MOST-BALANCED-MOVES----
CIRCLE (13, 13) Q=35.9% : H=0.999 : Visit=90 : 36
CROSS  (14, 10) Q=49.9% : H=1 : Visit=49 : 21
---------------------------
median imbalance = 0.0148725
depth=1 : removed 33/37
depth=2 : removed 3/8
nodes left = 5
steps left = 2
using 1.27827s out of 3.19568s left
----MOST-BALANCED-MOVES----
CIRCLE (13, 13) Q=41.5% : H=1 : Visit=149 : 36
CROSS  (14, 10) Q=49.8% : H=0.999 : Visit=108 : 21
---------------------------
median imbalance = 0.0169833
depth=1 : removed 35/37
depth=2 : removed 3/5
nodes left = 2
steps left = 1
using 1.91741s out of 1.91741s left
----MOST-BALANCED-MOVES----
CIRCLE (12, 9) Q=50.4% : H=1 : Visit=371 : 36
CROSS  (11, 10) Q=50.2% : H=0.999 : Visit=335 : 20
---------------------------
median imbalance = 0.0137954
depth=1 : removed 35/37
depth=2 : removed 0/2
nodes left = 2
steps left = 1
using 0s out of 0s left
----MOST-BALANCED-MOVES----
CIRCLE (13, 13) Q=49% : H=1 : Visit=874 : 36
CROSS  (14, 10) Q=49.4% : H=1 : Visit=833 : 21
---------------------------
median imbalance = 0.013416
depth=1 : removed 35/37
depth=2 : removed 0/2
nodes left = 2
steps left = 1
using 0s out of 0s left
----MOST-BALANCED-MOVES----
CIRCLE (13, 13) Q=49% : H=1 : Visit=885 : 36
CROSS  (14, 10) Q=49.5% : H=1 : Visit=844 : 21
---------------------------
median imbalance = 0.0134399
depth=1 : removed 36/37
depth=2 : removed 1/2
Answered : MESSAGE depth 1-14 ev 47.3 n 4951 n/s 418 tm 11824 pv On13 Xo10 Ok9 Xj9 Ol11 Xj10 Oj8 Xl10 Om9 Xi9 Oh8 Xi10 Oi8 Xg8
Overall 37 children
sum of visits = 932
BEST
CIRCLE (13, 13) Q=49% : H=1 : Visit=896 : 36
CIRCLE (9, 13) Q=0% : H=0 : Visit=1 : 36
CIRCLE (12, 9) Q=0% : H=0 : Visit=1 : 36
CIRCLE (11, 13) Q=0% : H=0 : Visit=1 : 36
CIRCLE (12, 11) Q=0% : H=0 : Visit=1 : 36
CIRCLE (9, 11) Q=0% : H=0 : Visit=1 : 36
CIRCLE (9, 9) Q=0% : H=0 : Visit=1 : 36
CIRCLE (13, 10) Q=0% : H=0 : Visit=1 : 36
CIRCLE (12, 8) Q=0% : H=0 : Visit=1 : 36
CIRCLE (9, 10) Q=0% : H=0 : Visit=1 : 36
WORST
CIRCLE (11, 10) Q=0% : H=0 : Visit=1 : 36
CIRCLE (8, 11) Q=0% : H=0 : Visit=1 : 36
CIRCLE (8, 12) Q=0% : H=0 : Visit=1 : 36
CIRCLE (14, 8) Q=0% : H=0 : Visit=1 : 36
CIRCLE (11, 11) Q=0% : H=0 : Visit=1 : 36
CIRCLE (10, 10) Q=0% : H=0 : Visit=1 : 36
CIRCLE (10, 12) Q=0% : H=0 : Visit=1 : 36
CIRCLE (9, 12) Q=0% : H=0 : Visit=1 : 36
CIRCLE (14, 11) Q=0% : H=0 : Visit=1 : 36
CIRCLE (12, 12) Q=0% : H=0 : Visit=1 : 36
  _   _   _   _   _   _   _   _   _   _   _   _   _   _   _ 
  _   _   _   _   _   _   _   _   _   _   _   _   _   _   _ 
  _   _   _   _   _   _   _   _   _   _   _   _   _   _   _ 
  _   _   _   _   _   _   _   _   _   _   _   _   _   _   _ 
  _   _   _   _   _   _   _   _   _   _   _   _   _   _   _ 
  _   _   _   _   _   _   _   _   _   _   _   _   _   _   _ 
  _   _   _   _   _   _   _   _   _   _   _   _   _   _   _ 
  _   _   _   _   _   _   _   _   _   _   _   _   _   _   _ 
  _   _   _   _   _   _   _   _   _    1   1   1   1   1  _ 
  _   _   _   _   _   _   _   _   _    1   1   1   1   1  _ 
  _   _   _   _   _   _   _   _    1   1   1  X    1   1  _ 
  _   _   _   _   _   _   _   _    1   1   1   1   1   1  _ 
  _   _   _   _   _   _   _   _    1   1  O    1   1   1  _ 
  _   _   _   _   _   _   _   _    1   1   1  X    1 961  _ 
  _   _   _   _   _   _   _   _    1   1   1   1   1   1  _ 

nodes used 118k / 42M (0.2%)
memory = 1285.67 MB
0 : CROSS  (-1, -1) Q=52.6% : H=1 : Visit=4941 : 37
1 : CIRCLE (13, 13) Q=49% : H=1 : Visit=896 : 36
2 : CROSS  (14, 10) Q=49.5% : H=1 : Visit=855 : 21
3 : CIRCLE (10, 9) Q=50.6% : H=0.685 : Visit=618 : 32
4 : CROSS  (9, 9) Q=51.4% : H=0.464 : Visit=427 : 27
5 : CIRCLE (11, 11) Q=50.7% : H=0.314 : Visit=197 : 24
6 : CROSS  (9, 10) Q=50.9% : H=0.499 : Visit=114 : 24
7 : CIRCLE (9, 8) Q=52.2% : H=0.577 : Visit=88 : 25
8 : CROSS  (11, 10) Q=49% : H=0.544 : Visit=51 : 25
9 : CIRCLE (12, 9) Q=54.5% : H=0.261 : Visit=18 : 30
10 : CROSS  (8, 9) Q=64.6% : H=0.116 : Visit=7 : 11
11 : CIRCLE (7, 8) Q=35.6% : H=0.874 : Visit=6 : 26
12 : CROSS  (8, 10) Q=69.9% : H=0.771 : Visit=5 : 30
13 : CIRCLE (8, 8) Q=25.4% : H=0.18 : Visit=1 : 21
14 : CROSS  (6, 8) Q=0% : H=0.019 : Visit=0 : 0
Total 14 moves ahead
----NNCACHE-INFO----
memory = 5.69452 MB / 857.112MB
stored = 5056 elements
calls  = 5682
hits   = 616 (10.8%)
--------------------
----MOST-BALANCED-MOVES----
CIRCLE (13, 13) Q=49% : H=1 : Visit=896 : 36
CROSS  (14, 10) Q=49.5% : H=1 : Visit=855 : 21
---------------------------
Answered : 13,13 10,14
Got : END
