Compiled on Apr 23 2020 at 02:42:48
Launched in Engine\
Answered : MESSAGE Detected following devices : CPU : GenuineIntel : 4 x AVX with 4043MB of memory
Answered : MESSAGE Using : CPU : GenuineIntel : 4 x AVX with 4043MB of memory
Got : START 15
Answered : OK
Got : INFO max_memory 2306867200
Got : INFO timeout_match 60000
Got : INFO timeout_turn 60000
Got : INFO game_type 1
Got : INFO rule 1
Got : INFO time_left 60000
Got : SWAP2BOARD
Got : 14,7
Got : 0,7
Got : 14,8
Got : DONE
Answered : MESSAGE depth 1-9 ev 50.7 n 637 n/s 416 tm 1528 pv Oh10 Xh11 Og10 Xi10 Oj9 Xf11 Og11 Xg12 Od10
Overall 222 children
sum of visits = 608
BEST
CIRCLE (7, 10) Q=51% : H=0.351 : Visit=200 : 39
CIRCLE (8, 10) Q=51.2% : H=0.243 : Visit=147 : 44
CIRCLE (7, 11) Q=51.3% : H=0.135 : Visit=69 : 40
CIRCLE (7, 4) Q=54.5% : H=0.002 : Visit=39 : 38
CIRCLE (6, 10) Q=46.1% : H=0.078 : Visit=28 : 33
CIRCLE (8, 4) Q=54.9% : H=0 : Visit=23 : 38
CIRCLE (8, 11) Q=47.3% : H=0.051 : Visit=17 : 43
CIRCLE (8, 3) Q=53.7% : H=0.005 : Visit=12 : 36
CIRCLE (6, 4) Q=53% : H=0 : Visit=11 : 42
CIRCLE (9, 10) Q=43.5% : H=0.043 : Visit=11 : 40
WORST
CIRCLE (11, 5) Q=0% : H=0 : Visit=0 : 0
CIRCLE (13, 7) Q=0% : H=0 : Visit=0 : 0
CIRCLE (12, 7) Q=0% : H=0 : Visit=0 : 0
CIRCLE (3, 7) Q=0% : H=0 : Visit=0 : 0
CIRCLE (11, 10) Q=0% : H=0 : Visit=0 : 0
CIRCLE (11, 4) Q=0% : H=0 : Visit=0 : 0
CIRCLE (2, 6) Q=0% : H=0 : Visit=0 : 0
CIRCLE (2, 7) Q=0% : H=0 : Visit=0 : 0
CIRCLE (11, 3) Q=0% : H=0 : Visit=0 : 0
CIRCLE (11, 11) Q=0% : H=0 : Visit=0 : 0
  _   _   _   _   _   _   _   _   _   _   _   _   _   _   _ 
  _   _   _   _   _   _   _   _   _   _   _   _   _   _   _ 
  _   _   _   _   _   _   _   _   _   _   _   _   _   _   _ 
  _   _   _   _   _   _   _   _   _   _   _   _   _   _   _ 
  _   _   _   _   _   _    1  _   _   _   _   _   _   _   _ 
  _   _   _    6  _   _   _    1  _   _    3   1  _   _   _ 
  _   _    1  13  18  _   _   _   _    3  46   1  _   _    1
  O   _    1   9  64  _   _   _    3   4 328 113  _   _   X 
  _   _    8  19  37  _   _   _   _    1 241  27  _   _   X 
  _   _   _    8  _   _   _    4  _   _   18   1  _   _   _ 
  _   _   _   _   _   _   _   _   _   _    3  _   _   _   _ 
  _   _   _   _   _   _   _   _   _   _   _   _   _   _   _ 
  _   _   _   _   _   _   _   _   _   _   _   _   _   _   _ 
  _   _   _   _   _   _   _   _   _   _   _   _   _   _   _ 
  _   _   _   _   _   _   _   _   _   _   _   _   _   _   _ 

nodes used 19k / 42M (0%)
memory = 1285.67 MB
0 : CROSS  (-1, -1) Q=49.2% : H=1 : Visit=609 : 222
1 : CIRCLE (7, 10) Q=51% : H=0.351 : Visit=200 : 39
2 : CROSS  (7, 11) Q=53.9% : H=0.217 : Visit=80 : 37
3 : CIRCLE (6, 10) Q=44.2% : H=0.292 : Visit=21 : 29
4 : CROSS  (8, 10) Q=55.9% : H=0.68 : Visit=15 : 16
5 : CIRCLE (9, 9) Q=49.2% : H=0.517 : Visit=10 : 52
6 : CROSS  (5, 11) Q=58.8% : H=0.226 : Visit=3 : 24
7 : CIRCLE (6, 11) Q=42.3% : H=0.643 : Visit=2 : 21
8 : CROSS  (6, 12) Q=61.1% : H=0.511 : Visit=1 : 27
9 : CIRCLE (3, 10) Q=0% : H=0 : Visit=0 : 0
Total 9 moves ahead
----NNCACHE-INFO----
memory = 0.684784 MB / 857.112MB
stored = 608 elements
calls  = 637
hits   = 16 (2.5%)
--------------------
nodes left = 870
steps left = 9
using 0.120182s out of 9s left
median imbalance = 0.264124
depth=1 : removed 0/30
depth=2 : removed 48/96
nodes left = 822
steps left = 9
using 0.118577s out of 8.87982s left
----MOST-BALANCED-MOVES----
CIRCLE (8, 13) Q=63.8% : H=1 : Visit=3 : 29
CROSS  (5, 2) Q=50.4% : H=1 : Visit=1 : 58
---------------------------
median imbalance = 0.185995
depth=1 : removed 0/30
depth=2 : removed 72/144
nodes left = 750
steps left = 9
using 0.116993s out of 8.76124s left
----MOST-BALANCED-MOVES----
CIRCLE (7, 13) Q=51.2% : H=1 : Visit=6 : 29
CROSS  (5, 13) Q=49.8% : H=1 : Visit=1 : 48
---------------------------
median imbalance = 0.151136
depth=1 : removed 0/30
depth=2 : removed 76/152
nodes left = 674
steps left = 9
using 0.115431s out of 8.64425s left
----MOST-BALANCED-MOVES----
CIRCLE (6, 13) Q=55.7% : H=1 : Visit=9 : 29
CROSS  (6, 2) Q=50% : H=1 : Visit=1 : 54
---------------------------
median imbalance = 0.1335
depth=1 : removed 0/30
depth=2 : removed 87/173
nodes left = 587
steps left = 9
using 0.11389s out of 8.52882s left
----MOST-BALANCED-MOVES----
CIRCLE (6, 13) Q=52.1% : H=1 : Visit=12 : 29
CROSS  (6, 2) Q=50% : H=1 : Visit=1 : 54
---------------------------
median imbalance = 0.102342
depth=1 : removed 0/30
depth=2 : removed 91/182
nodes left = 496
steps left = 8
using 0.170834s out of 8.41493s left
----MOST-BALANCED-MOVES----
CIRCLE (6, 13) Q=49.6% : H=1 : Visit=14 : 29
CROSS  (6, 2) Q=50% : H=1 : Visit=1 : 54
---------------------------
median imbalance = 0.0927637
depth=1 : removed 0/30
depth=2 : removed 94/187
nodes left = 402
steps left = 8
using 0.167366s out of 8.24409s left
----MOST-BALANCED-MOVES----
CIRCLE (6, 13) Q=51.8% : H=1 : Visit=18 : 29
CROSS  (6, 2) Q=50% : H=1 : Visit=1 : 54
---------------------------
median imbalance = 0.0825125
depth=1 : removed 0/30
depth=2 : removed 95/189
nodes left = 307
steps left = 8
using 0.163968s out of 8.07673s left
----MOST-BALANCED-MOVES----
CIRCLE (6, 13) Q=49.3% : H=1 : Visit=20 : 29
CROSS  (6, 2) Q=50% : H=1 : Visit=1 : 54
---------------------------
median imbalance = 0.0670226
depth=1 : removed 1/30
depth=2 : removed 96/191
nodes left = 211
steps left = 7
using 0.245953s out of 7.91276s left
----MOST-BALANCED-MOVES----
CIRCLE (6, 13) Q=51.6% : H=1 : Visit=23 : 29
CROSS  (6, 2) Q=50% : H=1 : Visit=1 : 54
---------------------------
median imbalance = 0.0671955
depth=1 : removed 4/30
depth=2 : removed 96/191
nodes left = 115
steps left = 6
using 0.368929s out of 7.66681s left
----MOST-BALANCED-MOVES----
CIRCLE (6, 13) Q=47% : H=0.999 : Visit=28 : 29
CROSS  (6, 2) Q=50% : H=1 : Visit=1 : 54
---------------------------
median imbalance = 0.0651549
depth=1 : removed 8/30
depth=2 : removed 58/115
nodes left = 57
steps left = 5
using 0.553394s out of 7.29788s left
----MOST-BALANCED-MOVES----
CIRCLE (7, 12) Q=60.2% : H=0.999 : Visit=38 : 29
CROSS  (5, 12) Q=50% : H=1 : Visit=3 : 40
---------------------------
median imbalance = 0.069283
depth=1 : removed 14/30
depth=2 : removed 29/57
nodes left = 28
steps left = 4
using 0.83009s out of 6.74448s left
----MOST-BALANCED-MOVES----
CIRCLE (6, 12) Q=55.1% : H=1 : Visit=49 : 29
CROSS  (5, 14) Q=49.9% : H=1 : Visit=6 : 24
---------------------------
median imbalance = 0.0545389
depth=1 : removed 19/30
depth=2 : removed 13/28
nodes left = 15
steps left = 3
using 1.24514s out of 5.91439s left
----MOST-BALANCED-MOVES----
CIRCLE (9, 2) Q=60.8% : H=1 : Visit=80 : 29
CROSS  (5, 14) Q=50.3% : H=1 : Visit=43 : 28
---------------------------
median imbalance = 0.0257297
depth=1 : removed 24/30
depth=2 : removed 8/15
nodes left = 7
steps left = 2
using 1.8677s out of 4.66926s left
----MOST-BALANCED-MOVES----
CIRCLE (8, 13) Q=47.8% : H=0.999 : Visit=116 : 29
CROSS  (10, 13) Q=50.4% : H=1 : Visit=78 : 45
---------------------------
median imbalance = 0.0126382
depth=1 : removed 26/30
depth=2 : removed 3/7
nodes left = 4
steps left = 2
using 1.12062s out of 2.80155s left
----MOST-BALANCED-MOVES----
CIRCLE (10, 12) Q=51.5% : H=0.999 : Visit=271 : 29
CROSS  (7, 13) Q=50.4% : H=1 : Visit=197 : 44
---------------------------
median imbalance = 0.0098234
depth=1 : removed 27/30
depth=2 : removed 1/4
nodes left = 3
steps left = 1
using 1.68093s out of 1.68093s left
----MOST-BALANCED-MOVES----
CIRCLE (6, 13) Q=50.7% : H=1 : Visit=402 : 29
CROSS  (5, 13) Q=49.6% : H=0.999 : Visit=343 : 44
---------------------------
median imbalance = 0.0091223
depth=1 : removed 29/30
depth=2 : removed 2/3
Answered : MESSAGE depth 1-12 ev 52.4 n 4456 n/s 367 tm 12121 pv Og13 Xf13 Oh10 Xf11 Of10 Xg10 Oh9 Xh11 Og12 Xg14 Of14 Xc10
Overall 30 children
sum of visits = 609
BEST
CIRCLE (6, 13) Q=49.6% : H=1 : Visit=580 : 29
CIRCLE (10, 12) Q=0% : H=0 : Visit=1 : 29
CIRCLE (6, 12) Q=0% : H=0 : Visit=1 : 29
CIRCLE (8, 12) Q=0% : H=0 : Visit=1 : 29
CIRCLE (8, 2) Q=0% : H=0 : Visit=1 : 29
CIRCLE (9, 2) Q=0% : H=0 : Visit=1 : 29
CIRCLE (5, 14) Q=0% : H=0 : Visit=1 : 29
CIRCLE (6, 1) Q=0% : H=0 : Visit=1 : 29
CIRCLE (6, 2) Q=0% : H=0 : Visit=1 : 29
CIRCLE (7, 13) Q=0% : H=0 : Visit=1 : 29
WORST
CIRCLE (5, 2) Q=0% : H=0 : Visit=1 : 29
CIRCLE (9, 12) Q=0% : H=0 : Visit=1 : 29
CIRCLE (10, 13) Q=0% : H=0 : Visit=1 : 29
CIRCLE (5, 1) Q=0% : H=0 : Visit=1 : 29
CIRCLE (8, 0) Q=0% : H=0 : Visit=1 : 29
CIRCLE (9, 0) Q=0% : H=0 : Visit=1 : 29
CIRCLE (7, 12) Q=0% : H=0 : Visit=1 : 29
CIRCLE (9, 13) Q=0% : H=0 : Visit=1 : 29
CIRCLE (5, 12) Q=0% : H=0 : Visit=1 : 29
CIRCLE (8, 13) Q=0% : H=0 : Visit=1 : 29
  _   _   _   _   _   _   _   _   _   _   _   _   _   _   _ 
  _   _   _   _   _   _   _   _   _   _   _   _   _   _   _ 
  _   _   _   _   _   _   _   _   _   _   _   _   _   _   _ 
  _   _   _   _   _   _   _   _   _   _   _   _   _   _   _ 
  _   _   _   _   _   _   _   _   _   _   _   _   _   _   _ 
   1   1   1  _   _   _   _   _   _   _   _   _    1   1   1
   1   1   1  _   _   _   _   _   _   _   _   _    1 952   1
  O    1   1  _   _   _   _   _   _   _   _   _    1   1  X 
   1   1   1  _   _   _   _   _   _   _   _   _    1   1  X 
   1   1   1  _   _   _   _   _   _   _   _   _    1   1   1
  _   _   _   _   _   _   _   _   _   _   _   _    1   1   1
  _   _   _   _   _   _   _   _   _   _   _   _   _   _   _ 
  _   _   _   _   _   _   _   _   _   _   _   _   _   _   _ 
  _   _   _   _   _   _   _   _   _   _   _   _   _   _   _ 
  _   _   _   _   _   _   _   _   _   _   _   _   _   _   _ 

nodes used 151k / 42M (0.3%)
memory = 1285.67 MB
0 : CROSS  (-1, -1) Q=47.5% : H=1 : Visit=4411 : 30
1 : CIRCLE (6, 13) Q=49.6% : H=1 : Visit=580 : 29
2 : CROSS  (5, 13) Q=50.7% : H=1 : Visit=521 : 44
3 : CIRCLE (7, 10) Q=48.7% : H=0.458 : Visit=219 : 36
4 : CROSS  (5, 11) Q=52.6% : H=0.404 : Visit=115 : 27
5 : CIRCLE (5, 10) Q=40.8% : H=0.523 : Visit=38 : 24
6 : CROSS  (6, 10) Q=66.3% : H=0.354 : Visit=22 : 21
7 : CIRCLE (7, 9) Q=30% : H=0.746 : Visit=14 : 24
8 : CROSS  (7, 11) Q=73.5% : H=0.733 : Visit=12 : 21
9 : CIRCLE (6, 12) Q=35.1% : H=0.37 : Visit=6 : 34
10 : CROSS  (6, 14) Q=63.7% : H=0.245 : Visit=2 : 19
11 : CIRCLE (5, 14) Q=42.7% : H=0.524 : Visit=1 : 36
12 : CROSS  (2, 10) Q=0% : H=0 : Visit=0 : 0
Total 12 moves ahead
----NNCACHE-INFO----
memory = 5.51431 MB / 857.112MB
stored = 4896 elements
calls  = 5093
hits   = 137 (2.6%)
--------------------
----MOST-BALANCED-MOVES----
CIRCLE (6, 13) Q=49.6% : H=1 : Visit=580 : 29
CROSS  (5, 13) Q=50.7% : H=1 : Visit=521 : 44
---------------------------
Answered : 13,6 13,5
Got : END
