Compiled on Apr 23 2020 at 02:42:48
Launched in Engine\
Answered : MESSAGE Detected following devices : CPU : GenuineIntel : 4 x AVX with 4043MB of memory
Answered : MESSAGE Using : CPU : GenuineIntel : 4 x AVX with 4043MB of memory
Got : START 15
Answered : OK
Got : INFO max_memory 2306867200
Got : INFO timeout_match 60000
Got : INFO timeout_turn 60000
Got : INFO game_type 1
Got : INFO rule 1
Got : INFO time_left 60000
Got : SWAP2BOARD
Got : 14,7
Got : 14,6
Got : 11,2
Got : DONE
Answered : MESSAGE depth 1-11 ev 40.7 n 674 n/s 449 tm 1500 pv Of11 Xd9 Og10 Xc10 Oe8 Xc9 Oc8 Xf9 Oe9 Xe10 Ob10
Overall 222 children
sum of visits = 657
BEST
CIRCLE (5, 11) Q=42.6% : H=0.309 : Visit=261 : 35
CIRCLE (5, 10) Q=40% : H=0.432 : Visit=225 : 30
CIRCLE (4, 9) Q=43.4% : H=0.054 : Visit=70 : 33
CIRCLE (4, 10) Q=40.5% : H=0.075 : Visit=47 : 25
CIRCLE (6, 10) Q=35.7% : H=0.084 : Visit=28 : 31
CIRCLE (5, 9) Q=31.8% : H=0.02 : Visit=5 : 31
CIRCLE (6, 11) Q=30.3% : H=0.003 : Visit=2 : 32
CIRCLE (6, 9) Q=41% : H=0 : Visit=1 : 28
CIRCLE (7, 10) Q=37.1% : H=0.004 : Visit=1 : 28
CIRCLE (4, 8) Q=36.2% : H=0.003 : Visit=1 : 33
WORST
CIRCLE (2, 5) Q=0% : H=0 : Visit=0 : 0
CIRCLE (1, 12) Q=0% : H=0 : Visit=0 : 0
CIRCLE (11, 10) Q=0% : H=0 : Visit=0 : 0
CIRCLE (0, 7) Q=0% : H=0 : Visit=0 : 0
CIRCLE (5, 1) Q=0% : H=0 : Visit=0 : 0
CIRCLE (0, 11) Q=0% : H=0 : Visit=0 : 0
CIRCLE (0, 8) Q=0% : H=0 : Visit=0 : 0
CIRCLE (0, 9) Q=0% : H=0 : Visit=0 : 0
CIRCLE (11, 11) Q=0% : H=0 : Visit=0 : 0
CIRCLE (0, 10) Q=0% : H=0 : Visit=0 : 0
  _   _   _   _   _   _   _   _   _   _   _   _   _   _   _ 
  _   _   _   _   _   _   _   _   _   _   _   _   _   _   _ 
  _   _   _   _   _   _   _   _   _   _   _   X   _   _   _ 
  _   _   _   _   _   _   _   _   _   _   _   _   _   _   _ 
  _   _   _   _   _   _   _   _    1 106  71   1  _   _   _ 
  _   _   _   _   _   _   _   _    1   7 342 397  _   _   _ 
  _   _   _   _   _   _   _    1   1   1  42   3   1  _   O 
  _   _   _   _   _   _   _   _    1   1   1   1  _   _   X 
  _   _   _   _   _   _   _   _    1  _    1   1  _   _   _ 
  _   _   _   _   _   _   _   _   _   _    1   1  _   _   _ 
  _   _   _   _   _   _   _    1  _    1   1  _   _   _   _ 
  _   _   _   _   _   _   _   _   _   _   _   _   _   _   _ 
  _   _   _   _   _   _   _   _   _   _   _   _   _   _   _ 
  _   _   _   _   _   _   _   _   _   _   _   _   _   _   _ 
  _   _   _   _   _   _   _   _   _   _   _   _   _   _   _ 

nodes used 15k / 42M (0%)
memory = 1285.67 MB
0 : CROSS  (-1, -1) Q=59.2% : H=1 : Visit=658 : 222
1 : CIRCLE (5, 11) Q=42.6% : H=0.309 : Visit=261 : 35
2 : CROSS  (3, 9) Q=62% : H=0.105 : Visit=57 : 26
3 : CIRCLE (6, 10) Q=37.9% : H=0.551 : Visit=31 : 22
4 : CROSS  (2, 10) Q=64.5% : H=0.524 : Visit=17 : 31
5 : CIRCLE (4, 8) Q=37.6% : H=0.53 : Visit=10 : 22
6 : CROSS  (2, 9) Q=63.3% : H=0.663 : Visit=8 : 15
7 : CIRCLE (2, 8) Q=44% : H=0.662 : Visit=6 : 30
8 : CROSS  (5, 9) Q=56.1% : H=0.396 : Visit=3 : 11
9 : CIRCLE (4, 9) Q=44% : H=0.98 : Visit=2 : 21
10 : CROSS  (4, 10) Q=61.3% : H=0.297 : Visit=1 : 19
11 : CIRCLE (1, 10) Q=0% : H=0 : Visit=0 : 0
Total 11 moves ahead
----NNCACHE-INFO----
memory = 0.684784 MB / 857.112MB
stored = 608 elements
calls  = 674
hits   = 66 (9.7%)
--------------------
nodes left = 1406
steps left = 10
using 0.079414s out of 9s left
median imbalance = 0.357586
depth=1 : removed 0/38
depth=2 : removed 24/48
nodes left = 1382
steps left = 10
using 0.0787133s out of 8.92059s left
----MOST-BALANCED-MOVES----
CIRCLE (2, 13) Q=50.2% : H=1 : Visit=1 : 37
CROSS  (0, 9) Q=49.7% : H=1 : Visit=1 : 32
---------------------------
median imbalance = 0.264187
depth=1 : removed 0/38
depth=2 : removed 36/72
nodes left = 1346
steps left = 10
using 0.0780188s out of 8.84187s left
----MOST-BALANCED-MOVES----
CIRCLE (2, 13) Q=51.3% : H=1 : Visit=2 : 37
CROSS  (0, 9) Q=49.7% : H=1 : Visit=1 : 32
---------------------------
median imbalance = 0.180048
depth=1 : removed 0/38
depth=2 : removed 42/84
nodes left = 1304
steps left = 10
using 0.0773303s out of 8.76385s left
----MOST-BALANCED-MOVES----
CIRCLE (2, 13) Q=50.4% : H=1 : Visit=4 : 37
CROSS  (0, 12) Q=49.9% : H=1 : Visit=1 : 33
---------------------------
median imbalance = 0.136218
depth=1 : removed 0/38
depth=2 : removed 45/90
nodes left = 1259
steps left = 10
using 0.076648s out of 8.68652s left
----MOST-BALANCED-MOVES----
CIRCLE (2, 13) Q=51.9% : H=1 : Visit=5 : 37
CROSS  (0, 12) Q=49.9% : H=1 : Visit=1 : 33
---------------------------
median imbalance = 0.104217
depth=1 : removed 0/38
depth=2 : removed 47/93
nodes left = 1212
steps left = 10
using 0.0759717s out of 8.60988s left
----MOST-BALANCED-MOVES----
CIRCLE (2, 13) Q=46.3% : H=1 : Visit=6 : 37
CROSS  (0, 12) Q=49.9% : H=1 : Visit=1 : 33
---------------------------
median imbalance = 0.096673
depth=1 : removed 0/38
depth=2 : removed 47/94
nodes left = 1165
steps left = 10
using 0.0753013s out of 8.5339s left
----MOST-BALANCED-MOVES----
CIRCLE (2, 13) Q=41.4% : H=1 : Visit=7 : 37
CROSS  (0, 12) Q=49.9% : H=1 : Visit=1 : 33
---------------------------
median imbalance = 0.081925
depth=1 : removed 0/38
depth=2 : removed 48/95
nodes left = 1117
steps left = 10
using 0.0746369s out of 8.4586s left
----MOST-BALANCED-MOVES----
CIRCLE (2, 13) Q=38.8% : H=1 : Visit=8 : 37
CROSS  (0, 12) Q=49.9% : H=1 : Visit=1 : 33
---------------------------
median imbalance = 0.0689358
depth=1 : removed 0/38
depth=2 : removed 48/95
nodes left = 1069
steps left = 10
using 0.0739783s out of 8.38397s left
----MOST-BALANCED-MOVES----
CIRCLE (2, 13) Q=38.5% : H=1 : Visit=9 : 37
CROSS  (0, 12) Q=49.9% : H=1 : Visit=1 : 33
---------------------------
median imbalance = 0.0688075
depth=1 : removed 0/38
depth=2 : removed 48/96
nodes left = 1021
steps left = 9
using 0.110967s out of 8.30999s left
----MOST-BALANCED-MOVES----
CIRCLE (2, 13) Q=35.6% : H=1 : Visit=11 : 37
CROSS  (0, 12) Q=49.9% : H=1 : Visit=1 : 33
---------------------------
median imbalance = 0.173669
depth=1 : removed 0/38
depth=2 : removed 74/147
nodes left = 947
steps left = 9
using 0.109486s out of 8.19902s left
----MOST-BALANCED-MOVES----
CIRCLE (2, 13) Q=32.8% : H=1 : Visit=13 : 37
CROSS  (0, 12) Q=49.9% : H=1 : Visit=1 : 33
---------------------------
median imbalance = 0.173042
depth=1 : removed 0/38
depth=2 : removed 85/169
nodes left = 862
steps left = 9
using 0.108024s out of 8.08953s left
----MOST-BALANCED-MOVES----
CIRCLE (2, 13) Q=29.2% : H=1 : Visit=15 : 37
CROSS  (0, 12) Q=49.9% : H=1 : Visit=1 : 33
---------------------------
median imbalance = 0.136916
depth=1 : removed 0/38
depth=2 : removed 92/183
nodes left = 770
steps left = 9
using 0.106581s out of 7.98151s left
----MOST-BALANCED-MOVES----
CIRCLE (2, 13) Q=26.3% : H=1 : Visit=18 : 37
CROSS  (0, 12) Q=49.9% : H=1 : Visit=1 : 33
---------------------------
median imbalance = 0.117885
depth=1 : removed 0/38
depth=2 : removed 94/187
nodes left = 676
steps left = 9
using 0.105158s out of 7.87493s left
----MOST-BALANCED-MOVES----
CIRCLE (2, 13) Q=24.1% : H=1 : Visit=20 : 37
CROSS  (0, 12) Q=49.9% : H=1 : Visit=1 : 33
---------------------------
median imbalance = 0.0917211
depth=1 : removed 0/38
depth=2 : removed 95/189
nodes left = 581
steps left = 9
using 0.103754s out of 7.76977s left
----MOST-BALANCED-MOVES----
CIRCLE (2, 13) Q=22.7% : H=0.999 : Visit=22 : 37
CROSS  (0, 12) Q=49.9% : H=1 : Visit=1 : 33
---------------------------
median imbalance = 0.0783558
depth=1 : removed 0/38
depth=2 : removed 95/190
nodes left = 486
steps left = 8
using 0.155631s out of 7.66602s left
----MOST-BALANCED-MOVES----
CIRCLE (2, 13) Q=23.5% : H=1 : Visit=24 : 37
CROSS  (0, 12) Q=49.9% : H=1 : Visit=1 : 33
---------------------------
median imbalance = 0.0712528
depth=1 : removed 0/38
depth=2 : removed 95/190
nodes left = 391
steps left = 8
using 0.152471s out of 7.51039s left
----MOST-BALANCED-MOVES----
CIRCLE (2, 13) Q=22.8% : H=0.999 : Visit=26 : 37
CROSS  (0, 12) Q=49.9% : H=1 : Visit=1 : 33
---------------------------
median imbalance = 0.0621492
depth=1 : removed 2/38
depth=2 : removed 90/180
nodes left = 301
steps left = 8
using 0.149376s out of 7.35792s left
----MOST-BALANCED-MOVES----
CIRCLE (2, 13) Q=23.4% : H=0.999 : Visit=28 : 37
CROSS  (0, 12) Q=49.9% : H=1 : Visit=1 : 33
---------------------------
median imbalance = 0.0568205
depth=1 : removed 3/38
depth=2 : removed 80/159
nodes left = 221
steps left = 7
using 0.224063s out of 7.20854s left
----MOST-BALANCED-MOVES----
CIRCLE (2, 13) Q=23.1% : H=0.999 : Visit=30 : 37
CROSS  (0, 12) Q=49.9% : H=1 : Visit=1 : 33
---------------------------
median imbalance = 0.0822825
depth=1 : removed 4/38
depth=2 : removed 76/152
nodes left = 145
steps left = 7
using 0.217099s out of 6.98448s left
----MOST-BALANCED-MOVES----
CIRCLE (2, 13) Q=23.4% : H=0.999 : Visit=33 : 37
CROSS  (0, 12) Q=49.9% : H=1 : Visit=1 : 33
---------------------------
median imbalance = 0.054687
depth=1 : removed 6/38
depth=2 : removed 61/122
nodes left = 84
steps left = 6
using 0.325648s out of 6.76738s left
----MOST-BALANCED-MOVES----
CIRCLE (2, 13) Q=25.6% : H=1 : Visit=37 : 37
CROSS  (0, 12) Q=49.9% : H=1 : Visit=1 : 33
---------------------------
median imbalance = 0.0497399
depth=1 : removed 11/38
depth=2 : removed 41/84
nodes left = 43
steps left = 5
using 0.488472s out of 6.44173s left
----MOST-BALANCED-MOVES----
CIRCLE (2, 13) Q=31.2% : H=1 : Visit=44 : 37
CROSS  (5, 14) Q=49.8% : H=1 : Visit=3 : 32
---------------------------
median imbalance = 0.0325963
depth=1 : removed 23/38
depth=2 : removed 22/43
nodes left = 21
steps left = 4
using 0.732709s out of 5.95326s left
----MOST-BALANCED-MOVES----
CIRCLE (0, 10) Q=24.6% : H=1 : Visit=48 : 37
CROSS  (8, 14) Q=49.6% : H=1 : Visit=6 : 49
---------------------------
median imbalance = 0.0260929
depth=1 : removed 31/38
depth=2 : removed 11/21
nodes left = 10
steps left = 3
using 1.09906s out of 5.22055s left
----MOST-BALANCED-MOVES----
CIRCLE (4, 12) Q=55.2% : H=0.999 : Visit=91 : 37
CROSS  (1, 10) Q=49.8% : H=0.999 : Visit=22 : 20
---------------------------
median imbalance = 0.0224287
depth=1 : removed 34/38
depth=2 : removed 5/10
nodes left = 5
steps left = 2
using 1.64859s out of 4.12149s left
----MOST-BALANCED-MOVES----
CIRCLE (4, 11) Q=55.3% : H=1 : Visit=172 : 37
CROSS  (3, 10) Q=48.9% : H=1 : Visit=134 : 17
---------------------------
median imbalance = 0.0147609
depth=1 : removed 36/38
depth=2 : removed 3/5
nodes left = 2
steps left = 1
using 2.47289s out of 2.47289s left
----MOST-BALANCED-MOVES----
CIRCLE (0, 10) Q=44.8% : H=0.999 : Visit=291 : 37
CROSS  (9, 14) Q=49.6% : H=0.999 : Visit=118 : 61
---------------------------
median imbalance = 0.0339699
depth=1 : removed 36/38
depth=2 : removed 0/2
nodes left = 2
steps left = 1
using 0s out of 0s left
----MOST-BALANCED-MOVES----
CIRCLE (0, 10) Q=48.5% : H=1 : Visit=776 : 37
CROSS  (9, 14) Q=49.3% : H=1 : Visit=603 : 61
---------------------------
median imbalance = 0.0336655
depth=1 : removed 36/38
depth=2 : removed 0/2
nodes left = 2
steps left = 1
using 0s out of 0s left
----MOST-BALANCED-MOVES----
CIRCLE (0, 10) Q=48.5% : H=1 : Visit=781 : 37
CROSS  (9, 14) Q=49.2% : H=1 : Visit=608 : 61
---------------------------
median imbalance = 0.033816
depth=1 : removed 36/38
depth=2 : removed 0/2
nodes left = 2
steps left = 1
using 0s out of 0s left
----MOST-BALANCED-MOVES----
CIRCLE (0, 10) Q=48.5% : H=1 : Visit=786 : 37
CROSS  (9, 14) Q=49.2% : H=1 : Visit=613 : 61
---------------------------
median imbalance = 0.0341651
depth=1 : removed 36/38
depth=2 : removed 0/2
nodes left = 2
steps left = 1
using 0s out of 0s left
----MOST-BALANCED-MOVES----
CIRCLE (0, 10) Q=48.5% : H=1 : Visit=792 : 37
CROSS  (9, 14) Q=49.3% : H=1 : Visit=619 : 61
---------------------------
median imbalance = 0.0337116
depth=1 : removed 36/38
depth=2 : removed 0/2
nodes left = 2
steps left = 1
using 0s out of 0s left
----MOST-BALANCED-MOVES----
CIRCLE (0, 10) Q=48.6% : H=1 : Visit=797 : 37
CROSS  (9, 14) Q=49.2% : H=1 : Visit=624 : 61
---------------------------
median imbalance = 0.0338919
depth=1 : removed 36/38
depth=2 : removed 0/2
nodes left = 2
steps left = 1
using 0s out of 0s left
----MOST-BALANCED-MOVES----
CIRCLE (0, 10) Q=48.6% : H=1 : Visit=805 : 37
CROSS  (9, 14) Q=49.2% : H=1 : Visit=632 : 61
---------------------------
median imbalance = 0.0338011
depth=1 : removed 37/38
depth=2 : removed 1/2
Answered : MESSAGE depth 1-11 ev 48.7 n 5103 n/s 409 tm 12470 pv Oa10 Xj14 Of10 Xe10 Oe8 Xe11 Od11 Xd9 Oe9 Xd8 Ob5
Overall 38 children
sum of visits = 848
BEST
CIRCLE (0, 10) Q=48.7% : H=1 : Visit=811 : 37
CIRCLE (5, 12) Q=0% : H=0 : Visit=1 : 37
CIRCLE (4, 11) Q=0% : H=0 : Visit=1 : 37
CIRCLE (2, 13) Q=0% : H=0 : Visit=1 : 37
CIRCLE (3, 11) Q=0% : H=0 : Visit=1 : 37
CIRCLE (3, 12) Q=0% : H=0 : Visit=1 : 37
CIRCLE (6, 13) Q=0% : H=0 : Visit=1 : 37
CIRCLE (3, 10) Q=0% : H=0 : Visit=1 : 37
CIRCLE (4, 13) Q=0% : H=0 : Visit=1 : 37
CIRCLE (4, 10) Q=0% : H=0 : Visit=1 : 37
WORST
CIRCLE (9, 14) Q=0% : H=0 : Visit=1 : 37
CIRCLE (5, 14) Q=0% : H=0 : Visit=1 : 37
CIRCLE (8, 12) Q=0% : H=0 : Visit=1 : 37
CIRCLE (2, 10) Q=0% : H=0 : Visit=1 : 37
CIRCLE (3, 9) Q=0% : H=0 : Visit=1 : 37
CIRCLE (1, 9) Q=0% : H=0 : Visit=1 : 37
CIRCLE (8, 13) Q=0% : H=0 : Visit=1 : 37
CIRCLE (1, 12) Q=0% : H=0 : Visit=1 : 37
CIRCLE (5, 13) Q=0% : H=0 : Visit=1 : 37
CIRCLE (4, 12) Q=0% : H=0 : Visit=1 : 37
  _   _   _   _   _   _   _   _   _    1 956   1   1   1  _ 
  _   _   _   _   _   _   _   _   _    1   1   1   1   1  _ 
  _   _   _   _   _   _   _   _   _    1   1  X    1   1  _ 
  _   _   _   _   _   _   _   _   _    1   1   1   1   1  _ 
  _   _   _   _   _   _   _   _   _    1   1   1   1   1   1
  _   _   _   _   _   _   _   _   _   _   _   _    1   1   1
  _   _   _   _   _   _   _   _   _   _   _   _    1   1  O 
  _   _   _   _   _   _   _   _   _   _   _   _    1   1  X 
  _   _   _   _   _   _   _   _   _   _   _   _    1   1   1
  _   _   _   _   _   _   _   _   _   _   _   _    1   1   1
  _   _   _   _   _   _   _   _   _   _   _   _   _   _   _ 
  _   _   _   _   _   _   _   _   _   _   _   _   _   _   _ 
  _   _   _   _   _   _   _   _   _   _   _   _   _   _   _ 
  _   _   _   _   _   _   _   _   _   _   _   _   _   _   _ 
  _   _   _   _   _   _   _   _   _   _   _   _   _   _   _ 

nodes used 144k / 42M (0.3%)
memory = 1285.67 MB
0 : CROSS  (-1, -1) Q=51.2% : H=1 : Visit=5100 : 38
1 : CIRCLE (0, 10) Q=48.7% : H=1 : Visit=811 : 37
2 : CROSS  (9, 14) Q=49.1% : H=1 : Visit=638 : 61
3 : CIRCLE (5, 10) Q=52.9% : H=0.298 : Visit=267 : 44
4 : CROSS  (4, 10) Q=48% : H=0.444 : Visit=129 : 26
5 : CIRCLE (4, 8) Q=56.5% : H=0.249 : Visit=56 : 32
6 : CROSS  (4, 11) Q=43.5% : H=0.472 : Visit=28 : 16
7 : CIRCLE (3, 11) Q=60.2% : H=0.669 : Visit=21 : 37
8 : CROSS  (3, 9) Q=41.1% : H=0.237 : Visit=6 : 18
9 : CIRCLE (4, 9) Q=63.2% : H=0.327 : Visit=2 : 33
10 : CROSS  (3, 8) Q=39% : H=0.238 : Visit=1 : 28
11 : CIRCLE (1, 5) Q=0% : H=0 : Visit=0 : 0
Total 11 moves ahead
----NNCACHE-INFO----
memory = 6.09097 MB / 857.112MB
stored = 5408 elements
calls  = 5777
hits   = 366 (6.3%)
--------------------
----MOST-BALANCED-MOVES----
CIRCLE (0, 10) Q=48.7% : H=1 : Visit=811 : 37
CROSS  (9, 14) Q=49.1% : H=1 : Visit=638 : 61
---------------------------
Answered : 10,0 14,9
Got : END
