Compiled on Apr 23 2020 at 02:42:48
Launched in Engine\
Answered : MESSAGE Detected following devices : CPU : GenuineIntel : 4 x AVX with 4043MB of memory
Answered : MESSAGE Using : CPU : GenuineIntel : 4 x AVX with 4043MB of memory
Got : START 15
Answered : OK
Got : INFO max_memory 2306867200
Got : INFO timeout_match 60000
Got : INFO timeout_turn 60000
Got : INFO game_type 1
Got : INFO rule 1
Got : INFO time_left 60000
Got : SWAP2BOARD
Got : 11,13
Got : 10,12
Got : 11,10
Got : DONE
Answered : MESSAGE depth 1-11 ev 44.9 n 692 n/s 452 tm 1528 pv Ok9 Xj9 Ol11 Xl10 Om9 Xm8 Oi10 Xi8 Ok12 Xj13 Og8
Overall 222 children
sum of visits = 674
BEST
CIRCLE (10, 9) Q=45.9% : H=0.764 : Visit=552 : 29
CIRCLE (11, 11) Q=47.4% : H=0.055 : Visit=52 : 20
CIRCLE (9, 9) Q=39.2% : H=0.082 : Visit=27 : 26
CIRCLE (9, 11) Q=37.9% : H=0.064 : Visit=18 : 23
CIRCLE (10, 10) Q=33.3% : H=0.025 : Visit=5 : 24
CIRCLE (9, 8) Q=42.9% : H=0 : Visit=1 : 29
CIRCLE (12, 11) Q=38.1% : H=0.001 : Visit=1 : 21
CIRCLE (11, 8) Q=37.8% : H=0.001 : Visit=1 : 30
CIRCLE (9, 10) Q=37.1% : H=0.001 : Visit=1 : 25
CIRCLE (11, 9) Q=34.5% : H=0 : Visit=1 : 24
WORST
CIRCLE (2, 8) Q=0% : H=0 : Visit=0 : 0
CIRCLE (7, 5) Q=0% : H=0 : Visit=0 : 0
CIRCLE (2, 7) Q=0% : H=0 : Visit=0 : 0
CIRCLE (6, 7) Q=0% : H=0 : Visit=0 : 0
CIRCLE (3, 8) Q=0% : H=0 : Visit=0 : 0
CIRCLE (5, 7) Q=0% : H=0 : Visit=0 : 0
CIRCLE (4, 9) Q=0% : H=0 : Visit=0 : 0
CIRCLE (5, 9) Q=0% : H=0 : Visit=0 : 0
CIRCLE (4, 8) Q=0% : H=0 : Visit=0 : 0
CIRCLE (5, 8) Q=0% : H=0 : Visit=0 : 0
  _   _   _   _   _   _   _   _   _   _   _   _   _   _   _ 
  _   _   _   _   _   _   _   _   _   _   _   _   _   _   _ 
  _   _   _   _   _   _   _   _   _   _   _   _   _   _   _ 
  _   _   _   _   _   _   _   _   _   _   _   _   _   _   _ 
  _   _   _   _   _   _   _   _   _   _   _   _   _   _   _ 
  _   _   _   _   _   _   _   _   _   _   _   _   _   _   _ 
  _   _   _   _   _   _   _   _   _   _   _   _   _   _   _ 
  _   _   _   _   _   _   _   _   _   _   _   _   _   _   _ 
  _   _   _   _   _   _   _   _   _    1   1   1  _    1  _ 
  _   _   _   _   _   _   _   _    1  40   1  26   1  _   _ 
  _   _   _   _   _   _   _    1   1 818   7  X    1  _   _ 
  _   _   _   _   _   _   _    1   1   1   1  77   1  _   _ 
  _   _   _   _   _   _   _   _    1   1  O    1   1  _   _ 
  _   _   _   _   _   _   _   _   _   _    1  X   _   _   _ 
  _   _   _   _   _   _   _   _   _   _   _   _   _   _   _ 

nodes used 16k / 42M (0%)
memory = 1285.67 MB
0 : CROSS  (-1, -1) Q=55% : H=1 : Visit=675 : 222
1 : CIRCLE (10, 9) Q=45.9% : H=0.764 : Visit=552 : 29
2 : CROSS  (9, 9) Q=55.9% : H=0.371 : Visit=262 : 22
3 : CIRCLE (11, 11) Q=47.8% : H=0.381 : Visit=183 : 23
4 : CROSS  (11, 10) Q=54.9% : H=0.276 : Visit=65 : 25
5 : CIRCLE (12, 9) Q=46.5% : H=0.452 : Visit=32 : 22
6 : CROSS  (12, 8) Q=55.5% : H=0.707 : Visit=27 : 34
7 : CIRCLE (8, 10) Q=48.5% : H=0.476 : Visit=16 : 32
8 : CROSS  (8, 8) Q=50.9% : H=0.244 : Visit=4 : 32
9 : CIRCLE (10, 12) Q=46.6% : H=0.309 : Visit=2 : 10
10 : CROSS  (9, 13) Q=62.7% : H=0.542 : Visit=1 : 39
11 : CIRCLE (6, 8) Q=0% : H=0 : Visit=0 : 0
Total 11 moves ahead
----NNCACHE-INFO----
memory = 0.666763 MB / 857.112MB
stored = 592 elements
calls  = 692
hits   = 100 (14.4%)
--------------------
nodes left = 1332
steps left = 10
using 0.079414s out of 9s left
median imbalance = 0.236628
depth=1 : removed 0/37
depth=2 : removed 27/53
nodes left = 1305
steps left = 10
using 0.0787133s out of 8.92059s left
----MOST-BALANCED-MOVES----
CIRCLE (8, 9) Q=38% : H=1 : Visit=2 : 36
CROSS  (8, 11) Q=48.8% : H=1 : Visit=1 : 21
---------------------------
median imbalance = 0.187093
depth=1 : removed 0/37
depth=2 : removed 37/74
nodes left = 1268
steps left = 10
using 0.0780188s out of 8.84187s left
----MOST-BALANCED-MOVES----
CIRCLE (8, 9) Q=41.7% : H=1 : Visit=3 : 36
CROSS  (8, 12) Q=50.9% : H=1 : Visit=1 : 25
---------------------------
median imbalance = 0.140937
depth=1 : removed 0/37
depth=2 : removed 43/85
nodes left = 1225
steps left = 10
using 0.0773303s out of 8.76385s left
----MOST-BALANCED-MOVES----
CIRCLE (8, 9) Q=47.9% : H=1 : Visit=4 : 36
CROSS  (8, 12) Q=50.9% : H=1 : Visit=1 : 25
---------------------------
median imbalance = 0.137243
depth=1 : removed 0/37
depth=2 : removed 48/95
nodes left = 1177
steps left = 10
using 0.076648s out of 8.68652s left
----MOST-BALANCED-MOVES----
CIRCLE (12, 12) Q=32.7% : H=1 : Visit=5 : 36
CROSS  (8, 13) Q=50.6% : H=1 : Visit=1 : 19
---------------------------
median imbalance = 0.179795
depth=1 : removed 0/37
depth=2 : removed 49/98
nodes left = 1128
steps left = 10
using 0.0759717s out of 8.60988s left
----MOST-BALANCED-MOVES----
CIRCLE (12, 12) Q=26.4% : H=1 : Visit=7 : 36
CROSS  (8, 13) Q=50.6% : H=1 : Visit=1 : 19
---------------------------
median imbalance = 0.106211
depth=1 : removed 0/37
depth=2 : removed 50/99
nodes left = 1078
steps left = 10
using 0.0753013s out of 8.5339s left
----MOST-BALANCED-MOVES----
CIRCLE (9, 11) Q=46.5% : H=1 : Visit=9 : 36
CROSS  (9, 12) Q=50% : H=1 : Visit=1 : 19
---------------------------
median imbalance = 0.0697789
depth=1 : removed 0/37
depth=2 : removed 41/81
nodes left = 1037
steps left = 10
using 0.0746369s out of 8.4586s left
----MOST-BALANCED-MOVES----
CIRCLE (9, 11) Q=46.9% : H=1 : Visit=10 : 36
CROSS  (9, 12) Q=50% : H=1 : Visit=1 : 19
---------------------------
median imbalance = 0.0929117
depth=1 : removed 0/37
depth=2 : removed 47/94
nodes left = 990
steps left = 9
using 0.111955s out of 8.38397s left
----MOST-BALANCED-MOVES----
CIRCLE (10, 12) Q=40.9% : H=1 : Visit=11 : 36
CROSS  (10, 8) Q=49.9% : H=1 : Visit=1 : 24
---------------------------
median imbalance = 0.191143
depth=1 : removed 0/37
depth=2 : removed 74/147
nodes left = 916
steps left = 9
using 0.11046s out of 8.27201s left
----MOST-BALANCED-MOVES----
CIRCLE (10, 12) Q=41.6% : H=1 : Visit=14 : 36
CROSS  (10, 8) Q=49.9% : H=1 : Visit=1 : 24
---------------------------
median imbalance = 0.114493
depth=1 : removed 0/37
depth=2 : removed 88/176
nodes left = 828
steps left = 9
using 0.108985s out of 8.16155s left
----MOST-BALANCED-MOVES----
CIRCLE (10, 12) Q=40.2% : H=1 : Visit=17 : 36
CROSS  (10, 8) Q=49.9% : H=1 : Visit=1 : 24
---------------------------
median imbalance = 0.0661561
depth=1 : removed 0/37
depth=2 : removed 69/137
nodes left = 759
steps left = 9
using 0.10753s out of 8.05256s left
----MOST-BALANCED-MOVES----
CIRCLE (10, 12) Q=40.3% : H=1 : Visit=19 : 36
CROSS  (10, 8) Q=49.9% : H=1 : Visit=1 : 24
---------------------------
median imbalance = 0.0540031
depth=1 : removed 0/37
depth=2 : removed 58/116
nodes left = 701
steps left = 9
using 0.106094s out of 7.94503s left
----MOST-BALANCED-MOVES----
CIRCLE (10, 12) Q=41.2% : H=1 : Visit=20 : 36
CROSS  (10, 8) Q=49.9% : H=1 : Visit=1 : 24
---------------------------
median imbalance = 0.0415583
depth=1 : removed 0/37
depth=2 : removed 53/106
nodes left = 648
steps left = 9
using 0.104677s out of 7.83894s left
----MOST-BALANCED-MOVES----
CIRCLE (10, 12) Q=41.8% : H=0.999 : Visit=22 : 36
CROSS  (10, 8) Q=49.9% : H=1 : Visit=1 : 24
---------------------------
median imbalance = 0.0357924
depth=1 : removed 0/37
depth=2 : removed 51/102
nodes left = 597
steps left = 9
using 0.10328s out of 7.73426s left
----MOST-BALANCED-MOVES----
CIRCLE (10, 12) Q=42.2% : H=1 : Visit=23 : 36
CROSS  (10, 8) Q=49.9% : H=1 : Visit=1 : 24
---------------------------
median imbalance = 0.0313742
depth=1 : removed 0/37
depth=2 : removed 50/99
nodes left = 547
steps left = 9
using 0.1019s out of 7.63098s left
----MOST-BALANCED-MOVES----
CIRCLE (10, 12) Q=44.4% : H=1 : Visit=25 : 36
CROSS  (10, 8) Q=49.9% : H=1 : Visit=1 : 24
---------------------------
median imbalance = 0.0276065
depth=1 : removed 0/37
depth=2 : removed 49/98
nodes left = 498
steps left = 8
using 0.152851s out of 7.52908s left
----MOST-BALANCED-MOVES----
CIRCLE (10, 12) Q=44.6% : H=1 : Visit=27 : 36
CROSS  (10, 8) Q=49.9% : H=1 : Visit=1 : 24
---------------------------
median imbalance = 0.121764
depth=1 : removed 0/37
depth=2 : removed 73/145
nodes left = 425
steps left = 8
using 0.149747s out of 7.37623s left
----MOST-BALANCED-MOVES----
CIRCLE (10, 12) Q=45.5% : H=0.999 : Visit=29 : 36
CROSS  (10, 8) Q=49.9% : H=1 : Visit=1 : 24
---------------------------
median imbalance = 0.127487
depth=1 : removed 0/37
depth=2 : removed 83/165
nodes left = 342
steps left = 8
using 0.146707s out of 7.22649s left
----MOST-BALANCED-MOVES----
CIRCLE (10, 12) Q=50.7% : H=0.999 : Visit=33 : 36
CROSS  (10, 8) Q=49.9% : H=1 : Visit=1 : 24
---------------------------
median imbalance = 0.0962167
depth=1 : removed 2/37
depth=2 : removed 73/146
nodes left = 269
steps left = 8
using 0.143729s out of 7.07978s left
----MOST-BALANCED-MOVES----
CIRCLE (10, 12) Q=54.1% : H=1 : Visit=36 : 36
CROSS  (10, 8) Q=49.9% : H=1 : Visit=1 : 24
---------------------------
median imbalance = 0.100044
depth=1 : removed 3/37
depth=2 : removed 69/137
nodes left = 200
steps left = 7
using 0.215594s out of 6.93605s left
----MOST-BALANCED-MOVES----
CIRCLE (8, 9) Q=48.6% : H=1 : Visit=37 : 36
CROSS  (12, 8) Q=50.1% : H=1 : Visit=1 : 27
---------------------------
median imbalance = 0.0924317
depth=1 : removed 5/37
depth=2 : removed 59/118
nodes left = 141
steps left = 7
using 0.208892s out of 6.72046s left
----MOST-BALANCED-MOVES----
CIRCLE (12, 11) Q=53.6% : H=0.999 : Visit=42 : 36
CROSS  (8, 12) Q=50% : H=1 : Visit=3 : 28
---------------------------
median imbalance = 0.0806531
depth=1 : removed 6/37
depth=2 : removed 49/98
nodes left = 92
steps left = 6
using 0.313338s out of 6.51156s left
----MOST-BALANCED-MOVES----
CIRCLE (9, 10) Q=57.6% : H=1 : Visit=47 : 36
CROSS  (12, 9) Q=50.1% : H=1 : Visit=6 : 19
---------------------------
median imbalance = 0.0755655
depth=1 : removed 10/37
depth=2 : removed 39/77
nodes left = 53
steps left = 5
using 0.470008s out of 6.19822s left
----MOST-BALANCED-MOVES----
CIRCLE (8, 11) Q=43.5% : H=0.999 : Visit=45 : 36
CROSS  (13, 12) Q=49.1% : H=1 : Visit=6 : 22
---------------------------
median imbalance = 0.0647215
depth=1 : removed 20/37
depth=2 : removed 27/53
nodes left = 26
steps left = 4
using 0.705011s out of 5.72822s left
----MOST-BALANCED-MOVES----
CIRCLE (11, 13) Q=31% : H=0.999 : Visit=45 : 36
CROSS  (13, 13) Q=50% : H=1 : Visit=5 : 21
---------------------------
median imbalance = 0.0359482
depth=1 : removed 26/37
depth=2 : removed 13/26
nodes left = 13
steps left = 3
using 1.05752s out of 5.02321s left
----MOST-BALANCED-MOVES----
CIRCLE (9, 13) Q=38.6% : H=0.999 : Visit=61 : 36
CROSS  (10, 13) Q=50% : H=1 : Visit=13 : 17
---------------------------
median imbalance = 0.0182663
depth=1 : removed 32/37
depth=2 : removed 7/13
nodes left = 6
steps left = 2
using 1.58628s out of 3.96569s left
----MOST-BALANCED-MOVES----
CIRCLE (8, 11) Q=47.3% : H=0.999 : Visit=108 : 36
CROSS  (13, 12) Q=49.9% : H=0.999 : Visit=69 : 22
---------------------------
median imbalance = 0.0214744
depth=1 : removed 34/37
depth=2 : removed 3/6
nodes left = 3
steps left = 1
using 2.37941s out of 2.37941s left
----MOST-BALANCED-MOVES----
CIRCLE (12, 12) Q=46.9% : H=0.999 : Visit=235 : 36
CROSS  (13, 12) Q=50.4% : H=0.999 : Visit=93 : 22
---------------------------
median imbalance = 0.0131656
depth=1 : removed 36/37
depth=2 : removed 2/3
Answered : MESSAGE depth 1-13 ev 47.6 n 4298 n/s 356 tm 12041 pv Om9 Xn9 Ok10 Xm11 Ol11 Xj9 Oj8 Xn10 On12 Xi10 Ok8 Xi9 Og9
Overall 37 children
sum of visits = 675
BEST
CIRCLE (12, 9) Q=51.2% : H=1 : Visit=639 : 36
CIRCLE (9, 13) Q=0% : H=0 : Visit=1 : 36
CIRCLE (12, 11) Q=0% : H=0 : Visit=1 : 36
CIRCLE (9, 12) Q=0% : H=0 : Visit=1 : 36
CIRCLE (8, 11) Q=0% : H=0 : Visit=1 : 36
CIRCLE (11, 12) Q=0% : H=0 : Visit=1 : 36
CIRCLE (10, 10) Q=0% : H=0 : Visit=1 : 36
CIRCLE (11, 8) Q=0% : H=0 : Visit=1 : 36
CIRCLE (9, 9) Q=0% : H=0 : Visit=1 : 36
CIRCLE (10, 8) Q=0% : H=0 : Visit=1 : 36
WORST
CIRCLE (8, 12) Q=0% : H=0 : Visit=1 : 36
CIRCLE (14, 9) Q=0% : H=0 : Visit=1 : 36
CIRCLE (11, 10) Q=0% : H=0 : Visit=1 : 36
CIRCLE (8, 10) Q=0% : H=0 : Visit=1 : 36
CIRCLE (8, 9) Q=0% : H=0 : Visit=1 : 36
CIRCLE (13, 10) Q=0% : H=0 : Visit=1 : 36
CIRCLE (10, 12) Q=0% : H=0 : Visit=1 : 36
CIRCLE (11, 11) Q=0% : H=0 : Visit=1 : 36
CIRCLE (11, 13) Q=0% : H=0 : Visit=1 : 36
CIRCLE (12, 12) Q=0% : H=0 : Visit=1 : 36
  _   _   _   _   _   _   _   _   _   _   _   _   _   _   _ 
  _   _   _   _   _   _   _   _   _   _   _   _   _   _   _ 
  _   _   _   _   _   _   _   _   _   _   _   _   _   _   _ 
  _   _   _   _   _   _   _   _   _   _   _   _   _   _   _ 
  _   _   _   _   _   _   _   _   _   _   _   _   _   _   _ 
  _   _   _   _   _   _   _   _   _   _   _   _   _   _   _ 
  _   _   _   _   _   _   _   _   _   _   _   _   _   _   _ 
  _   _   _   _   _   _   _   _   _   _   _   _   _   _   _ 
  _   _   _   _   _   _   _   _   _    1   1   1   1   1  _ 
  _   _   _   _   _   _   _   _   _    1   1   1   1   1  _ 
  _   _   _   _   _   _   _   _    1   1   1  X    1   1  _ 
  _   _   _   _   _   _   _   _    1   1   1   1   1   1  _ 
  _   _   _   _   _   _   _   _    1 946  O    1   1   1  _ 
  _   _   _   _   _   _   _   _    1   1   1  X    1   1  _ 
  _   _   _   _   _   _   _   _    1   1   1   1   1   1  _ 

nodes used 101k / 42M (0.2%)
memory = 1285.67 MB
0 : CROSS  (-1, -1) Q=52.3% : H=1 : Visit=4289 : 37
1 : CIRCLE (12, 9) Q=51.2% : H=1 : Visit=639 : 36
2 : CROSS  (13, 9) Q=49% : H=1 : Visit=583 : 25
3 : CIRCLE (10, 10) Q=52.9% : H=0.24 : Visit=204 : 20
4 : CROSS  (12, 11) Q=51.5% : H=0.178 : Visit=71 : 6
5 : CIRCLE (11, 11) Q=48.8% : H=0.908 : Visit=65 : 21
6 : CROSS  (9, 9) Q=51% : H=0.458 : Visit=30 : 28
7 : CIRCLE (9, 8) Q=53.2% : H=0.495 : Visit=21 : 25
8 : CROSS  (13, 10) Q=54.2% : H=0.394 : Visit=12 : 11
9 : CIRCLE (13, 12) Q=40.2% : H=0.605 : Visit=6 : 41
10 : CROSS  (8, 10) Q=67.3% : H=0.234 : Visit=3 : 26
11 : CIRCLE (10, 8) Q=31.6% : H=0.587 : Visit=2 : 33
12 : CROSS  (8, 9) Q=72.1% : H=0.278 : Visit=1 : 31
13 : CIRCLE (6, 9) Q=0% : H=0 : Visit=0 : 0
Total 13 moves ahead
----NNCACHE-INFO----
memory = 5.18994 MB / 857.112MB
stored = 4608 elements
calls  = 4990
hits   = 373 (7.4%)
--------------------
----MOST-BALANCED-MOVES----
CIRCLE (12, 9) Q=51.2% : H=1 : Visit=639 : 36
CROSS  (13, 9) Q=49% : H=1 : Visit=583 : 25
---------------------------
Answered : 9,12 9,13
Got : END
