Compiled on Apr 23 2020 at 02:42:48
Launched in Engine\
Answered : MESSAGE Detected following devices : CPU : GenuineIntel : 4 x AVX with 4043MB of memory
Answered : MESSAGE Using : CPU : GenuineIntel : 4 x AVX with 4043MB of memory
Got : START 15
Answered : OK
Got : INFO max_memory 2306867200
Got : INFO timeout_match 60000
Got : INFO timeout_turn 60000
Got : INFO game_type 1
Got : INFO rule 1
Got : INFO time_left 60000
Got : SWAP2BOARD
Got : 4,6
Got : 10,8
Got : 5,10
Got : DONE
Answered : MESSAGE depth 1-9 ev 23.6 n 290 n/s 193 tm 1500 pv Oh9 Xj4 Oi9 Xi3 Oh2 Xh4 Oi4 Xj2 Od8
Overall 222 children
sum of visits = 273
BEST
CIRCLE (7, 9) Q=25.1% : H=0.418 : Visit=154 : 44
CIRCLE (7, 10) Q=27.8% : H=0.102 : Visit=26 : 50
CIRCLE (9, 9) Q=24.6% : H=0.122 : Visit=25 : 44
CIRCLE (9, 11) Q=26.6% : H=0.032 : Visit=8 : 49
CIRCLE (9, 10) Q=18.2% : H=0.053 : Visit=8 : 46
CIRCLE (10, 8) Q=14.1% : H=0.063 : Visit=7 : 37
CIRCLE (6, 10) Q=20.1% : H=0.027 : Visit=6 : 44
CIRCLE (7, 11) Q=17.1% : H=0.044 : Visit=6 : 42
CIRCLE (10, 10) Q=23.1% : H=0.018 : Visit=5 : 49
CIRCLE (8, 8) Q=24.6% : H=0.025 : Visit=4 : 40
WORST
CIRCLE (12, 12) Q=0% : H=0 : Visit=0 : 0
CIRCLE (7, 2) Q=0% : H=0 : Visit=0 : 0
CIRCLE (11, 12) Q=0% : H=0 : Visit=0 : 0
CIRCLE (7, 1) Q=0% : H=0 : Visit=0 : 0
CIRCLE (10, 3) Q=0% : H=0 : Visit=0 : 0
CIRCLE (8, 3) Q=0% : H=0 : Visit=0 : 0
CIRCLE (12, 8) Q=0% : H=0 : Visit=0 : 0
CIRCLE (12, 9) Q=0% : H=0 : Visit=0 : 0
CIRCLE (12, 11) Q=0% : H=0 : Visit=0 : 0
CIRCLE (12, 10) Q=0% : H=0 : Visit=0 : 0
  _   _   _   _   _   _   _   _   _   _   _   _   _   _   _ 
  _   _   _   _   _   _   _   _   _   _   _   _   _   _   _ 
  _   _   _   _   _   _   _   _   _   _   _   _   _   _   _ 
  _   _   _   _   _   _   _   _   _   _   _   _   _   _   _ 
  _   _   _   _   _   _   _   _   _   _   _   _   _   _   _ 
  _   _   _   _   _   _   _   _   _    3   3  _   _   _   _ 
  _   _   _   _   X   _   _   _   14   3  21   3   3  _   _ 
  _   _   _   _   _   _   _    3   3 564  95  21  _   _   _ 
  _   _   _   _   _   _   _    3  14   7  O   10   7  _   _ 
  _   _   _   _   _   _   _   _    3  91  29  29  _   _   _ 
  _   _   _   _   _   X   _   _   25   3  18   3   7  _   _ 
  _   _   _   _   _   _   _   _   _   _   _   _   _   _   _ 
  _   _   _   _   _   _   _   _   _   _   _   _   _   _   _ 
  _   _   _   _   _   _   _   _   _   _   _   _   _   _   _ 
  _   _   _   _   _   _   _   _   _   _   _   _   _   _   _ 

nodes used 9k / 42M (0%)
memory = 1285.67 MB
0 : CROSS  (-1, -1) Q=76.3% : H=0.999 : Visit=274 : 222
1 : CIRCLE (7, 9) Q=25.1% : H=0.418 : Visit=154 : 44
2 : CROSS  (9, 4) Q=89.8% : H=0.278 : Visit=107 : 50
3 : CIRCLE (8, 9) Q=12.7% : H=0.178 : Visit=24 : 34
4 : CROSS  (8, 3) Q=95.3% : H=0.408 : Visit=13 : 25
5 : CIRCLE (7, 2) Q=4.2% : H=0.48 : Visit=6 : 28
6 : CROSS  (7, 4) Q=96.2% : H=0.528 : Visit=3 : 33
7 : CIRCLE (8, 4) Q=1.7% : H=0.808 : Visit=2 : 22
8 : CROSS  (9, 2) Q=98.9% : H=0.499 : Visit=1 : 35
9 : CIRCLE (3, 8) Q=0% : H=0 : Visit=0 : 0
Total 9 moves ahead
----NNCACHE-INFO----
memory = 0.306351 MB / 857.112MB
stored = 272 elements
calls  = 290
hits   = 18 (6.2%)
--------------------
nodes left = 4556
steps left = 12
using 0.0349525s out of 9s left
median imbalance = 0.414426
depth=1 : removed 0/68
depth=2 : removed 8/16
nodes left = 4548
steps left = 12
using 0.0348167s out of 8.96505s left
----MOST-BALANCED-MOVES----
CIRCLE (6, 6) Q=65.7% : H=1 : Visit=1 : 67
CROSS  (4, 2) Q=34.2% : H=1 : Visit=1 : 38
---------------------------
median imbalance = 0.447318
depth=1 : removed 0/68
depth=2 : removed 20/40
nodes left = 4528
steps left = 12
using 0.0346815s out of 8.93023s left
----MOST-BALANCED-MOVES----
CIRCLE (8, 6) Q=62.3% : H=1 : Visit=1 : 67
CROSS  (4, 2) Q=37.6% : H=1 : Visit=1 : 35
---------------------------
median imbalance = 0.407422
depth=1 : removed 0/68
depth=2 : removed 18/36
nodes left = 4510
steps left = 12
using 0.0345468s out of 8.89555s left
----MOST-BALANCED-MOVES----
CIRCLE (10, 6) Q=45.8% : H=1 : Visit=1 : 67
CROSS  (4, 2) Q=54.1% : H=1 : Visit=1 : 38
---------------------------
median imbalance = 0.397839
depth=1 : removed 0/68
depth=2 : removed 17/34
nodes left = 4493
steps left = 12
using 0.0344126s out of 8.861s left
----MOST-BALANCED-MOVES----
CIRCLE (10, 6) Q=45.8% : H=1 : Visit=1 : 67
CROSS  (4, 2) Q=54.1% : H=1 : Visit=1 : 38
---------------------------
median imbalance = 0.397794
depth=1 : removed 0/68
depth=2 : removed 25/49
nodes left = 4468
steps left = 12
using 0.034279s out of 8.82659s left
----MOST-BALANCED-MOVES----
CIRCLE (11, 5) Q=32.3% : H=1 : Visit=2 : 67
CROSS  (4, 3) Q=46.7% : H=1 : Visit=1 : 41
---------------------------
median imbalance = 0.296367
depth=1 : removed 0/68
depth=2 : removed 20/40
nodes left = 4448
steps left = 12
using 0.0341459s out of 8.79231s left
----MOST-BALANCED-MOVES----
CIRCLE (11, 5) Q=32.3% : H=1 : Visit=2 : 67
CROSS  (4, 3) Q=46.7% : H=1 : Visit=1 : 41
---------------------------
median imbalance = 0.367842
depth=1 : removed 0/68
depth=2 : removed 26/52
nodes left = 4422
steps left = 12
using 0.0340133s out of 8.75817s left
----MOST-BALANCED-MOVES----
CIRCLE (11, 5) Q=32.3% : H=1 : Visit=2 : 67
CROSS  (4, 3) Q=46.7% : H=1 : Visit=1 : 41
---------------------------
median imbalance = 0.283565
depth=1 : removed 0/68
depth=2 : removed 21/42
nodes left = 4401
steps left = 12
using 0.0338812s out of 8.72415s left
----MOST-BALANCED-MOVES----
CIRCLE (11, 5) Q=23.9% : H=1 : Visit=3 : 67
CROSS  (4, 3) Q=46.7% : H=1 : Visit=1 : 41
---------------------------
median imbalance = 0.272662
depth=1 : removed 0/68
depth=2 : removed 19/37
nodes left = 4382
steps left = 12
using 0.0337496s out of 8.69027s left
----MOST-BALANCED-MOVES----
CIRCLE (11, 5) Q=23.9% : H=1 : Visit=3 : 67
CROSS  (4, 3) Q=46.7% : H=1 : Visit=1 : 41
---------------------------
median imbalance = 0.268718
depth=1 : removed 0/68
depth=2 : removed 17/34
nodes left = 4365
steps left = 12
using 0.0336185s out of 8.65652s left
----MOST-BALANCED-MOVES----
CIRCLE (11, 5) Q=23.9% : H=1 : Visit=3 : 67
CROSS  (4, 3) Q=46.7% : H=1 : Visit=1 : 41
---------------------------
median imbalance = 0.268711
depth=1 : removed 0/68
depth=2 : removed 17/33
nodes left = 4348
steps left = 12
using 0.033488s out of 8.6229s left
----MOST-BALANCED-MOVES----
CIRCLE (11, 5) Q=23.9% : H=1 : Visit=3 : 67
CROSS  (4, 3) Q=46.7% : H=1 : Visit=1 : 41
---------------------------
median imbalance = 0.26037
depth=1 : removed 0/68
depth=2 : removed 16/32
nodes left = 4332
steps left = 12
using 0.0333579s out of 8.58941s left
----MOST-BALANCED-MOVES----
CIRCLE (11, 5) Q=23.9% : H=1 : Visit=3 : 67
CROSS  (4, 3) Q=46.7% : H=1 : Visit=1 : 41
---------------------------
median imbalance = 0.290307
depth=1 : removed 0/68
depth=2 : removed 24/48
nodes left = 4308
steps left = 12
using 0.0332283s out of 8.55606s left
----MOST-BALANCED-MOVES----
CIRCLE (9, 5) Q=30.8% : H=1 : Visit=4 : 67
CROSS  (4, 5) Q=47.5% : H=1 : Visit=1 : 42
---------------------------
median imbalance = 0.367844
depth=1 : removed 0/68
depth=2 : removed 29/57
nodes left = 4279
steps left = 12
using 0.0330993s out of 8.52283s left
----MOST-BALANCED-MOVES----
CIRCLE (9, 5) Q=30.8% : H=1 : Visit=4 : 67
CROSS  (4, 5) Q=47.5% : H=1 : Visit=1 : 42
---------------------------
median imbalance = 0.418985
depth=1 : removed 0/68
depth=2 : removed 30/60
nodes left = 4249
steps left = 12
using 0.0329708s out of 8.48973s left
----MOST-BALANCED-MOVES----
CIRCLE (4, 6) Q=27.4% : H=1 : Visit=5 : 67
CROSS  (5, 2) Q=51.1% : H=1 : Visit=1 : 50
---------------------------
median imbalance = 0.38126
depth=1 : removed 0/68
depth=2 : removed 31/62
nodes left = 4218
steps left = 12
using 0.0328427s out of 8.45676s left
----MOST-BALANCED-MOVES----
CIRCLE (4, 6) Q=27.4% : H=1 : Visit=5 : 67
CROSS  (5, 2) Q=51.1% : H=1 : Visit=1 : 50
---------------------------
median imbalance = 0.33084
depth=1 : removed 0/68
depth=2 : removed 32/63
nodes left = 4186
steps left = 12
using 0.0327152s out of 8.42392s left
----MOST-BALANCED-MOVES----
CIRCLE (4, 6) Q=27.4% : H=1 : Visit=5 : 67
CROSS  (5, 2) Q=51.1% : H=1 : Visit=1 : 50
---------------------------
median imbalance = 0.26048
depth=1 : removed 0/68
depth=2 : removed 32/63
nodes left = 4154
steps left = 12
using 0.0325881s out of 8.3912s left
----MOST-BALANCED-MOVES----
CIRCLE (4, 6) Q=23.4% : H=1 : Visit=6 : 67
CROSS  (5, 2) Q=51.1% : H=1 : Visit=1 : 50
---------------------------
median imbalance = 0.235154
depth=1 : removed 0/68
depth=2 : removed 32/63
nodes left = 4122
steps left = 12
using 0.0324616s out of 8.35861s left
----MOST-BALANCED-MOVES----
CIRCLE (4, 6) Q=23.4% : H=1 : Visit=6 : 67
CROSS  (5, 2) Q=51.1% : H=1 : Visit=1 : 50
---------------------------
median imbalance = 0.219067
depth=1 : removed 0/68
depth=2 : removed 32/63
nodes left = 4090
steps left = 11
using 0.0486923s out of 8.32615s left
----MOST-BALANCED-MOVES----
CIRCLE (4, 6) Q=20.4% : H=1 : Visit=7 : 67
CROSS  (5, 2) Q=51.1% : H=1 : Visit=1 : 50
---------------------------
median imbalance = 0.159234
depth=1 : removed 0/68
depth=2 : removed 24/48
nodes left = 4066
steps left = 11
using 0.0484076s out of 8.27746s left
----MOST-BALANCED-MOVES----
CIRCLE (4, 6) Q=20.4% : H=1 : Visit=7 : 67
CROSS  (5, 2) Q=51.1% : H=1 : Visit=1 : 50
---------------------------
median imbalance = 0.153848
depth=1 : removed 0/68
depth=2 : removed 20/40
nodes left = 4046
steps left = 11
using 0.0481245s out of 8.22905s left
----MOST-BALANCED-MOVES----
CIRCLE (4, 6) Q=20.4% : H=1 : Visit=7 : 67
CROSS  (5, 2) Q=51.1% : H=1 : Visit=1 : 50
---------------------------
median imbalance = 0.432373
depth=1 : removed 0/68
depth=2 : removed 26/52
nodes left = 4020
steps left = 11
using 0.047843s out of 8.18093s left
----MOST-BALANCED-MOVES----
CIRCLE (4, 6) Q=20.9% : H=1 : Visit=8 : 67
CROSS  (5, 2) Q=51.1% : H=1 : Visit=1 : 50
---------------------------
median imbalance = 0.413513
depth=1 : removed 0/68
depth=2 : removed 29/58
nodes left = 3991
steps left = 11
using 0.0475632s out of 8.13308s left
----MOST-BALANCED-MOVES----
CIRCLE (4, 6) Q=20.9% : H=1 : Visit=8 : 67
CROSS  (5, 2) Q=51.1% : H=1 : Visit=1 : 50
---------------------------
median imbalance = 0.386253
depth=1 : removed 0/68
depth=2 : removed 31/61
nodes left = 3960
steps left = 11
using 0.0472851s out of 8.08552s left
----MOST-BALANCED-MOVES----
CIRCLE (4, 6) Q=20.9% : H=1 : Visit=8 : 67
CROSS  (5, 2) Q=51.1% : H=1 : Visit=1 : 50
---------------------------
median imbalance = 0.247637
depth=1 : removed 0/68
depth=2 : removed 23/46
nodes left = 3937
steps left = 11
using 0.0470086s out of 8.03823s left
----MOST-BALANCED-MOVES----
CIRCLE (4, 6) Q=20.8% : H=1 : Visit=9 : 67
CROSS  (5, 2) Q=51.1% : H=1 : Visit=1 : 50
---------------------------
median imbalance = 0.348315
depth=1 : removed 0/68
depth=2 : removed 28/55
nodes left = 3909
steps left = 11
using 0.0467337s out of 7.99123s left
----MOST-BALANCED-MOVES----
CIRCLE (4, 6) Q=20.8% : H=1 : Visit=9 : 67
CROSS  (5, 2) Q=51.1% : H=1 : Visit=1 : 50
---------------------------
median imbalance = 0.140613
depth=1 : removed 0/68
depth=2 : removed 22/43
nodes left = 3887
steps left = 11
using 0.0464603s out of 7.94449s left
----MOST-BALANCED-MOVES----
CIRCLE (6, 6) Q=42.4% : H=1 : Visit=10 : 67
CROSS  (5, 6) Q=50.6% : H=1 : Visit=1 : 39
---------------------------
median imbalance = 0.115717
depth=1 : removed 0/68
depth=2 : removed 19/37
nodes left = 3868
steps left = 11
using 0.0461886s out of 7.89803s left
----MOST-BALANCED-MOVES----
CIRCLE (12, 6) Q=27% : H=1 : Visit=10 : 67
CROSS  (5, 6) Q=49.8% : H=1 : Visit=1 : 41
---------------------------
median imbalance = 0.394436
depth=1 : removed 0/68
depth=2 : removed 26/51
nodes left = 3842
steps left = 11
using 0.0459185s out of 7.85184s left
----MOST-BALANCED-MOVES----
CIRCLE (12, 6) Q=27% : H=1 : Visit=10 : 67
CROSS  (5, 6) Q=49.8% : H=1 : Visit=1 : 41
---------------------------
median imbalance = 0.327614
depth=1 : removed 0/68
depth=2 : removed 29/57
nodes left = 3813
steps left = 11
using 0.04565s out of 7.80593s left
----MOST-BALANCED-MOVES----
CIRCLE (12, 6) Q=27% : H=1 : Visit=10 : 67
CROSS  (5, 6) Q=49.8% : H=1 : Visit=1 : 41
---------------------------
median imbalance = 0.36078
depth=1 : removed 0/68
depth=2 : removed 31/61
nodes left = 3782
steps left = 11
using 0.045383s out of 7.76028s left
----MOST-BALANCED-MOVES----
CIRCLE (12, 6) Q=25% : H=1 : Visit=11 : 67
CROSS  (5, 6) Q=49.8% : H=1 : Visit=1 : 41
---------------------------
median imbalance = 0.318358
depth=1 : removed 0/68
depth=2 : removed 32/63
nodes left = 3750
steps left = 11
using 0.0451176s out of 7.71489s left
----MOST-BALANCED-MOVES----
CIRCLE (12, 6) Q=25% : H=1 : Visit=11 : 67
CROSS  (5, 6) Q=49.8% : H=1 : Visit=1 : 41
---------------------------
median imbalance = 0.31332
depth=1 : removed 0/68
depth=2 : removed 32/63
nodes left = 3718
steps left = 11
using 0.0448538s out of 7.66977s left
----MOST-BALANCED-MOVES----
CIRCLE (12, 6) Q=23.4% : H=1 : Visit=12 : 67
CROSS  (5, 6) Q=49.8% : H=1 : Visit=1 : 41
---------------------------
median imbalance = 0.238653
depth=1 : removed 0/68
depth=2 : removed 24/47
nodes left = 3694
steps left = 11
using 0.0445915s out of 7.62492s left
----MOST-BALANCED-MOVES----
CIRCLE (12, 6) Q=23.4% : H=1 : Visit=12 : 67
CROSS  (5, 6) Q=49.8% : H=1 : Visit=1 : 41
---------------------------
median imbalance = 0.454962
depth=1 : removed 0/68
depth=2 : removed 28/55
nodes left = 3666
steps left = 11
using 0.0443307s out of 7.58033s left
----MOST-BALANCED-MOVES----
CIRCLE (12, 6) Q=23.4% : H=1 : Visit=12 : 67
CROSS  (5, 6) Q=49.8% : H=1 : Visit=1 : 41
---------------------------
median imbalance = 0.436968
depth=1 : removed 0/68
depth=2 : removed 30/59
nodes left = 3636
steps left = 11
using 0.0440714s out of 7.536s left
----MOST-BALANCED-MOVES----
CIRCLE (12, 6) Q=23.4% : H=1 : Visit=12 : 67
CROSS  (5, 6) Q=49.8% : H=1 : Visit=1 : 41
---------------------------
median imbalance = 0.400823
depth=1 : removed 0/68
depth=2 : removed 31/61
nodes left = 3605
steps left = 11
using 0.0438137s out of 7.49193s left
----MOST-BALANCED-MOVES----
CIRCLE (6, 6) Q=40.7% : H=1 : Visit=14 : 67
CROSS  (6, 8) Q=49.9% : H=1 : Visit=1 : 41
---------------------------
median imbalance = 0.181557
depth=1 : removed 0/68
depth=2 : removed 23/46
nodes left = 3582
steps left = 11
using 0.0435575s out of 7.44811s left
----MOST-BALANCED-MOVES----
CIRCLE (6, 6) Q=40.7% : H=1 : Visit=14 : 67
CROSS  (6, 8) Q=49.9% : H=1 : Visit=1 : 41
---------------------------
median imbalance = 0.462997
depth=1 : removed 0/68
depth=2 : removed 28/55
nodes left = 3554
steps left = 11
using 0.0433027s out of 7.40456s left
----MOST-BALANCED-MOVES----
CIRCLE (6, 6) Q=40.7% : H=1 : Visit=14 : 67
CROSS  (6, 8) Q=49.9% : H=1 : Visit=1 : 41
---------------------------
median imbalance = 0.330214
depth=1 : removed 0/68
depth=2 : removed 30/59
nodes left = 3524
steps left = 11
using 0.0430495s out of 7.36125s left
----MOST-BALANCED-MOVES----
CIRCLE (6, 6) Q=43.5% : H=1 : Visit=15 : 67
CROSS  (6, 8) Q=49.9% : H=1 : Visit=1 : 41
---------------------------
median imbalance = 0.282682
depth=1 : removed 0/68
depth=2 : removed 31/61
nodes left = 3493
steps left = 11
using 0.0427977s out of 7.3182s left
----MOST-BALANCED-MOVES----
CIRCLE (6, 6) Q=43.5% : H=1 : Visit=15 : 67
CROSS  (6, 8) Q=49.9% : H=1 : Visit=1 : 41
---------------------------
median imbalance = 0.192925
depth=1 : removed 0/68
depth=2 : removed 31/62
nodes left = 3462
steps left = 11
using 0.0425474s out of 7.27541s left
----MOST-BALANCED-MOVES----
CIRCLE (6, 6) Q=46.7% : H=0.999 : Visit=16 : 67
CROSS  (6, 8) Q=49.9% : H=1 : Visit=1 : 41
---------------------------
median imbalance = 0.136954
depth=1 : removed 0/68
depth=2 : removed 32/64
nodes left = 3430
steps left = 11
using 0.0422986s out of 7.23286s left
----MOST-BALANCED-MOVES----
CIRCLE (6, 6) Q=49.7% : H=1 : Visit=17 : 67
CROSS  (6, 8) Q=49.9% : H=1 : Visit=1 : 41
---------------------------
median imbalance = 0.108678
depth=1 : removed 0/68
depth=2 : removed 32/64
nodes left = 3398
steps left = 11
using 0.0420513s out of 7.19056s left
----MOST-BALANCED-MOVES----
CIRCLE (6, 6) Q=49.7% : H=1 : Visit=17 : 67
CROSS  (6, 8) Q=49.9% : H=1 : Visit=1 : 41
---------------------------
median imbalance = 0.0616192
depth=1 : removed 0/68
depth=2 : removed 25/50
nodes left = 3373
steps left = 11
using 0.0418053s out of 7.14851s left
----MOST-BALANCED-MOVES----
CIRCLE (6, 6) Q=49.7% : H=1 : Visit=17 : 67
CROSS  (6, 8) Q=49.9% : H=1 : Visit=1 : 41
---------------------------
median imbalance = 0.0546285
depth=1 : removed 0/68
depth=2 : removed 21/42
nodes left = 3352
steps left = 11
using 0.0415609s out of 7.1067s left
----MOST-BALANCED-MOVES----
CIRCLE (6, 6) Q=52.5% : H=1 : Visit=18 : 67
CROSS  (6, 8) Q=49.9% : H=1 : Visit=1 : 41
---------------------------
median imbalance = 0.0759512
depth=1 : removed 0/68
depth=2 : removed 29/57
nodes left = 3323
steps left = 11
using 0.0413178s out of 7.06514s left
----MOST-BALANCED-MOVES----
CIRCLE (6, 6) Q=52.5% : H=1 : Visit=18 : 67
CROSS  (6, 8) Q=49.9% : H=1 : Visit=1 : 41
---------------------------
median imbalance = 0.0482947
depth=1 : removed 0/68
depth=2 : removed 23/46
nodes left = 3300
steps left = 11
using 0.0410762s out of 7.02382s left
----MOST-BALANCED-MOVES----
CIRCLE (6, 6) Q=50% : H=1 : Visit=19 : 67
CROSS  (6, 8) Q=49.9% : H=1 : Visit=1 : 41
---------------------------
median imbalance = 0.0454018
depth=1 : removed 0/68
depth=2 : removed 22/43
nodes left = 3278
steps left = 11
using 0.040836s out of 6.98275s left
----MOST-BALANCED-MOVES----
CIRCLE (6, 6) Q=50% : H=1 : Visit=19 : 67
CROSS  (6, 8) Q=49.9% : H=1 : Visit=1 : 41
---------------------------
median imbalance = 0.0413924
depth=1 : removed 0/68
depth=2 : removed 19/37
nodes left = 3259
steps left = 11
using 0.0405971s out of 6.94191s left
----MOST-BALANCED-MOVES----
CIRCLE (6, 6) Q=50% : H=1 : Visit=19 : 67
CROSS  (6, 8) Q=49.9% : H=1 : Visit=1 : 41
---------------------------
median imbalance = 0.123123
depth=1 : removed 0/68
depth=2 : removed 25/50
nodes left = 3234
steps left = 11
using 0.0403597s out of 6.90132s left
----MOST-BALANCED-MOVES----
CIRCLE (6, 6) Q=50% : H=1 : Visit=19 : 67
CROSS  (6, 8) Q=49.9% : H=1 : Visit=1 : 41
---------------------------
median imbalance = 0.321448
depth=1 : removed 0/68
depth=2 : removed 29/57
nodes left = 3205
steps left = 11
using 0.0401237s out of 6.86096s left
----MOST-BALANCED-MOVES----
CIRCLE (6, 6) Q=47.8% : H=1 : Visit=20 : 67
CROSS  (6, 8) Q=49.9% : H=1 : Visit=1 : 41
---------------------------
median imbalance = 0.0640584
depth=1 : removed 0/68
depth=2 : removed 22/44
nodes left = 3183
steps left = 11
using 0.039889s out of 6.82083s left
----MOST-BALANCED-MOVES----
CIRCLE (6, 6) Q=47.8% : H=1 : Visit=20 : 67
CROSS  (6, 8) Q=49.9% : H=1 : Visit=1 : 41
---------------------------
median imbalance = 0.065534
depth=1 : removed 0/68
depth=2 : removed 27/54
nodes left = 3156
steps left = 11
using 0.0396558s out of 6.78094s left
----MOST-BALANCED-MOVES----
CIRCLE (6, 6) Q=47.8% : H=1 : Visit=20 : 67
CROSS  (6, 8) Q=49.9% : H=1 : Visit=1 : 41
---------------------------
median imbalance = 0.0985373
depth=1 : removed 0/68
depth=2 : removed 30/59
nodes left = 3126
steps left = 11
using 0.0394239s out of 6.74129s left
----MOST-BALANCED-MOVES----
CIRCLE (6, 6) Q=45.6% : H=1 : Visit=21 : 67
CROSS  (6, 8) Q=49.9% : H=1 : Visit=1 : 41
---------------------------
median imbalance = 0.0413005
depth=1 : removed 0/68
depth=2 : removed 23/45
nodes left = 3103
steps left = 11
using 0.0391933s out of 6.70186s left
----MOST-BALANCED-MOVES----
CIRCLE (6, 6) Q=45.6% : H=1 : Visit=21 : 67
CROSS  (6, 8) Q=49.9% : H=1 : Visit=1 : 41
---------------------------
median imbalance = 0.0357116
depth=1 : removed 0/68
depth=2 : removed 19/38
nodes left = 3084
steps left = 11
using 0.0389641s out of 6.66267s left
----MOST-BALANCED-MOVES----
CIRCLE (6, 6) Q=45.6% : H=1 : Visit=21 : 67
CROSS  (6, 8) Q=49.9% : H=1 : Visit=1 : 41
---------------------------
median imbalance = 0.453482
depth=1 : removed 0/68
depth=2 : removed 26/51
nodes left = 3058
steps left = 11
using 0.0387362s out of 6.62371s left
----MOST-BALANCED-MOVES----
CIRCLE (6, 6) Q=45.6% : H=1 : Visit=21 : 67
CROSS  (6, 8) Q=49.9% : H=1 : Visit=1 : 41
---------------------------
median imbalance = 0.174838
depth=1 : removed 0/68
depth=2 : removed 29/57
nodes left = 3029
steps left = 11
using 0.0385097s out of 6.58497s left
----MOST-BALANCED-MOVES----
CIRCLE (6, 6) Q=43.6% : H=0.999 : Visit=22 : 67
CROSS  (6, 8) Q=49.9% : H=1 : Visit=1 : 41
---------------------------
median imbalance = 0.421098
depth=1 : removed 0/68
depth=2 : removed 30/60
nodes left = 2999
steps left = 11
using 0.0382845s out of 6.54646s left
----MOST-BALANCED-MOVES----
CIRCLE (6, 6) Q=43.6% : H=0.999 : Visit=22 : 67
CROSS  (6, 8) Q=49.9% : H=1 : Visit=1 : 41
---------------------------
median imbalance = 0.060365
depth=1 : removed 0/68
depth=2 : removed 23/46
nodes left = 2976
steps left = 11
using 0.0380606s out of 6.50818s left
----MOST-BALANCED-MOVES----
CIRCLE (6, 6) Q=43.6% : H=0.999 : Visit=22 : 67
CROSS  (6, 8) Q=49.9% : H=1 : Visit=1 : 41
---------------------------
median imbalance = 0.0326041
depth=1 : removed 0/68
depth=2 : removed 20/39
nodes left = 2956
steps left = 11
using 0.037838s out of 6.47012s left
----MOST-BALANCED-MOVES----
CIRCLE (6, 6) Q=42.8% : H=1 : Visit=23 : 67
CROSS  (6, 8) Q=49.9% : H=1 : Visit=1 : 41
---------------------------
median imbalance = 0.0313266
depth=1 : removed 0/68
depth=2 : removed 18/35
nodes left = 2938
steps left = 11
using 0.0376167s out of 6.43228s left
----MOST-BALANCED-MOVES----
CIRCLE (6, 6) Q=42.8% : H=1 : Visit=23 : 67
CROSS  (6, 8) Q=49.9% : H=1 : Visit=1 : 41
---------------------------
median imbalance = 0.290326
depth=1 : removed 0/68
depth=2 : removed 17/34
nodes left = 2921
steps left = 11
using 0.0373967s out of 6.39466s left
----MOST-BALANCED-MOVES----
CIRCLE (6, 6) Q=42.8% : H=1 : Visit=23 : 67
CROSS  (6, 8) Q=49.9% : H=1 : Visit=1 : 41
---------------------------
median imbalance = 0.0305877
depth=1 : removed 0/68
depth=2 : removed 17/33
nodes left = 2904
steps left = 11
using 0.037178s out of 6.35726s left
----MOST-BALANCED-MOVES----
CIRCLE (6, 6) Q=42.8% : H=1 : Visit=23 : 67
CROSS  (6, 8) Q=49.9% : H=1 : Visit=1 : 41
---------------------------
median imbalance = 0.292922
depth=1 : removed 0/68
depth=2 : removed 25/49
nodes left = 2879
steps left = 11
using 0.0369606s out of 6.32009s left
----MOST-BALANCED-MOVES----
CIRCLE (6, 6) Q=42.6% : H=1 : Visit=24 : 67
CROSS  (6, 8) Q=49.9% : H=1 : Visit=1 : 41
---------------------------
median imbalance = 0.054962
depth=1 : removed 0/68
depth=2 : removed 21/41
nodes left = 2858
steps left = 11
using 0.0367445s out of 6.28312s left
----MOST-BALANCED-MOVES----
CIRCLE (6, 6) Q=42.6% : H=1 : Visit=24 : 67
CROSS  (6, 8) Q=49.9% : H=1 : Visit=1 : 41
---------------------------
median imbalance = 0.0260769
depth=1 : removed 0/68
depth=2 : removed 18/36
nodes left = 2840
steps left = 11
using 0.0365296s out of 6.24638s left
----MOST-BALANCED-MOVES----
CIRCLE (6, 6) Q=42.6% : H=1 : Visit=24 : 67
CROSS  (6, 8) Q=49.9% : H=1 : Visit=1 : 41
---------------------------
median imbalance = 0.130209
depth=1 : removed 0/68
depth=2 : removed 26/51
nodes left = 2814
steps left = 11
using 0.036316s out of 6.20985s left
----MOST-BALANCED-MOVES----
CIRCLE (6, 6) Q=43.8% : H=1 : Visit=25 : 67
CROSS  (6, 8) Q=49.9% : H=1 : Visit=1 : 41
---------------------------
median imbalance = 0.0428913
depth=1 : removed 0/68
depth=2 : removed 21/42
nodes left = 2793
steps left = 11
using 0.0361036s out of 6.17353s left
----MOST-BALANCED-MOVES----
CIRCLE (6, 6) Q=43.8% : H=1 : Visit=25 : 67
CROSS  (6, 8) Q=49.9% : H=1 : Visit=1 : 41
---------------------------
median imbalance = 0.0871705
depth=1 : removed 0/68
depth=2 : removed 28/55
nodes left = 2765
steps left = 11
using 0.0358924s out of 6.13743s left
----MOST-BALANCED-MOVES----
CIRCLE (6, 6) Q=45.5% : H=0.999 : Visit=26 : 67
CROSS  (6, 8) Q=49.9% : H=1 : Visit=1 : 41
---------------------------
median imbalance = 0.0306821
depth=1 : removed 0/68
depth=2 : removed 22/43
nodes left = 2743
steps left = 11
using 0.0356825s out of 6.10154s left
----MOST-BALANCED-MOVES----
CIRCLE (6, 6) Q=45.5% : H=0.999 : Visit=26 : 67
CROSS  (6, 8) Q=49.9% : H=1 : Visit=1 : 41
---------------------------
median imbalance = 0.120031
depth=1 : removed 0/68
depth=2 : removed 27/54
nodes left = 2716
steps left = 11
using 0.0354739s out of 6.06586s left
----MOST-BALANCED-MOVES----
CIRCLE (6, 6) Q=45.5% : H=0.999 : Visit=26 : 67
CROSS  (6, 8) Q=49.9% : H=1 : Visit=1 : 41
---------------------------
median imbalance = 0.174425
depth=1 : removed 0/68
depth=2 : removed 30/59
nodes left = 2686
steps left = 11
using 0.0352664s out of 6.03038s left
----MOST-BALANCED-MOVES----
CIRCLE (6, 6) Q=47.5% : H=1 : Visit=27 : 67
CROSS  (6, 8) Q=49.9% : H=1 : Visit=1 : 41
---------------------------
median imbalance = 0.0930969
depth=1 : removed 0/68
depth=2 : removed 31/61
nodes left = 2655
steps left = 11
using 0.0350602s out of 5.99512s left
----MOST-BALANCED-MOVES----
CIRCLE (6, 6) Q=49.3% : H=0.999 : Visit=28 : 67
CROSS  (6, 8) Q=49.9% : H=1 : Visit=1 : 41
---------------------------
median imbalance = 0.0406596
depth=1 : removed 0/68
depth=2 : removed 23/46
nodes left = 2632
steps left = 11
using 0.0348551s out of 5.96006s left
----MOST-BALANCED-MOVES----
CIRCLE (6, 6) Q=49.3% : H=0.999 : Visit=28 : 67
CROSS  (6, 8) Q=49.9% : H=1 : Visit=1 : 41
---------------------------
median imbalance = 0.0245863
depth=1 : removed 0/68
depth=2 : removed 20/39
nodes left = 2612
steps left = 11
using 0.0346513s out of 5.9252s left
----MOST-BALANCED-MOVES----
CIRCLE (6, 6) Q=49.3% : H=0.999 : Visit=28 : 67
CROSS  (6, 8) Q=49.9% : H=1 : Visit=1 : 41
---------------------------
median imbalance = 0.277159
depth=1 : removed 0/68
depth=2 : removed 26/51
nodes left = 2586
steps left = 11
using 0.0344486s out of 5.89055s left
----MOST-BALANCED-MOVES----
CIRCLE (6, 6) Q=47.9% : H=0.999 : Visit=29 : 67
CROSS  (6, 8) Q=49.9% : H=1 : Visit=1 : 41
---------------------------
median imbalance = 0.306325
depth=1 : removed 0/68
depth=2 : removed 29/57
nodes left = 2557
steps left = 11
using 0.0342472s out of 5.8561s left
----MOST-BALANCED-MOVES----
CIRCLE (6, 6) Q=47.9% : H=0.999 : Visit=29 : 67
CROSS  (6, 8) Q=49.9% : H=1 : Visit=1 : 41
---------------------------
median imbalance = 0.0815272
depth=1 : removed 0/68
depth=2 : removed 22/44
nodes left = 2535
steps left = 11
using 0.0340469s out of 5.82185s left
----MOST-BALANCED-MOVES----
CIRCLE (6, 6) Q=47.9% : H=0.999 : Visit=29 : 67
CROSS  (6, 8) Q=49.9% : H=1 : Visit=1 : 41
---------------------------
median imbalance = 0.0351275
depth=1 : removed 0/68
depth=2 : removed 19/38
nodes left = 2516
steps left = 11
using 0.0338478s out of 5.78781s left
----MOST-BALANCED-MOVES----
CIRCLE (6, 6) Q=47.9% : H=0.999 : Visit=29 : 67
CROSS  (6, 8) Q=49.9% : H=1 : Visit=1 : 41
---------------------------
median imbalance = 0.324271
depth=1 : removed 0/68
depth=2 : removed 26/51
nodes left = 2490
steps left = 11
using 0.0336498s out of 5.75396s left
----MOST-BALANCED-MOVES----
CIRCLE (6, 6) Q=46.4% : H=0.999 : Visit=30 : 67
CROSS  (6, 8) Q=49.9% : H=1 : Visit=1 : 41
---------------------------
median imbalance = 0.0947271
depth=1 : removed 0/68
depth=2 : removed 21/41
nodes left = 2469
steps left = 11
using 0.0334531s out of 5.72031s left
----MOST-BALANCED-MOVES----
CIRCLE (6, 6) Q=46.4% : H=0.999 : Visit=30 : 67
CROSS  (6, 8) Q=49.9% : H=1 : Visit=1 : 41
---------------------------
median imbalance = 0.0241708
depth=1 : removed 0/68
depth=2 : removed 18/36
nodes left = 2451
steps left = 11
using 0.0332574s out of 5.68686s left
----MOST-BALANCED-MOVES----
CIRCLE (6, 6) Q=46.4% : H=0.999 : Visit=30 : 67
CROSS  (6, 8) Q=49.9% : H=1 : Visit=1 : 41
---------------------------
median imbalance = 0.34292
depth=1 : removed 0/68
depth=2 : removed 26/51
nodes left = 2425
steps left = 11
using 0.0330629s out of 5.6536s left
----MOST-BALANCED-MOVES----
CIRCLE (6, 6) Q=46.4% : H=0.999 : Visit=30 : 67
CROSS  (6, 8) Q=49.9% : H=1 : Visit=1 : 41
---------------------------
median imbalance = 0.27224
depth=1 : removed 0/68
depth=2 : removed 31/61
nodes left = 2394
steps left = 11
using 0.0328696s out of 5.62054s left
----MOST-BALANCED-MOVES----
CIRCLE (6, 6) Q=45% : H=1 : Visit=31 : 67
CROSS  (6, 8) Q=49.9% : H=1 : Visit=1 : 41
---------------------------
median imbalance = 0.147947
depth=1 : removed 0/68
depth=2 : removed 26/51
nodes left = 2368
steps left = 11
using 0.0326773s out of 5.58767s left
----MOST-BALANCED-MOVES----
CIRCLE (6, 6) Q=45% : H=1 : Visit=31 : 67
CROSS  (6, 8) Q=49.9% : H=1 : Visit=1 : 41
---------------------------
median imbalance = 0.0574565
depth=1 : removed 0/68
depth=2 : removed 21/42
nodes left = 2347
steps left = 11
using 0.0324862s out of 5.55499s left
----MOST-BALANCED-MOVES----
CIRCLE (6, 6) Q=45% : H=1 : Visit=31 : 67
CROSS  (6, 8) Q=49.9% : H=1 : Visit=1 : 41
---------------------------
median imbalance = 0.0202858
depth=1 : removed 0/68
depth=2 : removed 19/37
nodes left = 2328
steps left = 11
using 0.0322963s out of 5.5225s left
----MOST-BALANCED-MOVES----
CIRCLE (6, 6) Q=45% : H=1 : Visit=31 : 67
CROSS  (6, 8) Q=49.9% : H=1 : Visit=1 : 41
---------------------------
median imbalance = 0.190988
depth=1 : removed 0/68
depth=2 : removed 28/56
nodes left = 2300
steps left = 11
using 0.0321074s out of 5.49021s left
----MOST-BALANCED-MOVES----
CIRCLE (6, 6) Q=43.7% : H=1 : Visit=32 : 67
CROSS  (6, 8) Q=49.9% : H=1 : Visit=1 : 41
---------------------------
median imbalance = 0.0523353
depth=1 : removed 0/68
depth=2 : removed 23/45
nodes left = 2277
steps left = 11
using 0.0319196s out of 5.4581s left
----MOST-BALANCED-MOVES----
CIRCLE (6, 6) Q=43.7% : H=1 : Visit=32 : 67
CROSS  (6, 8) Q=49.9% : H=1 : Visit=1 : 41
---------------------------
median imbalance = 0.018168
depth=1 : removed 0/68
depth=2 : removed 20/39
nodes left = 2257
steps left = 11
using 0.0317329s out of 5.42618s left
----MOST-BALANCED-MOVES----
CIRCLE (6, 6) Q=43.7% : H=1 : Visit=32 : 67
CROSS  (6, 8) Q=49.9% : H=1 : Visit=1 : 41
---------------------------
median imbalance = 0.0175022
depth=1 : removed 0/68
depth=2 : removed 18/35
nodes left = 2239
steps left = 11
using 0.0315474s out of 5.39445s left
----MOST-BALANCED-MOVES----
CIRCLE (6, 6) Q=42.5% : H=0.999 : Visit=33 : 67
CROSS  (6, 8) Q=49.9% : H=1 : Visit=1 : 41
---------------------------
median imbalance = 0.214887
depth=1 : removed 0/68
depth=2 : removed 25/49
nodes left = 2214
steps left = 11
using 0.0313629s out of 5.3629s left
----MOST-BALANCED-MOVES----
CIRCLE (6, 6) Q=42.5% : H=0.999 : Visit=33 : 67
CROSS  (6, 8) Q=49.9% : H=1 : Visit=1 : 41
---------------------------
median imbalance = 0.299561
depth=1 : removed 0/68
depth=2 : removed 28/56
nodes left = 2186
steps left = 11
using 0.0311795s out of 5.33154s left
----MOST-BALANCED-MOVES----
CIRCLE (6, 6) Q=42.5% : H=0.999 : Visit=33 : 67
CROSS  (6, 8) Q=49.9% : H=1 : Visit=1 : 41
---------------------------
median imbalance = 0.0792701
depth=1 : removed 0/68
depth=2 : removed 22/44
nodes left = 2164
steps left = 11
using 0.0309971s out of 5.30036s left
----MOST-BALANCED-MOVES----
CIRCLE (6, 6) Q=42.5% : H=0.999 : Visit=33 : 67
CROSS  (6, 8) Q=49.9% : H=1 : Visit=1 : 41
---------------------------
median imbalance = 0.330799
depth=1 : removed 0/68
depth=2 : removed 27/54
nodes left = 2137
steps left = 11
using 0.0308158s out of 5.26936s left
----MOST-BALANCED-MOVES----
CIRCLE (6, 6) Q=42.2% : H=0.999 : Visit=34 : 67
CROSS  (6, 8) Q=49.9% : H=1 : Visit=1 : 41
---------------------------
median imbalance = 0.0215005
depth=1 : removed 0/68
depth=2 : removed 22/43
nodes left = 2115
steps left = 11
using 0.0306356s out of 5.23854s left
----MOST-BALANCED-MOVES----
CIRCLE (6, 6) Q=42.2% : H=0.999 : Visit=34 : 67
CROSS  (6, 8) Q=49.9% : H=1 : Visit=1 : 41
---------------------------
median imbalance = 0.0132909
depth=1 : removed 0/68
depth=2 : removed 19/37
nodes left = 2096
steps left = 11
using 0.0304565s out of 5.20791s left
----MOST-BALANCED-MOVES----
CIRCLE (6, 6) Q=42.2% : H=0.999 : Visit=34 : 67
CROSS  (6, 8) Q=49.9% : H=1 : Visit=1 : 41
---------------------------
median imbalance = 0.405435
depth=1 : removed 0/68
depth=2 : removed 25/50
nodes left = 2071
steps left = 11
using 0.0302784s out of 5.17745s left
----MOST-BALANCED-MOVES----
CIRCLE (6, 6) Q=42.6% : H=1 : Visit=35 : 67
CROSS  (6, 8) Q=49.9% : H=1 : Visit=1 : 41
---------------------------
median imbalance = 0.462877
depth=1 : removed 0/68
depth=2 : removed 29/57
nodes left = 2042
steps left = 10
using 0.0454175s out of 5.14717s left
----MOST-BALANCED-MOVES----
CIRCLE (6, 6) Q=42.6% : H=1 : Visit=35 : 67
CROSS  (6, 8) Q=49.9% : H=1 : Visit=1 : 41
---------------------------
median imbalance = 0.376956
depth=1 : removed 0/68
depth=2 : removed 30/60
nodes left = 2012
steps left = 10
using 0.0450168s out of 5.10176s left
----MOST-BALANCED-MOVES----
CIRCLE (6, 6) Q=43.9% : H=1 : Visit=36 : 67
CROSS  (6, 8) Q=49.9% : H=1 : Visit=1 : 41
---------------------------
median imbalance = 0.356403
depth=1 : removed 0/68
depth=2 : removed 31/62
nodes left = 1981
steps left = 10
using 0.0446196s out of 5.05674s left
----MOST-BALANCED-MOVES----
CIRCLE (6, 6) Q=43.9% : H=1 : Visit=36 : 67
CROSS  (6, 8) Q=49.9% : H=1 : Visit=1 : 41
---------------------------
median imbalance = 0.1451
depth=1 : removed 0/68
depth=2 : removed 24/47
nodes left = 1957
steps left = 10
using 0.0442259s out of 5.01212s left
----MOST-BALANCED-MOVES----
CIRCLE (6, 6) Q=43.9% : H=1 : Visit=36 : 67
CROSS  (6, 8) Q=49.9% : H=1 : Visit=1 : 41
---------------------------
median imbalance = 0.0595608
depth=1 : removed 0/68
depth=2 : removed 20/40
nodes left = 1937
steps left = 10
using 0.0438356s out of 4.96789s left
----MOST-BALANCED-MOVES----
CIRCLE (6, 6) Q=45.2% : H=1 : Visit=37 : 67
CROSS  (6, 8) Q=49.9% : H=1 : Visit=1 : 41
---------------------------
median imbalance = 0.0175663
depth=1 : removed 0/68
depth=2 : removed 18/36
nodes left = 1919
steps left = 10
using 0.0434488s out of 4.92406s left
----MOST-BALANCED-MOVES----
CIRCLE (6, 6) Q=45.2% : H=1 : Visit=37 : 67
CROSS  (6, 8) Q=49.9% : H=1 : Visit=1 : 41
---------------------------
median imbalance = 0.0125619
depth=1 : removed 0/68
depth=2 : removed 17/34
nodes left = 1902
steps left = 10
using 0.0430654s out of 4.88061s left
----MOST-BALANCED-MOVES----
CIRCLE (6, 6) Q=45.2% : H=1 : Visit=37 : 67
CROSS  (6, 8) Q=49.9% : H=1 : Visit=1 : 41
---------------------------
median imbalance = 0.449436
depth=1 : removed 0/68
depth=2 : removed 25/50
nodes left = 1877
steps left = 10
using 0.0426854s out of 4.83754s left
----MOST-BALANCED-MOVES----
CIRCLE (6, 6) Q=46.7% : H=0.999 : Visit=38 : 67
CROSS  (6, 8) Q=49.9% : H=1 : Visit=1 : 41
---------------------------
median imbalance = 0.34475
depth=1 : removed 0/68
depth=2 : removed 21/41
nodes left = 1856
steps left = 10
using 0.0423088s out of 4.79486s left
----MOST-BALANCED-MOVES----
CIRCLE (6, 6) Q=46.7% : H=0.999 : Visit=38 : 67
CROSS  (6, 8) Q=49.9% : H=1 : Visit=1 : 41
---------------------------
median imbalance = 0.127219
depth=1 : removed 0/68
depth=2 : removed 18/36
nodes left = 1838
steps left = 10
using 0.0419355s out of 4.75255s left
----MOST-BALANCED-MOVES----
CIRCLE (6, 6) Q=47.8% : H=1 : Visit=39 : 67
CROSS  (6, 8) Q=49.9% : H=1 : Visit=1 : 41
---------------------------
median imbalance = 0.10186
depth=1 : removed 0/68
depth=2 : removed 17/34
nodes left = 1821
steps left = 10
using 0.0415654s out of 4.71061s left
----MOST-BALANCED-MOVES----
CIRCLE (6, 6) Q=47.8% : H=1 : Visit=39 : 67
CROSS  (6, 8) Q=49.9% : H=1 : Visit=1 : 41
---------------------------
median imbalance = 0.423732
depth=1 : removed 0/68
depth=2 : removed 25/49
nodes left = 1796
steps left = 10
using 0.0411987s out of 4.66905s left
----MOST-BALANCED-MOVES----
CIRCLE (6, 6) Q=47.8% : H=1 : Visit=39 : 67
CROSS  (6, 8) Q=49.9% : H=1 : Visit=1 : 41
---------------------------
median imbalance = 0.378028
depth=1 : removed 0/68
depth=2 : removed 29/57
nodes left = 1767
steps left = 10
using 0.0408351s out of 4.62785s left
----MOST-BALANCED-MOVES----
CIRCLE (6, 6) Q=46.6% : H=1 : Visit=40 : 67
CROSS  (6, 8) Q=49.9% : H=1 : Visit=1 : 41
---------------------------
median imbalance = 0.29052
depth=1 : removed 0/68
depth=2 : removed 30/60
nodes left = 1737
steps left = 10
using 0.0404748s out of 4.58701s left
----MOST-BALANCED-MOVES----
CIRCLE (6, 6) Q=46.6% : H=1 : Visit=40 : 67
CROSS  (6, 8) Q=49.9% : H=1 : Visit=1 : 41
---------------------------
median imbalance = 0.258615
depth=1 : removed 0/68
depth=2 : removed 31/62
nodes left = 1706
steps left = 10
using 0.0401177s out of 4.54654s left
----MOST-BALANCED-MOVES----
CIRCLE (6, 6) Q=46.6% : H=1 : Visit=40 : 67
CROSS  (6, 8) Q=49.9% : H=1 : Visit=1 : 41
---------------------------
median imbalance = 0.231649
depth=1 : removed 0/68
depth=2 : removed 32/63
nodes left = 1674
steps left = 10
using 0.0397637s out of 4.50642s left
----MOST-BALANCED-MOVES----
CIRCLE (6, 6) Q=45.6% : H=1 : Visit=41 : 67
CROSS  (6, 8) Q=49.9% : H=1 : Visit=1 : 41
---------------------------
median imbalance = 0.0910574
depth=1 : removed 0/68
depth=2 : removed 24/47
nodes left = 1650
steps left = 10
using 0.0394128s out of 4.46666s left
----MOST-BALANCED-MOVES----
CIRCLE (6, 6) Q=45.6% : H=1 : Visit=41 : 67
CROSS  (6, 8) Q=49.9% : H=1 : Visit=1 : 41
---------------------------
median imbalance = 0.0470513
depth=1 : removed 0/68
depth=2 : removed 20/39
nodes left = 1630
steps left = 10
using 0.0390651s out of 4.42725s left
----MOST-BALANCED-MOVES----
CIRCLE (6, 6) Q=45.6% : H=1 : Visit=41 : 67
CROSS  (6, 8) Q=49.9% : H=1 : Visit=1 : 41
---------------------------
median imbalance = 0.403264
depth=1 : removed 0/68
depth=2 : removed 26/51
nodes left = 1604
steps left = 10
using 0.0387204s out of 4.38818s left
----MOST-BALANCED-MOVES----
CIRCLE (6, 6) Q=44.9% : H=0.999 : Visit=42 : 67
CROSS  (6, 8) Q=49.9% : H=1 : Visit=1 : 41
---------------------------
median imbalance = 0.304053
depth=1 : removed 0/68
depth=2 : removed 29/57
nodes left = 1575
steps left = 10
using 0.0383787s out of 4.34946s left
----MOST-BALANCED-MOVES----
CIRCLE (6, 6) Q=44.9% : H=0.999 : Visit=42 : 67
CROSS  (6, 8) Q=49.9% : H=1 : Visit=1 : 41
---------------------------
median imbalance = 0.302422
depth=1 : removed 0/68
depth=2 : removed 30/60
nodes left = 1545
steps left = 10
using 0.03804s out of 4.31108s left
----MOST-BALANCED-MOVES----
CIRCLE (6, 6) Q=44.9% : H=0.999 : Visit=42 : 67
CROSS  (6, 8) Q=49.9% : H=1 : Visit=1 : 41
---------------------------
median imbalance = 0.182667
depth=1 : removed 0/68
depth=2 : removed 23/46
nodes left = 1522
steps left = 10
using 0.0377044s out of 4.27304s left
----MOST-BALANCED-MOVES----
CIRCLE (6, 6) Q=44.9% : H=0.999 : Visit=42 : 67
CROSS  (6, 8) Q=49.9% : H=1 : Visit=1 : 41
---------------------------
median imbalance = 0.0253575
depth=1 : removed 0/68
depth=2 : removed 20/39
nodes left = 1502
steps left = 10
using 0.0373717s out of 4.23534s left
----MOST-BALANCED-MOVES----
CIRCLE (6, 6) Q=44.3% : H=1 : Visit=43 : 67
CROSS  (6, 8) Q=49.9% : H=1 : Visit=1 : 41
---------------------------
median imbalance = 0.0151938
depth=1 : removed 0/68
depth=2 : removed 18/35
nodes left = 1484
steps left = 10
using 0.0370419s out of 4.19797s left
----MOST-BALANCED-MOVES----
CIRCLE (6, 6) Q=44.3% : H=1 : Visit=43 : 67
CROSS  (6, 8) Q=49.9% : H=1 : Visit=1 : 41
---------------------------
median imbalance = 0.304594
depth=1 : removed 0/68
depth=2 : removed 25/49
nodes left = 1459
steps left = 10
using 0.0367151s out of 4.16092s left
----MOST-BALANCED-MOVES----
CIRCLE (12, 5) Q=19.6% : H=0.999 : Visit=38 : 67
CROSS  (8, 11) Q=49.9% : H=1 : Visit=1 : 42
---------------------------
median imbalance = 0.298222
depth=1 : removed 0/68
depth=2 : removed 28/56
nodes left = 1431
steps left = 10
using 0.0363911s out of 4.12421s left
----MOST-BALANCED-MOVES----
CIRCLE (12, 5) Q=19.6% : H=0.999 : Visit=38 : 67
CROSS  (8, 11) Q=49.9% : H=1 : Visit=1 : 42
---------------------------
median imbalance = 0.213736
depth=1 : removed 0/68
depth=2 : removed 30/60
nodes left = 1401
steps left = 10
using 0.03607s out of 4.08782s left
----MOST-BALANCED-MOVES----
CIRCLE (12, 5) Q=19.6% : H=0.999 : Visit=38 : 67
CROSS  (8, 11) Q=49.9% : H=1 : Visit=1 : 42
---------------------------
median imbalance = 0.158432
depth=1 : removed 0/68
depth=2 : removed 31/62
nodes left = 1370
steps left = 10
using 0.0357517s out of 4.05175s left
----MOST-BALANCED-MOVES----
CIRCLE (12, 5) Q=20.8% : H=1 : Visit=39 : 67
CROSS  (8, 11) Q=49.9% : H=1 : Visit=1 : 42
---------------------------
median imbalance = 0.0468093
depth=1 : removed 0/68
depth=2 : removed 24/47
nodes left = 1346
steps left = 10
using 0.0354363s out of 4.016s left
----MOST-BALANCED-MOVES----
CIRCLE (12, 5) Q=20.8% : H=1 : Visit=39 : 67
CROSS  (8, 11) Q=49.9% : H=1 : Visit=1 : 42
---------------------------
median imbalance = 0.205596
depth=1 : removed 0/68
depth=2 : removed 28/55
nodes left = 1318
steps left = 10
using 0.0351236s out of 3.98056s left
----MOST-BALANCED-MOVES----
CIRCLE (12, 5) Q=20.8% : H=1 : Visit=39 : 67
CROSS  (8, 11) Q=49.9% : H=1 : Visit=1 : 42
---------------------------
median imbalance = 0.0312629
depth=1 : removed 0/68
depth=2 : removed 22/43
nodes left = 1296
steps left = 10
using 0.0348137s out of 3.94544s left
----MOST-BALANCED-MOVES----
CIRCLE (12, 5) Q=20.6% : H=1 : Visit=40 : 67
CROSS  (8, 11) Q=49.9% : H=1 : Visit=1 : 42
---------------------------
median imbalance = 0.150549
depth=1 : removed 0/68
depth=2 : removed 27/53
nodes left = 1269
steps left = 10
using 0.0345065s out of 3.91062s left
----MOST-BALANCED-MOVES----
CIRCLE (12, 5) Q=20.6% : H=1 : Visit=40 : 67
CROSS  (8, 11) Q=49.9% : H=1 : Visit=1 : 42
---------------------------
median imbalance = 0.0308386
depth=1 : removed 0/68
depth=2 : removed 21/42
nodes left = 1248
steps left = 10
using 0.034202s out of 3.87612s left
----MOST-BALANCED-MOVES----
CIRCLE (12, 5) Q=20.6% : H=1 : Visit=40 : 67
CROSS  (8, 11) Q=49.9% : H=1 : Visit=1 : 42
---------------------------
median imbalance = 0.349083
depth=1 : removed 0/68
depth=2 : removed 27/53
nodes left = 1221
steps left = 10
using 0.0339002s out of 3.84191s left
----MOST-BALANCED-MOVES----
CIRCLE (12, 5) Q=20.6% : H=1 : Visit=40 : 67
CROSS  (8, 11) Q=49.9% : H=1 : Visit=1 : 42
---------------------------
median imbalance = 0.229567
depth=1 : removed 0/68
depth=2 : removed 29/58
nodes left = 1192
steps left = 10
using 0.0336011s out of 3.80801s left
----MOST-BALANCED-MOVES----
CIRCLE (12, 5) Q=20.2% : H=1 : Visit=41 : 67
CROSS  (8, 11) Q=49.9% : H=1 : Visit=1 : 42
---------------------------
median imbalance = 0.0499955
depth=1 : removed 0/68
depth=2 : removed 23/45
nodes left = 1169
steps left = 10
using 0.0333046s out of 3.77441s left
----MOST-BALANCED-MOVES----
CIRCLE (12, 5) Q=20.2% : H=1 : Visit=41 : 67
CROSS  (8, 11) Q=49.9% : H=1 : Visit=1 : 42
---------------------------
median imbalance = 0.0117378
depth=1 : removed 0/68
depth=2 : removed 19/38
nodes left = 1150
steps left = 10
using 0.0330107s out of 3.74111s left
----MOST-BALANCED-MOVES----
CIRCLE (12, 5) Q=20.2% : H=1 : Visit=41 : 67
CROSS  (8, 11) Q=49.9% : H=1 : Visit=1 : 42
---------------------------
median imbalance = 0.0101979
depth=1 : removed 1/68
depth=2 : removed 18/35
nodes left = 1132
steps left = 10
using 0.0327194s out of 3.7081s left
----MOST-BALANCED-MOVES----
CIRCLE (12, 5) Q=20.2% : H=1 : Visit=41 : 67
CROSS  (8, 11) Q=49.9% : H=1 : Visit=1 : 42
---------------------------
median imbalance = 0.00956225
depth=1 : removed 1/68
depth=2 : removed 17/33
nodes left = 1115
steps left = 10
using 0.0324307s out of 3.67538s left
----MOST-BALANCED-MOVES----
CIRCLE (12, 5) Q=20.2% : H=1 : Visit=41 : 67
CROSS  (8, 11) Q=49.9% : H=1 : Visit=1 : 42
---------------------------
median imbalance = 0.442927
depth=1 : removed 4/68
depth=2 : removed 24/48
nodes left = 1091
steps left = 10
using 0.0321446s out of 3.64295s left
----MOST-BALANCED-MOVES----
CIRCLE (12, 5) Q=19.7% : H=0.999 : Visit=42 : 67
CROSS  (8, 11) Q=49.9% : H=1 : Visit=1 : 42
---------------------------
median imbalance = 0.42531
depth=1 : removed 6/68
depth=2 : removed 28/56
nodes left = 1063
steps left = 10
using 0.0318609s out of 3.6108s left
----MOST-BALANCED-MOVES----
CIRCLE (12, 5) Q=19.7% : H=0.999 : Visit=42 : 67
CROSS  (8, 11) Q=49.9% : H=1 : Visit=1 : 42
---------------------------
median imbalance = 0.363923
depth=1 : removed 8/68
depth=2 : removed 22/44
nodes left = 1041
steps left = 10
using 0.0315798s out of 3.57894s left
----MOST-BALANCED-MOVES----
CIRCLE (12, 5) Q=19.7% : H=0.999 : Visit=42 : 67
CROSS  (8, 11) Q=49.9% : H=1 : Visit=1 : 42
---------------------------
median imbalance = 0.164504
depth=1 : removed 14/68
depth=2 : removed 19/38
nodes left = 1022
steps left = 9
using 0.0473697s out of 3.54736s left
----MOST-BALANCED-MOVES----
CIRCLE (12, 5) Q=19.7% : H=0.999 : Visit=42 : 67
CROSS  (8, 11) Q=49.9% : H=1 : Visit=1 : 42
---------------------------
median imbalance = 0.0955868
depth=1 : removed 15/68
depth=2 : removed 18/35
nodes left = 1004
steps left = 9
using 0.0467371s out of 3.49999s left
----MOST-BALANCED-MOVES----
CIRCLE (12, 5) Q=19.3% : H=1 : Visit=43 : 67
CROSS  (8, 11) Q=49.9% : H=1 : Visit=1 : 42
---------------------------
median imbalance = 0.365042
depth=1 : removed 19/68
depth=2 : removed 25/49
nodes left = 979
steps left = 9
using 0.046113s out of 3.45325s left
----MOST-BALANCED-MOVES----
CIRCLE (12, 5) Q=19.3% : H=1 : Visit=43 : 67
CROSS  (8, 11) Q=49.9% : H=1 : Visit=1 : 42
---------------------------
median imbalance = 0.342896
depth=1 : removed 22/68
depth=2 : removed 28/55
nodes left = 951
steps left = 9
using 0.0454973s out of 3.40714s left
----MOST-BALANCED-MOVES----
CIRCLE (12, 5) Q=18.9% : H=1 : Visit=44 : 67
CROSS  (8, 11) Q=49.9% : H=1 : Visit=1 : 42
---------------------------
median imbalance = 0.155456
depth=1 : removed 23/68
depth=2 : removed 21/42
nodes left = 930
steps left = 9
using 0.0448897s out of 3.36164s left
----MOST-BALANCED-MOVES----
CIRCLE (12, 5) Q=18.9% : H=1 : Visit=44 : 67
CROSS  (8, 11) Q=49.9% : H=1 : Visit=1 : 42
---------------------------
median imbalance = 0.221435
depth=1 : removed 23/68
depth=2 : removed 25/50
nodes left = 905
steps left = 9
using 0.0442903s out of 3.31675s left
----MOST-BALANCED-MOVES----
CIRCLE (12, 5) Q=18.9% : H=1 : Visit=44 : 67
CROSS  (8, 11) Q=49.9% : H=1 : Visit=1 : 42
---------------------------
median imbalance = 0.096353
depth=1 : removed 26/68
depth=2 : removed 19/38
nodes left = 886
steps left = 9
using 0.0436989s out of 3.27246s left
----MOST-BALANCED-MOVES----
CIRCLE (12, 5) Q=18.6% : H=0.999 : Visit=45 : 67
CROSS  (8, 11) Q=49.9% : H=1 : Visit=1 : 42
---------------------------
median imbalance = 0.0601359
depth=1 : removed 26/68
depth=2 : removed 18/35
nodes left = 868
steps left = 9
using 0.0431153s out of 3.22877s left
----MOST-BALANCED-MOVES----
CIRCLE (12, 5) Q=18.6% : H=0.999 : Visit=45 : 67
CROSS  (8, 11) Q=49.9% : H=1 : Visit=1 : 42
---------------------------
median imbalance = 0.242759
depth=1 : removed 26/68
depth=2 : removed 25/49
nodes left = 843
steps left = 9
using 0.0425396s out of 3.18565s left
----MOST-BALANCED-MOVES----
CIRCLE (12, 5) Q=18.8% : H=1 : Visit=46 : 67
CROSS  (8, 11) Q=49.9% : H=1 : Visit=1 : 42
---------------------------
median imbalance = 0.19104
depth=1 : removed 26/68
depth=2 : removed 28/56
nodes left = 815
steps left = 9
using 0.0419715s out of 3.14311s left
----MOST-BALANCED-MOVES----
CIRCLE (12, 5) Q=18.8% : H=1 : Visit=46 : 67
CROSS  (8, 11) Q=49.9% : H=1 : Visit=1 : 42
---------------------------
median imbalance = 0.188085
depth=1 : removed 26/68
depth=2 : removed 30/60
nodes left = 785
steps left = 9
using 0.0414111s out of 3.10114s left
----MOST-BALANCED-MOVES----
CIRCLE (12, 5) Q=18.8% : H=1 : Visit=47 : 67
CROSS  (8, 11) Q=49.9% : H=1 : Visit=1 : 42
---------------------------
median imbalance = 0.0734082
depth=1 : removed 26/68
depth=2 : removed 23/46
nodes left = 762
steps left = 9
using 0.0408581s out of 3.05973s left
----MOST-BALANCED-MOVES----
CIRCLE (12, 5) Q=18.8% : H=1 : Visit=47 : 67
CROSS  (8, 11) Q=49.9% : H=1 : Visit=1 : 42
---------------------------
median imbalance = 0.0568408
depth=1 : removed 27/68
depth=2 : removed 19/38
nodes left = 743
steps left = 9
using 0.0403125s out of 3.01887s left
----MOST-BALANCED-MOVES----
CIRCLE (12, 5) Q=19.3% : H=1 : Visit=48 : 67
CROSS  (8, 11) Q=49.9% : H=1 : Visit=1 : 42
---------------------------
median imbalance = 0.0433468
depth=1 : removed 27/68
depth=2 : removed 18/35
nodes left = 725
steps left = 9
using 0.0397742s out of 2.97856s left
----MOST-BALANCED-MOVES----
CIRCLE (12, 5) Q=19.3% : H=1 : Visit=48 : 67
CROSS  (8, 11) Q=49.9% : H=1 : Visit=1 : 42
---------------------------
median imbalance = 0.243155
depth=1 : removed 27/68
depth=2 : removed 24/48
nodes left = 701
steps left = 9
using 0.039243s out of 2.93878s left
----MOST-BALANCED-MOVES----
CIRCLE (12, 5) Q=20.2% : H=1 : Visit=49 : 67
CROSS  (8, 11) Q=49.9% : H=1 : Visit=1 : 42
---------------------------
median imbalance = 0.136065
depth=1 : removed 27/68
depth=2 : removed 28/55
nodes left = 673
steps left = 9
using 0.038719s out of 2.89954s left
----MOST-BALANCED-MOVES----
CIRCLE (12, 5) Q=19.8% : H=1 : Visit=50 : 67
CROSS  (8, 11) Q=49.9% : H=1 : Visit=1 : 42
---------------------------
median imbalance = 0.117728
depth=1 : removed 27/68
depth=2 : removed 29/58
nodes left = 644
steps left = 9
using 0.038202s out of 2.86082s left
----MOST-BALANCED-MOVES----
CIRCLE (12, 5) Q=19.6% : H=1 : Visit=51 : 67
CROSS  (8, 11) Q=49.9% : H=1 : Visit=1 : 42
---------------------------
median imbalance = 0.10096
depth=1 : removed 27/68
depth=2 : removed 30/60
nodes left = 614
steps left = 9
using 0.0376919s out of 2.82262s left
----MOST-BALANCED-MOVES----
CIRCLE (12, 5) Q=19.6% : H=1 : Visit=51 : 67
CROSS  (8, 11) Q=49.9% : H=1 : Visit=1 : 42
---------------------------
median imbalance = 0.0566357
depth=1 : removed 27/68
depth=2 : removed 23/45
nodes left = 591
steps left = 9
using 0.0371885s out of 2.78493s left
----MOST-BALANCED-MOVES----
CIRCLE (12, 5) Q=19.2% : H=1 : Visit=52 : 67
CROSS  (8, 11) Q=49.9% : H=1 : Visit=1 : 42
---------------------------
median imbalance = 0.0482779
depth=1 : removed 27/68
depth=2 : removed 18/38
nodes left = 573
steps left = 9
using 0.0366919s out of 2.74774s left
----MOST-BALANCED-MOVES----
CIRCLE (12, 5) Q=19.2% : H=1 : Visit=52 : 67
CROSS  (8, 11) Q=49.9% : H=1 : Visit=1 : 42
---------------------------
median imbalance = 0.186387
depth=1 : removed 27/68
depth=2 : removed 25/50
nodes left = 548
steps left = 9
using 0.036202s out of 2.71105s left
----MOST-BALANCED-MOVES----
CIRCLE (12, 5) Q=19% : H=0.999 : Visit=53 : 67
CROSS  (8, 11) Q=49.9% : H=1 : Visit=1 : 42
---------------------------
median imbalance = 0.149103
depth=1 : removed 27/68
depth=2 : removed 29/57
nodes left = 519
steps left = 9
using 0.0357185s out of 2.67484s left
----MOST-BALANCED-MOVES----
CIRCLE (12, 5) Q=19% : H=0.999 : Visit=53 : 67
CROSS  (8, 11) Q=49.9% : H=1 : Visit=1 : 42
---------------------------
median imbalance = 0.0965542
depth=1 : removed 27/68
depth=2 : removed 29/58
nodes left = 490
steps left = 8
using 0.0535778s out of 2.63913s left
----MOST-BALANCED-MOVES----
CIRCLE (12, 5) Q=18.7% : H=0.999 : Visit=54 : 67
CROSS  (8, 11) Q=49.9% : H=1 : Visit=1 : 42
---------------------------
median imbalance = 0.0431956
depth=1 : removed 28/68
depth=2 : removed 22/44
nodes left = 468
steps left = 8
using 0.0524901s out of 2.58555s left
----MOST-BALANCED-MOVES----
CIRCLE (12, 5) Q=18.7% : H=0.999 : Visit=54 : 67
CROSS  (8, 11) Q=49.9% : H=1 : Visit=1 : 42
---------------------------
median imbalance = 0.235018
depth=1 : removed 29/68
depth=2 : removed 27/53
nodes left = 441
steps left = 8
using 0.0514245s out of 2.53306s left
----MOST-BALANCED-MOVES----
CIRCLE (12, 5) Q=18.9% : H=0.999 : Visit=55 : 67
CROSS  (8, 11) Q=49.9% : H=1 : Visit=1 : 42
---------------------------
median imbalance = 0.0350554
depth=1 : removed 29/68
depth=2 : removed 21/42
nodes left = 420
steps left = 8
using 0.0503805s out of 2.48163s left
----MOST-BALANCED-MOVES----
CIRCLE (12, 5) Q=18.9% : H=0.999 : Visit=55 : 67
CROSS  (8, 11) Q=49.9% : H=1 : Visit=1 : 42
---------------------------
median imbalance = 0.164088
depth=1 : removed 29/68
depth=2 : removed 25/50
nodes left = 395
steps left = 8
using 0.0493577s out of 2.43125s left
----MOST-BALANCED-MOVES----
CIRCLE (12, 5) Q=19.2% : H=0.999 : Visit=56 : 67
CROSS  (8, 11) Q=49.9% : H=1 : Visit=1 : 42
---------------------------
median imbalance = 0.0970711
depth=1 : removed 32/68
depth=2 : removed 27/53
nodes left = 368
steps left = 8
using 0.0483557s out of 2.3819s left
----MOST-BALANCED-MOVES----
CIRCLE (12, 5) Q=19.9% : H=0.999 : Visit=57 : 67
CROSS  (8, 11) Q=49.9% : H=1 : Visit=1 : 42
---------------------------
median imbalance = 0.0957311
depth=1 : removed 33/68
depth=2 : removed 28/56
nodes left = 340
steps left = 8
using 0.047374s out of 2.33354s left
----MOST-BALANCED-MOVES----
CIRCLE (12, 5) Q=20.7% : H=0.999 : Visit=58 : 67
CROSS  (8, 11) Q=49.9% : H=1 : Visit=1 : 42
---------------------------
median imbalance = 0.0278133
depth=1 : removed 35/68
depth=2 : removed 22/43
nodes left = 318
steps left = 8
using 0.0464122s out of 2.28617s left
----MOST-BALANCED-MOVES----
CIRCLE (12, 5) Q=20.5% : H=0.999 : Visit=59 : 67
CROSS  (8, 11) Q=49.9% : H=1 : Visit=1 : 42
---------------------------
median imbalance = 0.026814
depth=1 : removed 36/68
depth=2 : removed 18/36
nodes left = 300
steps left = 8
using 0.04547s out of 2.23975s left
----MOST-BALANCED-MOVES----
CIRCLE (12, 5) Q=20.5% : H=0.999 : Visit=59 : 67
CROSS  (8, 11) Q=49.9% : H=1 : Visit=1 : 42
---------------------------
median imbalance = 0.0249113
depth=1 : removed 36/68
depth=2 : removed 17/34
nodes left = 283
steps left = 8
using 0.0445469s out of 2.19428s left
----MOST-BALANCED-MOVES----
CIRCLE (12, 5) Q=20.2% : H=0.999 : Visit=60 : 67
CROSS  (8, 11) Q=49.9% : H=1 : Visit=1 : 42
---------------------------
median imbalance = 0.0214487
depth=1 : removed 36/68
depth=2 : removed 17/33
nodes left = 266
steps left = 8
using 0.0436426s out of 2.14974s left
----MOST-BALANCED-MOVES----
CIRCLE (12, 5) Q=20.2% : H=0.999 : Visit=60 : 67
CROSS  (8, 11) Q=49.9% : H=1 : Visit=1 : 42
---------------------------
median imbalance = 0.302467
depth=1 : removed 36/68
depth=2 : removed 24/48
nodes left = 242
steps left = 7
using 0.0654638s out of 2.10609s left
----MOST-BALANCED-MOVES----
CIRCLE (12, 5) Q=20.2% : H=0.999 : Visit=61 : 67
CROSS  (8, 11) Q=49.9% : H=1 : Visit=1 : 42
---------------------------
median imbalance = 0.210181
depth=1 : removed 36/68
depth=2 : removed 20/40
nodes left = 222
steps left = 7
using 0.063429s out of 2.04063s left
----MOST-BALANCED-MOVES----
CIRCLE (12, 5) Q=19.9% : H=0.999 : Visit=62 : 67
CROSS  (8, 11) Q=49.9% : H=1 : Visit=1 : 42
---------------------------
median imbalance = 0.319158
depth=1 : removed 36/68
depth=2 : removed 26/51
nodes left = 196
steps left = 7
using 0.0614574s out of 1.9772s left
----MOST-BALANCED-MOVES----
CIRCLE (12, 5) Q=19.7% : H=0.999 : Visit=63 : 67
CROSS  (8, 11) Q=49.9% : H=1 : Visit=1 : 42
---------------------------
median imbalance = 0.153649
depth=1 : removed 36/68
depth=2 : removed 20/39
nodes left = 176
steps left = 7
using 0.0595472s out of 1.91574s left
----MOST-BALANCED-MOVES----
CIRCLE (12, 5) Q=19.7% : H=0.999 : Visit=63 : 67
CROSS  (8, 11) Q=49.9% : H=1 : Visit=1 : 42
---------------------------
median imbalance = 0.112376
depth=1 : removed 38/68
depth=2 : removed 17/34
nodes left = 159
steps left = 7
using 0.0576963s out of 1.8562s left
----MOST-BALANCED-MOVES----
CIRCLE (12, 5) Q=19.5% : H=0.999 : Visit=64 : 67
CROSS  (8, 11) Q=49.9% : H=1 : Visit=1 : 42
---------------------------
median imbalance = 0.0321137
depth=1 : removed 39/68
depth=2 : removed 17/33
nodes left = 142
steps left = 7
using 0.0559029s out of 1.7985s left
----MOST-BALANCED-MOVES----
CIRCLE (12, 5) Q=19.5% : H=0.999 : Visit=64 : 67
CROSS  (8, 11) Q=49.9% : H=1 : Visit=1 : 42
---------------------------
median imbalance = 0.0578182
depth=1 : removed 39/68
depth=2 : removed 15/30
nodes left = 127
steps left = 6
using 0.0838543s out of 1.7426s left
----MOST-BALANCED-MOVES----
CIRCLE (12, 5) Q=19.5% : H=0.999 : Visit=65 : 67
CROSS  (8, 11) Q=49.9% : H=1 : Visit=1 : 42
---------------------------
median imbalance = 0.226526
depth=1 : removed 41/68
depth=2 : removed 14/28
nodes left = 113
steps left = 6
using 0.0798192s out of 1.65874s left
----MOST-BALANCED-MOVES----
CIRCLE (12, 5) Q=19.5% : H=0.999 : Visit=65 : 67
CROSS  (8, 11) Q=49.9% : H=1 : Visit=1 : 42
---------------------------
median imbalance = 0.375518
depth=1 : removed 41/68
depth=2 : removed 20/39
nodes left = 93
steps left = 6
using 0.0759783s out of 1.57892s left
----MOST-BALANCED-MOVES----
CIRCLE (12, 5) Q=19.4% : H=0.999 : Visit=66 : 67
CROSS  (8, 11) Q=49.9% : H=1 : Visit=1 : 42
---------------------------
median imbalance = 0.330624
depth=1 : removed 41/68
depth=2 : removed 23/45
nodes left = 70
steps left = 6
using 0.0723222s out of 1.50295s left
----MOST-BALANCED-MOVES----
CIRCLE (12, 5) Q=19% : H=1 : Visit=68 : 67
CROSS  (8, 11) Q=49.9% : H=1 : Visit=1 : 42
---------------------------
median imbalance = 0.324098
depth=1 : removed 45/68
depth=2 : removed 22/44
nodes left = 48
steps left = 5
using 0.108483s out of 1.43062s left
----MOST-BALANCED-MOVES----
CIRCLE (11, 4) Q=13.8% : H=0.999 : Visit=66 : 67
CROSS  (8, 12) Q=50.2% : H=1 : Visit=1 : 45
---------------------------
median imbalance = 0.303548
depth=1 : removed 48/68
depth=2 : removed 23/46
nodes left = 25
steps left = 4
using 0.162725s out of 1.32214s left
----MOST-BALANCED-MOVES----
CIRCLE (11, 4) Q=13.7% : H=1 : Visit=68 : 67
CROSS  (8, 12) Q=50.2% : H=1 : Visit=1 : 45
---------------------------
median imbalance = 0.136317
depth=1 : removed 57/68
depth=2 : removed 13/25
nodes left = 12
steps left = 3
using 0.244087s out of 1.15942s left
----MOST-BALANCED-MOVES----
CIRCLE (10, 3) Q=12.7% : H=0.999 : Visit=69 : 67
CROSS  (7, 12) Q=50.2% : H=1 : Visit=3 : 58
---------------------------
median imbalance = 0.0798674
depth=1 : removed 61/68
depth=2 : removed 5/12
nodes left = 7
steps left = 2
using 0.366131s out of 0.915328s left
----MOST-BALANCED-MOVES----
CIRCLE (9, 4) Q=22.4% : H=1 : Visit=78 : 67
CROSS  (12, 7) Q=49.6% : H=1 : Visit=12 : 64
---------------------------
median imbalance = 0.076882
depth=1 : removed 65/68
depth=2 : removed 4/7
nodes left = 3
steps left = 1
using 0.549197s out of 0.549197s left
----MOST-BALANCED-MOVES----
CIRCLE (10, 3) Q=18.8% : H=0.999 : Visit=85 : 67
CROSS  (7, 12) Q=54.3% : H=1 : Visit=19 : 58
---------------------------
median imbalance = 0.113364
depth=1 : removed 66/68
depth=2 : removed 1/3
nodes left = 2
steps left = 1
using 0s out of 0s left
----MOST-BALANCED-MOVES----
CIRCLE (9, 4) Q=27.2% : H=1 : Visit=122 : 67
CROSS  (12, 7) Q=61.1% : H=0.999 : Visit=56 : 64
---------------------------
median imbalance = 0.117684
depth=1 : removed 66/68
depth=2 : removed 0/2
nodes left = 2
steps left = 1
using 0s out of 0s left
----MOST-BALANCED-MOVES----
CIRCLE (9, 4) Q=27.7% : H=1 : Visit=127 : 67
CROSS  (12, 7) Q=60.9% : H=0.999 : Visit=61 : 64
---------------------------
median imbalance = 0.132327
depth=1 : removed 66/68
depth=2 : removed 0/2
nodes left = 2
steps left = 1
using 0s out of 0s left
----MOST-BALANCED-MOVES----
CIRCLE (9, 4) Q=28.2% : H=1 : Visit=133 : 67
CROSS  (12, 7) Q=61% : H=0.999 : Visit=67 : 64
---------------------------
median imbalance = 0.148585
depth=1 : removed 67/68
depth=2 : removed 1/2
Answered : MESSAGE depth 1-6 ev 49.8 n 4982 n/s 150 tm 33170 pv Oj4 Xm7 Oi8 Xj5 Oi5 Xg6
Overall 68 children
sum of visits = 204
BEST
CIRCLE (9, 4) Q=28.3% : H=1 : Visit=137 : 67
CIRCLE (5, 5) Q=0% : H=0 : Visit=1 : 67
CIRCLE (7, 12) Q=0% : H=0 : Visit=1 : 67
CIRCLE (8, 8) Q=0% : H=0 : Visit=1 : 67
CIRCLE (10, 12) Q=0% : H=0 : Visit=1 : 67
CIRCLE (6, 8) Q=0% : H=0 : Visit=1 : 67
CIRCLE (7, 8) Q=0% : H=0 : Visit=1 : 67
CIRCLE (6, 12) Q=0% : H=0 : Visit=1 : 67
CIRCLE (5, 4) Q=0% : H=0 : Visit=1 : 67
CIRCLE (6, 11) Q=0% : H=0 : Visit=1 : 67
WORST
CIRCLE (10, 8) Q=0% : H=0 : Visit=1 : 67
CIRCLE (12, 6) Q=0% : H=0 : Visit=1 : 67
CIRCLE (8, 6) Q=0% : H=0 : Visit=1 : 67
CIRCLE (9, 9) Q=0% : H=0 : Visit=1 : 67
CIRCLE (7, 11) Q=0% : H=0 : Visit=1 : 67
CIRCLE (6, 10) Q=0% : H=0 : Visit=1 : 67
CIRCLE (8, 12) Q=0% : H=0 : Visit=1 : 67
CIRCLE (10, 10) Q=0% : H=0 : Visit=1 : 67
CIRCLE (11, 7) Q=0% : H=0 : Visit=1 : 67
CIRCLE (9, 10) Q=0% : H=0 : Visit=1 : 67
  _   _   _   _   _   _   _   _   _   _   _   _   _   _   _ 
  _   _   _   _   _   _   _   _   _   _   _   _   _   _   _ 
  _   _   _   _   _   _   _   _   _   _   _   _   _   _   _ 
  _   _   _   _   _   _   _   _   _   _   _   _   _   _   _ 
  _   _    4   4   4   4   4  _   _   _   _   _   _   _   _ 
  _   _    4   4   4   4   4  _   _   _   _   _   _   _   _ 
  _   _    4   4  X    4   4  _    4   4   4   4   4  _   _ 
  _   _    4   4   4   4   4  _    4   4   4   4   4  _   _ 
  _   _    4   4   4   4   4   4   4   4  O    4   4  _   _ 
  _   _   _    4 671   4   4   4   4   4   4   4   4  _   _ 
  _   _   _    4   4  X    4   4   4   4   4   4   4  _   _ 
  _   _   _    4   4   4   4   4  _   _   _   _   _   _   _ 
  _   _   _    4   4   4   4   4  _   _   _   _   _   _   _ 
  _   _   _   _   _   _   _   _   _   _   _   _   _   _   _ 
  _   _   _   _   _   _   _   _   _   _   _   _   _   _   _ 

nodes used 282k / 42M (0.6%)
memory = 1285.67 MB
0 : CROSS  (-1, -1) Q=50.1% : H=1 : Visit=4982 : 68
1 : CIRCLE (9, 4) Q=28.3% : H=1 : Visit=137 : 67
2 : CROSS  (12, 7) Q=61.4% : H=1 : Visit=71 : 64
3 : CIRCLE (8, 8) Q=44.2% : H=0.113 : Visit=18 : 41
4 : CROSS  (9, 5) Q=63.2% : H=0.103 : Visit=5 : 48
5 : CIRCLE (8, 5) Q=28.8% : H=0.155 : Visit=1 : 26
6 : CROSS  (6, 6) Q=0% : H=0 : Visit=0 : 0
Total 6 moves ahead
----NNCACHE-INFO----
memory = 5.8567 MB / 857.112MB
stored = 5200 elements
calls  = 5272
hits   = 72 (1.3%)
--------------------
----MOST-BALANCED-MOVES----
CIRCLE (9, 4) Q=28.3% : H=1 : Visit=137 : 67
CROSS  (12, 7) Q=61.4% : H=1 : Visit=71 : 64
---------------------------
Answered : 4,9 7,12
Got : END
