Compiled on Apr 23 2020 at 02:42:48
Launched in Engine\
Answered : MESSAGE Detected following devices : CPU : GenuineIntel : 4 x AVX with 4043MB of memory
Answered : MESSAGE Using : CPU : GenuineIntel : 4 x AVX with 4043MB of memory
Got : START 15
Answered : OK
Got : INFO max_memory 2306867200
Got : INFO timeout_match 300000
Got : INFO timeout_turn 300000
Got : INFO game_type 1
Got : INFO rule 1
Got : INFO time_left 300000
Got : SWAP2BOARD
Got : 0,1
Got : 1,0
Got : 2,4
Got : DONE
Answered : MESSAGE depth 1-22 ev 28.5 n 3957 n/s 290 tm 13600 pv Oe5 Xd4 Od5 Xf5 Of4 Xg3 Oe6 Xe7 Oc6 Xd6 Oc4 Xf7 Oc5 Xc7 Ob5 Xa5 Ob7 Xe4 Ob3 Xa2 Od7 Xa0
Overall 222 children
sum of visits = 3886
BEST
CIRCLE (4, 5) Q=28.9% : H=0.703 : Visit=3236 : 33
CIRCLE (4, 4) Q=27.1% : H=0.243 : Visit=576 : 36
CIRCLE (4, 3) Q=22.4% : H=0.035 : Visit=38 : 31
CIRCLE (5, 4) Q=23.4% : H=0.012 : Visit=15 : 31
CIRCLE (5, 5) Q=25.1% : H=0.001 : Visit=2 : 33
CIRCLE (5, 3) Q=26.8% : H=0 : Visit=1 : 32
CIRCLE (3, 4) Q=25% : H=0 : Visit=1 : 30
CIRCLE (6, 4) Q=25% : H=0 : Visit=1 : 31
CIRCLE (6, 5) Q=19.3% : H=0 : Visit=1 : 28
CIRCLE (7, 6) Q=18.8% : H=0 : Visit=1 : 27
WORST
CIRCLE (8, 13) Q=0% : H=0 : Visit=0 : 0
CIRCLE (7, 13) Q=0% : H=0 : Visit=0 : 0
CIRCLE (5, 14) Q=0% : H=0 : Visit=0 : 0
CIRCLE (1, 8) Q=0% : H=0 : Visit=0 : 0
CIRCLE (5, 13) Q=0% : H=0 : Visit=0 : 0
CIRCLE (6, 13) Q=0% : H=0 : Visit=0 : 0
CIRCLE (11, 11) Q=0% : H=0 : Visit=0 : 0
CIRCLE (8, 14) Q=0% : H=0 : Visit=0 : 0
CIRCLE (6, 14) Q=0% : H=0 : Visit=0 : 0
CIRCLE (7, 14) Q=0% : H=0 : Visit=0 : 0
  _   O   _   _   _   _   _   _   _   _   _   _   _   _   _ 
  X   _   _   _   _   _   _   _   _   _   _   _   _   _   _ 
  _   _   _   _   _   _   _   _   _   _   _   _   _   _   _ 
  _   _   _   _   _   _   _   _   _   _   _   _   _   _   _ 
  _   _   X    9 148 832  _   _   _   _   _   _   _   _   _ 
  _   _   _   _    3  _   _   _   _   _   _   _   _   _   _ 
  _   _   _   _   _   _   _   _   _   _   _   _   _   _   _ 
  _   _   _   _   _   _   _   _   _   _   _   _   _   _   _ 
  _   _   _   _   _   _   _   _   _   _   _   _   _   _   _ 
  _   _   _   _   _   _   _   _   _   _   _   _   _   _   _ 
  _   _   _   _   _   _   _   _   _   _   _   _   _   _   _ 
  _   _   _   _   _   _   _   _   _   _   _   _   _   _   _ 
  _   _   _   _   _   _   _   _   _   _   _   _   _   _   _ 
  _   _   _   _   _   _   _   _   _   _   _   _   _   _   _ 
  _   _   _   _   _   _   _   _   _   _   _   _   _   _   _ 

nodes used 90k / 42M (0.2%)
memory = 1285.67 MB
0 : CROSS  (-1, -1) Q=71.4% : H=1 : Visit=3887 : 222
1 : CIRCLE (4, 5) Q=28.9% : H=0.703 : Visit=3236 : 33
2 : CROSS  (3, 4) Q=72.4% : H=0.24 : Visit=1517 : 36
3 : CIRCLE (3, 5) Q=30.6% : H=0.066 : Visit=574 : 22
4 : CROSS  (5, 5) Q=67% : H=0.759 : Visit=307 : 17
5 : CIRCLE (5, 4) Q=34.1% : H=0.754 : Visit=276 : 22
6 : CROSS  (6, 3) Q=65.7% : H=0.745 : Visit=200 : 23
7 : CIRCLE (4, 6) Q=34.7% : H=0.925 : Visit=194 : 21
8 : CROSS  (4, 7) Q=66.4% : H=0.666 : Visit=150 : 30
9 : CIRCLE (2, 6) Q=35.8% : H=0.538 : Visit=101 : 20
10 : CROSS  (3, 6) Q=67.1% : H=0.646 : Visit=82 : 29
11 : CIRCLE (2, 4) Q=37.8% : H=0.319 : Visit=41 : 12
12 : CROSS  (5, 7) Q=67.7% : H=0.501 : Visit=29 : 23
13 : CIRCLE (2, 5) Q=31.8% : H=0.933 : Visit=28 : 20
14 : CROSS  (2, 7) Q=70.2% : H=0.804 : Visit=24 : 23
15 : CIRCLE (1, 5) Q=48.3% : H=0.148 : Visit=9 : 1
16 : CROSS  (0, 5) Q=51.6% : H=1 : Visit=9 : 18
17 : CIRCLE (1, 7) Q=36.7% : H=0.555 : Visit=4 : 30
18 : CROSS  (4, 4) Q=77.7% : H=0.707 : Visit=3 : 26
19 : CIRCLE (1, 3) Q=11.7% : H=0.809 : Visit=2 : 1
20 : CROSS  (0, 2) Q=88.2% : H=1 : Visit=2 : 39
21 : CIRCLE (3, 7) Q=10.3% : H=0.243 : Visit=1 : 29
22 : CROSS  (0, 0) Q=0% : H=0 : Visit=0 : 0
Total 22 moves ahead
----NNCACHE-INFO----
memory = 4.14474 MB / 857.112MB
stored = 3680 elements
calls  = 3957
hits   = 223 (5.6%)
--------------------
nodes left = 870
steps left = 9
using 0.600908s out of 45s left
median imbalance = 0.252529
depth=1 : removed 0/30
depth=2 : removed 96/192
nodes left = 774
steps left = 9
using 0.592883s out of 44.3991s left
----MOST-BALANCED-MOVES----
CIRCLE (6, 3) Q=74.9% : H=1 : Visit=7 : 29
CROSS  (1, 3) Q=49.9% : H=1 : Visit=1 : 31
---------------------------
median imbalance = 0.20298
depth=1 : removed 0/30
depth=2 : removed 137/273
nodes left = 637
steps left = 9
using 0.584966s out of 43.8062s left
----MOST-BALANCED-MOVES----
CIRCLE (6, 3) Q=59.9% : H=1 : Visit=14 : 29
CROSS  (1, 3) Q=49.9% : H=1 : Visit=1 : 31
---------------------------
median imbalance = 0.176898
depth=1 : removed 0/30
depth=2 : removed 153/305
nodes left = 484
steps left = 8
using 0.877449s out of 43.2212s left
----MOST-BALANCED-MOVES----
CIRCLE (6, 3) Q=51.5% : H=1 : Visit=20 : 29
CROSS  (1, 3) Q=49.9% : H=1 : Visit=1 : 31
---------------------------
median imbalance = 0.223315
depth=1 : removed 0/30
depth=2 : removed 198/395
nodes left = 286
steps left = 8
using 0.859636s out of 42.3438s left
----MOST-BALANCED-MOVES----
CIRCLE (6, 3) Q=47% : H=0.999 : Visit=30 : 29
CROSS  (1, 3) Q=49.9% : H=1 : Visit=1 : 31
---------------------------
median imbalance = 0.153617
depth=1 : removed 8/30
depth=2 : removed 143/286
nodes left = 143
steps left = 7
using 1.28945s out of 41.4842s left
----MOST-BALANCED-MOVES----
CIRCLE (6, 4) Q=52.3% : H=0.999 : Visit=42 : 29
CROSS  (5, 1) Q=49.9% : H=1 : Visit=3 : 27
---------------------------
median imbalance = 0.0634967
depth=1 : removed 9/30
depth=2 : removed 72/143
nodes left = 71
steps left = 6
using 1.93418s out of 40.1947s left
----MOST-BALANCED-MOVES----
CIRCLE (1, 3) Q=30.2% : H=1 : Visit=47 : 29
CROSS  (3, 0) Q=50.1% : H=1 : Visit=3 : 28
---------------------------
median imbalance = 0.0310365
depth=1 : removed 14/30
depth=2 : removed 36/71
nodes left = 35
steps left = 5
using 2.90127s out of 38.2605s left
----MOST-BALANCED-MOVES----
CIRCLE (6, 2) Q=48.6% : H=0.999 : Visit=84 : 29
CROSS  (1, 2) Q=50.1% : H=1 : Visit=11 : 31
---------------------------
median imbalance = 0.0228657
depth=1 : removed 16/30
depth=2 : removed 18/35
nodes left = 17
steps left = 4
using 4.35191s out of 35.3592s left
----MOST-BALANCED-MOVES----
CIRCLE (2, 3) Q=46.4% : H=1 : Visit=132 : 29
CROSS  (1, 3) Q=50.1% : H=1 : Visit=35 : 25
---------------------------
median imbalance = 0.00915603
depth=1 : removed 21/30
depth=2 : removed 8/17
nodes left = 9
steps left = 3
using 6.52786s out of 31.0073s left
----MOST-BALANCED-MOVES----
CIRCLE (3, 2) Q=50.3% : H=0.999 : Visit=236 : 29
CROSS  (4, 1) Q=49.8% : H=1 : Visit=168 : 18
---------------------------
median imbalance = 0.00736755
depth=1 : removed 26/30
depth=2 : removed 5/9
nodes left = 4
steps left = 2
using 9.79179s out of 24.4795s left
----MOST-BALANCED-MOVES----
CIRCLE (2, 2) Q=47.9% : H=1 : Visit=419 : 29
CROSS  (1, 2) Q=49.8% : H=0.999 : Visit=277 : 32
---------------------------
median imbalance = 0.0212717
depth=1 : removed 28/30
depth=2 : removed 2/4
nodes left = 2
steps left = 1
using 14.6877s out of 14.6877s left
----MOST-BALANCED-MOVES----
CIRCLE (5, 2) Q=50.4% : H=1 : Visit=1192 : 29
CROSS  (3, 2) Q=49.7% : H=1 : Visit=1090 : 17
---------------------------
median imbalance = 0.0328747
depth=1 : removed 28/30
depth=2 : removed 0/2
nodes left = 2
steps left = 1
using 0s out of 0s left
----MOST-BALANCED-MOVES----
CIRCLE (5, 2) Q=50.5% : H=1 : Visit=2735 : 29
CROSS  (3, 2) Q=49.4% : H=1 : Visit=2633 : 17
---------------------------
median imbalance = 0.033077
depth=1 : removed 29/30
depth=2 : removed 1/2
Answered : MESSAGE depth 1-17 ev 50.1 n 13642 n/s 229 tm 59350 pv Of2 Xd2 Oe5 Xf5 Of4 Xg3 Og6 Xd4 Od3 Xh6 Oe7 Xe8 Od8 Xh5 Oh4 Xg4 Oc7
Overall 30 children
sum of visits = 2769
BEST
CIRCLE (5, 2) Q=50.5% : H=1 : Visit=2740 : 29
CIRCLE (4, 1) Q=0% : H=0 : Visit=1 : 29
CIRCLE (6, 2) Q=0% : H=0 : Visit=1 : 29
CIRCLE (4, 3) Q=0% : H=0 : Visit=1 : 29
CIRCLE (6, 1) Q=0% : H=0 : Visit=1 : 29
CIRCLE (3, 2) Q=0% : H=0 : Visit=1 : 29
CIRCLE (1, 2) Q=0% : H=0 : Visit=1 : 29
CIRCLE (6, 4) Q=0% : H=0 : Visit=1 : 29
CIRCLE (5, 3) Q=0% : H=0 : Visit=1 : 29
CIRCLE (6, 3) Q=0% : H=0 : Visit=1 : 29
WORST
CIRCLE (4, 4) Q=0% : H=0 : Visit=1 : 29
CIRCLE (3, 4) Q=0% : H=0 : Visit=1 : 29
CIRCLE (2, 4) Q=0% : H=0 : Visit=1 : 29
CIRCLE (2, 3) Q=0% : H=0 : Visit=1 : 29
CIRCLE (1, 3) Q=0% : H=0 : Visit=1 : 29
CIRCLE (3, 1) Q=0% : H=0 : Visit=1 : 29
CIRCLE (2, 1) Q=0% : H=0 : Visit=1 : 29
CIRCLE (5, 4) Q=0% : H=0 : Visit=1 : 29
CIRCLE (3, 3) Q=0% : H=0 : Visit=1 : 29
CIRCLE (2, 2) Q=0% : H=0 : Visit=1 : 29
  _   O   _   _   _   _   _   _   _   _   _   _   _   _   _ 
  X   _   _   _   _   _   _   _   _   _   _   _   _   _   _ 
  _   _   _   _   _   _   _   _   _   _   _   _   _   _   _ 
  _   _   _   _   _   _   _   _   _   _   _   _   _   _   _ 
  _   _   X   _   _   _   _   _   _   _   _   _   _   _   _ 
  _   _  989  _   _   _   _   _   _   _   _   _   _   _   _ 
  _   _   _   _   _   _   _   _   _   _   _   _   _   _   _ 
  _   _   _   _   _   _   _   _   _   _   _   _   _   _   _ 
  _   _   _   _   _   _   _   _   _   _   _   _   _   _   _ 
  _   _   _   _   _   _   _   _   _   _   _   _   _   _   _ 
  _   _   _   _   _   _   _   _   _   _   _   _   _   _   _ 
  _   _   _   _   _   _   _   _   _   _   _   _   _   _   _ 
  _   _   _   _   _   _   _   _   _   _   _   _   _   _   _ 
  _   _   _   _   _   _   _   _   _   _   _   _   _   _   _ 
  _   _   _   _   _   _   _   _   _   _   _   _   _   _   _ 

nodes used 348k / 42M (0.8%)
memory = 1285.67 MB
0 : CROSS  (-1, -1) Q=49.8% : H=1 : Visit=13468 : 30
1 : CIRCLE (5, 2) Q=50.5% : H=1 : Visit=2740 : 29
2 : CROSS  (3, 2) Q=49.4% : H=1 : Visit=2638 : 17
3 : CIRCLE (4, 5) Q=51.8% : H=0.272 : Visit=1302 : 31
4 : CROSS  (5, 5) Q=51.5% : H=0.05 : Visit=657 : 21
5 : CIRCLE (5, 4) Q=52.9% : H=0.082 : Visit=337 : 20
6 : CROSS  (6, 3) Q=48.5% : H=0.671 : Visit=302 : 24
7 : CIRCLE (6, 6) Q=54.7% : H=0.39 : Visit=185 : 28
8 : CROSS  (3, 4) Q=46.9% : H=0.327 : Visit=72 : 20
9 : CIRCLE (3, 3) Q=54.7% : H=0.746 : Visit=62 : 46
10 : CROSS  (7, 6) Q=43.2% : H=0.46 : Visit=26 : 31
11 : CIRCLE (4, 7) Q=57% : H=0.745 : Visit=22 : 21
12 : CROSS  (4, 8) Q=49.7% : H=0.366 : Visit=12 : 39
13 : CIRCLE (3, 8) Q=50.1% : H=0.242 : Visit=4 : 29
14 : CROSS  (7, 5) Q=56.5% : H=0.502 : Visit=3 : 30
15 : CIRCLE (7, 4) Q=42.6% : H=0.34 : Visit=2 : 26
16 : CROSS  (6, 4) Q=68.8% : H=0.624 : Visit=1 : 13
17 : CIRCLE (2, 7) Q=0% : H=0 : Visit=0 : 0
Total 17 moves ahead
----NNCACHE-INFO----
memory = 18.033 MB / 857.112MB
stored = 16011 elements
calls  = 17599
hits   = 1358 (7.7%)
--------------------
----MOST-BALANCED-MOVES----
CIRCLE (5, 2) Q=50.5% : H=1 : Visit=2740 : 29
CROSS  (3, 2) Q=49.4% : H=1 : Visit=2638 : 17
---------------------------
Answered : 2,5 2,3
Got : END
