Compiled on Apr 23 2020 at 02:42:48
Launched in Engine\
Answered : MESSAGE Detected following devices : CPU : GenuineIntel : 4 x AVX with 4043MB of memory
Answered : MESSAGE Using : CPU : GenuineIntel : 4 x AVX with 4043MB of memory
Got : START 15
Answered : OK
Got : INFO max_memory 2306867200
Got : INFO timeout_match 60000
Got : INFO timeout_turn 60000
Got : INFO game_type 1
Got : INFO rule 1
Got : INFO time_left 60000
Got : SWAP2BOARD
Got : 8,11
Got : 8,13
Got : 5,14
Got : DONE
Answered : MESSAGE depth 1-13 ev 44.5 n 666 n/s 435 tm 1528 pv Ok9 Xj9 Oi8 Xi7 Ok7 Xk6 Ok11 Xk10 Ol10 Xm9 Oj11 Xi11 Of9
Overall 222 children
sum of visits = 649
BEST
CIRCLE (10, 9) Q=47.5% : H=0.38 : Visit=431 : 25
CIRCLE (10, 6) Q=37.2% : H=0.189 : Visit=53 : 27
CIRCLE (10, 7) Q=37.8% : H=0.171 : Visit=51 : 25
CIRCLE (10, 10) Q=43.9% : H=0.08 : Visit=45 : 26
CIRCLE (11, 9) Q=38.8% : H=0.115 : Visit=38 : 30
CIRCLE (11, 7) Q=32.1% : H=0.03 : Visit=5 : 22
CIRCLE (9, 7) Q=38.9% : H=0.002 : Visit=2 : 25
CIRCLE (10, 5) Q=36.9% : H=0.001 : Visit=2 : 26
CIRCLE (11, 10) Q=36% : H=0.009 : Visit=2 : 27
CIRCLE (11, 6) Q=45% : H=0 : Visit=1 : 21
WORST
CIRCLE (2, 7) Q=0% : H=0 : Visit=0 : 0
CIRCLE (6, 3) Q=0% : H=0 : Visit=0 : 0
CIRCLE (6, 4) Q=0% : H=0 : Visit=0 : 0
CIRCLE (6, 7) Q=0% : H=0 : Visit=0 : 0
CIRCLE (3, 9) Q=0% : H=0 : Visit=0 : 0
CIRCLE (3, 8) Q=0% : H=0 : Visit=0 : 0
CIRCLE (3, 6) Q=0% : H=0 : Visit=0 : 0
CIRCLE (2, 6) Q=0% : H=0 : Visit=0 : 0
CIRCLE (14, 9) Q=0% : H=0 : Visit=0 : 0
CIRCLE (6, 8) Q=0% : H=0 : Visit=0 : 0
  _   _   _   _   _   _   _   _   _   _   _   _   _   _   _ 
  _   _   _   _   _   _   _   _   _   _   _   _   _   _   _ 
  _   _   _   _   _   _   _   _   _   _   _   _   _   _   _ 
  _   _   _   _   _   _   _   _   _   _   _   _   _   _   _ 
  _   _   _   _   _   _   _   _   _   _   _   _   _   _   _ 
  _   _   _   _   _   _   _   _   _   _   _   _   _   _   _ 
  _   _   _   _   _   _   _   _   _   _   _   _   _   _   _ 
  _   _   _   _   _   _   _   _   _   _   _   _   _   _   _ 
  _   _   _   _   _   _   _    1   1  _   _   _   _   _   _ 
  _   _   _   _   _    1   1   3   1   1   1  _   _   _   _ 
  _   _   _   _   _    3  81  78   1 664  69   1  _   _   _ 
  _   _   _   _   _    1   1   7  X   58   3   1  _   _   _ 
  _   _   _   _   _   _    1   1   1   1   1  _   _   _   _ 
  _   _   _   _   _   _    1   1  O    1  _   _   _   _   _ 
  _   _   _   _   _   X   _   _   _   _   _   _   _   _   _ 

nodes used 16k / 42M (0%)
memory = 1285.67 MB
0 : CROSS  (-1, -1) Q=55.4% : H=1 : Visit=650 : 222
1 : CIRCLE (10, 9) Q=47.5% : H=0.38 : Visit=431 : 25
2 : CROSS  (9, 9) Q=54.6% : H=0.429 : Visit=258 : 27
3 : CIRCLE (8, 8) Q=49.1% : H=0.249 : Visit=107 : 26
4 : CROSS  (8, 7) Q=52.6% : H=0.347 : Visit=39 : 29
5 : CIRCLE (10, 7) Q=54.2% : H=0.304 : Visit=17 : 24
6 : CROSS  (10, 6) Q=42.8% : H=0.677 : Visit=11 : 30
7 : CIRCLE (10, 11) Q=59.4% : H=0.696 : Visit=9 : 22
8 : CROSS  (10, 10) Q=42.9% : H=0.531 : Visit=5 : 34
9 : CIRCLE (11, 10) Q=59.7% : H=0.628 : Visit=4 : 9
10 : CROSS  (12, 9) Q=44.8% : H=0.836 : Visit=3 : 38
11 : CIRCLE (9, 11) Q=57.4% : H=0.428 : Visit=2 : 26
12 : CROSS  (8, 11) Q=53.3% : H=0.701 : Visit=1 : 43
13 : CIRCLE (5, 9) Q=0% : H=0 : Visit=0 : 0
Total 13 moves ahead
----NNCACHE-INFO----
memory = 0.720825 MB / 857.112MB
stored = 640 elements
calls  = 666
hits   = 25 (3.7%)
--------------------
nodes left = 1260
steps left = 10
using 0.079414s out of 9s left
median imbalance = 0.213521
depth=1 : removed 0/36
depth=2 : removed 27/54
nodes left = 1233
steps left = 10
using 0.0787133s out of 8.92059s left
----MOST-BALANCED-MOVES----
CIRCLE (12, 10) Q=54.3% : H=1 : Visit=2 : 35
CROSS  (9, 7) Q=48.8% : H=1 : Visit=1 : 25
---------------------------
median imbalance = 0.212098
depth=1 : removed 0/36
depth=2 : removed 40/80
nodes left = 1193
steps left = 10
using 0.0780188s out of 8.84187s left
----MOST-BALANCED-MOVES----
CIRCLE (12, 10) Q=43.5% : H=1 : Visit=3 : 35
CROSS  (9, 7) Q=48.8% : H=1 : Visit=1 : 25
---------------------------
median imbalance = 0.146809
depth=1 : removed 0/36
depth=2 : removed 47/93
nodes left = 1146
steps left = 10
using 0.0773303s out of 8.76385s left
----MOST-BALANCED-MOVES----
CIRCLE (11, 6) Q=44.9% : H=1 : Visit=5 : 35
CROSS  (9, 9) Q=49.2% : H=1 : Visit=1 : 29
---------------------------
median imbalance = 0.129729
depth=1 : removed 0/36
depth=2 : removed 51/101
nodes left = 1095
steps left = 10
using 0.076648s out of 8.68652s left
----MOST-BALANCED-MOVES----
CIRCLE (11, 6) Q=41.7% : H=1 : Visit=6 : 35
CROSS  (9, 9) Q=49.2% : H=1 : Visit=1 : 29
---------------------------
median imbalance = 0.107605
depth=1 : removed 0/36
depth=2 : removed 51/101
nodes left = 1044
steps left = 10
using 0.0759717s out of 8.60988s left
----MOST-BALANCED-MOVES----
CIRCLE (9, 8) Q=38% : H=1 : Visit=8 : 35
CROSS  (10, 8) Q=49.4% : H=1 : Visit=1 : 21
---------------------------
median imbalance = 0.0977287
depth=1 : removed 0/36
depth=2 : removed 52/104
nodes left = 992
steps left = 9
using 0.113958s out of 8.5339s left
----MOST-BALANCED-MOVES----
CIRCLE (10, 7) Q=43.1% : H=1 : Visit=10 : 35
CROSS  (10, 10) Q=50.3% : H=1 : Visit=1 : 28
---------------------------
median imbalance = 0.0892162
depth=1 : removed 0/36
depth=2 : removed 77/153
nodes left = 915
steps left = 9
using 0.112436s out of 8.41995s left
----MOST-BALANCED-MOVES----
CIRCLE (12, 10) Q=35.6% : H=1 : Visit=12 : 35
CROSS  (11, 6) Q=50.2% : H=1 : Visit=1 : 21
---------------------------
median imbalance = 0.117887
depth=1 : removed 0/36
depth=2 : removed 86/172
nodes left = 829
steps left = 9
using 0.110934s out of 8.30751s left
----MOST-BALANCED-MOVES----
CIRCLE (12, 10) Q=39% : H=1 : Visit=15 : 35
CROSS  (11, 6) Q=50.2% : H=1 : Visit=1 : 21
---------------------------
median imbalance = 0.0792369
depth=1 : removed 0/36
depth=2 : removed 91/182
nodes left = 738
steps left = 9
using 0.109453s out of 8.19658s left
----MOST-BALANCED-MOVES----
CIRCLE (12, 10) Q=45.1% : H=1 : Visit=18 : 35
CROSS  (11, 6) Q=50.2% : H=1 : Visit=1 : 21
---------------------------
median imbalance = 0.0529472
depth=1 : removed 0/36
depth=2 : removed 70/139
nodes left = 668
steps left = 9
using 0.107991s out of 8.08712s left
----MOST-BALANCED-MOVES----
CIRCLE (12, 10) Q=46.1% : H=1 : Visit=20 : 35
CROSS  (12, 7) Q=50% : H=1 : Visit=1 : 23
---------------------------
median imbalance = 0.0423926
depth=1 : removed 0/36
depth=2 : removed 59/117
nodes left = 609
steps left = 9
using 0.106549s out of 7.97913s left
----MOST-BALANCED-MOVES----
CIRCLE (12, 10) Q=45.7% : H=1 : Visit=21 : 35
CROSS  (12, 7) Q=50% : H=1 : Visit=1 : 23
---------------------------
median imbalance = 0.0392068
depth=1 : removed 0/36
depth=2 : removed 53/106
nodes left = 556
steps left = 9
using 0.105127s out of 7.87258s left
----MOST-BALANCED-MOVES----
CIRCLE (12, 10) Q=48% : H=0.999 : Visit=22 : 35
CROSS  (12, 7) Q=50% : H=1 : Visit=1 : 23
---------------------------
median imbalance = 0.0363162
depth=1 : removed 0/36
depth=2 : removed 51/101
nodes left = 505
steps left = 8
using 0.15769s out of 7.76746s left
----MOST-BALANCED-MOVES----
CIRCLE (12, 10) Q=52% : H=1 : Visit=24 : 35
CROSS  (12, 7) Q=50% : H=1 : Visit=1 : 23
---------------------------
median imbalance = 0.261589
depth=1 : removed 0/36
depth=2 : removed 65/130
nodes left = 440
steps left = 8
using 0.154489s out of 7.60977s left
----MOST-BALANCED-MOVES----
CIRCLE (12, 10) Q=54.7% : H=1 : Visit=27 : 35
CROSS  (12, 7) Q=50% : H=1 : Visit=1 : 23
---------------------------
median imbalance = 0.252824
depth=1 : removed 0/36
depth=2 : removed 81/161
nodes left = 359
steps left = 8
using 0.151352s out of 7.45528s left
----MOST-BALANCED-MOVES----
CIRCLE (12, 10) Q=58.3% : H=0.999 : Visit=30 : 35
CROSS  (12, 7) Q=50% : H=1 : Visit=1 : 23
---------------------------
median imbalance = 0.170502
depth=1 : removed 1/36
depth=2 : removed 85/169
nodes left = 274
steps left = 8
using 0.14828s out of 7.30393s left
----MOST-BALANCED-MOVES----
CIRCLE (12, 10) Q=61.2% : H=0.999 : Visit=33 : 35
CROSS  (12, 7) Q=50% : H=1 : Visit=1 : 23
---------------------------
median imbalance = 0.147861
depth=1 : removed 3/36
depth=2 : removed 72/143
nodes left = 202
steps left = 7
using 0.222419s out of 7.15565s left
----MOST-BALANCED-MOVES----
CIRCLE (12, 10) Q=62.6% : H=1 : Visit=36 : 35
CROSS  (12, 7) Q=50% : H=1 : Visit=1 : 23
---------------------------
median imbalance = 0.135413
depth=1 : removed 4/36
depth=2 : removed 63/126
nodes left = 139
steps left = 7
using 0.215506s out of 6.93323s left
----MOST-BALANCED-MOVES----
CIRCLE (13, 6) Q=44.8% : H=1 : Visit=36 : 35
CROSS  (13, 9) Q=50.4% : H=1 : Visit=2 : 28
---------------------------
median imbalance = 0.0836554
depth=1 : removed 10/36
depth=2 : removed 47/93
nodes left = 92
steps left = 6
using 0.323259s out of 6.71772s left
----MOST-BALANCED-MOVES----
CIRCLE (13, 9) Q=55.9% : H=1 : Visit=43 : 35
CROSS  (13, 10) Q=49.9% : H=1 : Visit=3 : 23
---------------------------
median imbalance = 0.0892154
depth=1 : removed 12/36
depth=2 : removed 44/88
nodes left = 48
steps left = 5
using 0.484888s out of 6.39446s left
----MOST-BALANCED-MOVES----
CIRCLE (12, 5) Q=50.6% : H=1 : Visit=47 : 35
CROSS  (12, 10) Q=50% : H=1 : Visit=6 : 30
---------------------------
median imbalance = 0.0339945
depth=1 : removed 17/36
depth=2 : removed 24/48
nodes left = 24
steps left = 4
using 0.727332s out of 5.90957s left
----MOST-BALANCED-MOVES----
CIRCLE (12, 6) Q=55.1% : H=0.999 : Visit=59 : 35
CROSS  (12, 5) Q=50% : H=1 : Visit=23 : 26
---------------------------
median imbalance = 0.0166147
depth=1 : removed 26/36
depth=2 : removed 11/24
nodes left = 13
steps left = 3
using 1.091s out of 5.18224s left
----MOST-BALANCED-MOVES----
CIRCLE (14, 7) Q=30.4% : H=0.999 : Visit=61 : 35
CROSS  (14, 4) Q=50% : H=1 : Visit=12 : 35
---------------------------
median imbalance = 0.0209509
depth=1 : removed 31/36
depth=2 : removed 7/13
nodes left = 6
steps left = 2
using 1.6365s out of 4.09124s left
----MOST-BALANCED-MOVES----
CIRCLE (13, 5) Q=46.1% : H=0.999 : Visit=116 : 35
CROSS  (12, 4) Q=50.2% : H=1 : Visit=41 : 29
---------------------------
median imbalance = 0.0162466
depth=1 : removed 34/36
depth=2 : removed 3/6
nodes left = 3
steps left = 1
using 2.45475s out of 2.45475s left
----MOST-BALANCED-MOVES----
CIRCLE (14, 9) Q=44.5% : H=0.999 : Visit=235 : 35
CROSS  (14, 3) Q=50.4% : H=1 : Visit=169 : 34
---------------------------
median imbalance = 0.019009
depth=1 : removed 34/36
depth=2 : removed 1/3
nodes left = 2
steps left = 1
using 0s out of 0s left
----MOST-BALANCED-MOVES----
CIRCLE (14, 9) Q=48% : H=1 : Visit=824 : 35
CROSS  (14, 3) Q=50.4% : H=1 : Visit=758 : 34
---------------------------
median imbalance = 0.0216815
depth=1 : removed 34/36
depth=2 : removed 0/2
nodes left = 2
steps left = 1
using 0s out of 0s left
----MOST-BALANCED-MOVES----
CIRCLE (14, 9) Q=47.9% : H=1 : Visit=834 : 35
CROSS  (14, 3) Q=50.6% : H=1 : Visit=768 : 34
---------------------------
median imbalance = 0.0209754
depth=1 : removed 35/36
depth=2 : removed 1/2
Answered : MESSAGE depth 1-16 ev 49.7 n 4528 n/s 382 tm 11840 pv Oo9 Xo3 Ok9 Xk7 Om9 Xl9 Ol10 Xk11 Om11 Xn12 Om10 Xm12 Ok10 Xj10 Oi9 Xh7
Overall 36 children
sum of visits = 877
BEST
CIRCLE (14, 9) Q=47.8% : H=1 : Visit=842 : 35
CIRCLE (13, 5) Q=0% : H=0 : Visit=1 : 35
CIRCLE (10, 10) Q=0% : H=0 : Visit=1 : 35
CIRCLE (9, 7) Q=0% : H=0 : Visit=1 : 35
CIRCLE (9, 8) Q=0% : H=0 : Visit=1 : 35
CIRCLE (11, 10) Q=0% : H=0 : Visit=1 : 35
CIRCLE (13, 7) Q=0% : H=0 : Visit=1 : 35
CIRCLE (12, 4) Q=0% : H=0 : Visit=1 : 35
CIRCLE (14, 6) Q=0% : H=0 : Visit=1 : 35
CIRCLE (9, 9) Q=0% : H=0 : Visit=1 : 35
WORST
CIRCLE (11, 9) Q=0% : H=0 : Visit=1 : 35
CIRCLE (12, 9) Q=0% : H=0 : Visit=1 : 35
CIRCLE (13, 6) Q=0% : H=0 : Visit=1 : 35
CIRCLE (10, 9) Q=0% : H=0 : Visit=1 : 35
CIRCLE (11, 7) Q=0% : H=0 : Visit=1 : 35
CIRCLE (12, 10) Q=0% : H=0 : Visit=1 : 35
CIRCLE (12, 7) Q=0% : H=0 : Visit=1 : 35
CIRCLE (10, 7) Q=0% : H=0 : Visit=1 : 35
CIRCLE (12, 5) Q=0% : H=0 : Visit=1 : 35
CIRCLE (12, 6) Q=0% : H=0 : Visit=1 : 35
  _   _   _   _   _   _   _   _   _   _   _   _   _   _   _ 
  _   _   _   _   _   _   _   _   _   _   _   _   _   _   _ 
  _   _   _   _   _   _   _   _   _   _   _   _   _   _   _ 
  _   _   _   _   _   _   _   _   _   _   _   _   _   _   _ 
  _   _   _   _   _   _   _   _   _   _   _   _   _   _   _ 
  _   _   _   _   _   _   _   _   _   _   _   _   _   _   _ 
  _   _   _   _   _   _   _   _   _   _   _   _   _   _   _ 
  _   _   _   _   _   _   _   _   _   _   _   _   _   _   _ 
  _   _   _   _   _   _   _   _   _   _   _   _   _   _   _ 
  _   _   _   _   _   _    1   1   1   1   1  _   _   _   _ 
  _   _   _   _   _   _    1   1   1   1   1  _   _   _   _ 
  _   _   _   _   _   _    1   1  X    1   1  _   _   _   _ 
  _   _   _    1   1   1   1   1   1   1   1  _   _   _   _ 
  _   _   _    1   1   1   1   1  O    1   1  _   _   _   _ 
  _   _   _    1   1  X    1   1   1 960   1  _   _   _   _ 

nodes used 128k / 42M (0.3%)
memory = 1285.67 MB
0 : CROSS  (-1, -1) Q=50.2% : H=1 : Visit=4496 : 36
1 : CIRCLE (14, 9) Q=47.8% : H=1 : Visit=842 : 35
2 : CROSS  (14, 3) Q=50.8% : H=1 : Visit=776 : 34
3 : CIRCLE (10, 9) Q=51% : H=0.51 : Visit=656 : 38
4 : CROSS  (10, 7) Q=54.4% : H=0.117 : Visit=255 : 24
5 : CIRCLE (12, 9) Q=47% : H=0.627 : Visit=199 : 28
6 : CROSS  (11, 9) Q=56.2% : H=0.453 : Visit=120 : 22
7 : CIRCLE (11, 10) Q=44.9% : H=0.829 : Visit=110 : 16
8 : CROSS  (10, 11) Q=56.1% : H=0.917 : Visit=107 : 34
9 : CIRCLE (12, 11) Q=49.3% : H=0.42 : Visit=78 : 19
10 : CROSS  (13, 12) Q=54.4% : H=0.603 : Visit=63 : 45
11 : CIRCLE (12, 10) Q=46.3% : H=0.817 : Visit=56 : 16
12 : CROSS  (12, 12) Q=60.4% : H=0.484 : Visit=45 : 43
13 : CIRCLE (10, 10) Q=44.8% : H=0.123 : Visit=9 : 20
14 : CROSS  (9, 10) Q=68.4% : H=0.399 : Visit=5 : 35
15 : CIRCLE (8, 9) Q=32.5% : H=0.184 : Visit=1 : 40
16 : CROSS  (7, 7) Q=0% : H=0 : Visit=0 : 0
Total 16 moves ahead
----NNCACHE-INFO----
memory = 5.64046 MB / 857.112MB
stored = 5008 elements
calls  = 5194
hits   = 151 (2.9%)
--------------------
----MOST-BALANCED-MOVES----
CIRCLE (14, 9) Q=47.8% : H=1 : Visit=842 : 35
CROSS  (14, 3) Q=50.8% : H=1 : Visit=776 : 34
---------------------------
Answered : 9,14 3,14
Got : END
