Compiled on Apr 23 2020 at 02:42:48
Launched in Engine\
Answered : MESSAGE Detected following devices : CPU : GenuineIntel : 4 x AVX with 4043MB of memory
Answered : MESSAGE Using : CPU : GenuineIntel : 4 x AVX with 4043MB of memory
Got : START 15
Answered : OK
Got : INFO max_memory 2306867200
Got : INFO timeout_match 60000
Got : INFO timeout_turn 60000
Got : INFO game_type 1
Got : INFO rule 1
Got : INFO time_left 60000
Got : SWAP2BOARD
Got : 7,7
Got : 7,8
Got : 7,9
Got : DONE
Answered : MESSAGE depth 1-10 ev 5.7 n 637 n/s 416 tm 1528 pv Og8 Xj6 Oj8 Xh6 Oh5 Xi5 Og6 Xh4 Og3 Xf6
Overall 222 children
sum of visits = 618
BEST
CIRCLE (6, 8) Q=6.9% : H=0.175 : Visit=121 : 23
CIRCLE (6, 6) Q=8.2% : H=0.11 : Visit=107 : 22
CIRCLE (7, 8) Q=6.9% : H=0.123 : Visit=98 : 18
CIRCLE (10, 6) Q=4.4% : H=0.128 : Visit=61 : 27
CIRCLE (9, 6) Q=7.6% : H=0.06 : Visit=58 : 19
CIRCLE (9, 9) Q=2.3% : H=0.1 : Visit=36 : 23
CIRCLE (7, 9) Q=2.1% : H=0.084 : Visit=30 : 23
CIRCLE (8, 8) Q=3.5% : H=0.055 : Visit=23 : 19
CIRCLE (10, 8) Q=4% : H=0.045 : Visit=21 : 24
CIRCLE (8, 6) Q=3% : H=0.031 : Visit=12 : 18
WORST
CIRCLE (13, 6) Q=0% : H=0 : Visit=0 : 0
CIRCLE (10, 10) Q=0% : H=0 : Visit=0 : 0
CIRCLE (5, 7) Q=0% : H=0 : Visit=0 : 0
CIRCLE (11, 9) Q=0% : H=0 : Visit=0 : 0
CIRCLE (10, 4) Q=0% : H=0 : Visit=0 : 0
CIRCLE (8, 11) Q=0% : H=0 : Visit=0 : 0
CIRCLE (4, 7) Q=0% : H=0 : Visit=0 : 0
CIRCLE (5, 9) Q=0% : H=0 : Visit=0 : 0
CIRCLE (6, 10) Q=0% : H=0 : Visit=0 : 0
CIRCLE (11, 5) Q=0% : H=0 : Visit=0 : 0
  _   _   _   _   _   _   _   _   _   _   _   _   _   _   _ 
  _   _   _   _   _   _   _   _   _   _   _   _   _   _   _ 
  _   _   _   _   _   _   _   _   _   _   _   _   _   _   _ 
  _   _   _   _   _   _   _   _   _   _   _   _   _   _    1
  _   _   _   _   _   _   _   _   _   _    1  _   _   _    1
  _   _   _   _    1  _   _   _   _   _    1   1  _   _    1
  _   _   _   _   _   _  173   1 195  _   _   _   _   _    1
  _   _   _   _   _   11  11  X  158  48   1  _   _   _    1
  _   _   _   _   _    1  19  O   37   1  _   _   _   _    1
  _   _   _    1  _   11  93  X   14  58  _   _   _   _    1
  _   _   _   _   _   _   98   1  33  _   _   _   _   _    1
  _   _   _    1  _   _   _   _   _   _   _   _   _   _   _ 
  _   _   _   _   _   _   _   _   _   _   _   _   _   _   _ 
  _   _   _   _   _   _   _   _   _   _   _   _   _   _   _ 
  _   _   _   _   _   _   _   _   _   _   _    1   1  _   _ 

nodes used 14k / 42M (0%)
memory = 1285.67 MB
0 : CROSS  (-1, -1) Q=94.2% : H=1 : Visit=619 : 222
1 : CIRCLE (6, 8) Q=6.9% : H=0.175 : Visit=121 : 23
2 : CROSS  (9, 6) Q=92.7% : H=0.699 : Visit=78 : 69
3 : CIRCLE (9, 8) Q=9% : H=0.618 : Visit=58 : 16
4 : CROSS  (7, 6) Q=91.1% : H=0.95 : Visit=55 : 17
5 : CIRCLE (7, 5) Q=6.2% : H=0.481 : Visit=24 : 24
6 : CROSS  (8, 5) Q=95.1% : H=0.514 : Visit=13 : 26
7 : CIRCLE (6, 6) Q=8.8% : H=0.303 : Visit=5 : 28
8 : CROSS  (7, 4) Q=95.3% : H=0.417 : Visit=3 : 12
9 : CIRCLE (6, 3) Q=2.8% : H=0.399 : Visit=1 : 27
10 : CROSS  (5, 6) Q=0% : H=0 : Visit=0 : 0
Total 10 moves ahead
----NNCACHE-INFO----
memory = 0.702805 MB / 857.112MB
stored = 624 elements
calls  = 637
hits   = 10 (1.5%)
--------------------
Answered : SWAP
Got : END
