Compiled on Apr 23 2020 at 02:42:48
Launched in Engine\
Answered : MESSAGE Detected following devices : CPU : GenuineIntel : 4 x AVX with 4043MB of memory
Answered : MESSAGE Using : CPU : GenuineIntel : 4 x AVX with 4043MB of memory
Got : START 15
Answered : OK
Got : INFO max_memory 2306867200
Got : INFO timeout_match 60000
Got : INFO timeout_turn 60000
Got : INFO game_type 1
Got : INFO rule 1
Got : INFO time_left 60000
Got : SWAP2BOARD
Got : 7,7
Got : 3,3
Got : 8,12
Got : DONE
Answered : MESSAGE depth 1-14 ev 33.5 n 815 n/s 542 tm 1501 pv Oe4 Xk10 Od4 Xj9 Oi8 Xl9 Oj11 Xk9 Om9 Xk8 Ok7 Xl8 On8 Xh6
Overall 222 children
sum of visits = 797
BEST
CIRCLE (4, 4) Q=31.5% : H=0.355 : Visit=194 : 45
CIRCLE (3, 4) Q=34.4% : H=0.158 : Visit=136 : 52
CIRCLE (4, 3) Q=33.9% : H=0.185 : Visit=125 : 52
CIRCLE (3, 5) Q=37% : H=0.053 : Visit=109 : 47
CIRCLE (5, 3) Q=36% : H=0.071 : Visit=84 : 46
CIRCLE (2, 4) Q=33.8% : H=0.09 : Visit=72 : 46
CIRCLE (4, 2) Q=34.9% : H=0.044 : Visit=58 : 46
CIRCLE (2, 2) Q=17.6% : H=0.003 : Visit=1 : 48
CIRCLE (5, 1) Q=16.7% : H=0 : Visit=1 : 50
CIRCLE (3, 6) Q=9.3% : H=0 : Visit=1 : 54
WORST
CIRCLE (0, 7) Q=0% : H=0 : Visit=0 : 0
CIRCLE (6, 13) Q=0% : H=0 : Visit=0 : 0
CIRCLE (12, 9) Q=0% : H=0 : Visit=0 : 0
CIRCLE (0, 5) Q=0% : H=0 : Visit=0 : 0
CIRCLE (6, 11) Q=0% : H=0 : Visit=0 : 0
CIRCLE (12, 5) Q=0% : H=0 : Visit=0 : 0
CIRCLE (0, 6) Q=0% : H=0 : Visit=0 : 0
CIRCLE (12, 6) Q=0% : H=0 : Visit=0 : 0
CIRCLE (11, 6) Q=0% : H=0 : Visit=0 : 0
CIRCLE (4, 0) Q=0% : H=0 : Visit=0 : 0
  _   _   _   _   _   _   _   _   _   _   _   _   _   _   _ 
  _   _   _   _    1   1  _   _   _   _   _   _   _   _   _ 
  _   _    1   1  90   1  _   _   _   _   _   _   _   _   _ 
  _   _    1  O  170 136   1  _   _   _   _   _   _   _   _ 
  _   _   72 156 243   1   1  _   _   _   _   _   _   _   _ 
  _    1   1 105   1   1   1  _   _   _   _   _   _   _   _ 
  _   _    1   1   1   1  _    1  _   _   _   _   _   _   _ 
  _   _   _   _   _   _   _   X   _   _   _   _   _   _   _ 
  _   _   _   _   _   _   _   _   _   _   _   _   _   _   _ 
  _   _   _   _   _   _   _   _   _   _   _   _   _   _   _ 
  _   _   _   _   _   _   _   _   _   _   _   _   _   _   _ 
  _   _   _   _   _   _   _   _   _   _   _   _   _   _   _ 
  _   _   _   _   _   _   _   _   X   _   _   _   _   _   _ 
  _   _   _   _   _   _   _   _   _   _   _   _   _   _   _ 
  _   _   _   _   _   _   _   _   _   _   _   _   _   _   _ 

nodes used 26k / 42M (0%)
memory = 1285.67 MB
0 : CROSS  (-1, -1) Q=66.4% : H=1 : Visit=798 : 222
1 : CIRCLE (4, 4) Q=31.5% : H=0.355 : Visit=194 : 45
2 : CROSS  (10, 10) Q=77.3% : H=0.526 : Visit=161 : 30
3 : CIRCLE (3, 4) Q=17.8% : H=0.479 : Visit=50 : 45
4 : CROSS  (9, 9) Q=93% : H=0.402 : Visit=41 : 25
5 : CIRCLE (8, 8) Q=8.1% : H=0.433 : Visit=20 : 23
6 : CROSS  (11, 9) Q=95.8% : H=0.777 : Visit=17 : 25
7 : CIRCLE (9, 11) Q=3.5% : H=0.717 : Visit=12 : 24
8 : CROSS  (10, 9) Q=97.1% : H=0.873 : Visit=10 : 35
9 : CIRCLE (12, 9) Q=2% : H=0.615 : Visit=6 : 26
10 : CROSS  (10, 8) Q=97.9% : H=0.816 : Visit=5 : 39
11 : CIRCLE (10, 7) Q=2.3% : H=0.65 : Visit=3 : 33
12 : CROSS  (11, 8) Q=97% : H=0.428 : Visit=2 : 63
13 : CIRCLE (13, 8) Q=5% : H=0.38 : Visit=1 : 31
14 : CROSS  (7, 6) Q=0% : H=0 : Visit=0 : 0
Total 14 moves ahead
----NNCACHE-INFO----
memory = 0.699426 MB / 857.112MB
stored = 621 elements
calls  = 815
hits   = 190 (23.3%)
--------------------
nodes left = 4970
steps left = 12
using 0.0349525s out of 9s left
median imbalance = 0.48865
depth=1 : removed 0/71
depth=2 : removed 24/48
nodes left = 4946
steps left = 12
using 0.0348167s out of 8.96505s left
----MOST-BALANCED-MOVES----
CIRCLE (10, 6) Q=59.5% : H=1 : Visit=1 : 70
CROSS  (1, 1) Q=40.4% : H=1 : Visit=1 : 57
---------------------------
median imbalance = 0.208168
depth=1 : removed 0/71
depth=2 : removed 28/56
nodes left = 4918
steps left = 12
using 0.0346815s out of 8.93023s left
----MOST-BALANCED-MOVES----
CIRCLE (12, 7) Q=48.4% : H=1 : Visit=1 : 70
CROSS  (1, 1) Q=51.5% : H=1 : Visit=1 : 54
---------------------------
median imbalance = 0.331761
depth=1 : removed 0/71
depth=2 : removed 30/60
nodes left = 4888
steps left = 12
using 0.0345468s out of 8.89555s left
----MOST-BALANCED-MOVES----
CIRCLE (12, 7) Q=48.4% : H=1 : Visit=1 : 70
CROSS  (1, 1) Q=51.5% : H=1 : Visit=1 : 54
---------------------------
median imbalance = 0.150719
depth=1 : removed 0/71
depth=2 : removed 39/78
nodes left = 4849
steps left = 12
using 0.0344126s out of 8.861s left
----MOST-BALANCED-MOVES----
CIRCLE (12, 7) Q=49.6% : H=1 : Visit=2 : 70
CROSS  (1, 2) Q=49% : H=1 : Visit=1 : 44
---------------------------
median imbalance = 0.11018
depth=1 : removed 0/71
depth=2 : removed 44/87
nodes left = 4805
steps left = 12
using 0.034279s out of 8.82659s left
----MOST-BALANCED-MOVES----
CIRCLE (10, 7) Q=55.6% : H=1 : Visit=3 : 70
CROSS  (1, 3) Q=50.1% : H=1 : Visit=1 : 56
---------------------------
median imbalance = 0.107494
depth=1 : removed 0/71
depth=2 : removed 46/91
nodes left = 4759
steps left = 12
using 0.0341459s out of 8.79231s left
----MOST-BALANCED-MOVES----
CIRCLE (11, 9) Q=54.4% : H=1 : Visit=3 : 70
CROSS  (1, 3) Q=50.1% : H=1 : Visit=1 : 51
---------------------------
median imbalance = 0.0589657
depth=1 : removed 0/71
depth=2 : removed 47/93
nodes left = 4712
steps left = 12
using 0.0340133s out of 8.75817s left
----MOST-BALANCED-MOVES----
CIRCLE (14, 7) Q=55.4% : H=1 : Visit=4 : 70
CROSS  (1, 4) Q=50.1% : H=1 : Visit=1 : 24
---------------------------
median imbalance = 0.0362174
depth=1 : removed 0/71
depth=2 : removed 47/94
nodes left = 4665
steps left = 12
using 0.0338812s out of 8.72415s left
----MOST-BALANCED-MOVES----
CIRCLE (14, 7) Q=54.2% : H=1 : Visit=5 : 70
CROSS  (1, 4) Q=50.1% : H=1 : Visit=1 : 24
---------------------------
median imbalance = 0.0627879
depth=1 : removed 0/71
depth=2 : removed 48/95
nodes left = 4617
steps left = 12
using 0.0337496s out of 8.69027s left
----MOST-BALANCED-MOVES----
CIRCLE (14, 7) Q=54.2% : H=1 : Visit=5 : 70
CROSS  (1, 4) Q=50.1% : H=1 : Visit=1 : 24
---------------------------
median imbalance = 0.0348955
depth=1 : removed 0/71
depth=2 : removed 48/95
nodes left = 4569
steps left = 12
using 0.0336185s out of 8.65652s left
----MOST-BALANCED-MOVES----
CIRCLE (14, 7) Q=54.5% : H=1 : Visit=6 : 70
CROSS  (1, 4) Q=50.1% : H=1 : Visit=1 : 24
---------------------------
median imbalance = 0.026746
depth=1 : removed 0/71
depth=2 : removed 48/95
nodes left = 4521
steps left = 12
using 0.033488s out of 8.6229s left
----MOST-BALANCED-MOVES----
CIRCLE (14, 7) Q=53.4% : H=1 : Visit=7 : 70
CROSS  (1, 4) Q=50.1% : H=1 : Visit=1 : 24
---------------------------
median imbalance = 0.0222878
depth=1 : removed 0/71
depth=2 : removed 40/79
nodes left = 4481
steps left = 12
using 0.0333579s out of 8.58941s left
----MOST-BALANCED-MOVES----
CIRCLE (14, 7) Q=53.4% : H=1 : Visit=7 : 70
CROSS  (1, 4) Q=50.1% : H=1 : Visit=1 : 24
---------------------------
median imbalance = 0.0216912
depth=1 : removed 0/71
depth=2 : removed 44/87
nodes left = 4437
steps left = 12
using 0.0332283s out of 8.55606s left
----MOST-BALANCED-MOVES----
CIRCLE (14, 7) Q=53.4% : H=1 : Visit=7 : 70
CROSS  (1, 4) Q=50.1% : H=1 : Visit=1 : 24
---------------------------
median imbalance = 0.043651
depth=1 : removed 0/71
depth=2 : removed 46/91
nodes left = 4391
steps left = 12
using 0.0330993s out of 8.52283s left
----MOST-BALANCED-MOVES----
CIRCLE (14, 7) Q=50.4% : H=1 : Visit=8 : 70
CROSS  (1, 4) Q=50.1% : H=1 : Visit=1 : 24
---------------------------
median imbalance = 0.0230137
depth=1 : removed 0/71
depth=2 : removed 47/93
nodes left = 4344
steps left = 12
using 0.0329708s out of 8.48973s left
----MOST-BALANCED-MOVES----
CIRCLE (14, 7) Q=47.1% : H=1 : Visit=9 : 70
CROSS  (1, 4) Q=50.1% : H=1 : Visit=1 : 24
---------------------------
median imbalance = 0.0212359
depth=1 : removed 0/71
depth=2 : removed 47/94
nodes left = 4297
steps left = 12
using 0.0328427s out of 8.45676s left
----MOST-BALANCED-MOVES----
CIRCLE (14, 7) Q=47.1% : H=1 : Visit=9 : 70
CROSS  (1, 4) Q=50.1% : H=1 : Visit=1 : 24
---------------------------
median imbalance = 0.0291018
depth=1 : removed 0/71
depth=2 : removed 48/95
nodes left = 4249
steps left = 12
using 0.0327152s out of 8.42392s left
----MOST-BALANCED-MOVES----
CIRCLE (14, 7) Q=45.6% : H=1 : Visit=10 : 70
CROSS  (1, 4) Q=50.1% : H=1 : Visit=1 : 24
---------------------------
median imbalance = 0.0192971
depth=1 : removed 0/71
depth=2 : removed 48/95
nodes left = 4201
steps left = 12
using 0.0325881s out of 8.3912s left
----MOST-BALANCED-MOVES----
CIRCLE (10, 7) Q=51.2% : H=1 : Visit=11 : 70
CROSS  (3, 1) Q=50.1% : H=1 : Visit=1 : 58
---------------------------
median imbalance = 0.0187927
depth=1 : removed 0/71
depth=2 : removed 48/95
nodes left = 4153
steps left = 12
using 0.0324616s out of 8.35861s left
----MOST-BALANCED-MOVES----
CIRCLE (10, 7) Q=51.2% : H=1 : Visit=11 : 70
CROSS  (3, 1) Q=50.1% : H=1 : Visit=1 : 58
---------------------------
median imbalance = 0.0170919
depth=1 : removed 0/71
depth=2 : removed 48/95
nodes left = 4105
steps left = 12
using 0.0323355s out of 8.32615s left
----MOST-BALANCED-MOVES----
CIRCLE (10, 7) Q=50.7% : H=1 : Visit=12 : 70
CROSS  (3, 1) Q=50.1% : H=1 : Visit=1 : 58
---------------------------
median imbalance = 0.0169148
depth=1 : removed 0/71
depth=2 : removed 48/95
nodes left = 4057
steps left = 11
using 0.0485032s out of 8.29382s left
----MOST-BALANCED-MOVES----
CIRCLE (10, 7) Q=50.7% : H=1 : Visit=12 : 70
CROSS  (3, 1) Q=50.1% : H=1 : Visit=1 : 58
---------------------------
median imbalance = 0.0628665
depth=1 : removed 0/71
depth=2 : removed 48/95
nodes left = 4009
steps left = 11
using 0.0482196s out of 8.24531s left
----MOST-BALANCED-MOVES----
CIRCLE (10, 7) Q=49.2% : H=1 : Visit=13 : 70
CROSS  (3, 1) Q=50.1% : H=1 : Visit=1 : 58
---------------------------
median imbalance = 0.0621842
depth=1 : removed 0/71
depth=2 : removed 48/95
nodes left = 3961
steps left = 11
using 0.0479376s out of 8.19709s left
----MOST-BALANCED-MOVES----
CIRCLE (10, 7) Q=47.8% : H=1 : Visit=14 : 70
CROSS  (3, 1) Q=50.1% : H=1 : Visit=1 : 58
---------------------------
median imbalance = 0.0648817
depth=1 : removed 0/71
depth=2 : removed 48/95
nodes left = 3913
steps left = 11
using 0.0476572s out of 8.14915s left
----MOST-BALANCED-MOVES----
CIRCLE (10, 7) Q=47.8% : H=1 : Visit=14 : 70
CROSS  (3, 1) Q=50.1% : H=1 : Visit=1 : 58
---------------------------
median imbalance = 0.0151435
depth=1 : removed 0/71
depth=2 : removed 48/95
nodes left = 3865
steps left = 11
using 0.0473785s out of 8.1015s left
----MOST-BALANCED-MOVES----
CIRCLE (10, 7) Q=47.9% : H=1 : Visit=15 : 70
CROSS  (3, 1) Q=50.1% : H=1 : Visit=1 : 58
---------------------------
median imbalance = 0.0117169
depth=1 : removed 0/71
depth=2 : removed 40/79
nodes left = 3825
steps left = 11
using 0.0471015s out of 8.05412s left
----MOST-BALANCED-MOVES----
CIRCLE (13, 9) Q=42.5% : H=1 : Visit=15 : 70
CROSS  (4, 1) Q=49.9% : H=1 : Visit=1 : 39
---------------------------
median imbalance = 0.0314121
depth=1 : removed 0/71
depth=2 : removed 44/87
nodes left = 3781
steps left = 11
using 0.046826s out of 8.00702s left
----MOST-BALANCED-MOVES----
CIRCLE (13, 9) Q=42.5% : H=1 : Visit=15 : 70
CROSS  (4, 1) Q=49.9% : H=1 : Visit=1 : 39
---------------------------
median imbalance = 0.0963442
depth=1 : removed 0/71
depth=2 : removed 46/91
nodes left = 3735
steps left = 11
using 0.0465522s out of 7.96019s left
----MOST-BALANCED-MOVES----
CIRCLE (13, 9) Q=41.4% : H=0.999 : Visit=16 : 70
CROSS  (4, 1) Q=49.9% : H=1 : Visit=1 : 39
---------------------------
median imbalance = 0.0112298
depth=1 : removed 0/71
depth=2 : removed 39/77
nodes left = 3696
steps left = 11
using 0.0462799s out of 7.91364s left
----MOST-BALANCED-MOVES----
CIRCLE (13, 9) Q=41.4% : H=0.999 : Visit=16 : 70
CROSS  (4, 1) Q=49.9% : H=1 : Visit=1 : 39
---------------------------
median imbalance = 0.259758
depth=1 : removed 0/71
depth=2 : removed 43/86
nodes left = 3653
steps left = 11
using 0.0460093s out of 7.86736s left
----MOST-BALANCED-MOVES----
CIRCLE (13, 9) Q=39.9% : H=1 : Visit=17 : 70
CROSS  (4, 1) Q=49.9% : H=1 : Visit=1 : 39
---------------------------
median imbalance = 0.255974
depth=1 : removed 0/71
depth=2 : removed 46/91
nodes left = 3607
steps left = 11
using 0.0457402s out of 7.82135s left
----MOST-BALANCED-MOVES----
CIRCLE (13, 9) Q=39.9% : H=1 : Visit=17 : 70
CROSS  (4, 1) Q=49.9% : H=1 : Visit=1 : 39
---------------------------
median imbalance = 0.207831
depth=1 : removed 0/71
depth=2 : removed 47/93
nodes left = 3560
steps left = 11
using 0.0454727s out of 7.77561s left
----MOST-BALANCED-MOVES----
CIRCLE (13, 9) Q=38.6% : H=1 : Visit=18 : 70
CROSS  (4, 1) Q=49.9% : H=1 : Visit=1 : 39
---------------------------
median imbalance = 0.138979
depth=1 : removed 0/71
depth=2 : removed 47/94
nodes left = 3513
steps left = 11
using 0.0452068s out of 7.73014s left
----MOST-BALANCED-MOVES----
CIRCLE (13, 9) Q=38.6% : H=1 : Visit=18 : 70
CROSS  (4, 1) Q=49.9% : H=1 : Visit=1 : 39
---------------------------
median imbalance = 0.0748542
depth=1 : removed 0/71
depth=2 : removed 48/95
nodes left = 3465
steps left = 11
using 0.0449424s out of 7.68493s left
----MOST-BALANCED-MOVES----
CIRCLE (13, 9) Q=37.4% : H=1 : Visit=19 : 70
CROSS  (4, 1) Q=49.9% : H=1 : Visit=1 : 39
---------------------------
median imbalance = 0.0108321
depth=1 : removed 0/71
depth=2 : removed 40/79
nodes left = 3425
steps left = 11
using 0.0446796s out of 7.63999s left
----MOST-BALANCED-MOVES----
CIRCLE (13, 9) Q=37.4% : H=1 : Visit=19 : 70
CROSS  (4, 1) Q=49.9% : H=1 : Visit=1 : 39
---------------------------
median imbalance = 0.0255232
depth=1 : removed 0/71
depth=2 : removed 44/87
nodes left = 3381
steps left = 11
using 0.0444183s out of 7.59531s left
----MOST-BALANCED-MOVES----
CIRCLE (13, 9) Q=37.8% : H=1 : Visit=20 : 70
CROSS  (4, 1) Q=49.9% : H=1 : Visit=1 : 39
---------------------------
median imbalance = 0.107992
depth=1 : removed 0/71
depth=2 : removed 46/91
nodes left = 3335
steps left = 11
using 0.0441585s out of 7.55089s left
----MOST-BALANCED-MOVES----
CIRCLE (13, 9) Q=37.8% : H=1 : Visit=20 : 70
CROSS  (4, 1) Q=49.9% : H=1 : Visit=1 : 39
---------------------------
median imbalance = 0.0903715
depth=1 : removed 0/71
depth=2 : removed 47/93
nodes left = 3288
steps left = 11
using 0.0439003s out of 7.50673s left
----MOST-BALANCED-MOVES----
CIRCLE (13, 9) Q=37.5% : H=1 : Visit=21 : 70
CROSS  (4, 1) Q=49.9% : H=1 : Visit=1 : 39
---------------------------
median imbalance = 0.107216
depth=1 : removed 0/71
depth=2 : removed 47/94
nodes left = 3241
steps left = 11
using 0.0436435s out of 7.46283s left
----MOST-BALANCED-MOVES----
CIRCLE (13, 9) Q=36.8% : H=0.999 : Visit=22 : 70
CROSS  (4, 1) Q=49.9% : H=1 : Visit=1 : 39
---------------------------
median imbalance = 0.0990306
depth=1 : removed 0/71
depth=2 : removed 48/95
nodes left = 3193
steps left = 11
using 0.0433883s out of 7.41919s left
----MOST-BALANCED-MOVES----
CIRCLE (13, 9) Q=36.8% : H=0.999 : Visit=22 : 70
CROSS  (4, 1) Q=49.9% : H=1 : Visit=1 : 39
---------------------------
median imbalance = 0.117844
depth=1 : removed 0/71
depth=2 : removed 48/96
nodes left = 3145
steps left = 11
using 0.0431346s out of 7.3758s left
----MOST-BALANCED-MOVES----
CIRCLE (13, 9) Q=36% : H=1 : Visit=23 : 70
CROSS  (4, 1) Q=49.9% : H=1 : Visit=1 : 39
---------------------------
median imbalance = 0.0458624
depth=1 : removed 0/71
depth=2 : removed 48/96
nodes left = 3097
steps left = 11
using 0.0428823s out of 7.33267s left
----MOST-BALANCED-MOVES----
CIRCLE (13, 9) Q=36% : H=1 : Visit=23 : 70
CROSS  (4, 1) Q=49.9% : H=1 : Visit=1 : 39
---------------------------
median imbalance = 0.0113675
depth=1 : removed 0/71
depth=2 : removed 40/80
nodes left = 3057
steps left = 11
using 0.0426315s out of 7.28978s left
----MOST-BALANCED-MOVES----
CIRCLE (13, 9) Q=34.8% : H=1 : Visit=24 : 70
CROSS  (4, 1) Q=49.9% : H=1 : Visit=1 : 39
---------------------------
median imbalance = 0.216649
depth=1 : removed 0/71
depth=2 : removed 44/88
nodes left = 3013
steps left = 11
using 0.0423822s out of 7.24715s left
----MOST-BALANCED-MOVES----
CIRCLE (13, 9) Q=34.8% : H=1 : Visit=24 : 70
CROSS  (4, 1) Q=49.9% : H=1 : Visit=1 : 39
---------------------------
median imbalance = 0.288122
depth=1 : removed 0/71
depth=2 : removed 46/92
nodes left = 2967
steps left = 11
using 0.0421344s out of 7.20477s left
----MOST-BALANCED-MOVES----
CIRCLE (13, 9) Q=33.8% : H=1 : Visit=25 : 70
CROSS  (4, 1) Q=49.9% : H=1 : Visit=1 : 39
---------------------------
median imbalance = 0.175689
depth=1 : removed 0/71
depth=2 : removed 48/95
nodes left = 2919
steps left = 11
using 0.0418879s out of 7.16263s left
----MOST-BALANCED-MOVES----
CIRCLE (13, 9) Q=33.8% : H=1 : Visit=25 : 70
CROSS  (4, 1) Q=49.9% : H=1 : Visit=1 : 39
---------------------------
median imbalance = 0.103637
depth=1 : removed 0/71
depth=2 : removed 48/96
nodes left = 2871
steps left = 11
using 0.041643s out of 7.12075s left
----MOST-BALANCED-MOVES----
CIRCLE (13, 9) Q=32.5% : H=0.999 : Visit=26 : 70
CROSS  (4, 1) Q=49.9% : H=1 : Visit=1 : 39
---------------------------
median imbalance = 0.068891
depth=1 : removed 0/71
depth=2 : removed 48/96
nodes left = 2823
steps left = 11
using 0.0413995s out of 7.0791s left
----MOST-BALANCED-MOVES----
CIRCLE (13, 9) Q=32.5% : H=0.999 : Visit=26 : 70
CROSS  (4, 1) Q=49.9% : H=1 : Visit=1 : 39
---------------------------
median imbalance = 0.0470929
depth=1 : removed 0/71
depth=2 : removed 49/97
nodes left = 2774
steps left = 11
using 0.0411573s out of 7.0377s left
----MOST-BALANCED-MOVES----
CIRCLE (13, 9) Q=31.9% : H=1 : Visit=27 : 70
CROSS  (4, 1) Q=49.9% : H=1 : Visit=1 : 39
---------------------------
median imbalance = 0.0301985
depth=1 : removed 0/71
depth=2 : removed 49/97
nodes left = 2725
steps left = 11
using 0.0409166s out of 6.99655s left
----MOST-BALANCED-MOVES----
CIRCLE (13, 9) Q=30.9% : H=0.999 : Visit=28 : 70
CROSS  (4, 1) Q=49.9% : H=1 : Visit=1 : 39
---------------------------
median imbalance = 0.0490921
depth=1 : removed 0/71
depth=2 : removed 49/98
nodes left = 2676
steps left = 11
using 0.0406774s out of 6.95563s left
----MOST-BALANCED-MOVES----
CIRCLE (13, 9) Q=30.9% : H=0.999 : Visit=28 : 70
CROSS  (4, 1) Q=49.9% : H=1 : Visit=1 : 39
---------------------------
median imbalance = 0.00964034
depth=1 : removed 0/71
depth=2 : removed 41/82
nodes left = 2635
steps left = 11
using 0.0404395s out of 6.91495s left
----MOST-BALANCED-MOVES----
CIRCLE (13, 9) Q=30.3% : H=0.999 : Visit=29 : 70
CROSS  (4, 1) Q=49.9% : H=1 : Visit=1 : 39
---------------------------
median imbalance = 0.183818
depth=1 : removed 0/71
depth=2 : removed 45/90
nodes left = 2590
steps left = 11
using 0.040203s out of 6.87451s left
----MOST-BALANCED-MOVES----
CIRCLE (13, 9) Q=30.3% : H=0.999 : Visit=29 : 70
CROSS  (4, 1) Q=49.9% : H=1 : Visit=1 : 39
---------------------------
median imbalance = 0.257911
depth=1 : removed 0/71
depth=2 : removed 50/99
nodes left = 2540
steps left = 11
using 0.0399679s out of 6.83431s left
----MOST-BALANCED-MOVES----
CIRCLE (13, 9) Q=29.5% : H=0.999 : Visit=30 : 70
CROSS  (4, 1) Q=49.9% : H=1 : Visit=1 : 39
---------------------------
median imbalance = 0.190354
depth=1 : removed 0/71
depth=2 : removed 49/98
nodes left = 2491
steps left = 11
using 0.0397341s out of 6.79434s left
----MOST-BALANCED-MOVES----
CIRCLE (13, 9) Q=29.5% : H=0.999 : Visit=30 : 70
CROSS  (4, 1) Q=49.9% : H=1 : Visit=1 : 39
---------------------------
median imbalance = 0.131888
depth=1 : removed 0/71
depth=2 : removed 52/104
nodes left = 2439
steps left = 11
using 0.0395018s out of 6.75461s left
----MOST-BALANCED-MOVES----
CIRCLE (13, 9) Q=28.6% : H=1 : Visit=31 : 70
CROSS  (4, 1) Q=49.9% : H=1 : Visit=1 : 39
---------------------------
median imbalance = 0.0778059
depth=1 : removed 0/71
depth=2 : removed 52/103
nodes left = 2387
steps left = 11
using 0.0392708s out of 6.71511s left
----MOST-BALANCED-MOVES----
CIRCLE (13, 9) Q=27.8% : H=1 : Visit=32 : 70
CROSS  (4, 1) Q=49.9% : H=1 : Visit=1 : 39
---------------------------
median imbalance = 0.056718
depth=1 : removed 0/71
depth=2 : removed 53/106
nodes left = 2334
steps left = 11
using 0.0390411s out of 6.67584s left
----MOST-BALANCED-MOVES----
CIRCLE (13, 9) Q=27.8% : H=1 : Visit=32 : 70
CROSS  (4, 1) Q=49.9% : H=1 : Visit=1 : 39
---------------------------
median imbalance = 0.0541574
depth=1 : removed 0/71
depth=2 : removed 54/107
nodes left = 2280
steps left = 11
using 0.0388128s out of 6.63679s left
----MOST-BALANCED-MOVES----
CIRCLE (13, 9) Q=27.3% : H=0.999 : Visit=33 : 70
CROSS  (4, 1) Q=49.9% : H=1 : Visit=1 : 39
---------------------------
median imbalance = 0.0107522
depth=1 : removed 0/71
depth=2 : removed 44/87
nodes left = 2236
steps left = 11
using 0.0385858s out of 6.59798s left
----MOST-BALANCED-MOVES----
CIRCLE (13, 9) Q=27.3% : H=0.999 : Visit=33 : 70
CROSS  (4, 1) Q=49.9% : H=1 : Visit=1 : 39
---------------------------
median imbalance = 0.0087561
depth=1 : removed 0/71
depth=2 : removed 40/79
nodes left = 2196
steps left = 11
using 0.0383601s out of 6.5594s left
----MOST-BALANCED-MOVES----
CIRCLE (13, 9) Q=26.6% : H=0.999 : Visit=34 : 70
CROSS  (4, 1) Q=49.9% : H=1 : Visit=1 : 39
---------------------------
median imbalance = 0.0981826
depth=1 : removed 0/71
depth=2 : removed 47/93
nodes left = 2149
steps left = 11
using 0.0381358s out of 6.52104s left
----MOST-BALANCED-MOVES----
CIRCLE (13, 9) Q=26.6% : H=0.999 : Visit=34 : 70
CROSS  (4, 1) Q=49.9% : H=1 : Visit=1 : 39
---------------------------
median imbalance = 0.0719843
depth=1 : removed 0/71
depth=2 : removed 48/95
nodes left = 2101
steps left = 11
using 0.0379128s out of 6.4829s left
----MOST-BALANCED-MOVES----
CIRCLE (13, 9) Q=26% : H=1 : Visit=35 : 70
CROSS  (4, 1) Q=49.9% : H=1 : Visit=1 : 39
---------------------------
median imbalance = 0.0546013
depth=1 : removed 0/71
depth=2 : removed 51/101
nodes left = 2050
steps left = 11
using 0.0376911s out of 6.44499s left
----MOST-BALANCED-MOVES----
CIRCLE (13, 9) Q=26% : H=1 : Visit=35 : 70
CROSS  (4, 1) Q=49.9% : H=1 : Visit=1 : 39
---------------------------
median imbalance = 0.0480087
depth=1 : removed 0/71
depth=2 : removed 50/99
nodes left = 2000
steps left = 10
using 0.0565366s out of 6.4073s left
----MOST-BALANCED-MOVES----
CIRCLE (13, 9) Q=25.3% : H=1 : Visit=36 : 70
CROSS  (4, 1) Q=49.9% : H=1 : Visit=1 : 39
---------------------------
median imbalance = 0.117583
depth=1 : removed 0/71
depth=2 : removed 52/104
nodes left = 1948
steps left = 10
using 0.0560377s out of 6.35076s left
----MOST-BALANCED-MOVES----
CIRCLE (13, 9) Q=24.7% : H=1 : Visit=37 : 70
CROSS  (4, 1) Q=49.9% : H=1 : Visit=1 : 39
---------------------------
median imbalance = 0.0478727
depth=1 : removed 0/71
depth=2 : removed 50/100
nodes left = 1898
steps left = 10
using 0.0555433s out of 6.29472s left
----MOST-BALANCED-MOVES----
CIRCLE (13, 9) Q=24.7% : H=1 : Visit=37 : 70
CROSS  (4, 1) Q=49.9% : H=1 : Visit=1 : 39
---------------------------
median imbalance = 0.0183205
depth=1 : removed 0/71
depth=2 : removed 42/83
nodes left = 1856
steps left = 10
using 0.0550532s out of 6.23918s left
----MOST-BALANCED-MOVES----
CIRCLE (13, 9) Q=24.7% : H=1 : Visit=37 : 70
CROSS  (4, 1) Q=49.9% : H=1 : Visit=1 : 39
---------------------------
median imbalance = 0.284044
depth=1 : removed 0/71
depth=2 : removed 45/90
nodes left = 1811
steps left = 10
using 0.0545674s out of 6.18413s left
----MOST-BALANCED-MOVES----
CIRCLE (13, 9) Q=24.4% : H=0.999 : Visit=38 : 70
CROSS  (4, 1) Q=49.9% : H=1 : Visit=1 : 39
---------------------------
median imbalance = 0.254101
depth=1 : removed 0/71
depth=2 : removed 47/93
nodes left = 1764
steps left = 10
using 0.0540859s out of 6.12956s left
----MOST-BALANCED-MOVES----
CIRCLE (13, 9) Q=23.9% : H=1 : Visit=39 : 70
CROSS  (4, 1) Q=49.9% : H=1 : Visit=1 : 39
---------------------------
median imbalance = 0.26651
depth=1 : removed 0/71
depth=2 : removed 47/94
nodes left = 1717
steps left = 10
using 0.0536087s out of 6.07547s left
----MOST-BALANCED-MOVES----
CIRCLE (13, 9) Q=23.9% : H=1 : Visit=39 : 70
CROSS  (4, 1) Q=49.9% : H=1 : Visit=1 : 39
---------------------------
median imbalance = 0.00813389
depth=1 : removed 0/71
depth=2 : removed 40/79
nodes left = 1677
steps left = 10
using 0.0531356s out of 6.02186s left
----MOST-BALANCED-MOVES----
CIRCLE (13, 9) Q=23.9% : H=1 : Visit=39 : 70
CROSS  (4, 1) Q=49.9% : H=1 : Visit=1 : 39
---------------------------
median imbalance = 0.339539
depth=1 : removed 0/71
depth=2 : removed 44/87
nodes left = 1633
steps left = 10
using 0.0526668s out of 5.96873s left
----MOST-BALANCED-MOVES----
CIRCLE (13, 9) Q=23.3% : H=1 : Visit=40 : 70
CROSS  (4, 1) Q=49.9% : H=1 : Visit=1 : 39
---------------------------
median imbalance = 0.283245
depth=1 : removed 0/71
depth=2 : removed 46/91
nodes left = 1587
steps left = 10
using 0.052202s out of 5.91606s left
----MOST-BALANCED-MOVES----
CIRCLE (13, 9) Q=23.3% : H=1 : Visit=40 : 70
CROSS  (4, 1) Q=49.9% : H=1 : Visit=1 : 39
---------------------------
median imbalance = 0.283064
depth=1 : removed 0/71
depth=2 : removed 47/93
nodes left = 1540
steps left = 10
using 0.0517414s out of 5.86386s left
----MOST-BALANCED-MOVES----
CIRCLE (13, 9) Q=22.8% : H=1 : Visit=41 : 70
CROSS  (4, 1) Q=49.9% : H=1 : Visit=1 : 39
---------------------------
median imbalance = 0.268604
depth=1 : removed 0/71
depth=2 : removed 47/94
nodes left = 1493
steps left = 10
using 0.0512849s out of 5.81212s left
----MOST-BALANCED-MOVES----
CIRCLE (13, 9) Q=22.8% : H=1 : Visit=41 : 70
CROSS  (4, 1) Q=49.9% : H=1 : Visit=1 : 39
---------------------------
median imbalance = 0.264829
depth=1 : removed 0/71
depth=2 : removed 48/95
nodes left = 1445
steps left = 10
using 0.0508323s out of 5.76083s left
----MOST-BALANCED-MOVES----
CIRCLE (13, 9) Q=22.7% : H=0.999 : Visit=42 : 70
CROSS  (4, 1) Q=49.9% : H=1 : Visit=1 : 39
---------------------------
median imbalance = 0.271096
depth=1 : removed 0/71
depth=2 : removed 48/95
nodes left = 1397
steps left = 10
using 0.0503838s out of 5.71s left
----MOST-BALANCED-MOVES----
CIRCLE (13, 9) Q=22.7% : H=0.999 : Visit=42 : 70
CROSS  (4, 1) Q=49.9% : H=1 : Visit=1 : 39
---------------------------
median imbalance = 0.312957
depth=1 : removed 0/71
depth=2 : removed 48/95
nodes left = 1349
steps left = 10
using 0.0499392s out of 5.65962s left
----MOST-BALANCED-MOVES----
CIRCLE (13, 9) Q=22.2% : H=1 : Visit=43 : 70
CROSS  (4, 1) Q=49.9% : H=1 : Visit=1 : 39
---------------------------
median imbalance = 0.240957
depth=1 : removed 1/71
depth=2 : removed 48/95
nodes left = 1301
steps left = 10
using 0.0494986s out of 5.60968s left
----MOST-BALANCED-MOVES----
CIRCLE (13, 9) Q=22.2% : H=1 : Visit=43 : 70
CROSS  (4, 1) Q=49.9% : H=1 : Visit=1 : 39
---------------------------
median imbalance = 0.219402
depth=1 : removed 1/71
depth=2 : removed 48/95
nodes left = 1253
steps left = 10
using 0.0490618s out of 5.56018s left
----MOST-BALANCED-MOVES----
CIRCLE (13, 9) Q=21.9% : H=1 : Visit=44 : 70
CROSS  (4, 1) Q=49.9% : H=1 : Visit=1 : 39
---------------------------
median imbalance = 0.218138
depth=1 : removed 5/71
depth=2 : removed 48/95
nodes left = 1205
steps left = 10
using 0.0486289s out of 5.51112s left
----MOST-BALANCED-MOVES----
CIRCLE (13, 9) Q=21.9% : H=1 : Visit=44 : 70
CROSS  (4, 1) Q=49.9% : H=1 : Visit=1 : 39
---------------------------
median imbalance = 0.200346
depth=1 : removed 9/71
depth=2 : removed 48/95
nodes left = 1157
steps left = 10
using 0.0481998s out of 5.46249s left
----MOST-BALANCED-MOVES----
CIRCLE (13, 9) Q=21.4% : H=0.999 : Visit=45 : 70
CROSS  (4, 1) Q=49.9% : H=1 : Visit=1 : 39
---------------------------
median imbalance = 0.164059
depth=1 : removed 13/71
depth=2 : removed 47/94
nodes left = 1110
steps left = 10
using 0.0477745s out of 5.41429s left
----MOST-BALANCED-MOVES----
CIRCLE (13, 9) Q=21.4% : H=0.999 : Visit=45 : 70
CROSS  (4, 1) Q=49.9% : H=1 : Visit=1 : 39
---------------------------
median imbalance = 0.119809
depth=1 : removed 17/71
depth=2 : removed 48/95
nodes left = 1062
steps left = 10
using 0.047353s out of 5.36651s left
----MOST-BALANCED-MOVES----
CIRCLE (13, 9) Q=21% : H=1 : Visit=46 : 70
CROSS  (4, 1) Q=49.9% : H=1 : Visit=1 : 39
---------------------------
median imbalance = 0.0274193
depth=1 : removed 20/71
depth=2 : removed 39/78
nodes left = 1023
steps left = 9
using 0.0710294s out of 5.31916s left
----MOST-BALANCED-MOVES----
CIRCLE (13, 9) Q=20.6% : H=1 : Visit=47 : 70
CROSS  (4, 1) Q=49.9% : H=1 : Visit=1 : 39
---------------------------
median imbalance = 0.309675
depth=1 : removed 20/71
depth=2 : removed 43/86
nodes left = 980
steps left = 9
using 0.0700809s out of 5.24813s left
----MOST-BALANCED-MOVES----
CIRCLE (13, 9) Q=20.6% : H=1 : Visit=47 : 70
CROSS  (4, 1) Q=49.9% : H=1 : Visit=1 : 39
---------------------------
median imbalance = 0.185428
depth=1 : removed 21/71
depth=2 : removed 45/90
nodes left = 935
steps left = 9
using 0.0691451s out of 5.17805s left
----MOST-BALANCED-MOVES----
CIRCLE (13, 9) Q=20.3% : H=1 : Visit=48 : 70
CROSS  (4, 1) Q=49.9% : H=1 : Visit=1 : 39
---------------------------
median imbalance = 0.0971601
depth=1 : removed 21/71
depth=2 : removed 45/89
nodes left = 890
steps left = 9
using 0.0682218s out of 5.10891s left
----MOST-BALANCED-MOVES----
CIRCLE (13, 9) Q=19.9% : H=1 : Visit=49 : 70
CROSS  (4, 1) Q=49.9% : H=1 : Visit=1 : 39
---------------------------
median imbalance = 0.101059
depth=1 : removed 22/71
depth=2 : removed 44/87
nodes left = 846
steps left = 9
using 0.0673108s out of 5.04068s left
----MOST-BALANCED-MOVES----
CIRCLE (13, 9) Q=19.6% : H=1 : Visit=50 : 70
CROSS  (4, 1) Q=49.9% : H=1 : Visit=1 : 39
---------------------------
median imbalance = 0.124885
depth=1 : removed 23/71
depth=2 : removed 42/85
nodes left = 804
steps left = 9
using 0.066412s out of 4.97337s left
----MOST-BALANCED-MOVES----
CIRCLE (13, 9) Q=19.4% : H=1 : Visit=51 : 70
CROSS  (4, 1) Q=49.9% : H=1 : Visit=1 : 39
---------------------------
median imbalance = 0.145662
depth=1 : removed 24/71
depth=2 : removed 43/86
nodes left = 761
steps left = 9
using 0.0655251s out of 4.90696s left
----MOST-BALANCED-MOVES----
CIRCLE (13, 9) Q=19.4% : H=1 : Visit=51 : 70
CROSS  (4, 1) Q=49.9% : H=1 : Visit=1 : 39
---------------------------
median imbalance = 0.2411
depth=1 : removed 24/71
depth=2 : removed 44/88
nodes left = 717
steps left = 9
using 0.0646501s out of 4.84144s left
----MOST-BALANCED-MOVES----
CIRCLE (13, 9) Q=19% : H=1 : Visit=52 : 70
CROSS  (4, 1) Q=49.9% : H=1 : Visit=1 : 39
---------------------------
median imbalance = 0.0821443
depth=1 : removed 26/71
depth=2 : removed 38/75
nodes left = 679
steps left = 9
using 0.0637868s out of 4.77679s left
----MOST-BALANCED-MOVES----
CIRCLE (13, 9) Q=19% : H=0.999 : Visit=53 : 70
CROSS  (4, 1) Q=49.9% : H=1 : Visit=1 : 39
---------------------------
median imbalance = 0.249549
depth=1 : removed 26/71
depth=2 : removed 41/82
nodes left = 638
steps left = 9
using 0.062935s out of 4.713s left
----MOST-BALANCED-MOVES----
CIRCLE (13, 9) Q=19% : H=0.999 : Visit=54 : 70
CROSS  (4, 1) Q=49.9% : H=1 : Visit=1 : 39
---------------------------
median imbalance = 0.237838
depth=1 : removed 27/71
depth=2 : removed 42/84
nodes left = 596
steps left = 9
using 0.0620946s out of 4.65006s left
----MOST-BALANCED-MOVES----
CIRCLE (13, 9) Q=18.8% : H=0.999 : Visit=55 : 70
CROSS  (4, 1) Q=49.9% : H=1 : Visit=1 : 39
---------------------------
median imbalance = 0.175672
depth=1 : removed 27/71
depth=2 : removed 43/86
nodes left = 553
steps left = 9
using 0.0612655s out of 4.58797s left
----MOST-BALANCED-MOVES----
CIRCLE (13, 9) Q=18.5% : H=0.999 : Visit=56 : 70
CROSS  (4, 1) Q=49.9% : H=1 : Visit=1 : 39
---------------------------
median imbalance = 0.151365
depth=1 : removed 27/71
depth=2 : removed 44/88
nodes left = 509
steps left = 8
using 0.0918982s out of 4.5267s left
----MOST-BALANCED-MOVES----
CIRCLE (13, 9) Q=18.8% : H=0.999 : Visit=57 : 70
CROSS  (4, 1) Q=49.9% : H=1 : Visit=1 : 39
---------------------------
median imbalance = 0.141998
depth=1 : removed 27/71
depth=2 : removed 44/88
nodes left = 465
steps left = 8
using 0.0900325s out of 4.43481s left
----MOST-BALANCED-MOVES----
CIRCLE (13, 9) Q=18.6% : H=0.999 : Visit=58 : 70
CROSS  (4, 1) Q=49.9% : H=1 : Visit=1 : 39
---------------------------
median imbalance = 0.134983
depth=1 : removed 27/71
depth=2 : removed 45/89
nodes left = 420
steps left = 8
using 0.0882048s out of 4.34477s left
----MOST-BALANCED-MOVES----
CIRCLE (13, 9) Q=18.4% : H=0.999 : Visit=59 : 70
CROSS  (4, 1) Q=49.9% : H=1 : Visit=1 : 39
---------------------------
median imbalance = 0.114925
depth=1 : removed 31/71
depth=2 : removed 43/86
nodes left = 377
steps left = 8
using 0.0864141s out of 4.25657s left
----MOST-BALANCED-MOVES----
CIRCLE (13, 9) Q=18.2% : H=0.999 : Visit=60 : 70
CROSS  (4, 1) Q=49.9% : H=1 : Visit=1 : 39
---------------------------
median imbalance = 0.114912
depth=1 : removed 31/71
depth=2 : removed 43/86
nodes left = 334
steps left = 8
using 0.0846598s out of 4.17015s left
----MOST-BALANCED-MOVES----
CIRCLE (13, 9) Q=18.3% : H=0.999 : Visit=61 : 70
CROSS  (4, 1) Q=49.9% : H=1 : Visit=1 : 39
---------------------------
median imbalance = 0.107617
depth=1 : removed 32/71
depth=2 : removed 44/88
nodes left = 290
steps left = 8
using 0.0829411s out of 4.08549s left
----MOST-BALANCED-MOVES----
CIRCLE (13, 9) Q=18.8% : H=0.999 : Visit=62 : 70
CROSS  (4, 1) Q=49.9% : H=1 : Visit=1 : 39
---------------------------
median imbalance = 0.0763223
depth=1 : removed 34/71
depth=2 : removed 44/87
nodes left = 246
steps left = 7
using 0.124412s out of 4.00255s left
----MOST-BALANCED-MOVES----
CIRCLE (13, 9) Q=18.8% : H=0.999 : Visit=63 : 70
CROSS  (4, 1) Q=49.9% : H=1 : Visit=1 : 39
---------------------------
median imbalance = 0.081083
depth=1 : removed 38/71
depth=2 : removed 64/127
nodes left = 182
steps left = 7
using 0.120544s out of 3.87814s left
----MOST-BALANCED-MOVES----
CIRCLE (12, 9) Q=20.6% : H=0.999 : Visit=66 : 70
CROSS  (13, 10) Q=49.9% : H=1 : Visit=1 : 33
---------------------------
median imbalance = 0.0493016
depth=1 : removed 43/71
depth=2 : removed 72/144
nodes left = 110
steps left = 6
using 0.180817s out of 3.7576s left
----MOST-BALANCED-MOVES----
CIRCLE (12, 9) Q=21.9% : H=0.999 : Visit=69 : 70
CROSS  (13, 10) Q=49.9% : H=1 : Visit=1 : 33
---------------------------
median imbalance = 0.0420656
depth=1 : removed 51/71
depth=2 : removed 55/110
nodes left = 55
steps left = 5
using 0.271225s out of 3.57678s left
----MOST-BALANCED-MOVES----
CIRCLE (13, 9) Q=22.6% : H=1 : Visit=72 : 70
CROSS  (4, 1) Q=49.9% : H=1 : Visit=1 : 39
---------------------------
median imbalance = 0.101051
depth=1 : removed 55/71
depth=2 : removed 27/55
nodes left = 28
steps left = 4
using 0.406838s out of 3.30556s left
----MOST-BALANCED-MOVES----
CIRCLE (10, 8) Q=26% : H=1 : Visit=80 : 70
CROSS  (14, 8) Q=50.1% : H=1 : Visit=3 : 55
---------------------------
median imbalance = 0.0613503
depth=1 : removed 59/71
depth=2 : removed 14/28
nodes left = 14
steps left = 3
using 0.610256s out of 2.89872s left
----MOST-BALANCED-MOVES----
CIRCLE (13, 10) Q=28.9% : H=0.999 : Visit=93 : 70
CROSS  (1, 5) Q=49.6% : H=1 : Visit=23 : 40
---------------------------
median imbalance = 0.0398315
depth=1 : removed 64/71
depth=2 : removed 7/14
nodes left = 7
steps left = 2
using 0.915385s out of 2.28846s left
----MOST-BALANCED-MOVES----
CIRCLE (14, 10) Q=30.1% : H=0.999 : Visit=113 : 70
CROSS  (1, 5) Q=50.7% : H=0.999 : Visit=38 : 33
---------------------------
median imbalance = 0.040341
depth=1 : removed 67/71
depth=2 : removed 3/7
nodes left = 4
steps left = 2
using 0.549231s out of 1.37308s left
----MOST-BALANCED-MOVES----
CIRCLE (13, 9) Q=38.5% : H=1 : Visit=185 : 70
CROSS  (4, 1) Q=49.8% : H=0.999 : Visit=103 : 39
---------------------------
median imbalance = 0.0459003
depth=1 : removed 68/71
depth=2 : removed 1/4
nodes left = 3
steps left = 1
using 0.823846s out of 0.823846s left
----MOST-BALANCED-MOVES----
CIRCLE (13, 9) Q=41.3% : H=0.999 : Visit=251 : 70
CROSS  (4, 1) Q=50.2% : H=1 : Visit=169 : 39
---------------------------
median imbalance = 0.0639063
depth=1 : removed 69/71
depth=2 : removed 1/3
nodes left = 2
steps left = 1
using 0s out of 0s left
----MOST-BALANCED-MOVES----
CIRCLE (13, 8) Q=46.1% : H=0.999 : Visit=331 : 70
CROSS  (1, 4) Q=47.6% : H=0.999 : Visit=260 : 47
---------------------------
median imbalance = 0.0634938
depth=1 : removed 69/71
depth=2 : removed 0/2
nodes left = 2
steps left = 1
using 0s out of 0s left
----MOST-BALANCED-MOVES----
CIRCLE (13, 8) Q=46.5% : H=0.999 : Visit=341 : 70
CROSS  (1, 4) Q=47.3% : H=0.999 : Visit=270 : 47
---------------------------
median imbalance = 0.0621582
depth=1 : removed 70/71
depth=2 : removed 1/2
Answered : MESSAGE depth 1-16 ev 51.4 n 6998 n/s 365 tm 19144 pv On8 Xb4 Oe4 Xk10 Oc2 Xb1 Oe2 Xl9 Oj11 Xj9 Og6 Xf5 Oe3 Xe5 Of3 Xa3
Overall 71 children
sum of visits = 421
BEST
CIRCLE (13, 8) Q=47.1% : H=1 : Visit=351 : 70
CIRCLE (13, 9) Q=0% : H=0 : Visit=1 : 70
CIRCLE (9, 8) Q=0% : H=0 : Visit=1 : 70
CIRCLE (4, 5) Q=0% : H=0 : Visit=1 : 70
CIRCLE (5, 2) Q=0% : H=0 : Visit=1 : 70
CIRCLE (4, 4) Q=0% : H=0 : Visit=1 : 70
CIRCLE (9, 6) Q=0% : H=0 : Visit=1 : 70
CIRCLE (14, 6) Q=0% : H=0 : Visit=1 : 70
CIRCLE (1, 3) Q=0% : H=0 : Visit=1 : 70
CIRCLE (5, 3) Q=0% : H=0 : Visit=1 : 70
WORST
CIRCLE (12, 9) Q=0% : H=0 : Visit=1 : 70
CIRCLE (2, 1) Q=0% : H=0 : Visit=1 : 70
CIRCLE (6, 6) Q=0% : H=0 : Visit=1 : 70
CIRCLE (11, 9) Q=0% : H=0 : Visit=1 : 70
CIRCLE (13, 6) Q=0% : H=0 : Visit=1 : 70
CIRCLE (5, 6) Q=0% : H=0 : Visit=1 : 70
CIRCLE (11, 8) Q=0% : H=0 : Visit=1 : 70
CIRCLE (2, 5) Q=0% : H=0 : Visit=1 : 70
CIRCLE (5, 5) Q=0% : H=0 : Visit=1 : 70
CIRCLE (5, 4) Q=0% : H=0 : Visit=1 : 70
  _   _   _   _   _   _   _   _   _   _   _   _   _   _   _ 
  _    2   2   2   2   2  _   _   _   _   _   _   _   _   _ 
  _    2   2   2   2   2  _   _   _   _   _   _   _   _   _ 
  _    2   2  O    2   2  _   _   _   _   _   _   _   _   _ 
  _    2   2   2   2   2  _   _   _   _   _   _   _   _   _ 
  _    2   2   2   2   2   2   2   2   2  _   _   _   _   _ 
  _   _   _   _   _    2   2   2   2   2  _   _   _   _   _ 
  _   _   _   _   _    2   2  X    2   2  _   _   _   _   _ 
  _   _   _   _   _    2   2   2   2   2  _   _   _   _   _ 
  _   _   _   _   _    2   2   2   2   2  _   _   _   _   _ 
  _   _   _   _   _   _    2   2   2   2   2  _   _   _   _ 
  _   _   _   _   _   _    2   2   2   2   2  _   _   _   _ 
  _   _   _   _   _   _    2   2  X    2   2  _   _   _   _ 
  _   _   _   _   _   _    2   2 833   2   2  _   _   _   _ 
  _   _   _   _   _   _    2   2   2   2   2  _   _   _   _ 

nodes used 346k / 42M (0.8%)
memory = 1285.67 MB
0 : CROSS  (-1, -1) Q=48.5% : H=1 : Visit=6957 : 71
1 : CIRCLE (13, 8) Q=47.1% : H=1 : Visit=351 : 70
2 : CROSS  (1, 4) Q=46.8% : H=0.999 : Visit=280 : 47
3 : CIRCLE (4, 4) Q=59.8% : H=0.342 : Visit=158 : 53
4 : CROSS  (10, 10) Q=41.9% : H=0.577 : Visit=123 : 29
5 : CIRCLE (2, 2) Q=71% : H=0.052 : Visit=76 : 25
6 : CROSS  (1, 1) Q=37.5% : H=0.216 : Visit=46 : 38
7 : CIRCLE (4, 2) Q=75% : H=0.23 : Visit=25 : 64
8 : CROSS  (11, 9) Q=33.1% : H=0.311 : Visit=14 : 27
9 : CIRCLE (9, 11) Q=74.5% : H=0.643 : Visit=11 : 41
10 : CROSS  (9, 9) Q=23% : H=0.93 : Visit=10 : 30
11 : CIRCLE (6, 6) Q=91% : H=0.632 : Visit=8 : 1
12 : CROSS  (5, 5) Q=8.9% : H=1 : Visit=8 : 28
13 : CIRCLE (4, 3) Q=95.9% : H=0.547 : Visit=5 : 37
14 : CROSS  (4, 5) Q=2.5% : H=0.412 : Visit=2 : 27
15 : CIRCLE (5, 3) Q=96% : H=0.436 : Visit=1 : 50
16 : CROSS  (0, 3) Q=0% : H=0 : Visit=0 : 0
Total 16 moves ahead
----NNCACHE-INFO----
memory = 8.30413 MB / 857.112MB
stored = 7373 elements
calls  = 7813
hits   = 391 (5%)
--------------------
----MOST-BALANCED-MOVES----
CIRCLE (13, 8) Q=47.1% : H=1 : Visit=351 : 70
CROSS  (1, 4) Q=46.8% : H=0.999 : Visit=280 : 47
---------------------------
Answered : 8,13 4,1
Got : END
