Compiled on Apr 23 2020 at 02:42:48
Launched in Engine\
Answered : MESSAGE Detected following devices : CPU : GenuineIntel : 4 x AVX with 4043MB of memory
Answered : MESSAGE Using : CPU : GenuineIntel : 4 x AVX with 4043MB of memory
Got : START 15
Answered : OK
Got : INFO max_memory 2306867200
Got : INFO timeout_match 120000
Got : INFO timeout_turn 120000
Got : INFO game_type 1
Got : INFO rule 1
Got : INFO time_left 120000
Got : SWAP2BOARD
Got : 2,3
Got : 3,6
Got : 12,2
Got : DONE
Answered : MESSAGE depth 1-13 ev 96.4 n 1987 n/s 441 tm 4505 pv Oh4 Xf2 Og5 Xd4 Oi3 Xf6 Oh3 Xf3 Oh2 Xh5 Og4 Xg2 Ob11
Overall 222 children
sum of visits = 1911
BEST
CIRCLE (7, 4) Q=96.2% : H=0.322 : Visit=580 : 51
CIRCLE (6, 4) Q=97.6% : H=0.145 : Visit=413 : 130
CIRCLE (5, 5) Q=98.1% : H=0.062 : Visit=189 : 57
CIRCLE (5, 4) Q=93.3% : H=0.173 : Visit=171 : 50
CIRCLE (6, 5) Q=96.1% : H=0.081 : Visit=135 : 82
CIRCLE (4, 4) Q=94.9% : H=0.099 : Visit=129 : 53
CIRCLE (7, 3) Q=97.6% : H=0.029 : Visit=120 : 67
CIRCLE (5, 3) Q=96.4% : H=0.025 : Visit=63 : 56
CIRCLE (4, 5) Q=96.2% : H=0.018 : Visit=40 : 66
CIRCLE (7, 5) Q=96.9% : H=0.007 : Visit=22 : 37
WORST
CIRCLE (6, 9) Q=0% : H=0 : Visit=0 : 0
CIRCLE (7, 9) Q=0% : H=0 : Visit=0 : 0
CIRCLE (6, 0) Q=0% : H=0 : Visit=0 : 0
CIRCLE (10, 4) Q=0% : H=0 : Visit=0 : 0
CIRCLE (5, 9) Q=0% : H=0 : Visit=0 : 0
CIRCLE (5, 0) Q=0% : H=0 : Visit=0 : 0
CIRCLE (1, 12) Q=0% : H=0 : Visit=0 : 0
CIRCLE (6, 11) Q=0% : H=0 : Visit=0 : 0
CIRCLE (1, 11) Q=0% : H=0 : Visit=0 : 0
CIRCLE (5, 8) Q=0% : H=0 : Visit=0 : 0
  _   _   _   _   _   _   _   _   _   _   _   _   _   _   _ 
  _   _   _   _   _   _   _   _   _   _   _   _   _   _   _ 
  _   _   _   _   _   _   _   _   _   _   _   _   X   _   _ 
  _   _   X   _   _   _   _   _   _   _   _   _   _   _   _ 
  _   _   _   _   67  20  _   _   _   _   _   _   _   _   _ 
  _   _    9  32  89  98  _   _   _   _   _   _   _   _   _ 
  _   _    3  O  216  70   2  _   _   _   _   _   _   _   _ 
  _   _    4  62 303  11  _   _   _   _   _   _   _   _   _ 
  _   _   _    2  _    1  _   _   _   _   _   _   _   _   _ 
  _   _   _   _   _   _   _   _   _   _   _   _   _   _   _ 
  _   _   _   _   _   _   _   _   _   _   _   _   _   _   _ 
  _   _   _   _   _   _   _   _   _   _   _   _   _   _   _ 
  _   _   _   _   _   _   _   _   _   _   _   _   _   _   _ 
  _   _   _   _   _   _   _   _   _   _   _   _   _   _   _ 
  _   _   _   _   _   _   _   _   _   _   _   _   _   _   _ 

nodes used 64k / 42M (0.1%)
memory = 1285.67 MB
0 : CROSS  (-1, -1) Q=3.5% : H=1 : Visit=1912 : 222
1 : CIRCLE (7, 4) Q=96.2% : H=0.322 : Visit=580 : 51
2 : CROSS  (5, 2) Q=5% : H=0.456 : Visit=352 : 26
3 : CIRCLE (6, 5) Q=93.3% : H=0.432 : Visit=120 : 59
4 : CROSS  (3, 4) Q=9.7% : H=0.369 : Visit=64 : 25
5 : CIRCLE (8, 3) Q=93.5% : H=0.488 : Visit=41 : 23
6 : CROSS  (5, 6) Q=7.6% : H=0.807 : Visit=34 : 29
7 : CIRCLE (7, 3) Q=97% : H=0.674 : Visit=27 : 24
8 : CROSS  (5, 3) Q=3.5% : H=0.776 : Visit=22 : 32
9 : CIRCLE (7, 2) Q=99.4% : H=0.333 : Visit=9 : 28
10 : CROSS  (7, 5) Q=0.4% : H=0.394 : Visit=4 : 29
11 : CIRCLE (6, 4) Q=99.7% : H=0.339 : Visit=2 : 39
12 : CROSS  (6, 2) Q=0.2% : H=0.563 : Visit=1 : 31
13 : CIRCLE (1, 11) Q=0% : H=0 : Visit=0 : 0
Total 13 moves ahead
----NNCACHE-INFO----
memory = 1.80206 MB / 857.112MB
stored = 1600 elements
calls  = 1987
hits   = 326 (16.4%)
--------------------
Answered : MESSAGE depth 1-13 ev 96.4 n 1987 n/s 441 tm 4505 pv Oh4 Xf2 Og5 Xd4 Oi3 Xf6 Oh3 Xf3 Oh2 Xh5 Og4 Xg2 Ob11
Answered : 4,7
Got : END
