Compiled on Apr 23 2020 at 02:42:48
Launched in Engine\
Answered : MESSAGE Detected following devices : CPU : GenuineIntel : 4 x AVX with 4043MB of memory
Answered : MESSAGE Using : CPU : GenuineIntel : 4 x AVX with 4043MB of memory
Got : START 15
Answered : OK
Got : INFO max_memory 2306867200
Got : INFO timeout_match 60000
Got : INFO timeout_turn 60000
Got : INFO game_type 1
Got : INFO rule 1
Got : INFO time_left 60000
Got : SWAP2BOARD
Got : 11,13
Got : 10,12
Got : 11,10
Got : DONE
Answered : MESSAGE depth 1-14 ev 45.2 n 769 n/s 503 tm 1528 pv Ok9 Xj9 Ol11 Xj10 Oj8 Xl10 Oj12 Xi10 Oh10 Xi9 Oh8 Xh11 Ok8 Xf13
Overall 222 children
sum of visits = 751
BEST
CIRCLE (10, 9) Q=46% : H=0.764 : Visit=612 : 29
CIRCLE (11, 11) Q=48.5% : H=0.055 : Visit=66 : 20
CIRCLE (9, 9) Q=38.9% : H=0.082 : Visit=29 : 26
CIRCLE (9, 11) Q=37.4% : H=0.064 : Visit=19 : 23
CIRCLE (10, 10) Q=33.3% : H=0.025 : Visit=5 : 24
CIRCLE (9, 8) Q=42.9% : H=0 : Visit=1 : 29
CIRCLE (12, 11) Q=38.1% : H=0.001 : Visit=1 : 21
CIRCLE (11, 8) Q=37.8% : H=0.001 : Visit=1 : 30
CIRCLE (9, 10) Q=37.1% : H=0.001 : Visit=1 : 25
CIRCLE (11, 9) Q=34.5% : H=0 : Visit=1 : 24
WORST
CIRCLE (2, 8) Q=0% : H=0 : Visit=0 : 0
CIRCLE (7, 5) Q=0% : H=0 : Visit=0 : 0
CIRCLE (2, 7) Q=0% : H=0 : Visit=0 : 0
CIRCLE (6, 7) Q=0% : H=0 : Visit=0 : 0
CIRCLE (3, 8) Q=0% : H=0 : Visit=0 : 0
CIRCLE (5, 7) Q=0% : H=0 : Visit=0 : 0
CIRCLE (4, 9) Q=0% : H=0 : Visit=0 : 0
CIRCLE (5, 9) Q=0% : H=0 : Visit=0 : 0
CIRCLE (4, 8) Q=0% : H=0 : Visit=0 : 0
CIRCLE (5, 8) Q=0% : H=0 : Visit=0 : 0
  _   _   _   _   _   _   _   _   _   _   _   _   _   _   _ 
  _   _   _   _   _   _   _   _   _   _   _   _   _   _   _ 
  _   _   _   _   _   _   _   _   _   _   _   _   _   _   _ 
  _   _   _   _   _   _   _   _   _   _   _   _   _   _   _ 
  _   _   _   _   _   _   _   _   _   _   _   _   _   _   _ 
  _   _   _   _   _   _   _   _   _   _   _   _   _   _   _ 
  _   _   _   _   _   _   _   _   _   _   _   _   _   _   _ 
  _   _   _   _   _   _   _   _   _   _   _   _   _   _   _ 
  _   _   _   _   _   _   _   _   _    1   1   1  _    1  _ 
  _   _   _   _   _   _   _   _    1  38   1  25   1  _   _ 
  _   _   _   _   _   _   _    1   1 814   6  X    1  _   _ 
  _   _   _   _   _   _   _    1   1   1   1  87   1  _   _ 
  _   _   _   _   _   _   _   _    1   1  O    1   1  _   _ 
  _   _   _   _   _   _   _   _   _   _    1  X   _   _   _ 
  _   _   _   _   _   _   _   _   _   _   _   _   _   _   _ 

nodes used 18k / 42M (0%)
memory = 1285.67 MB
0 : CROSS  (-1, -1) Q=54.7% : H=1 : Visit=752 : 222
1 : CIRCLE (10, 9) Q=46% : H=0.764 : Visit=612 : 29
2 : CROSS  (9, 9) Q=56% : H=0.371 : Visit=301 : 22
3 : CIRCLE (11, 11) Q=47.7% : H=0.381 : Visit=212 : 23
4 : CROSS  (9, 10) Q=55.1% : H=0.296 : Visit=76 : 22
5 : CIRCLE (9, 8) Q=48.4% : H=0.61 : Visit=57 : 21
6 : CROSS  (11, 10) Q=53.7% : H=0.667 : Visit=41 : 22
7 : CIRCLE (9, 12) Q=49.5% : H=0.362 : Visit=18 : 40
8 : CROSS  (8, 10) Q=50.4% : H=0.46 : Visit=9 : 19
9 : CIRCLE (7, 10) Q=50.5% : H=0.711 : Visit=8 : 30
10 : CROSS  (8, 9) Q=50.2% : H=0.715 : Visit=6 : 10
11 : CIRCLE (7, 8) Q=51.7% : H=0.958 : Visit=5 : 30
12 : CROSS  (7, 11) Q=50.6% : H=0.375 : Visit=2 : 13
13 : CIRCLE (10, 8) Q=61.4% : H=0.641 : Visit=1 : 19
14 : CROSS  (5, 13) Q=0% : H=0.001 : Visit=0 : 0
Total 14 moves ahead
----NNCACHE-INFO----
memory = 0.738846 MB / 857.112MB
stored = 656 elements
calls  = 769
hits   = 113 (14.6%)
--------------------
nodes left = 1332
steps left = 10
using 0.079414s out of 9s left
median imbalance = 0.248948
depth=1 : removed 0/37
depth=2 : removed 27/53
nodes left = 1305
steps left = 10
using 0.0787133s out of 8.92059s left
----MOST-BALANCED-MOVES----
CIRCLE (9, 10) Q=36% : H=1 : Visit=2 : 36
CROSS  (8, 9) Q=51.2% : H=1 : Visit=1 : 25
---------------------------
median imbalance = 0.193293
depth=1 : removed 0/37
depth=2 : removed 37/74
nodes left = 1268
steps left = 10
using 0.0780188s out of 8.84187s left
----MOST-BALANCED-MOVES----
CIRCLE (8, 9) Q=39.2% : H=1 : Visit=3 : 36
CROSS  (8, 12) Q=49.7% : H=1 : Visit=1 : 24
---------------------------
median imbalance = 0.148784
depth=1 : removed 0/37
depth=2 : removed 43/85
nodes left = 1225
steps left = 10
using 0.0773303s out of 8.76385s left
----MOST-BALANCED-MOVES----
CIRCLE (8, 9) Q=47.3% : H=1 : Visit=4 : 36
CROSS  (8, 12) Q=49.7% : H=1 : Visit=1 : 24
---------------------------
median imbalance = 0.143944
depth=1 : removed 0/37
depth=2 : removed 48/95
nodes left = 1177
steps left = 10
using 0.076648s out of 8.68652s left
----MOST-BALANCED-MOVES----
CIRCLE (8, 9) Q=40.7% : H=1 : Visit=6 : 36
CROSS  (8, 12) Q=49.7% : H=1 : Visit=1 : 24
---------------------------
median imbalance = 0.140937
depth=1 : removed 0/37
depth=2 : removed 50/99
nodes left = 1127
steps left = 10
using 0.0759717s out of 8.60988s left
----MOST-BALANCED-MOVES----
CIRCLE (8, 9) Q=38.1% : H=1 : Visit=7 : 36
CROSS  (8, 12) Q=49.7% : H=1 : Visit=1 : 24
---------------------------
median imbalance = 0.109459
depth=1 : removed 0/37
depth=2 : removed 49/98
nodes left = 1078
steps left = 10
using 0.0753013s out of 8.5339s left
----MOST-BALANCED-MOVES----
CIRCLE (8, 9) Q=39.9% : H=1 : Visit=9 : 36
CROSS  (8, 12) Q=49.7% : H=1 : Visit=1 : 24
---------------------------
median imbalance = 0.0906028
depth=1 : removed 0/37
depth=2 : removed 49/97
nodes left = 1029
steps left = 10
using 0.0746369s out of 8.4586s left
----MOST-BALANCED-MOVES----
CIRCLE (8, 9) Q=39.8% : H=1 : Visit=10 : 36
CROSS  (8, 12) Q=49.7% : H=1 : Visit=1 : 24
---------------------------
median imbalance = 0.0875609
depth=1 : removed 0/37
depth=2 : removed 52/103
nodes left = 977
steps left = 9
using 0.111955s out of 8.38397s left
----MOST-BALANCED-MOVES----
CIRCLE (10, 8) Q=28.4% : H=1 : Visit=11 : 36
CROSS  (9, 13) Q=50.1% : H=1 : Visit=1 : 34
---------------------------
median imbalance = 0.142547
depth=1 : removed 0/37
depth=2 : removed 76/151
nodes left = 901
steps left = 9
using 0.11046s out of 8.27201s left
----MOST-BALANCED-MOVES----
CIRCLE (10, 8) Q=27.9% : H=1 : Visit=14 : 36
CROSS  (9, 13) Q=50.1% : H=1 : Visit=1 : 34
---------------------------
median imbalance = 0.0981698
depth=1 : removed 0/37
depth=2 : removed 90/179
nodes left = 811
steps left = 9
using 0.108985s out of 8.16155s left
----MOST-BALANCED-MOVES----
CIRCLE (10, 8) Q=27% : H=1 : Visit=17 : 36
CROSS  (9, 13) Q=50.1% : H=1 : Visit=1 : 34
---------------------------
median imbalance = 0.0704356
depth=1 : removed 0/37
depth=2 : removed 69/137
nodes left = 742
steps left = 9
using 0.10753s out of 8.05256s left
----MOST-BALANCED-MOVES----
CIRCLE (10, 8) Q=26.7% : H=1 : Visit=18 : 36
CROSS  (9, 13) Q=50.1% : H=1 : Visit=1 : 34
---------------------------
median imbalance = 0.0564568
depth=1 : removed 0/37
depth=2 : removed 58/116
nodes left = 684
steps left = 9
using 0.106094s out of 7.94503s left
----MOST-BALANCED-MOVES----
CIRCLE (10, 8) Q=26.2% : H=1 : Visit=19 : 36
CROSS  (9, 13) Q=50.1% : H=1 : Visit=1 : 34
---------------------------
median imbalance = 0.0429881
depth=1 : removed 0/37
depth=2 : removed 54/107
nodes left = 630
steps left = 9
using 0.104677s out of 7.83894s left
----MOST-BALANCED-MOVES----
CIRCLE (10, 8) Q=27.2% : H=1 : Visit=20 : 36
CROSS  (9, 13) Q=50.1% : H=1 : Visit=1 : 34
---------------------------
median imbalance = 0.0386882
depth=1 : removed 0/37
depth=2 : removed 51/101
nodes left = 579
steps left = 9
using 0.10328s out of 7.73426s left
----MOST-BALANCED-MOVES----
CIRCLE (10, 8) Q=29.1% : H=0.999 : Visit=22 : 36
CROSS  (9, 13) Q=50.1% : H=1 : Visit=1 : 34
---------------------------
median imbalance = 0.0306442
depth=1 : removed 0/37
depth=2 : removed 50/99
nodes left = 529
steps left = 9
using 0.1019s out of 7.63098s left
----MOST-BALANCED-MOVES----
CIRCLE (10, 8) Q=29.9% : H=1 : Visit=23 : 36
CROSS  (9, 13) Q=50.1% : H=1 : Visit=1 : 34
---------------------------
median imbalance = 0.0284998
depth=1 : removed 0/37
depth=2 : removed 49/97
nodes left = 480
steps left = 8
using 0.152851s out of 7.52908s left
----MOST-BALANCED-MOVES----
CIRCLE (10, 8) Q=30.4% : H=1 : Visit=24 : 36
CROSS  (9, 13) Q=50.1% : H=1 : Visit=1 : 34
---------------------------
median imbalance = 0.136341
depth=1 : removed 0/37
depth=2 : removed 72/144
nodes left = 408
steps left = 8
using 0.149747s out of 7.37623s left
----MOST-BALANCED-MOVES----
CIRCLE (10, 8) Q=33.7% : H=1 : Visit=27 : 36
CROSS  (9, 13) Q=50.1% : H=1 : Visit=1 : 34
---------------------------
median imbalance = 0.114568
depth=1 : removed 2/37
depth=2 : removed 74/147
nodes left = 334
steps left = 8
using 0.146707s out of 7.22649s left
----MOST-BALANCED-MOVES----
CIRCLE (10, 8) Q=34.3% : H=0.999 : Visit=29 : 36
CROSS  (9, 13) Q=50.1% : H=1 : Visit=1 : 34
---------------------------
median imbalance = 0.124333
depth=1 : removed 2/37
depth=2 : removed 77/154
nodes left = 257
steps left = 8
using 0.143729s out of 7.07978s left
----MOST-BALANCED-MOVES----
CIRCLE (13, 9) Q=23.1% : H=0.999 : Visit=29 : 36
CROSS  (13, 10) Q=49.9% : H=1 : Visit=1 : 22
---------------------------
median imbalance = 0.0974767
depth=1 : removed 4/37
depth=2 : removed 70/139
nodes left = 187
steps left = 7
using 0.215594s out of 6.93605s left
----MOST-BALANCED-MOVES----
CIRCLE (13, 9) Q=27.3% : H=1 : Visit=32 : 36
CROSS  (13, 10) Q=49.9% : H=1 : Visit=1 : 22
---------------------------
median imbalance = 0.0964177
depth=1 : removed 5/37
depth=2 : removed 58/116
nodes left = 129
steps left = 7
using 0.208892s out of 6.72046s left
----MOST-BALANCED-MOVES----
CIRCLE (13, 9) Q=33.4% : H=1 : Visit=36 : 36
CROSS  (13, 10) Q=49.9% : H=1 : Visit=1 : 22
---------------------------
median imbalance = 0.083734
depth=1 : removed 8/37
depth=2 : removed 47/94
nodes left = 82
steps left = 6
using 0.313338s out of 6.51156s left
----MOST-BALANCED-MOVES----
CIRCLE (9, 11) Q=57.5% : H=1 : Visit=48 : 36
CROSS  (13, 10) Q=50% : H=1 : Visit=8 : 27
---------------------------
median imbalance = 0.079319
depth=1 : removed 12/37
depth=2 : removed 40/79
nodes left = 42
steps left = 5
using 0.470008s out of 6.19822s left
----MOST-BALANCED-MOVES----
CIRCLE (9, 10) Q=56.7% : H=0.999 : Visit=53 : 36
CROSS  (12, 9) Q=50.2% : H=1 : Visit=9 : 19
---------------------------
median imbalance = 0.0456798
depth=1 : removed 22/37
depth=2 : removed 21/42
nodes left = 21
steps left = 4
using 0.705011s out of 5.72822s left
----MOST-BALANCED-MOVES----
CIRCLE (8, 9) Q=50.4% : H=0.999 : Visit=61 : 36
CROSS  (13, 9) Q=50% : H=1 : Visit=17 : 19
---------------------------
median imbalance = 0.0283611
depth=1 : removed 28/37
depth=2 : removed 10/21
nodes left = 11
steps left = 3
using 1.05752s out of 5.02321s left
----MOST-BALANCED-MOVES----
CIRCLE (12, 9) Q=52.9% : H=1 : Visit=88 : 36
CROSS  (11, 10) Q=50.3% : H=1 : Visit=27 : 20
---------------------------
median imbalance = 0.0154908
depth=1 : removed 32/37
depth=2 : removed 6/11
nodes left = 5
steps left = 2
using 1.58628s out of 3.96569s left
----MOST-BALANCED-MOVES----
CIRCLE (12, 9) Q=52.6% : H=1 : Visit=153 : 36
CROSS  (11, 10) Q=50.2% : H=0.999 : Visit=63 : 20
---------------------------
median imbalance = 0.020154
depth=1 : removed 34/37
depth=2 : removed 2/5
nodes left = 3
steps left = 1
using 2.37941s out of 2.37941s left
----MOST-BALANCED-MOVES----
CIRCLE (8, 9) Q=49.9% : H=0.999 : Visit=307 : 36
CROSS  (13, 9) Q=50.1% : H=0.999 : Visit=263 : 19
---------------------------
median imbalance = 0.00287288
depth=1 : removed 35/37
depth=2 : removed 1/3
nodes left = 2
steps left = 1
using 0s out of 0s left
----MOST-BALANCED-MOVES----
CIRCLE (12, 9) Q=50.3% : H=1 : Visit=794 : 36
CROSS  (11, 10) Q=50.1% : H=1 : Visit=704 : 20
---------------------------
median imbalance = 0.00351738
depth=1 : removed 36/37
depth=2 : removed 1/2
Answered : MESSAGE depth 1-11 ev 47.1 n 4914 n/s 415 tm 11840 pv Om9 Xl10 Ok9 Xj9 Ol11 Xm8 Oi10 Xi8 Oh7 Xj6 Og7
Overall 37 children
sum of visits = 838
BEST
CIRCLE (12, 9) Q=50.3% : H=1 : Visit=802 : 36
CIRCLE (9, 12) Q=0% : H=0 : Visit=1 : 36
CIRCLE (9, 13) Q=0% : H=0 : Visit=1 : 36
CIRCLE (8, 11) Q=0% : H=0 : Visit=1 : 36
CIRCLE (11, 9) Q=0% : H=0 : Visit=1 : 36
CIRCLE (11, 11) Q=0% : H=0 : Visit=1 : 36
CIRCLE (12, 12) Q=0% : H=0 : Visit=1 : 36
CIRCLE (8, 9) Q=0% : H=0 : Visit=1 : 36
CIRCLE (12, 8) Q=0% : H=0 : Visit=1 : 36
CIRCLE (11, 12) Q=0% : H=0 : Visit=1 : 36
WORST
CIRCLE (9, 10) Q=0% : H=0 : Visit=1 : 36
CIRCLE (11, 8) Q=0% : H=0 : Visit=1 : 36
CIRCLE (14, 11) Q=0% : H=0 : Visit=1 : 36
CIRCLE (10, 9) Q=0% : H=0 : Visit=1 : 36
CIRCLE (10, 12) Q=0% : H=0 : Visit=1 : 36
CIRCLE (9, 9) Q=0% : H=0 : Visit=1 : 36
CIRCLE (11, 13) Q=0% : H=0 : Visit=1 : 36
CIRCLE (13, 12) Q=0% : H=0 : Visit=1 : 36
CIRCLE (12, 11) Q=0% : H=0 : Visit=1 : 36
CIRCLE (13, 10) Q=0% : H=0 : Visit=1 : 36
  _   _   _   _   _   _   _   _   _   _   _   _   _   _   _ 
  _   _   _   _   _   _   _   _   _   _   _   _   _   _   _ 
  _   _   _   _   _   _   _   _   _   _   _   _   _   _   _ 
  _   _   _   _   _   _   _   _   _   _   _   _   _   _   _ 
  _   _   _   _   _   _   _   _   _   _   _   _   _   _   _ 
  _   _   _   _   _   _   _   _   _   _   _   _   _   _   _ 
  _   _   _   _   _   _   _   _   _   _   _   _   _   _   _ 
  _   _   _   _   _   _   _   _   _   _   _   _   _   _   _ 
  _   _   _   _   _   _   _   _   _    1   1   1   1   1  _ 
  _   _   _   _   _   _   _   _   _    1   1   1   1   1  _ 
  _   _   _   _   _   _   _   _    1   1   1  X    1   1  _ 
  _   _   _   _   _   _   _   _    1   1   1   1   1   1  _ 
  _   _   _   _   _   _   _   _    1 957  O    1   1   1  _ 
  _   _   _   _   _   _   _   _    1   1   1  X    1   1  _ 
  _   _   _   _   _   _   _   _    1   1   1   1   1   1  _ 

nodes used 116k / 42M (0.2%)
memory = 1285.67 MB
0 : CROSS  (-1, -1) Q=52.8% : H=1 : Visit=4878 : 37
1 : CIRCLE (12, 9) Q=50.3% : H=1 : Visit=802 : 36
2 : CROSS  (11, 10) Q=50.1% : H=1 : Visit=712 : 20
3 : CIRCLE (10, 9) Q=48.3% : H=0.625 : Visit=351 : 20
4 : CROSS  (9, 9) Q=53.3% : H=0.492 : Visit=230 : 27
5 : CIRCLE (11, 11) Q=47.5% : H=0.433 : Visit=109 : 22
6 : CROSS  (12, 8) Q=53.6% : H=0.707 : Visit=89 : 34
7 : CIRCLE (8, 10) Q=48.3% : H=0.476 : Visit=54 : 32
8 : CROSS  (8, 8) Q=52.5% : H=0.244 : Visit=14 : 32
9 : CIRCLE (7, 7) Q=55.7% : H=0.145 : Visit=4 : 34
10 : CROSS  (9, 6) Q=44.7% : H=0.133 : Visit=1 : 26
11 : CIRCLE (6, 7) Q=0% : H=0 : Visit=0 : 0
Total 11 moves ahead
----NNCACHE-INFO----
memory = 5.71254 MB / 857.112MB
stored = 5072 elements
calls  = 5683
hits   = 574 (10.1%)
--------------------
----MOST-BALANCED-MOVES----
CIRCLE (12, 9) Q=50.3% : H=1 : Visit=802 : 36
CROSS  (11, 10) Q=50.1% : H=1 : Visit=712 : 20
---------------------------
Answered : 9,12 10,11
Got : END
