Compiled on Apr 23 2020 at 02:42:48
Launched in Engine\
Answered : MESSAGE Detected following devices : CPU : GenuineIntel : 4 x AVX with 4043MB of memory
Answered : MESSAGE Using : CPU : GenuineIntel : 4 x AVX with 4043MB of memory
Got : START 15
Answered : OK
Got : INFO max_memory 2306867200
Got : INFO timeout_match 60000
Got : INFO timeout_turn 60000
Got : INFO game_type 1
Got : INFO rule 1
Got : INFO time_left 60000
Got : SWAP2BOARD
Got : 14,7
Got : 14,6
Got : 11,2
Got : DONE
Answered : MESSAGE depth 1-11 ev 40.7 n 763 n/s 476 tm 1600 pv Of11 Xd9 Og10 Xc10 Oe8 Xc9 Oc8 Xf9 Oe9 Xd8 Ob10
Overall 222 children
sum of visits = 746
BEST
CIRCLE (5, 11) Q=42.5% : H=0.309 : Visit=302 : 35
CIRCLE (5, 10) Q=39.9% : H=0.432 : Visit=254 : 30
CIRCLE (4, 9) Q=42.9% : H=0.054 : Visit=83 : 33
CIRCLE (4, 10) Q=40.1% : H=0.075 : Visit=51 : 25
CIRCLE (6, 10) Q=35.3% : H=0.084 : Visit=30 : 31
CIRCLE (5, 9) Q=31.8% : H=0.02 : Visit=5 : 31
CIRCLE (6, 11) Q=30.3% : H=0.003 : Visit=2 : 32
CIRCLE (6, 9) Q=41% : H=0 : Visit=1 : 28
CIRCLE (7, 10) Q=37.1% : H=0.004 : Visit=1 : 28
CIRCLE (4, 8) Q=36.2% : H=0.003 : Visit=1 : 33
WORST
CIRCLE (2, 5) Q=0% : H=0 : Visit=0 : 0
CIRCLE (1, 12) Q=0% : H=0 : Visit=0 : 0
CIRCLE (11, 10) Q=0% : H=0 : Visit=0 : 0
CIRCLE (0, 7) Q=0% : H=0 : Visit=0 : 0
CIRCLE (5, 1) Q=0% : H=0 : Visit=0 : 0
CIRCLE (0, 11) Q=0% : H=0 : Visit=0 : 0
CIRCLE (0, 8) Q=0% : H=0 : Visit=0 : 0
CIRCLE (0, 9) Q=0% : H=0 : Visit=0 : 0
CIRCLE (11, 11) Q=0% : H=0 : Visit=0 : 0
CIRCLE (0, 10) Q=0% : H=0 : Visit=0 : 0
  _   _   _   _   _   _   _   _   _   _   _   _   _   _   _ 
  _   _   _   _   _   _   _   _   _   _   _   _   _   _   _ 
  _   _   _   _   _   _   _   _   _   _   _   X   _   _   _ 
  _   _   _   _   _   _   _   _   _   _   _   _   _   _   _ 
  _   _   _   _   _   _   _   _    1 111  68   1  _   _   _ 
  _   _   _   _   _   _   _   _    1   6 340 404  _   _   _ 
  _   _   _   _   _   _   _    1   1   1  40   2   1  _   O 
  _   _   _   _   _   _   _   _    1   1   1   1  _   _   X 
  _   _   _   _   _   _   _   _    1  _    1   1  _   _   _ 
  _   _   _   _   _   _   _   _   _   _    1   1  _   _   _ 
  _   _   _   _   _   _   _    1  _    1   1  _   _   _   _ 
  _   _   _   _   _   _   _   _   _   _   _   _   _   _   _ 
  _   _   _   _   _   _   _   _   _   _   _   _   _   _   _ 
  _   _   _   _   _   _   _   _   _   _   _   _   _   _   _ 
  _   _   _   _   _   _   _   _   _   _   _   _   _   _   _ 

nodes used 17k / 42M (0%)
memory = 1285.67 MB
0 : CROSS  (-1, -1) Q=59.2% : H=1 : Visit=747 : 222
1 : CIRCLE (5, 11) Q=42.5% : H=0.309 : Visit=302 : 35
2 : CROSS  (3, 9) Q=62.3% : H=0.105 : Visit=68 : 26
3 : CIRCLE (6, 10) Q=38% : H=0.551 : Visit=37 : 22
4 : CROSS  (2, 10) Q=64.7% : H=0.524 : Visit=22 : 31
5 : CIRCLE (4, 8) Q=40.6% : H=0.53 : Visit=13 : 22
6 : CROSS  (2, 9) Q=60.3% : H=0.663 : Visit=10 : 15
7 : CIRCLE (2, 8) Q=45.9% : H=0.662 : Visit=8 : 30
8 : CROSS  (5, 9) Q=51.2% : H=0.396 : Visit=4 : 11
9 : CIRCLE (4, 9) Q=50.5% : H=0.98 : Visit=3 : 21
10 : CROSS  (3, 8) Q=36.3% : H=0.215 : Visit=1 : 24
11 : CIRCLE (1, 10) Q=0% : H=0.009 : Visit=0 : 0
Total 11 moves ahead
----NNCACHE-INFO----
memory = 0.774887 MB / 857.112MB
stored = 688 elements
calls  = 763
hits   = 75 (9.8%)
--------------------
nodes left = 1406
steps left = 10
using 0.079414s out of 9s left
median imbalance = 0.367545
depth=1 : removed 0/38
depth=2 : removed 24/48
nodes left = 1382
steps left = 10
using 0.0787133s out of 8.92059s left
----MOST-BALANCED-MOVES----
CIRCLE (2, 13) Q=52.4% : H=1 : Visit=1 : 37
CROSS  (0, 9) Q=47.5% : H=1 : Visit=1 : 35
---------------------------
median imbalance = 0.202119
depth=1 : removed 0/38
depth=2 : removed 28/56
nodes left = 1354
steps left = 10
using 0.0780188s out of 8.84187s left
----MOST-BALANCED-MOVES----
CIRCLE (2, 13) Q=52.8% : H=1 : Visit=2 : 37
CROSS  (0, 9) Q=47.5% : H=1 : Visit=1 : 35
---------------------------
median imbalance = 0.182955
depth=1 : removed 0/38
depth=2 : removed 38/76
nodes left = 1316
steps left = 10
using 0.0773303s out of 8.76385s left
----MOST-BALANCED-MOVES----
CIRCLE (2, 13) Q=53.1% : H=1 : Visit=3 : 37
CROSS  (0, 9) Q=47.5% : H=1 : Visit=1 : 35
---------------------------
median imbalance = 0.16556
depth=1 : removed 0/38
depth=2 : removed 43/86
nodes left = 1273
steps left = 10
using 0.076648s out of 8.68652s left
----MOST-BALANCED-MOVES----
CIRCLE (2, 13) Q=54% : H=1 : Visit=4 : 37
CROSS  (0, 9) Q=47.5% : H=1 : Visit=1 : 35
---------------------------
median imbalance = 0.115155
depth=1 : removed 0/38
depth=2 : removed 46/91
nodes left = 1227
steps left = 10
using 0.0759717s out of 8.60988s left
----MOST-BALANCED-MOVES----
CIRCLE (7, 12) Q=86.9% : H=1 : Visit=6 : 37
CROSS  (1, 9) Q=49.9% : H=1 : Visit=1 : 36
---------------------------
median imbalance = 0.102616
depth=1 : removed 0/38
depth=2 : removed 47/93
nodes left = 1180
steps left = 10
using 0.0753013s out of 8.5339s left
----MOST-BALANCED-MOVES----
CIRCLE (7, 12) Q=74.2% : H=1 : Visit=8 : 37
CROSS  (1, 9) Q=49.9% : H=1 : Visit=1 : 36
---------------------------
median imbalance = 0.0907777
depth=1 : removed 0/38
depth=2 : removed 47/94
nodes left = 1133
steps left = 10
using 0.0746369s out of 8.4586s left
----MOST-BALANCED-MOVES----
CIRCLE (7, 12) Q=71.1% : H=1 : Visit=9 : 37
CROSS  (1, 9) Q=49.9% : H=1 : Visit=1 : 36
---------------------------
median imbalance = 0.0763995
depth=1 : removed 0/38
depth=2 : removed 48/95
nodes left = 1085
steps left = 10
using 0.0739783s out of 8.38397s left
----MOST-BALANCED-MOVES----
CIRCLE (7, 12) Q=71.7% : H=1 : Visit=10 : 37
CROSS  (1, 9) Q=49.9% : H=1 : Visit=1 : 36
---------------------------
median imbalance = 0.0744188
depth=1 : removed 0/38
depth=2 : removed 48/96
nodes left = 1037
steps left = 10
using 0.0733255s out of 8.30999s left
----MOST-BALANCED-MOVES----
CIRCLE (7, 12) Q=65.5% : H=1 : Visit=11 : 37
CROSS  (1, 9) Q=49.9% : H=1 : Visit=1 : 36
---------------------------
median imbalance = 0.0689358
depth=1 : removed 0/38
depth=2 : removed 48/96
nodes left = 989
steps left = 9
using 0.109988s out of 8.23666s left
----MOST-BALANCED-MOVES----
CIRCLE (7, 12) Q=56.9% : H=1 : Visit=13 : 37
CROSS  (1, 9) Q=49.9% : H=1 : Visit=1 : 36
---------------------------
median imbalance = 0.129564
depth=1 : removed 0/38
depth=2 : removed 66/131
nodes left = 923
steps left = 9
using 0.10852s out of 8.12667s left
----MOST-BALANCED-MOVES----
CIRCLE (8, 12) Q=57.3% : H=1 : Visit=15 : 37
CROSS  (2, 13) Q=50% : H=1 : Visit=1 : 38
---------------------------
median imbalance = 0.219025
depth=1 : removed 0/38
depth=2 : removed 81/162
nodes left = 842
steps left = 9
using 0.10707s out of 8.01815s left
----MOST-BALANCED-MOVES----
CIRCLE (8, 12) Q=49.2% : H=1 : Visit=18 : 37
CROSS  (2, 13) Q=50% : H=1 : Visit=1 : 38
---------------------------
median imbalance = 0.137511
depth=1 : removed 0/38
depth=2 : removed 90/179
nodes left = 752
steps left = 9
using 0.105641s out of 7.91108s left
----MOST-BALANCED-MOVES----
CIRCLE (8, 12) Q=46.9% : H=1 : Visit=21 : 37
CROSS  (2, 13) Q=50% : H=1 : Visit=1 : 38
---------------------------
median imbalance = 0.102829
depth=1 : removed 0/38
depth=2 : removed 93/185
nodes left = 659
steps left = 9
using 0.10423s out of 7.80544s left
----MOST-BALANCED-MOVES----
CIRCLE (8, 12) Q=44.8% : H=1 : Visit=23 : 37
CROSS  (2, 13) Q=50% : H=1 : Visit=1 : 38
---------------------------
median imbalance = 0.0872074
depth=1 : removed 0/38
depth=2 : removed 94/188
nodes left = 565
steps left = 9
using 0.102838s out of 7.70121s left
----MOST-BALANCED-MOVES----
CIRCLE (8, 12) Q=45.2% : H=0.999 : Visit=26 : 37
CROSS  (2, 13) Q=50% : H=1 : Visit=1 : 38
---------------------------
median imbalance = 0.0680696
depth=1 : removed 0/38
depth=2 : removed 87/174
nodes left = 478
steps left = 8
using 0.154257s out of 7.59837s left
----MOST-BALANCED-MOVES----
CIRCLE (8, 12) Q=48% : H=0.999 : Visit=29 : 37
CROSS  (2, 13) Q=50% : H=1 : Visit=1 : 38
---------------------------
median imbalance = 0.0622994
depth=1 : removed 0/38
depth=2 : removed 91/182
nodes left = 387
steps left = 8
using 0.151126s out of 7.44412s left
----MOST-BALANCED-MOVES----
CIRCLE (8, 12) Q=49% : H=1 : Visit=31 : 37
CROSS  (2, 13) Q=50% : H=1 : Visit=1 : 38
---------------------------
median imbalance = 0.0618207
depth=1 : removed 0/38
depth=2 : removed 87/174
nodes left = 300
steps left = 8
using 0.148058s out of 7.29299s left
----MOST-BALANCED-MOVES----
CIRCLE (8, 12) Q=52.5% : H=1 : Visit=35 : 37
CROSS  (2, 13) Q=50% : H=1 : Visit=1 : 38
---------------------------
median imbalance = 0.059576
depth=1 : removed 3/38
depth=2 : removed 77/153
nodes left = 223
steps left = 7
using 0.222086s out of 7.14493s left
----MOST-BALANCED-MOVES----
CIRCLE (8, 12) Q=54.9% : H=0.999 : Visit=38 : 37
CROSS  (2, 13) Q=50% : H=1 : Visit=1 : 38
---------------------------
median imbalance = 0.0885545
depth=1 : removed 4/38
depth=2 : removed 76/151
nodes left = 147
steps left = 7
using 0.215183s out of 6.92285s left
----MOST-BALANCED-MOVES----
CIRCLE (9, 13) Q=41.4% : H=0.999 : Visit=38 : 37
CROSS  (9, 12) Q=49.8% : H=1 : Visit=2 : 29
---------------------------
median imbalance = 0.0628768
depth=1 : removed 8/38
depth=2 : removed 62/123
nodes left = 85
steps left = 6
using 0.322775s out of 6.70766s left
----MOST-BALANCED-MOVES----
CIRCLE (9, 13) Q=41.8% : H=0.999 : Visit=42 : 37
CROSS  (9, 12) Q=49.8% : H=1 : Visit=2 : 29
---------------------------
median imbalance = 0.0570137
depth=1 : removed 13/38
depth=2 : removed 42/85
nodes left = 43
steps left = 5
using 0.484162s out of 6.38489s left
----MOST-BALANCED-MOVES----
CIRCLE (0, 9) Q=21.8% : H=1 : Visit=41 : 37
CROSS  (9, 14) Q=49.9% : H=1 : Visit=2 : 64
---------------------------
median imbalance = 0.0298434
depth=1 : removed 23/38
depth=2 : removed 21/43
nodes left = 22
steps left = 4
using 0.726243s out of 5.90073s left
----MOST-BALANCED-MOVES----
CIRCLE (4, 13) Q=46.4% : H=0.999 : Visit=59 : 37
CROSS  (2, 13) Q=49.9% : H=1 : Visit=6 : 26
---------------------------
median imbalance = 0.013757
depth=1 : removed 28/38
depth=2 : removed 11/22
nodes left = 11
steps left = 3
using 1.08937s out of 5.17448s left
----MOST-BALANCED-MOVES----
CIRCLE (2, 9) Q=56.4% : H=0.999 : Visit=94 : 37
CROSS  (4, 13) Q=49.9% : H=0.999 : Visit=28 : 23
---------------------------
median imbalance = 0.0163957
depth=1 : removed 33/38
depth=2 : removed 6/11
nodes left = 5
steps left = 2
using 1.63405s out of 4.08512s left
----MOST-BALANCED-MOVES----
CIRCLE (0, 10) Q=39% : H=0.999 : Visit=114 : 37
CROSS  (9, 14) Q=50% : H=0.999 : Visit=76 : 51
---------------------------
median imbalance = 0.00169672
depth=1 : removed 35/38
depth=2 : removed 2/5
nodes left = 3
steps left = 1
using 2.45107s out of 2.45107s left
----MOST-BALANCED-MOVES----
CIRCLE (0, 10) Q=45.5% : H=0.999 : Visit=275 : 37
CROSS  (9, 14) Q=49.9% : H=0.999 : Visit=237 : 51
---------------------------
median imbalance = 0.000327492
depth=1 : removed 36/38
depth=2 : removed 1/3
nodes left = 2
steps left = 1
using 0s out of 0s left
----MOST-BALANCED-MOVES----
CIRCLE (1, 10) Q=49.3% : H=1 : Visit=692 : 37
CROSS  (2, 13) Q=50% : H=1 : Visit=606 : 23
---------------------------
median imbalance = 0.00183443
depth=1 : removed 36/38
depth=2 : removed 0/2
nodes left = 2
steps left = 1
using 0s out of 0s left
----MOST-BALANCED-MOVES----
CIRCLE (0, 10) Q=48% : H=1 : Visit=642 : 37
CROSS  (9, 14) Q=50% : H=1 : Visit=604 : 51
---------------------------
median imbalance = 0.00185588
depth=1 : removed 36/38
depth=2 : removed 0/2
nodes left = 2
steps left = 1
using 0s out of 0s left
----MOST-BALANCED-MOVES----
CIRCLE (0, 10) Q=48% : H=1 : Visit=650 : 37
CROSS  (9, 14) Q=50% : H=1 : Visit=612 : 51
---------------------------
median imbalance = 0.00228039
depth=1 : removed 36/38
depth=2 : removed 0/2
nodes left = 2
steps left = 1
using 0s out of 0s left
----MOST-BALANCED-MOVES----
CIRCLE (0, 10) Q=48% : H=1 : Visit=658 : 37
CROSS  (9, 14) Q=50.1% : H=1 : Visit=620 : 51
---------------------------
median imbalance = 0.00218565
depth=1 : removed 37/38
depth=2 : removed 1/2
Answered : MESSAGE depth 1-11 ev 47.9 n 5008 n/s 398 tm 12560 pv Oa10 Xj14 Of10 Xe10 Oe8 Xe11 Od11 Xc9 Od10 Xd9 Oa9
Overall 38 children
sum of visits = 705
BEST
CIRCLE (0, 10) Q=48% : H=1 : Visit=668 : 37
CIRCLE (1, 10) Q=0% : H=0 : Visit=1 : 37
CIRCLE (6, 13) Q=0% : H=0 : Visit=1 : 37
CIRCLE (4, 13) Q=0% : H=0 : Visit=1 : 37
CIRCLE (1, 13) Q=0% : H=0 : Visit=1 : 37
CIRCLE (0, 9) Q=0% : H=0 : Visit=1 : 37
CIRCLE (4, 12) Q=0% : H=0 : Visit=1 : 37
CIRCLE (5, 14) Q=0% : H=0 : Visit=1 : 37
CIRCLE (4, 9) Q=0% : H=0 : Visit=1 : 37
CIRCLE (7, 12) Q=0% : H=0 : Visit=1 : 37
WORST
CIRCLE (3, 11) Q=0% : H=0 : Visit=1 : 37
CIRCLE (4, 14) Q=0% : H=0 : Visit=1 : 37
CIRCLE (2, 12) Q=0% : H=0 : Visit=1 : 37
CIRCLE (9, 12) Q=0% : H=0 : Visit=1 : 37
CIRCLE (3, 10) Q=0% : H=0 : Visit=1 : 37
CIRCLE (8, 12) Q=0% : H=0 : Visit=1 : 37
CIRCLE (2, 10) Q=0% : H=0 : Visit=1 : 37
CIRCLE (2, 9) Q=0% : H=0 : Visit=1 : 37
CIRCLE (4, 11) Q=0% : H=0 : Visit=1 : 37
CIRCLE (5, 12) Q=0% : H=0 : Visit=1 : 37
  _   _   _   _   _   _   _   _   _    1 947   1   1   1  _ 
  _   _   _   _   _   _   _   _   _    1   1   1   1   1  _ 
  _   _   _   _   _   _   _   _   _    1   1  X    1   1  _ 
  _   _   _   _   _   _   _   _   _    1   1   1   1   1  _ 
  _   _   _   _   _   _   _   _   _    1   1   1   1   1   1
  _   _   _   _   _   _   _   _   _   _   _   _    1   1   1
  _   _   _   _   _   _   _   _   _   _   _   _    1   1  O 
  _   _   _   _   _   _   _   _   _   _   _   _    1   1  X 
  _   _   _   _   _   _   _   _   _   _   _   _    1   1   1
  _   _   _   _   _   _   _   _   _   _   _   _    1   1   1
  _   _   _   _   _   _   _   _   _   _   _   _   _   _   _ 
  _   _   _   _   _   _   _   _   _   _   _   _   _   _   _ 
  _   _   _   _   _   _   _   _   _   _   _   _   _   _   _ 
  _   _   _   _   _   _   _   _   _   _   _   _   _   _   _ 
  _   _   _   _   _   _   _   _   _   _   _   _   _   _   _ 

nodes used 142k / 42M (0.3%)
memory = 1285.67 MB
0 : CROSS  (-1, -1) Q=52% : H=1 : Visit=5006 : 38
1 : CIRCLE (0, 10) Q=48% : H=1 : Visit=668 : 37
2 : CROSS  (9, 14) Q=50% : H=1 : Visit=630 : 51
3 : CIRCLE (5, 10) Q=51.3% : H=0.309 : Visit=249 : 41
4 : CROSS  (4, 10) Q=49.4% : H=0.606 : Visit=169 : 22
5 : CIRCLE (4, 8) Q=55.2% : H=0.205 : Visit=63 : 32
6 : CROSS  (4, 11) Q=46.4% : H=0.452 : Visit=31 : 18
7 : CIRCLE (3, 11) Q=58.9% : H=0.553 : Visit=21 : 39
8 : CROSS  (2, 9) Q=40.2% : H=0.214 : Visit=4 : 20
9 : CIRCLE (3, 10) Q=50.3% : H=0.544 : Visit=2 : 26
10 : CROSS  (3, 9) Q=54.5% : H=0.483 : Visit=1 : 14
11 : CIRCLE (0, 9) Q=0% : H=0 : Visit=0 : 0
Total 11 moves ahead
----NNCACHE-INFO----
memory = 6.14503 MB / 857.112MB
stored = 5456 elements
calls  = 5771
hits   = 313 (5.4%)
--------------------
----MOST-BALANCED-MOVES----
CIRCLE (0, 10) Q=48% : H=1 : Visit=668 : 37
CROSS  (9, 14) Q=50% : H=1 : Visit=630 : 51
---------------------------
Answered : 10,0 14,9
Got : END
