Compiled on Apr 23 2020 at 02:42:48
Launched in Engine\
Answered : MESSAGE Detected following devices : CPU : GenuineIntel : 4 x AVX with 4043MB of memory
Answered : MESSAGE Using : CPU : GenuineIntel : 4 x AVX with 4043MB of memory
Got : START 15
Answered : OK
Got : INFO max_memory 2306867200
Got : INFO timeout_match 60000
Got : INFO timeout_turn 60000
Got : INFO game_type 1
Got : INFO rule 1
Got : INFO time_left 60000
Got : SWAP2BOARD
Got : 3,2
Got : 2,2
Got : 2,5
Got : DONE
Answered : MESSAGE depth 1-9 ev 14.1 n 639 n/s 417 tm 1528 pv Oe5 Xe4 Of3 Xg5 Oh4 Xh6 Oi7 Xd4 Ob4
Overall 222 children
sum of visits = 621
BEST
CIRCLE (4, 5) Q=14.7% : H=0.501 : Visit=331 : 26
CIRCLE (5, 4) Q=14.8% : H=0.35 : Visit=225 : 29
CIRCLE (5, 3) Q=11.4% : H=0.052 : Visit=21 : 30
CIRCLE (4, 3) Q=9% : H=0.041 : Visit=12 : 26
CIRCLE (4, 4) Q=10.7% : H=0.018 : Visit=6 : 23
CIRCLE (3, 4) Q=6.5% : H=0.021 : Visit=5 : 26
CIRCLE (5, 5) Q=6.7% : H=0.014 : Visit=3 : 25
CIRCLE (6, 4) Q=12.3% : H=0 : Visit=1 : 29
CIRCLE (3, 3) Q=10% : H=0 : Visit=1 : 21
CIRCLE (6, 5) Q=9.9% : H=0 : Visit=1 : 28
WORST
CIRCLE (8, 13) Q=0% : H=0 : Visit=0 : 0
CIRCLE (7, 14) Q=0% : H=0 : Visit=0 : 0
CIRCLE (12, 6) Q=0% : H=0 : Visit=0 : 0
CIRCLE (6, 10) Q=0% : H=0 : Visit=0 : 0
CIRCLE (5, 13) Q=0% : H=0 : Visit=0 : 0
CIRCLE (7, 13) Q=0% : H=0 : Visit=0 : 0
CIRCLE (6, 13) Q=0% : H=0 : Visit=0 : 0
CIRCLE (4, 10) Q=0% : H=0 : Visit=0 : 0
CIRCLE (5, 11) Q=0% : H=0 : Visit=0 : 0
CIRCLE (6, 11) Q=0% : H=0 : Visit=0 : 0
   1  _    1  _   _   _   _   _   _   _   _   _   _   _   _ 
   1   1   1  _   _   _   _   _   _   _   _   _   _   _   _ 
  _    1  O   X   _   _   _    1  _   _   _   _   _   _   _ 
  _   _   _    1   8  _   _   _   _   _   _   _   _   _   _ 
  _   _    1  19   9 533   1  _   _   _   _   _   _   _   _ 
  _   _   X   33 362   4   1  _   _   _   _   _   _   _   _ 
  _   _   _    1   1   1  _   _   _   _   _   _   _   _   _ 
  _   _   _   _   _   _   _   _   _    1   1  _   _   _   _ 
  _   _   _   _   _   _   _   _   _   _   _   _   _   _   _ 
  _   _   _   _   _   _   _   _   _   _   _    1  _   _   _ 
  _   _   _   _   _   _   _   _   _   _    1  _   _   _   _ 
  _   _   _   _   _   _   _   _   _   _   _   _   _   _   _ 
  _   _   _   _   _   _   _   _   _   _   _   _   _   _   _ 
  _   _   _   _   _   _   _   _   _   _   _   _   _   _   _ 
  _   _   _   _   _   _   _   _   _   _   _   _   _   _   _ 

nodes used 14k / 42M (0%)
memory = 1285.67 MB
0 : CROSS  (-1, -1) Q=85.8% : H=1 : Visit=622 : 222
1 : CIRCLE (4, 5) Q=14.7% : H=0.501 : Visit=331 : 26
2 : CROSS  (4, 4) Q=84.2% : H=0.337 : Visit=101 : 28
3 : CIRCLE (5, 3) Q=15.5% : H=0.562 : Visit=56 : 32
4 : CROSS  (6, 5) Q=85.4% : H=0.556 : Visit=35 : 14
5 : CIRCLE (7, 4) Q=14.1% : H=0.629 : Visit=22 : 40
6 : CROSS  (7, 6) Q=88.1% : H=0.402 : Visit=10 : 18
7 : CIRCLE (8, 7) Q=15.1% : H=0.477 : Visit=5 : 37
8 : CROSS  (3, 4) Q=89% : H=0.194 : Visit=1 : 28
9 : CIRCLE (1, 4) Q=0% : H=0 : Visit=0 : 0
Total 9 moves ahead
----NNCACHE-INFO----
memory = 0.666763 MB / 857.112MB
stored = 592 elements
calls  = 639
hits   = 46 (7.1%)
--------------------
nodes left = 1722
steps left = 10
using 0.079414s out of 9s left
median imbalance = 0.315682
depth=1 : removed 0/42
depth=2 : removed 24/48
nodes left = 1698
steps left = 10
using 0.0787133s out of 8.92059s left
----MOST-BALANCED-MOVES----
CIRCLE (1, 4) Q=49.4% : H=1 : Visit=1 : 41
CROSS  (0, 0) Q=50.5% : H=1 : Visit=1 : 27
---------------------------
median imbalance = 0.249388
depth=1 : removed 0/42
depth=2 : removed 36/72
nodes left = 1662
steps left = 10
using 0.0780188s out of 8.84187s left
----MOST-BALANCED-MOVES----
CIRCLE (1, 4) Q=49.1% : H=1 : Visit=2 : 41
CROSS  (0, 0) Q=50.5% : H=1 : Visit=1 : 27
---------------------------
median imbalance = 0.131189
depth=1 : removed 0/42
depth=2 : removed 34/68
nodes left = 1628
steps left = 10
using 0.0773303s out of 8.76385s left
----MOST-BALANCED-MOVES----
CIRCLE (6, 1) Q=50.5% : H=1 : Visit=3 : 41
CROSS  (0, 2) Q=49.9% : H=1 : Visit=1 : 32
---------------------------
median imbalance = 0.125287
depth=1 : removed 0/42
depth=2 : removed 41/82
nodes left = 1587
steps left = 10
using 0.076648s out of 8.68652s left
----MOST-BALANCED-MOVES----
CIRCLE (6, 1) Q=49.8% : H=1 : Visit=4 : 41
CROSS  (0, 2) Q=49.9% : H=1 : Visit=1 : 32
---------------------------
median imbalance = 0.10534
depth=1 : removed 0/42
depth=2 : removed 45/89
nodes left = 1542
steps left = 10
using 0.0759717s out of 8.60988s left
----MOST-BALANCED-MOVES----
CIRCLE (6, 1) Q=48.9% : H=1 : Visit=5 : 41
CROSS  (0, 2) Q=49.9% : H=1 : Visit=1 : 32
---------------------------
median imbalance = 0.0857046
depth=1 : removed 0/42
depth=2 : removed 46/92
nodes left = 1496
steps left = 10
using 0.0753013s out of 8.5339s left
----MOST-BALANCED-MOVES----
CIRCLE (6, 1) Q=48.6% : H=1 : Visit=7 : 41
CROSS  (0, 2) Q=49.9% : H=1 : Visit=1 : 32
---------------------------
median imbalance = 0.0750031
depth=1 : removed 0/42
depth=2 : removed 47/94
nodes left = 1449
steps left = 10
using 0.0746369s out of 8.4586s left
----MOST-BALANCED-MOVES----
CIRCLE (6, 1) Q=47.8% : H=1 : Visit=8 : 41
CROSS  (0, 2) Q=49.9% : H=1 : Visit=1 : 32
---------------------------
median imbalance = 0.0604329
depth=1 : removed 0/42
depth=2 : removed 48/95
nodes left = 1401
steps left = 10
using 0.0739783s out of 8.38397s left
----MOST-BALANCED-MOVES----
CIRCLE (6, 1) Q=46% : H=1 : Visit=9 : 41
CROSS  (0, 2) Q=49.9% : H=1 : Visit=1 : 32
---------------------------
median imbalance = 0.0558924
depth=1 : removed 0/42
depth=2 : removed 48/95
nodes left = 1353
steps left = 10
using 0.0733255s out of 8.30999s left
----MOST-BALANCED-MOVES----
CIRCLE (6, 1) Q=43.3% : H=1 : Visit=10 : 41
CROSS  (0, 2) Q=49.9% : H=1 : Visit=1 : 32
---------------------------
median imbalance = 0.0514054
depth=1 : removed 0/42
depth=2 : removed 48/95
nodes left = 1305
steps left = 10
using 0.0726785s out of 8.23666s left
----MOST-BALANCED-MOVES----
CIRCLE (6, 1) Q=40.2% : H=1 : Visit=11 : 41
CROSS  (0, 2) Q=49.9% : H=1 : Visit=1 : 32
---------------------------
median imbalance = 0.0490578
depth=1 : removed 0/42
depth=2 : removed 48/95
nodes left = 1257
steps left = 10
using 0.0720372s out of 8.16398s left
----MOST-BALANCED-MOVES----
CIRCLE (6, 1) Q=38.5% : H=1 : Visit=12 : 41
CROSS  (0, 2) Q=49.9% : H=1 : Visit=1 : 32
---------------------------
median imbalance = 0.0447501
depth=1 : removed 0/42
depth=2 : removed 48/95
nodes left = 1209
steps left = 10
using 0.0714016s out of 8.09195s left
----MOST-BALANCED-MOVES----
CIRCLE (6, 1) Q=39.1% : H=1 : Visit=13 : 41
CROSS  (0, 2) Q=49.9% : H=1 : Visit=1 : 32
---------------------------
median imbalance = 0.0680283
depth=1 : removed 0/42
depth=2 : removed 48/95
nodes left = 1161
steps left = 10
using 0.0707715s out of 8.02054s left
----MOST-BALANCED-MOVES----
CIRCLE (6, 1) Q=39.4% : H=1 : Visit=14 : 41
CROSS  (0, 2) Q=49.9% : H=1 : Visit=1 : 32
---------------------------
median imbalance = 0.0351634
depth=1 : removed 0/42
depth=2 : removed 48/95
nodes left = 1113
steps left = 10
using 0.0701471s out of 7.94977s left
----MOST-BALANCED-MOVES----
CIRCLE (6, 1) Q=35.5% : H=0.999 : Visit=16 : 41
CROSS  (0, 2) Q=49.9% : H=1 : Visit=1 : 32
---------------------------
median imbalance = 0.0349402
depth=1 : removed 0/42
depth=2 : removed 48/95
nodes left = 1065
steps left = 10
using 0.0695281s out of 7.87963s left
----MOST-BALANCED-MOVES----
CIRCLE (6, 1) Q=35.8% : H=1 : Visit=17 : 41
CROSS  (0, 2) Q=49.9% : H=1 : Visit=1 : 32
---------------------------
median imbalance = 0.0724126
depth=1 : removed 0/42
depth=2 : removed 48/95
nodes left = 1017
steps left = 9
using 0.104292s out of 7.8101s left
----MOST-BALANCED-MOVES----
CIRCLE (6, 1) Q=34.8% : H=1 : Visit=18 : 41
CROSS  (0, 2) Q=49.9% : H=1 : Visit=1 : 32
---------------------------
median imbalance = 0.252795
depth=1 : removed 0/42
depth=2 : removed 49/97
nodes left = 968
steps left = 9
using 0.102899s out of 7.70581s left
----MOST-BALANCED-MOVES----
CIRCLE (6, 1) Q=33.1% : H=1 : Visit=19 : 41
CROSS  (0, 2) Q=49.9% : H=1 : Visit=1 : 32
---------------------------
median imbalance = 0.133605
depth=1 : removed 0/42
depth=2 : removed 48/96
nodes left = 920
steps left = 9
using 0.101525s out of 7.60291s left
----MOST-BALANCED-MOVES----
CIRCLE (6, 1) Q=31.8% : H=1 : Visit=20 : 41
CROSS  (0, 2) Q=49.9% : H=1 : Visit=1 : 32
---------------------------
median imbalance = 0.0982517
depth=1 : removed 0/42
depth=2 : removed 49/98
nodes left = 871
steps left = 9
using 0.10017s out of 7.50138s left
----MOST-BALANCED-MOVES----
CIRCLE (6, 1) Q=30.5% : H=1 : Visit=21 : 41
CROSS  (0, 2) Q=49.9% : H=1 : Visit=1 : 32
---------------------------
median imbalance = 0.0425373
depth=1 : removed 0/42
depth=2 : removed 52/103
nodes left = 819
steps left = 9
using 0.0988321s out of 7.40121s left
----MOST-BALANCED-MOVES----
CIRCLE (6, 1) Q=29.8% : H=1 : Visit=23 : 41
CROSS  (0, 2) Q=49.9% : H=1 : Visit=1 : 32
---------------------------
median imbalance = 0.0346706
depth=1 : removed 0/42
depth=2 : removed 51/101
nodes left = 768
steps left = 9
using 0.0975123s out of 7.30238s left
----MOST-BALANCED-MOVES----
CIRCLE (6, 1) Q=29% : H=1 : Visit=24 : 41
CROSS  (0, 2) Q=49.9% : H=1 : Visit=1 : 32
---------------------------
median imbalance = 0.0330108
depth=1 : removed 0/42
depth=2 : removed 50/99
nodes left = 718
steps left = 9
using 0.0962102s out of 7.20487s left
----MOST-BALANCED-MOVES----
CIRCLE (6, 1) Q=28.1% : H=1 : Visit=25 : 41
CROSS  (0, 2) Q=49.9% : H=1 : Visit=1 : 32
---------------------------
median imbalance = 0.0311504
depth=1 : removed 0/42
depth=2 : removed 50/99
nodes left = 668
steps left = 9
using 0.0949255s out of 7.10866s left
----MOST-BALANCED-MOVES----
CIRCLE (6, 1) Q=27.1% : H=0.999 : Visit=26 : 41
CROSS  (0, 2) Q=49.9% : H=1 : Visit=1 : 32
---------------------------
median imbalance = 0.0269397
depth=1 : removed 0/42
depth=2 : removed 49/97
nodes left = 619
steps left = 9
using 0.0936579s out of 7.01373s left
----MOST-BALANCED-MOVES----
CIRCLE (6, 1) Q=26.2% : H=1 : Visit=27 : 41
CROSS  (0, 2) Q=49.9% : H=1 : Visit=1 : 32
---------------------------
median imbalance = 0.0488606
depth=1 : removed 0/42
depth=2 : removed 49/98
nodes left = 570
steps left = 9
using 0.0924072s out of 6.92007s left
----MOST-BALANCED-MOVES----
CIRCLE (6, 1) Q=25.3% : H=0.999 : Visit=28 : 41
CROSS  (0, 2) Q=49.9% : H=1 : Visit=1 : 32
---------------------------
median imbalance = 0.0408962
depth=1 : removed 0/42
depth=2 : removed 50/99
nodes left = 520
steps left = 9
using 0.0911733s out of 6.82767s left
----MOST-BALANCED-MOVES----
CIRCLE (6, 1) Q=25.4% : H=0.999 : Visit=30 : 41
CROSS  (0, 2) Q=49.9% : H=1 : Visit=1 : 32
---------------------------
median imbalance = 0.0401387
depth=1 : removed 0/42
depth=2 : removed 51/101
nodes left = 469
steps left = 8
using 0.13676s out of 6.73649s left
----MOST-BALANCED-MOVES----
CIRCLE (6, 1) Q=24.7% : H=1 : Visit=31 : 41
CROSS  (0, 2) Q=49.9% : H=1 : Visit=1 : 32
---------------------------
median imbalance = 0.305269
depth=1 : removed 0/42
depth=2 : removed 74/147
nodes left = 395
steps left = 8
using 0.133983s out of 6.59973s left
----MOST-BALANCED-MOVES----
CIRCLE (6, 1) Q=24.4% : H=0.999 : Visit=33 : 41
CROSS  (0, 2) Q=49.9% : H=1 : Visit=1 : 32
---------------------------
median imbalance = 0.267599
depth=1 : removed 0/42
depth=2 : removed 83/166
nodes left = 312
steps left = 8
using 0.131263s out of 6.46575s left
----MOST-BALANCED-MOVES----
CIRCLE (6, 1) Q=23.2% : H=1 : Visit=35 : 41
CROSS  (0, 2) Q=49.9% : H=1 : Visit=1 : 32
---------------------------
median imbalance = 0.136239
depth=1 : removed 0/42
depth=2 : removed 77/153
nodes left = 235
steps left = 7
using 0.196895s out of 6.33449s left
----MOST-BALANCED-MOVES----
CIRCLE (6, 1) Q=22.9% : H=0.999 : Visit=38 : 41
CROSS  (0, 2) Q=49.9% : H=1 : Visit=1 : 32
---------------------------
median imbalance = 0.118599
depth=1 : removed 3/42
depth=2 : removed 67/133
nodes left = 168
steps left = 7
using 0.190775s out of 6.13759s left
----MOST-BALANCED-MOVES----
CIRCLE (6, 1) Q=22% : H=1 : Visit=40 : 41
CROSS  (0, 2) Q=49.9% : H=1 : Visit=1 : 32
---------------------------
median imbalance = 0.101399
depth=1 : removed 4/42
depth=2 : removed 58/115
nodes left = 110
steps left = 6
using 0.286163s out of 5.94682s left
----MOST-BALANCED-MOVES----
CIRCLE (6, 1) Q=21.1% : H=0.999 : Visit=42 : 41
CROSS  (0, 2) Q=49.9% : H=1 : Visit=1 : 32
---------------------------
median imbalance = 0.123634
depth=1 : removed 20/42
depth=2 : removed 54/107
nodes left = 56
steps left = 5
using 0.429244s out of 5.66065s left
----MOST-BALANCED-MOVES----
CIRCLE (6, 1) Q=24.4% : H=1 : Visit=46 : 41
CROSS  (0, 3) Q=49.5% : H=1 : Visit=2 : 29
---------------------------
median imbalance = 0.0609624
depth=1 : removed 30/42
depth=2 : removed 28/56
nodes left = 28
steps left = 4
using 0.643866s out of 5.23141s left
----MOST-BALANCED-MOVES----
CIRCLE (3, 4) Q=45.1% : H=0.999 : Visit=64 : 41
CROSS  (1, 5) Q=50% : H=1 : Visit=12 : 25
---------------------------
median imbalance = 0.0247565
depth=1 : removed 34/42
depth=2 : removed 14/28
nodes left = 14
steps left = 3
using 0.965799s out of 4.58754s left
----MOST-BALANCED-MOVES----
CIRCLE (6, 1) Q=35.7% : H=0.999 : Visit=76 : 41
CROSS  (7, 0) Q=50.3% : H=1 : Visit=11 : 31
---------------------------
median imbalance = 0.0125587
depth=1 : removed 37/42
depth=2 : removed 7/14
nodes left = 7
steps left = 2
using 1.4487s out of 3.62174s left
----MOST-BALANCED-MOVES----
CIRCLE (3, 2) Q=39.8% : H=1 : Visit=121 : 41
CROSS  (1, 0) Q=49.9% : H=0.999 : Visit=33 : 22
---------------------------
median imbalance = 0.0261487
depth=1 : removed 39/42
depth=2 : removed 4/7
nodes left = 3
steps left = 1
using 2.17305s out of 2.17305s left
----MOST-BALANCED-MOVES----
CIRCLE (3, 2) Q=45.5% : H=0.999 : Visit=262 : 41
CROSS  (1, 0) Q=49.6% : H=1 : Visit=174 : 22
---------------------------
median imbalance = 0.0148996
depth=1 : removed 40/42
depth=2 : removed 1/3
nodes left = 2
steps left = 1
using 0s out of 0s left
----MOST-BALANCED-MOVES----
CIRCLE (3, 2) Q=48.3% : H=1 : Visit=573 : 41
CROSS  (1, 0) Q=49.4% : H=1 : Visit=485 : 22
---------------------------
median imbalance = 0.0134305
depth=1 : removed 40/42
depth=2 : removed 0/2
nodes left = 2
steps left = 1
using 0s out of 0s left
----MOST-BALANCED-MOVES----
CIRCLE (3, 2) Q=48.2% : H=1 : Visit=585 : 41
CROSS  (1, 0) Q=49.5% : H=1 : Visit=497 : 22
---------------------------
median imbalance = 0.0126743
depth=1 : removed 41/42
depth=2 : removed 1/2
Answered : MESSAGE depth 1-16 ev 40.0 n 4501 n/s 369 tm 12183 pv Od2 Xb0 Oe5 Xe4 Og4 Xg5 Of6 Xf3 Od5 Xg3 Oh3 Xf5 Oi5 Xf1 Of4 Xb5
Overall 42 children
sum of visits = 636
BEST
CIRCLE (3, 2) Q=48.3% : H=1 : Visit=595 : 41
CIRCLE (2, 4) Q=0% : H=0 : Visit=1 : 41
CIRCLE (1, 5) Q=0% : H=0 : Visit=1 : 41
CIRCLE (5, 3) Q=0% : H=0 : Visit=1 : 41
CIRCLE (4, 4) Q=0% : H=0 : Visit=1 : 41
CIRCLE (4, 5) Q=0% : H=0 : Visit=1 : 41
CIRCLE (2, 5) Q=0% : H=0 : Visit=1 : 41
CIRCLE (3, 5) Q=0% : H=0 : Visit=1 : 41
CIRCLE (5, 1) Q=0% : H=0 : Visit=1 : 41
CIRCLE (1, 3) Q=0% : H=0 : Visit=1 : 41
WORST
CIRCLE (4, 2) Q=0% : H=0 : Visit=1 : 41
CIRCLE (7, 2) Q=0% : H=0 : Visit=1 : 41
CIRCLE (6, 3) Q=0% : H=0 : Visit=1 : 41
CIRCLE (3, 3) Q=0% : H=0 : Visit=1 : 41
CIRCLE (3, 4) Q=0% : H=0 : Visit=1 : 41
CIRCLE (6, 4) Q=0% : H=0 : Visit=1 : 41
CIRCLE (5, 4) Q=0% : H=0 : Visit=1 : 41
CIRCLE (4, 3) Q=0% : H=0 : Visit=1 : 41
CIRCLE (1, 4) Q=0% : H=0 : Visit=1 : 41
CIRCLE (6, 1) Q=0% : H=0 : Visit=1 : 41
   1   1   1   1   1   1  _   _   _   _   _   _   _   _   _ 
   1   1   1   1   1   1  _   _   _   _   _   _   _   _   _ 
   1   1  O   X    1   1  _   _   _   _   _   _   _   _   _ 
   1   1 935   1   1   1  _   _   _   _   _   _   _   _   _ 
   1   1   1   1   1   1  _   _   _   _   _   _   _   _   _ 
   1   1  X    1   1  _   _   _   _   _   _   _   _   _   _ 
   1   1   1   1   1  _   _   _   _   _   _   _   _   _   _ 
   1   1   1   1   1  _   _   _   _   _   _   _   _   _   _ 
  _   _   _   _   _   _   _   _   _   _   _   _   _   _   _ 
  _   _   _   _   _   _   _   _   _   _   _   _   _   _   _ 
  _   _   _   _   _   _   _   _   _   _   _   _   _   _   _ 
  _   _   _   _   _   _   _   _   _   _   _   _   _   _   _ 
  _   _   _   _   _   _   _   _   _   _   _   _   _   _   _ 
  _   _   _   _   _   _   _   _   _   _   _   _   _   _   _ 
  _   _   _   _   _   _   _   _   _   _   _   _   _   _   _ 

nodes used 129k / 42M (0.3%)
memory = 1285.67 MB
0 : CROSS  (-1, -1) Q=59.9% : H=1 : Visit=4498 : 42
1 : CIRCLE (3, 2) Q=48.3% : H=1 : Visit=595 : 41
2 : CROSS  (1, 0) Q=49.5% : H=1 : Visit=507 : 22
3 : CIRCLE (4, 5) Q=51.7% : H=0.569 : Visit=346 : 22
4 : CROSS  (4, 4) Q=49.6% : H=0.572 : Visit=244 : 24
5 : CIRCLE (6, 4) Q=50.4% : H=0.522 : Visit=135 : 23
6 : CROSS  (6, 5) Q=51.5% : H=0.633 : Visit=104 : 29
7 : CIRCLE (5, 6) Q=52.6% : H=0.415 : Visit=63 : 31
8 : CROSS  (5, 3) Q=50% : H=0.4 : Visit=33 : 23
9 : CIRCLE (3, 5) Q=52.2% : H=0.681 : Visit=29 : 30
10 : CROSS  (6, 3) Q=50.7% : H=0.192 : Visit=6 : 24
11 : CIRCLE (7, 3) Q=55.1% : H=0.518 : Visit=4 : 29
12 : CROSS  (5, 5) Q=40.5% : H=0.443 : Visit=3 : 26
13 : CIRCLE (8, 5) Q=71.2% : H=0.352 : Visit=2 : 40
14 : CROSS  (5, 1) Q=19.3% : H=0.324 : Visit=1 : 1
15 : CIRCLE (5, 4) Q=80.6% : H=1 : Visit=1 : 34
16 : CROSS  (1, 5) Q=0% : H=0 : Visit=0 : 0
Total 16 moves ahead
----NNCACHE-INFO----
memory = 5.53233 MB / 857.112MB
stored = 4912 elements
calls  = 5140
hits   = 224 (4.3%)
--------------------
----MOST-BALANCED-MOVES----
CIRCLE (3, 2) Q=48.3% : H=1 : Visit=595 : 41
CROSS  (1, 0) Q=49.5% : H=1 : Visit=507 : 22
---------------------------
Answered : 2,3 0,1
Got : END
