Compiled on Apr 23 2020 at 02:42:48
Launched in Engine\
Answered : MESSAGE Detected following devices : CPU : GenuineIntel : 4 x AVX with 4043MB of memory
Answered : MESSAGE Using : CPU : GenuineIntel : 4 x AVX with 4043MB of memory
Got : START 15
Answered : OK
Got : INFO max_memory 2306867200
Got : INFO timeout_match 60000
Got : INFO timeout_turn 60000
Got : INFO game_type 1
Got : INFO rule 1
Got : INFO time_left 60000
Got : SWAP2BOARD
Got : 11,13
Got : 10,12
Got : 11,10
Got : DONE
Answered : MESSAGE depth 1-11 ev 45.1 n 749 n/s 489 tm 1528 pv Ok9 Xj9 Ol11 Xl10 Om9 Xm8 Oi10 Xi8 Ok12 Xj13 Og8
Overall 222 children
sum of visits = 731
BEST
CIRCLE (10, 9) Q=46% : H=0.764 : Visit=599 : 29
CIRCLE (11, 11) Q=47.5% : H=0.055 : Visit=60 : 20
CIRCLE (9, 9) Q=39.8% : H=0.082 : Visit=28 : 26
CIRCLE (9, 11) Q=37.4% : H=0.064 : Visit=19 : 23
CIRCLE (10, 10) Q=33.3% : H=0.025 : Visit=5 : 24
CIRCLE (9, 8) Q=42.9% : H=0 : Visit=1 : 29
CIRCLE (12, 11) Q=38.1% : H=0.001 : Visit=1 : 21
CIRCLE (11, 8) Q=37.8% : H=0.001 : Visit=1 : 30
CIRCLE (9, 10) Q=37.1% : H=0.001 : Visit=1 : 25
CIRCLE (11, 9) Q=34.5% : H=0 : Visit=1 : 24
WORST
CIRCLE (2, 8) Q=0% : H=0 : Visit=0 : 0
CIRCLE (7, 5) Q=0% : H=0 : Visit=0 : 0
CIRCLE (2, 7) Q=0% : H=0 : Visit=0 : 0
CIRCLE (6, 7) Q=0% : H=0 : Visit=0 : 0
CIRCLE (3, 8) Q=0% : H=0 : Visit=0 : 0
CIRCLE (5, 7) Q=0% : H=0 : Visit=0 : 0
CIRCLE (4, 9) Q=0% : H=0 : Visit=0 : 0
CIRCLE (5, 9) Q=0% : H=0 : Visit=0 : 0
CIRCLE (4, 8) Q=0% : H=0 : Visit=0 : 0
CIRCLE (5, 8) Q=0% : H=0 : Visit=0 : 0
  _   _   _   _   _   _   _   _   _   _   _   _   _   _   _ 
  _   _   _   _   _   _   _   _   _   _   _   _   _   _   _ 
  _   _   _   _   _   _   _   _   _   _   _   _   _   _   _ 
  _   _   _   _   _   _   _   _   _   _   _   _   _   _   _ 
  _   _   _   _   _   _   _   _   _   _   _   _   _   _   _ 
  _   _   _   _   _   _   _   _   _   _   _   _   _   _   _ 
  _   _   _   _   _   _   _   _   _   _   _   _   _   _   _ 
  _   _   _   _   _   _   _   _   _   _   _   _   _   _   _ 
  _   _   _   _   _   _   _   _   _    1   1   1  _    1  _ 
  _   _   _   _   _   _   _   _    1  38   1  25   1  _   _ 
  _   _   _   _   _   _   _    1   1 819   6  X    1  _   _ 
  _   _   _   _   _   _   _    1   1   1   1  82   1  _   _ 
  _   _   _   _   _   _   _   _    1   1  O    1   1  _   _ 
  _   _   _   _   _   _   _   _   _   _    1  X   _   _   _ 
  _   _   _   _   _   _   _   _   _   _   _   _   _   _   _ 

nodes used 17k / 42M (0%)
memory = 1285.67 MB
0 : CROSS  (-1, -1) Q=54.8% : H=1 : Visit=732 : 222
1 : CIRCLE (10, 9) Q=46% : H=0.764 : Visit=599 : 29
2 : CROSS  (9, 9) Q=56% : H=0.371 : Visit=291 : 22
3 : CIRCLE (11, 11) Q=47.7% : H=0.381 : Visit=204 : 23
4 : CROSS  (11, 10) Q=54.2% : H=0.276 : Visit=74 : 25
5 : CIRCLE (12, 9) Q=47.4% : H=0.452 : Visit=36 : 22
6 : CROSS  (12, 8) Q=55% : H=0.707 : Visit=29 : 34
7 : CIRCLE (8, 10) Q=48.7% : H=0.476 : Visit=18 : 32
8 : CROSS  (8, 8) Q=50.9% : H=0.244 : Visit=4 : 32
9 : CIRCLE (10, 12) Q=46.6% : H=0.309 : Visit=2 : 10
10 : CROSS  (9, 13) Q=62.7% : H=0.542 : Visit=1 : 39
11 : CIRCLE (6, 8) Q=0% : H=0 : Visit=0 : 0
Total 11 moves ahead
----NNCACHE-INFO----
memory = 0.720825 MB / 857.112MB
stored = 640 elements
calls  = 749
hits   = 109 (14.5%)
--------------------
nodes left = 1332
steps left = 10
using 0.079414s out of 9s left
median imbalance = 0.312
depth=1 : removed 0/37
depth=2 : removed 35/69
nodes left = 1297
steps left = 10
using 0.0787133s out of 8.92059s left
----MOST-BALANCED-MOVES----
CIRCLE (9, 10) Q=35.9% : H=1 : Visit=2 : 36
CROSS  (8, 9) Q=51.1% : H=1 : Visit=1 : 24
---------------------------
median imbalance = 0.194022
depth=1 : removed 0/37
depth=2 : removed 41/82
nodes left = 1256
steps left = 10
using 0.0780188s out of 8.84187s left
----MOST-BALANCED-MOVES----
CIRCLE (8, 9) Q=47.9% : H=1 : Visit=4 : 36
CROSS  (8, 12) Q=49.7% : H=1 : Visit=1 : 24
---------------------------
median imbalance = 0.147474
depth=1 : removed 0/37
depth=2 : removed 45/89
nodes left = 1211
steps left = 10
using 0.0773303s out of 8.76385s left
----MOST-BALANCED-MOVES----
CIRCLE (8, 9) Q=42% : H=1 : Visit=5 : 36
CROSS  (8, 12) Q=49.7% : H=1 : Visit=1 : 24
---------------------------
median imbalance = 0.176769
depth=1 : removed 0/37
depth=2 : removed 50/99
nodes left = 1161
steps left = 10
using 0.076648s out of 8.68652s left
----MOST-BALANCED-MOVES----
CIRCLE (8, 9) Q=40.4% : H=1 : Visit=6 : 36
CROSS  (8, 12) Q=49.7% : H=1 : Visit=1 : 24
---------------------------
median imbalance = 0.129337
depth=1 : removed 0/37
depth=2 : removed 50/99
nodes left = 1111
steps left = 10
using 0.0759717s out of 8.60988s left
----MOST-BALANCED-MOVES----
CIRCLE (8, 9) Q=37.3% : H=1 : Visit=7 : 36
CROSS  (8, 12) Q=49.7% : H=1 : Visit=1 : 24
---------------------------
median imbalance = 0.111095
depth=1 : removed 0/37
depth=2 : removed 49/98
nodes left = 1062
steps left = 10
using 0.0753013s out of 8.5339s left
----MOST-BALANCED-MOVES----
CIRCLE (8, 9) Q=40.6% : H=1 : Visit=9 : 36
CROSS  (8, 12) Q=49.7% : H=1 : Visit=1 : 24
---------------------------
median imbalance = 0.0885327
depth=1 : removed 0/37
depth=2 : removed 50/100
nodes left = 1012
steps left = 9
using 0.112952s out of 8.4586s left
----MOST-BALANCED-MOVES----
CIRCLE (8, 9) Q=38.9% : H=1 : Visit=11 : 36
CROSS  (8, 12) Q=49.7% : H=1 : Visit=1 : 24
---------------------------
median imbalance = 0.195319
depth=1 : removed 0/37
depth=2 : removed 77/153
nodes left = 935
steps left = 9
using 0.111444s out of 8.34565s left
----MOST-BALANCED-MOVES----
CIRCLE (8, 9) Q=38.6% : H=1 : Visit=14 : 36
CROSS  (8, 12) Q=49.7% : H=1 : Visit=1 : 24
---------------------------
median imbalance = 0.103182
depth=1 : removed 0/37
depth=2 : removed 90/179
nodes left = 845
steps left = 9
using 0.109956s out of 8.23421s left
----MOST-BALANCED-MOVES----
CIRCLE (12, 8) Q=34.6% : H=0.999 : Visit=16 : 36
CROSS  (10, 13) Q=49.7% : H=1 : Visit=1 : 20
---------------------------
median imbalance = 0.10205
depth=1 : removed 0/37
depth=2 : removed 101/202
nodes left = 744
steps left = 9
using 0.108487s out of 8.12425s left
----MOST-BALANCED-MOVES----
CIRCLE (12, 8) Q=32.2% : H=1 : Visit=19 : 36
CROSS  (10, 13) Q=49.7% : H=1 : Visit=1 : 20
---------------------------
median imbalance = 0.0647126
depth=1 : removed 0/37
depth=2 : removed 75/150
nodes left = 669
steps left = 9
using 0.107039s out of 8.01576s left
----MOST-BALANCED-MOVES----
CIRCLE (9, 11) Q=46.9% : H=1 : Visit=23 : 36
CROSS  (12, 9) Q=50.1% : H=1 : Visit=1 : 17
---------------------------
median imbalance = 0.0554696
depth=1 : removed 0/37
depth=2 : removed 70/139
nodes left = 599
steps left = 9
using 0.105609s out of 7.90873s left
----MOST-BALANCED-MOVES----
CIRCLE (9, 11) Q=48.6% : H=1 : Visit=25 : 36
CROSS  (12, 9) Q=50.1% : H=1 : Visit=1 : 17
---------------------------
median imbalance = 0.0438638
depth=1 : removed 0/37
depth=2 : removed 59/118
nodes left = 540
steps left = 9
using 0.104199s out of 7.80312s left
----MOST-BALANCED-MOVES----
CIRCLE (9, 11) Q=49.3% : H=0.999 : Visit=26 : 36
CROSS  (12, 9) Q=50.1% : H=1 : Visit=1 : 17
---------------------------
median imbalance = 0.0350192
depth=1 : removed 0/37
depth=2 : removed 54/107
nodes left = 486
steps left = 8
using 0.156298s out of 7.69892s left
----MOST-BALANCED-MOVES----
CIRCLE (9, 11) Q=49.1% : H=0.999 : Visit=28 : 36
CROSS  (12, 9) Q=50.1% : H=1 : Visit=1 : 17
---------------------------
median imbalance = 0.119121
depth=1 : removed 0/37
depth=2 : removed 67/133
nodes left = 419
steps left = 8
using 0.153125s out of 7.54262s left
----MOST-BALANCED-MOVES----
CIRCLE (10, 8) Q=34.2% : H=1 : Visit=27 : 36
CROSS  (13, 9) Q=50% : H=1 : Visit=1 : 24
---------------------------
median imbalance = 0.0912139
depth=1 : removed 0/37
depth=2 : removed 72/144
nodes left = 347
steps left = 8
using 0.150017s out of 7.38949s left
----MOST-BALANCED-MOVES----
CIRCLE (10, 8) Q=34.8% : H=0.999 : Visit=29 : 36
CROSS  (13, 9) Q=50% : H=1 : Visit=1 : 24
---------------------------
median imbalance = 0.168637
depth=1 : removed 1/37
depth=2 : removed 82/164
nodes left = 265
steps left = 8
using 0.146971s out of 7.23948s left
----MOST-BALANCED-MOVES----
CIRCLE (10, 8) Q=40.9% : H=0.999 : Visit=33 : 36
CROSS  (13, 9) Q=50% : H=1 : Visit=1 : 24
---------------------------
median imbalance = 0.111938
depth=1 : removed 2/37
depth=2 : removed 71/142
nodes left = 194
steps left = 7
using 0.220457s out of 7.09251s left
----MOST-BALANCED-MOVES----
CIRCLE (10, 8) Q=46% : H=1 : Visit=37 : 36
CROSS  (13, 9) Q=50% : H=1 : Visit=1 : 24
---------------------------
median imbalance = 0.118846
depth=1 : removed 3/37
depth=2 : removed 70/140
nodes left = 124
steps left = 6
using 0.330685s out of 6.87205s left
----MOST-BALANCED-MOVES----
CIRCLE (10, 8) Q=48.3% : H=0.999 : Visit=42 : 36
CROSS  (8, 12) Q=50.4% : H=1 : Visit=2 : 29
---------------------------
median imbalance = 0.092137
depth=1 : removed 7/37
depth=2 : removed 58/116
nodes left = 66
steps left = 6
using 0.314772s out of 6.54136s left
----MOST-BALANCED-MOVES----
CIRCLE (12, 8) Q=49% : H=1 : Visit=48 : 36
CROSS  (10, 8) Q=49.9% : H=1 : Visit=4 : 22
---------------------------
median imbalance = 0.0580291
depth=1 : removed 14/37
depth=2 : removed 33/66
nodes left = 33
steps left = 5
using 0.472159s out of 6.22659s left
----MOST-BALANCED-MOVES----
CIRCLE (12, 12) Q=40.2% : H=1 : Visit=48 : 36
CROSS  (11, 13) Q=50.3% : H=1 : Visit=8 : 19
---------------------------
median imbalance = 0.049794
depth=1 : removed 25/37
depth=2 : removed 16/33
nodes left = 17
steps left = 4
using 0.708238s out of 5.75443s left
----MOST-BALANCED-MOVES----
CIRCLE (8, 11) Q=46% : H=0.999 : Visit=61 : 36
CROSS  (10, 13) Q=49.8% : H=1 : Visit=11 : 14
---------------------------
median imbalance = 0.0225333
depth=1 : removed 32/37
depth=2 : removed 9/17
nodes left = 8
steps left = 3
using 1.06236s out of 5.0462s left
----MOST-BALANCED-MOVES----
CIRCLE (14, 8) Q=30.4% : H=1 : Visit=72 : 36
CROSS  (14, 12) Q=49.8% : H=1 : Visit=19 : 22
---------------------------
median imbalance = 0.0366813
depth=1 : removed 34/37
depth=2 : removed 3/8
nodes left = 5
steps left = 2
using 1.59354s out of 3.98384s left
----MOST-BALANCED-MOVES----
CIRCLE (8, 11) Q=49.3% : H=1 : Visit=191 : 36
CROSS  (13, 12) Q=51.3% : H=1 : Visit=83 : 22
---------------------------
median imbalance = 0.0347416
depth=1 : removed 35/37
depth=2 : removed 3/5
nodes left = 2
steps left = 1
using 2.3903s out of 2.3903s left
----MOST-BALANCED-MOVES----
CIRCLE (13, 13) Q=49.5% : H=1 : Visit=452 : 36
CROSS  (14, 10) Q=49.2% : H=0.999 : Visit=224 : 23
---------------------------
median imbalance = 0.00873677
depth=1 : removed 36/37
depth=2 : removed 1/2
Answered : MESSAGE depth 1-16 ev 48.1 n 4934 n/s 404 tm 12183 pv Oi11 Xn12 Ok9 Xl11 Om11 Xn10 On13 Xl8 Om9 Xm8 Ok8 Xl9 Ol10 Xj8 Oi10 Xh9
Overall 37 children
sum of visits = 1149
BEST
CIRCLE (8, 11) Q=50.4% : H=1 : Visit=1113 : 36
CIRCLE (13, 13) Q=0% : H=0 : Visit=1 : 36
CIRCLE (11, 9) Q=0% : H=0 : Visit=1 : 36
CIRCLE (11, 8) Q=0% : H=0 : Visit=1 : 36
CIRCLE (11, 11) Q=0% : H=0 : Visit=1 : 36
CIRCLE (9, 10) Q=0% : H=0 : Visit=1 : 36
CIRCLE (9, 12) Q=0% : H=0 : Visit=1 : 36
CIRCLE (8, 9) Q=0% : H=0 : Visit=1 : 36
CIRCLE (8, 13) Q=0% : H=0 : Visit=1 : 36
CIRCLE (14, 9) Q=0% : H=0 : Visit=1 : 36
WORST
CIRCLE (14, 8) Q=0% : H=0 : Visit=1 : 36
CIRCLE (10, 12) Q=0% : H=0 : Visit=1 : 36
CIRCLE (12, 12) Q=0% : H=0 : Visit=1 : 36
CIRCLE (9, 9) Q=0% : H=0 : Visit=1 : 36
CIRCLE (10, 9) Q=0% : H=0 : Visit=1 : 36
CIRCLE (13, 10) Q=0% : H=0 : Visit=1 : 36
CIRCLE (8, 10) Q=0% : H=0 : Visit=1 : 36
CIRCLE (10, 10) Q=0% : H=0 : Visit=1 : 36
CIRCLE (9, 11) Q=0% : H=0 : Visit=1 : 36
CIRCLE (9, 13) Q=0% : H=0 : Visit=1 : 36
  _   _   _   _   _   _   _   _   _   _   _   _   _   _   _ 
  _   _   _   _   _   _   _   _   _   _   _   _   _   _   _ 
  _   _   _   _   _   _   _   _   _   _   _   _   _   _   _ 
  _   _   _   _   _   _   _   _   _   _   _   _   _   _   _ 
  _   _   _   _   _   _   _   _   _   _   _   _   _   _   _ 
  _   _   _   _   _   _   _   _   _   _   _   _   _   _   _ 
  _   _   _   _   _   _   _   _   _   _   _   _   _   _   _ 
  _   _   _   _   _   _   _   _   _   _   _   _   _   _   _ 
  _   _   _   _   _   _   _   _   _   _   _  968  _   _   _ 
  _   _   _   _   _   _   _   _   _   _   _   _   _   _   _ 
  _   _   _   _   _   _   _   _   _   _   _   X   _   _   _ 
  _   _   _   _   _   _   _   _   _   _   _   _   _   _   _ 
  _   _   _   _   _   _   _   _   _   _   O   _   _   _   _ 
  _   _   _   _   _   _   _   _   _   _   _   X   _   _   _ 
  _   _   _   _   _   _   _   _   _   _   _   _   _   _   _ 

nodes used 116k / 42M (0.2%)
memory = 1285.67 MB
0 : CROSS  (-1, -1) Q=51.8% : H=1 : Visit=4889 : 37
1 : CIRCLE (8, 11) Q=50.4% : H=1 : Visit=1113 : 36
2 : CROSS  (13, 12) Q=50.2% : H=1 : Visit=924 : 22
3 : CIRCLE (10, 9) Q=52.3% : H=0.313 : Visit=685 : 26
4 : CROSS  (11, 11) Q=49.4% : H=0.165 : Visit=234 : 10
5 : CIRCLE (12, 11) Q=51.2% : H=0.924 : Visit=229 : 20
6 : CROSS  (13, 10) Q=52.5% : H=0.258 : Visit=110 : 17
7 : CIRCLE (13, 13) Q=42.2% : H=0.767 : Visit=60 : 26
8 : CROSS  (11, 8) Q=62.2% : H=0.583 : Visit=49 : 23
9 : CIRCLE (12, 9) Q=37.5% : H=0.555 : Visit=29 : 10
10 : CROSS  (12, 8) Q=65.2% : H=0.885 : Visit=27 : 23
11 : CIRCLE (10, 8) Q=38.4% : H=0.382 : Visit=11 : 27
12 : CROSS  (11, 9) Q=67.4% : H=0.414 : Visit=7 : 14
13 : CIRCLE (11, 10) Q=28.7% : H=0.601 : Visit=4 : 29
14 : CROSS  (9, 8) Q=72.4% : H=0.306 : Visit=2 : 37
15 : CIRCLE (8, 10) Q=20.7% : H=0.551 : Visit=1 : 23
16 : CROSS  (7, 9) Q=0% : H=0 : Visit=0 : 0
Total 16 moves ahead
----NNCACHE-INFO----
memory = 5.85445 MB / 857.112MB
stored = 5198 elements
calls  = 5683
hits   = 432 (7.6%)
--------------------
----MOST-BALANCED-MOVES----
CIRCLE (8, 11) Q=50.4% : H=1 : Visit=1113 : 36
CROSS  (13, 12) Q=50.2% : H=1 : Visit=924 : 22
---------------------------
Answered : 11,8 12,13
Got : END
