Compiled on Apr 23 2020 at 02:42:48
Launched in Engine\
Answered : MESSAGE Detected following devices : CPU : GenuineIntel : 4 x AVX with 4043MB of memory
Answered : MESSAGE Using : CPU : GenuineIntel : 4 x AVX with 4043MB of memory
Got : START 15
Answered : OK
Got : INFO max_memory 2306867200
Got : INFO timeout_match 10000
Got : INFO timeout_turn 10000
Got : INFO game_type 1
Got : INFO rule 1
Got : INFO time_left 10000
Got : SWAP2BOARD
Got : 3,1
Got : 2,2
Got : 2,5
Got : DONE
Answered : MESSAGE depth 1-1 ev 26.6 n 16 n/s 1025 tm 15 pv Oa0
Overall 222 children
sum of visits = 0
BEST
CIRCLE (4, 5) Q=0% : H=0.634 : Visit=0 : 0
CIRCLE (5, 4) Q=0% : H=0.118 : Visit=0 : 0
CIRCLE (3, 4) Q=0% : H=0.098 : Visit=0 : 0
CIRCLE (5, 5) Q=0% : H=0.065 : Visit=0 : 0
CIRCLE (4, 4) Q=0% : H=0.037 : Visit=0 : 0
CIRCLE (4, 3) Q=0% : H=0.02 : Visit=0 : 0
CIRCLE (3, 5) Q=0% : H=0.014 : Visit=0 : 0
CIRCLE (4, 6) Q=0% : H=0.005 : Visit=0 : 0
CIRCLE (5, 3) Q=0% : H=0.002 : Visit=0 : 0
CIRCLE (6, 4) Q=0% : H=0 : Visit=0 : 0
WORST
CIRCLE (6, 14) Q=0% : H=0 : Visit=0 : 0
CIRCLE (8, 13) Q=0% : H=0 : Visit=0 : 0
CIRCLE (5, 10) Q=0% : H=0 : Visit=0 : 0
CIRCLE (8, 14) Q=0% : H=0 : Visit=0 : 0
CIRCLE (5, 13) Q=0% : H=0 : Visit=0 : 0
CIRCLE (7, 13) Q=0% : H=0 : Visit=0 : 0
CIRCLE (7, 14) Q=0% : H=0 : Visit=0 : 0
CIRCLE (6, 13) Q=0% : H=0 : Visit=0 : 0
CIRCLE (5, 11) Q=0% : H=0 : Visit=0 : 0
CIRCLE (6, 11) Q=0% : H=0 : Visit=0 : 0
  _   _   _   _   _   _   _   _   _   _   _   _   _   _   _ 
  _   _   _   X   _   _   _   _   _   _   _   _   _   _   _ 
  _   _   O   _   _   _   _   _   _   _   _   _   _   _   _ 
  _   _   _   _   98  14  _   _   _   _   _   _   _   _   _ 
  _   _   _   20  37 634   5  _   _   _   _   _   _   _   _ 
  _   _   X    2 118  65  _   _   _   _   _   _   _   _   _ 
  _   _   _   _   _   _   _   _   _   _   _   _   _   _   _ 
  _   _   _   _   _   _   _   _   _   _   _   _   _   _   _ 
  _   _   _   _   _   _   _   _   _   _   _   _   _   _   _ 
  _   _   _   _   _   _   _   _   _   _   _   _   _   _   _ 
  _   _   _   _   _   _   _   _   _   _   _   _   _   _   _ 
  _   _   _   _   _   _   _   _   _   _   _   _   _   _   _ 
  _   _   _   _   _   _   _   _   _   _   _   _   _   _   _ 
  _   _   _   _   _   _   _   _   _   _   _   _   _   _   _ 
  _   _   _   _   _   _   _   _   _   _   _   _   _   _   _ 

nodes used 0k / 42M (0%)
memory = 1285.67 MB
0 : CROSS  (-1, -1) Q=73.3% : H=1 : Visit=1 : 222
1 : CIRCLE (4, 5) Q=0% : H=0.634 : Visit=0 : 0
Total 1 move ahead
----NNCACHE-INFO----
memory = 0.0180206 MB / 857.112MB
stored = 16 elements
calls  = 16
hits   = 0 (0%)
--------------------
nodes left = 1640
steps left = 10
using 0.0132357s out of 1.5s left
median imbalance = 0.355543
depth=1 : removed 0/41
depth=2 : removed 24/48
nodes left = 1616
steps left = 10
using 0.0131189s out of 1.48676s left
----MOST-BALANCED-MOVES----
CIRCLE (1, 2) Q=50.1% : H=1 : Visit=1 : 40
CROSS  (0, 0) Q=49.8% : H=1 : Visit=1 : 35
---------------------------
median imbalance = 0.197825
depth=1 : removed 0/41
depth=2 : removed 36/72
nodes left = 1580
steps left = 10
using 0.0130031s out of 1.47365s left
----MOST-BALANCED-MOVES----
CIRCLE (1, 2) Q=46.8% : H=1 : Visit=2 : 40
CROSS  (0, 0) Q=49.8% : H=1 : Visit=1 : 35
---------------------------
median imbalance = 0.182466
depth=1 : removed 0/41
depth=2 : removed 42/84
nodes left = 1538
steps left = 10
using 0.0128884s out of 1.46064s left
----MOST-BALANCED-MOVES----
CIRCLE (1, 2) Q=45.6% : H=1 : Visit=3 : 40
CROSS  (0, 0) Q=49.8% : H=1 : Visit=1 : 35
---------------------------
median imbalance = 0.148619
depth=1 : removed 0/41
depth=2 : removed 45/90
nodes left = 1493
steps left = 10
using 0.0127747s out of 1.44775s left
----MOST-BALANCED-MOVES----
CIRCLE (1, 2) Q=46% : H=1 : Visit=5 : 40
CROSS  (0, 0) Q=49.8% : H=1 : Visit=1 : 35
---------------------------
median imbalance = 0.137472
depth=1 : removed 0/41
depth=2 : removed 47/93
nodes left = 1446
steps left = 10
using 0.0126619s out of 1.43498s left
----MOST-BALANCED-MOVES----
CIRCLE (1, 2) Q=44.7% : H=1 : Visit=6 : 40
CROSS  (0, 0) Q=49.8% : H=1 : Visit=1 : 35
---------------------------
median imbalance = 0.147986
depth=1 : removed 0/41
depth=2 : removed 55/110
nodes left = 1391
steps left = 10
using 0.0125502s out of 1.42232s left
----MOST-BALANCED-MOVES----
CIRCLE (1, 2) Q=46.3% : H=1 : Visit=7 : 40
CROSS  (0, 0) Q=49.8% : H=1 : Visit=1 : 35
---------------------------
median imbalance = 0.112696
depth=1 : removed 0/41
depth=2 : removed 52/103
nodes left = 1339
steps left = 10
using 0.0124395s out of 1.40977s left
----MOST-BALANCED-MOVES----
CIRCLE (1, 2) Q=45.2% : H=1 : Visit=8 : 40
CROSS  (0, 0) Q=49.8% : H=1 : Visit=1 : 35
---------------------------
median imbalance = 0.102804
depth=1 : removed 0/41
depth=2 : removed 58/115
nodes left = 1281
steps left = 10
using 0.0123297s out of 1.39733s left
----MOST-BALANCED-MOVES----
CIRCLE (1, 2) Q=40.2% : H=1 : Visit=10 : 40
CROSS  (0, 0) Q=49.8% : H=1 : Visit=1 : 35
---------------------------
median imbalance = 0.0974537
depth=1 : removed 0/41
depth=2 : removed 53/105
nodes left = 1228
steps left = 10
using 0.0122209s out of 1.385s left
----MOST-BALANCED-MOVES----
CIRCLE (1, 2) Q=40.2% : H=1 : Visit=10 : 40
CROSS  (0, 0) Q=49.8% : H=1 : Visit=1 : 35
---------------------------
median imbalance = 0.0748485
depth=1 : removed 0/41
depth=2 : removed 50/100
nodes left = 1178
steps left = 10
using 0.0121131s out of 1.37278s left
----MOST-BALANCED-MOVES----
CIRCLE (1, 2) Q=39.4% : H=1 : Visit=12 : 40
CROSS  (0, 0) Q=49.8% : H=1 : Visit=1 : 35
---------------------------
median imbalance = 0.0633527
depth=1 : removed 0/41
depth=2 : removed 49/98
nodes left = 1129
steps left = 10
using 0.0120062s out of 1.36066s left
----MOST-BALANCED-MOVES----
CIRCLE (4, 3) Q=80.7% : H=1 : Visit=15 : 40
CROSS  (2, 4) Q=49.9% : H=1 : Visit=1 : 16
---------------------------
median imbalance = 0.0606353
depth=1 : removed 0/41
depth=2 : removed 49/97
nodes left = 1080
steps left = 10
using 0.0119003s out of 1.34866s left
----MOST-BALANCED-MOVES----
CIRCLE (4, 3) Q=79.5% : H=1 : Visit=17 : 40
CROSS  (2, 4) Q=49.9% : H=1 : Visit=1 : 16
---------------------------
median imbalance = 0.0589765
depth=1 : removed 0/41
depth=2 : removed 48/96
nodes left = 1032
steps left = 10
using 0.0117953s out of 1.33676s left
----MOST-BALANCED-MOVES----
CIRCLE (4, 3) Q=77.9% : H=1 : Visit=19 : 40
CROSS  (2, 4) Q=49.9% : H=1 : Visit=1 : 16
---------------------------
median imbalance = 0.0496642
depth=1 : removed 0/41
depth=2 : removed 48/96
nodes left = 984
steps left = 9
using 0.0176929s out of 1.32496s left
----MOST-BALANCED-MOVES----
CIRCLE (4, 3) Q=75.9% : H=1 : Visit=20 : 40
CROSS  (2, 4) Q=49.9% : H=1 : Visit=1 : 16
---------------------------
median imbalance = 0.0491999
depth=1 : removed 0/41
depth=2 : removed 48/96
nodes left = 936
steps left = 9
using 0.0174566s out of 1.30727s left
----MOST-BALANCED-MOVES----
CIRCLE (4, 3) Q=73.9% : H=1 : Visit=21 : 40
CROSS  (2, 4) Q=49.9% : H=1 : Visit=1 : 16
---------------------------
median imbalance = 0.0662607
depth=1 : removed 0/41
depth=2 : removed 48/96
nodes left = 888
steps left = 9
using 0.0172235s out of 1.28981s left
----MOST-BALANCED-MOVES----
CIRCLE (4, 3) Q=72.5% : H=1 : Visit=23 : 40
CROSS  (2, 4) Q=49.9% : H=1 : Visit=1 : 16
---------------------------
median imbalance = 0.0419036
depth=1 : removed 0/41
depth=2 : removed 48/96
nodes left = 840
steps left = 9
using 0.0169935s out of 1.27259s left
----MOST-BALANCED-MOVES----
CIRCLE (4, 3) Q=72.7% : H=1 : Visit=24 : 40
CROSS  (2, 4) Q=49.9% : H=1 : Visit=1 : 16
---------------------------
median imbalance = 0.0405921
depth=1 : removed 0/41
depth=2 : removed 48/96
nodes left = 792
steps left = 9
using 0.0167666s out of 1.2556s left
----MOST-BALANCED-MOVES----
CIRCLE (4, 3) Q=69.3% : H=0.999 : Visit=26 : 40
CROSS  (2, 4) Q=49.9% : H=1 : Visit=1 : 16
---------------------------
median imbalance = 0.0400188
depth=1 : removed 0/41
depth=2 : removed 48/96
nodes left = 744
steps left = 9
using 0.0165427s out of 1.23883s left
----MOST-BALANCED-MOVES----
CIRCLE (4, 3) Q=70.1% : H=1 : Visit=27 : 40
CROSS  (2, 4) Q=49.9% : H=1 : Visit=1 : 16
---------------------------
median imbalance = 0.0397037
depth=1 : removed 0/41
depth=2 : removed 48/96
nodes left = 696
steps left = 9
using 0.0163218s out of 1.22229s left
----MOST-BALANCED-MOVES----
CIRCLE (4, 3) Q=69% : H=0.999 : Visit=29 : 40
CROSS  (2, 4) Q=49.9% : H=1 : Visit=1 : 16
---------------------------
median imbalance = 0.161303
depth=1 : removed 0/41
depth=2 : removed 56/112
nodes left = 640
steps left = 9
using 0.0161039s out of 1.20596s left
----MOST-BALANCED-MOVES----
CIRCLE (4, 3) Q=67.2% : H=0.999 : Visit=30 : 40
CROSS  (2, 4) Q=49.9% : H=1 : Visit=1 : 16
---------------------------
median imbalance = 0.0667579
depth=1 : removed 0/41
depth=2 : removed 52/104
nodes left = 588
steps left = 9
using 0.0158888s out of 1.18986s left
----MOST-BALANCED-MOVES----
CIRCLE (4, 3) Q=68.1% : H=1 : Visit=32 : 40
CROSS  (2, 4) Q=49.9% : H=1 : Visit=1 : 16
---------------------------
median imbalance = 0.0536465
depth=1 : removed 0/41
depth=2 : removed 50/100
nodes left = 538
steps left = 9
using 0.0156766s out of 1.17397s left
----MOST-BALANCED-MOVES----
CIRCLE (4, 3) Q=65.5% : H=0.999 : Visit=34 : 40
CROSS  (2, 4) Q=49.9% : H=1 : Visit=1 : 16
---------------------------
median imbalance = 0.0347526
depth=1 : removed 0/41
depth=2 : removed 49/98
nodes left = 489
steps left = 8
using 0.023515s out of 1.1583s left
----MOST-BALANCED-MOVES----
CIRCLE (4, 3) Q=64.2% : H=1 : Visit=35 : 40
CROSS  (2, 4) Q=49.9% : H=1 : Visit=1 : 16
---------------------------
median imbalance = 0.034081
depth=1 : removed 0/41
depth=2 : removed 49/97
nodes left = 440
steps left = 8
using 0.0230376s out of 1.13478s left
----MOST-BALANCED-MOVES----
CIRCLE (4, 3) Q=64.9% : H=1 : Visit=36 : 40
CROSS  (2, 4) Q=49.9% : H=1 : Visit=1 : 16
---------------------------
median imbalance = 0.0334115
depth=1 : removed 0/41
depth=2 : removed 48/96
nodes left = 392
steps left = 8
using 0.0225699s out of 1.11174s left
----MOST-BALANCED-MOVES----
CIRCLE (4, 3) Q=64.1% : H=0.999 : Visit=38 : 40
CROSS  (2, 4) Q=49.9% : H=1 : Visit=1 : 16
---------------------------
median imbalance = 0.0330469
depth=1 : removed 0/41
depth=2 : removed 48/96
nodes left = 344
steps left = 8
using 0.0221117s out of 1.08917s left
----MOST-BALANCED-MOVES----
CIRCLE (4, 3) Q=63.2% : H=1 : Visit=39 : 40
CROSS  (2, 4) Q=49.9% : H=1 : Visit=1 : 16
---------------------------
median imbalance = 0.0315967
depth=1 : removed 1/41
depth=2 : removed 46/91
nodes left = 298
steps left = 8
using 0.0216628s out of 1.06706s left
----MOST-BALANCED-MOVES----
CIRCLE (4, 3) Q=62.1% : H=1 : Visit=40 : 40
CROSS  (2, 4) Q=49.9% : H=1 : Visit=1 : 16
---------------------------
median imbalance = 0.0624899
depth=1 : removed 4/41
depth=2 : removed 42/83
nodes left = 256
steps left = 8
using 0.021223s out of 1.0454s left
----MOST-BALANCED-MOVES----
CIRCLE (1, 2) Q=23.2% : H=1 : Visit=32 : 40
CROSS  (0, 0) Q=49.8% : H=1 : Visit=1 : 35
---------------------------
median imbalance = 0.0289698
depth=1 : removed 11/41
depth=2 : removed 33/65
nodes left = 223
steps left = 7
using 0.0318345s out of 1.02418s left
----MOST-BALANCED-MOVES----
CIRCLE (1, 2) Q=23.2% : H=1 : Visit=32 : 40
CROSS  (0, 0) Q=49.8% : H=1 : Visit=1 : 35
---------------------------
median imbalance = 0.166537
depth=1 : removed 12/41
depth=2 : removed 38/75
nodes left = 185
steps left = 7
using 0.030845s out of 0.992341s left
----MOST-BALANCED-MOVES----
CIRCLE (1, 2) Q=21.9% : H=0.999 : Visit=34 : 40
CROSS  (0, 0) Q=49.8% : H=1 : Visit=1 : 35
---------------------------
median imbalance = 0.11521
depth=1 : removed 12/41
depth=2 : removed 37/74
nodes left = 148
steps left = 7
using 0.0298862s out of 0.961496s left
----MOST-BALANCED-MOVES----
CIRCLE (1, 2) Q=21.4% : H=1 : Visit=35 : 40
CROSS  (0, 0) Q=49.8% : H=1 : Visit=1 : 35
---------------------------
median imbalance = 0.0978188
depth=1 : removed 13/41
depth=2 : removed 35/70
nodes left = 113
steps left = 6
using 0.0448293s out of 0.93161s left
----MOST-BALANCED-MOVES----
CIRCLE (1, 2) Q=21.8% : H=1 : Visit=37 : 40
CROSS  (0, 0) Q=49.8% : H=1 : Visit=1 : 35
---------------------------
median imbalance = 0.0862427
depth=1 : removed 15/41
depth=2 : removed 31/61
nodes left = 82
steps left = 6
using 0.0426721s out of 0.88678s left
----MOST-BALANCED-MOVES----
CIRCLE (7, 2) Q=41.4% : H=0.999 : Visit=45 : 40
CROSS  (3, 1) Q=50% : H=1 : Visit=3 : 25
---------------------------
median imbalance = 0.0604146
depth=1 : removed 17/41
depth=2 : removed 27/53
nodes left = 55
steps left = 5
using 0.0640082s out of 0.844108s left
----MOST-BALANCED-MOVES----
CIRCLE (1, 2) Q=20.5% : H=1 : Visit=40 : 40
CROSS  (0, 0) Q=49.8% : H=1 : Visit=1 : 35
---------------------------
median imbalance = 0.104489
depth=1 : removed 25/41
depth=2 : removed 25/49
nodes left = 30
steps left = 4
using 0.0960123s out of 0.7801s left
----MOST-BALANCED-MOVES----
CIRCLE (4, 2) Q=49% : H=0.999 : Visit=53 : 40
CROSS  (5, 1) Q=50.1% : H=1 : Visit=6 : 15
---------------------------
median imbalance = 0.0613033
depth=1 : removed 32/41
depth=2 : removed 15/30
nodes left = 15
steps left = 3
using 0.144018s out of 0.684088s left
----MOST-BALANCED-MOVES----
CIRCLE (7, 1) Q=32.9% : H=1 : Visit=48 : 40
CROSS  (6, 0) Q=49.9% : H=1 : Visit=3 : 30
---------------------------
median imbalance = 0.0334444
depth=1 : removed 35/41
depth=2 : removed 8/15
nodes left = 7
steps left = 2
using 0.216028s out of 0.540069s left
----MOST-BALANCED-MOVES----
CIRCLE (4, 2) Q=49.6% : H=1 : Visit=68 : 40
CROSS  (4, 1) Q=50.5% : H=1 : Visit=14 : 20
---------------------------
median imbalance = 0.0261547
depth=1 : removed 37/41
depth=2 : removed 3/7
nodes left = 4
steps left = 2
using 0.129617s out of 0.324042s left
----MOST-BALANCED-MOVES----
CIRCLE (7, 3) Q=49.5% : H=0.999 : Visit=85 : 40
CROSS  (4, 1) Q=50.7% : H=1 : Visit=43 : 25
---------------------------
median imbalance = 0.0233979
depth=1 : removed 39/41
depth=2 : removed 2/4
nodes left = 2
steps left = 1
using 0.194425s out of 0.194425s left
----MOST-BALANCED-MOVES----
CIRCLE (4, 2) Q=50.2% : H=0.999 : Visit=110 : 40
CROSS  (4, 1) Q=49.9% : H=1 : Visit=47 : 20
---------------------------
median imbalance = 0.0284135
depth=1 : removed 39/41
depth=2 : removed 0/2
nodes left = 2
steps left = 1
using 0s out of 0s left
----MOST-BALANCED-MOVES----
CIRCLE (7, 2) Q=49.4% : H=1 : Visit=166 : 40
CROSS  (7, 1) Q=47.9% : H=0.999 : Visit=114 : 22
---------------------------
median imbalance = 0.031823
depth=1 : removed 40/41
depth=2 : removed 1/2
Answered : MESSAGE depth 1-9 ev 39.4 n 2240 n/s 416 tm 5382 pv Oh2 Xh1 Og4 Xe5 Of3 Xh5 Og5 Xg6 Od3
Overall 41 children
sum of visits = 216
BEST
CIRCLE (7, 2) Q=49.3% : H=1 : Visit=176 : 40
CIRCLE (3, 3) Q=0% : H=0 : Visit=1 : 40
CIRCLE (7, 3) Q=0% : H=0 : Visit=1 : 40
CIRCLE (5, 1) Q=0% : H=0 : Visit=1 : 40
CIRCLE (7, 1) Q=0% : H=0 : Visit=1 : 40
CIRCLE (4, 3) Q=0% : H=0 : Visit=1 : 40
CIRCLE (3, 4) Q=0% : H=0 : Visit=1 : 40
CIRCLE (1, 4) Q=0% : H=0 : Visit=1 : 40
CIRCLE (3, 2) Q=0% : H=0 : Visit=1 : 40
CIRCLE (0, 5) Q=0% : H=0 : Visit=1 : 40
WORST
CIRCLE (4, 1) Q=0% : H=0 : Visit=1 : 40
CIRCLE (5, 4) Q=0% : H=0 : Visit=1 : 40
CIRCLE (2, 5) Q=0% : H=0 : Visit=1 : 40
CIRCLE (4, 4) Q=0% : H=0 : Visit=1 : 40
CIRCLE (2, 3) Q=0% : H=0 : Visit=1 : 40
CIRCLE (6, 2) Q=0% : H=0 : Visit=1 : 40
CIRCLE (6, 3) Q=0% : H=0 : Visit=1 : 40
CIRCLE (3, 5) Q=0% : H=0 : Visit=1 : 40
CIRCLE (6, 4) Q=0% : H=0 : Visit=1 : 40
CIRCLE (4, 2) Q=0% : H=0 : Visit=1 : 40
   4   4   4   4   4   4  _   _   _   _   _   _   _   _   _ 
   4   4   4  X    4   4  _   _   _   _   _   _   _   _   _ 
   4   4  O    4   4   4  _   _   _   _   _   _   _   _   _ 
   4   4   4   4   4   4  _   _   _   _   _   _   _   _   _ 
   4   4   4   4   4  _   _   _   _   _   _   _   _   _   _ 
   4   4  X    4   4  _   _   _   _   _   _   _   _   _   _ 
   4   4   4   4   4  _   _   _   _   _   _   _   _   _   _ 
   4   4 814   4   4  _   _   _   _   _   _   _   _   _   _ 
  _   _   _   _   _   _   _   _   _   _   _   _   _   _   _ 
  _   _   _   _   _   _   _   _   _   _   _   _   _   _   _ 
  _   _   _   _   _   _   _   _   _   _   _   _   _   _   _ 
  _   _   _   _   _   _   _   _   _   _   _   _   _   _   _ 
  _   _   _   _   _   _   _   _   _   _   _   _   _   _   _ 
  _   _   _   _   _   _   _   _   _   _   _   _   _   _   _ 
  _   _   _   _   _   _   _   _   _   _   _   _   _   _   _ 

nodes used 71k / 42M (0.1%)
memory = 1285.67 MB
0 : CROSS  (-1, -1) Q=60.5% : H=1 : Visit=2240 : 41
1 : CIRCLE (7, 2) Q=49.3% : H=1 : Visit=176 : 40
2 : CROSS  (7, 1) Q=48.2% : H=1 : Visit=124 : 22
3 : CIRCLE (6, 4) Q=53.7% : H=0.568 : Visit=76 : 30
4 : CROSS  (4, 5) Q=49.2% : H=0.279 : Visit=27 : 26
5 : CIRCLE (5, 3) Q=60.1% : H=0.286 : Visit=11 : 23
6 : CROSS  (7, 5) Q=41.5% : H=0.478 : Visit=6 : 26
7 : CIRCLE (6, 5) Q=62.8% : H=0.154 : Visit=2 : 20
8 : CROSS  (6, 6) Q=44.6% : H=0.533 : Visit=1 : 22
9 : CIRCLE (3, 3) Q=0% : H=0 : Visit=0 : 0
Total 9 moves ahead
----NNCACHE-INFO----
memory = 2.52289 MB / 857.112MB
stored = 2240 elements
calls  = 2256
hits   = 16 (0.7%)
--------------------
----MOST-BALANCED-MOVES----
CIRCLE (7, 2) Q=49.3% : H=1 : Visit=176 : 40
CROSS  (7, 1) Q=48.2% : H=1 : Visit=124 : 22
---------------------------
Answered : 2,7 1,7
Got : END
