Compiled on Apr 23 2020 at 02:42:48
Launched in Engine\
Answered : MESSAGE Detected following devices : CPU : GenuineIntel : 4 x AVX with 4043MB of memory
Answered : MESSAGE Using : CPU : GenuineIntel : 4 x AVX with 4043MB of memory
Got : START 15
Answered : OK
Got : INFO max_memory 2306867200
Got : INFO timeout_match 60000
Got : INFO timeout_turn 60000
Got : INFO game_type 1
Got : INFO rule 1
Got : INFO time_left 60000
Got : SWAP2BOARD
Got : 14,7
Got : 14,6
Got : 11,2
Got : DONE
Answered : MESSAGE depth 1-11 ev 40.7 n 692 n/s 461 tm 1500 pv Of11 Xd9 Og10 Xc10 Oe8 Xc9 Oc8 Xf9 Oe9 Xe10 Ob10
Overall 222 children
sum of visits = 675
BEST
CIRCLE (5, 11) Q=42.5% : H=0.309 : Visit=270 : 35
CIRCLE (5, 10) Q=39.9% : H=0.432 : Visit=231 : 30
CIRCLE (4, 9) Q=43.4% : H=0.054 : Visit=71 : 33
CIRCLE (4, 10) Q=40.3% : H=0.075 : Visit=48 : 25
CIRCLE (6, 10) Q=35.6% : H=0.084 : Visit=29 : 31
CIRCLE (5, 9) Q=31.8% : H=0.02 : Visit=5 : 31
CIRCLE (6, 11) Q=30.3% : H=0.003 : Visit=2 : 32
CIRCLE (6, 9) Q=41% : H=0 : Visit=1 : 28
CIRCLE (7, 10) Q=37.1% : H=0.004 : Visit=1 : 28
CIRCLE (4, 8) Q=36.2% : H=0.003 : Visit=1 : 33
WORST
CIRCLE (2, 5) Q=0% : H=0 : Visit=0 : 0
CIRCLE (1, 12) Q=0% : H=0 : Visit=0 : 0
CIRCLE (11, 10) Q=0% : H=0 : Visit=0 : 0
CIRCLE (0, 7) Q=0% : H=0 : Visit=0 : 0
CIRCLE (5, 1) Q=0% : H=0 : Visit=0 : 0
CIRCLE (0, 11) Q=0% : H=0 : Visit=0 : 0
CIRCLE (0, 8) Q=0% : H=0 : Visit=0 : 0
CIRCLE (0, 9) Q=0% : H=0 : Visit=0 : 0
CIRCLE (11, 11) Q=0% : H=0 : Visit=0 : 0
CIRCLE (0, 10) Q=0% : H=0 : Visit=0 : 0
  _   _   _   _   _   _   _   _   _   _   _   _   _   _   _ 
  _   _   _   _   _   _   _   _   _   _   _   _   _   _   _ 
  _   _   _   _   _   _   _   _   _   _   _   X   _   _   _ 
  _   _   _   _   _   _   _   _   _   _   _   _   _   _   _ 
  _   _   _   _   _   _   _   _    1 105  71   1  _   _   _ 
  _   _   _   _   _   _   _   _    1   7 342 400  _   _   _ 
  _   _   _   _   _   _   _    1   1   1  42   2   1  _   O 
  _   _   _   _   _   _   _   _    1   1   1   1  _   _   X 
  _   _   _   _   _   _   _   _    1  _    1   1  _   _   _ 
  _   _   _   _   _   _   _   _   _   _    1   1  _   _   _ 
  _   _   _   _   _   _   _    1  _    1   1  _   _   _   _ 
  _   _   _   _   _   _   _   _   _   _   _   _   _   _   _ 
  _   _   _   _   _   _   _   _   _   _   _   _   _   _   _ 
  _   _   _   _   _   _   _   _   _   _   _   _   _   _   _ 
  _   _   _   _   _   _   _   _   _   _   _   _   _   _   _ 

nodes used 15k / 42M (0%)
memory = 1285.67 MB
0 : CROSS  (-1, -1) Q=59.2% : H=1 : Visit=676 : 222
1 : CIRCLE (5, 11) Q=42.5% : H=0.309 : Visit=270 : 35
2 : CROSS  (3, 9) Q=62.2% : H=0.105 : Visit=59 : 26
3 : CIRCLE (6, 10) Q=37.6% : H=0.551 : Visit=33 : 22
4 : CROSS  (2, 10) Q=66% : H=0.524 : Visit=18 : 31
5 : CIRCLE (4, 8) Q=37.6% : H=0.53 : Visit=10 : 22
6 : CROSS  (2, 9) Q=63.3% : H=0.663 : Visit=8 : 15
7 : CIRCLE (2, 8) Q=44% : H=0.662 : Visit=6 : 30
8 : CROSS  (5, 9) Q=56.1% : H=0.396 : Visit=3 : 11
9 : CIRCLE (4, 9) Q=44% : H=0.98 : Visit=2 : 21
10 : CROSS  (4, 10) Q=61.3% : H=0.297 : Visit=1 : 19
11 : CIRCLE (1, 10) Q=0% : H=0 : Visit=0 : 0
Total 11 moves ahead
----NNCACHE-INFO----
memory = 0.702805 MB / 857.112MB
stored = 624 elements
calls  = 692
hits   = 68 (9.8%)
--------------------
nodes left = 1406
steps left = 10
using 0.079414s out of 9s left
median imbalance = 0.374175
depth=1 : removed 0/38
depth=2 : removed 24/48
nodes left = 1382
steps left = 10
using 0.0787133s out of 8.92059s left
----MOST-BALANCED-MOVES----
CIRCLE (2, 13) Q=47.6% : H=1 : Visit=1 : 37
CROSS  (0, 9) Q=52.3% : H=1 : Visit=1 : 37
---------------------------
median imbalance = 0.269862
depth=1 : removed 0/38
depth=2 : removed 36/72
nodes left = 1346
steps left = 10
using 0.0780188s out of 8.84187s left
----MOST-BALANCED-MOVES----
CIRCLE (2, 13) Q=48% : H=1 : Visit=2 : 37
CROSS  (0, 10) Q=51.5% : H=1 : Visit=1 : 29
---------------------------
median imbalance = 0.187618
depth=1 : removed 0/38
depth=2 : removed 42/84
nodes left = 1304
steps left = 10
using 0.0773303s out of 8.76385s left
----MOST-BALANCED-MOVES----
CIRCLE (2, 13) Q=50.6% : H=1 : Visit=4 : 37
CROSS  (0, 11) Q=50.2% : H=1 : Visit=1 : 36
---------------------------
median imbalance = 0.15083
depth=1 : removed 0/38
depth=2 : removed 45/90
nodes left = 1259
steps left = 10
using 0.076648s out of 8.68652s left
----MOST-BALANCED-MOVES----
CIRCLE (2, 13) Q=51.4% : H=1 : Visit=5 : 37
CROSS  (0, 11) Q=50.2% : H=1 : Visit=1 : 36
---------------------------
median imbalance = 0.113053
depth=1 : removed 0/38
depth=2 : removed 47/93
nodes left = 1212
steps left = 10
using 0.0759717s out of 8.60988s left
----MOST-BALANCED-MOVES----
CIRCLE (2, 10) Q=76.9% : H=1 : Visit=7 : 37
CROSS  (1, 10) Q=49.8% : H=1 : Visit=1 : 20
---------------------------
median imbalance = 0.094257
depth=1 : removed 0/38
depth=2 : removed 47/94
nodes left = 1165
steps left = 10
using 0.0753013s out of 8.5339s left
----MOST-BALANCED-MOVES----
CIRCLE (2, 10) Q=75.6% : H=1 : Visit=8 : 37
CROSS  (1, 10) Q=49.8% : H=1 : Visit=1 : 20
---------------------------
median imbalance = 0.0833878
depth=1 : removed 0/38
depth=2 : removed 48/95
nodes left = 1117
steps left = 10
using 0.0746369s out of 8.4586s left
----MOST-BALANCED-MOVES----
CIRCLE (2, 10) Q=75.9% : H=1 : Visit=9 : 37
CROSS  (1, 10) Q=49.8% : H=1 : Visit=1 : 20
---------------------------
median imbalance = 0.0733914
depth=1 : removed 0/38
depth=2 : removed 48/96
nodes left = 1069
steps left = 10
using 0.0739783s out of 8.38397s left
----MOST-BALANCED-MOVES----
CIRCLE (2, 10) Q=73.4% : H=1 : Visit=11 : 37
CROSS  (1, 10) Q=49.8% : H=1 : Visit=1 : 20
---------------------------
median imbalance = 0.0690504
depth=1 : removed 0/38
depth=2 : removed 48/96
nodes left = 1021
steps left = 9
using 0.110967s out of 8.30999s left
----MOST-BALANCED-MOVES----
CIRCLE (2, 10) Q=72.7% : H=1 : Visit=13 : 37
CROSS  (1, 10) Q=49.8% : H=1 : Visit=1 : 20
---------------------------
median imbalance = 0.172074
depth=1 : removed 0/38
depth=2 : removed 74/147
nodes left = 947
steps left = 9
using 0.109486s out of 8.19902s left
----MOST-BALANCED-MOVES----
CIRCLE (2, 10) Q=64.1% : H=0.999 : Visit=16 : 37
CROSS  (1, 10) Q=49.8% : H=1 : Visit=1 : 20
---------------------------
median imbalance = 0.175133
depth=1 : removed 0/38
depth=2 : removed 85/169
nodes left = 862
steps left = 9
using 0.108024s out of 8.08953s left
----MOST-BALANCED-MOVES----
CIRCLE (2, 10) Q=61.9% : H=1 : Visit=18 : 37
CROSS  (1, 10) Q=49.8% : H=1 : Visit=1 : 20
---------------------------
median imbalance = 0.152867
depth=1 : removed 0/38
depth=2 : removed 92/183
nodes left = 770
steps left = 9
using 0.106581s out of 7.98151s left
----MOST-BALANCED-MOVES----
CIRCLE (4, 12) Q=51% : H=1 : Visit=21 : 37
CROSS  (3, 13) Q=50.1% : H=1 : Visit=1 : 25
---------------------------
median imbalance = 0.0869402
depth=1 : removed 0/38
depth=2 : removed 86/171
nodes left = 684
steps left = 9
using 0.105158s out of 7.87493s left
----MOST-BALANCED-MOVES----
CIRCLE (4, 12) Q=49.6% : H=1 : Visit=23 : 37
CROSS  (3, 13) Q=50.1% : H=1 : Visit=1 : 25
---------------------------
median imbalance = 0.0795966
depth=1 : removed 0/38
depth=2 : removed 91/181
nodes left = 593
steps left = 9
using 0.103754s out of 7.76977s left
----MOST-BALANCED-MOVES----
CIRCLE (3, 10) Q=60% : H=0.999 : Visit=28 : 37
CROSS  (5, 12) Q=49.8% : H=1 : Visit=1 : 26
---------------------------
median imbalance = 0.0712221
depth=1 : removed 0/38
depth=2 : removed 93/186
nodes left = 500
steps left = 8
using 0.155631s out of 7.66602s left
----MOST-BALANCED-MOVES----
CIRCLE (3, 10) Q=61.2% : H=1 : Visit=31 : 37
CROSS  (5, 12) Q=49.8% : H=1 : Visit=1 : 26
---------------------------
median imbalance = 0.0623049
depth=1 : removed 0/38
depth=2 : removed 95/189
nodes left = 405
steps left = 8
using 0.152471s out of 7.51039s left
----MOST-BALANCED-MOVES----
CIRCLE (3, 10) Q=62.4% : H=0.999 : Visit=34 : 37
CROSS  (5, 12) Q=49.8% : H=1 : Visit=1 : 26
---------------------------
median imbalance = 0.062046
depth=1 : removed 1/38
depth=2 : removed 90/179
nodes left = 315
steps left = 8
using 0.149376s out of 7.35792s left
----MOST-BALANCED-MOVES----
CIRCLE (3, 10) Q=63.9% : H=0.999 : Visit=38 : 37
CROSS  (5, 12) Q=49.8% : H=1 : Visit=1 : 26
---------------------------
median imbalance = 0.0556733
depth=1 : removed 5/38
depth=2 : removed 75/150
nodes left = 240
steps left = 7
using 0.224063s out of 7.20854s left
----MOST-BALANCED-MOVES----
CIRCLE (2, 12) Q=35.1% : H=1 : Visit=32 : 37
CROSS  (7, 13) Q=50% : H=1 : Visit=1 : 26
---------------------------
median imbalance = 0.102424
depth=1 : removed 5/38
depth=2 : removed 84/168
nodes left = 156
steps left = 7
using 0.217099s out of 6.98448s left
----MOST-BALANCED-MOVES----
CIRCLE (2, 12) Q=38.1% : H=1 : Visit=37 : 37
CROSS  (7, 13) Q=50% : H=1 : Visit=1 : 26
---------------------------
median imbalance = 0.0705911
depth=1 : removed 7/38
depth=2 : removed 66/132
nodes left = 90
steps left = 6
using 0.325648s out of 6.76738s left
----MOST-BALANCED-MOVES----
CIRCLE (7, 12) Q=53.1% : H=1 : Visit=46 : 37
CROSS  (2, 13) Q=50% : H=1 : Visit=3 : 36
---------------------------
median imbalance = 0.0634011
depth=1 : removed 13/38
depth=2 : removed 45/90
nodes left = 45
steps left = 5
using 0.488472s out of 6.44173s left
----MOST-BALANCED-MOVES----
CIRCLE (0, 10) Q=17.9% : H=1 : Visit=39 : 37
CROSS  (9, 14) Q=49.9% : H=1 : Visit=2 : 48
---------------------------
median imbalance = 0.0378949
depth=1 : removed 22/38
depth=2 : removed 22/45
nodes left = 23
steps left = 4
using 0.732709s out of 5.95326s left
----MOST-BALANCED-MOVES----
CIRCLE (4, 14) Q=25.1% : H=1 : Visit=48 : 37
CROSS  (8, 14) Q=49.9% : H=1 : Visit=6 : 48
---------------------------
median imbalance = 0.0261658
depth=1 : removed 27/38
depth=2 : removed 12/23
nodes left = 11
steps left = 3
using 1.09906s out of 5.22055s left
----MOST-BALANCED-MOVES----
CIRCLE (0, 10) Q=31.5% : H=1 : Visit=68 : 37
CROSS  (9, 14) Q=50.1% : H=1 : Visit=31 : 48
---------------------------
median imbalance = 0.0165149
depth=1 : removed 32/38
depth=2 : removed 5/11
nodes left = 6
steps left = 2
using 1.64859s out of 4.12149s left
----MOST-BALANCED-MOVES----
CIRCLE (0, 9) Q=39.9% : H=0.999 : Visit=112 : 37
CROSS  (8, 14) Q=49.8% : H=1 : Visit=68 : 56
---------------------------
median imbalance = 0.00586723
depth=1 : removed 34/38
depth=2 : removed 2/6
nodes left = 4
steps left = 2
using 0.989157s out of 2.47289s left
----MOST-BALANCED-MOVES----
CIRCLE (0, 9) Q=45.6% : H=0.999 : Visit=242 : 37
CROSS  (8, 14) Q=49.5% : H=1 : Visit=198 : 56
---------------------------
median imbalance = 0.00147119
depth=1 : removed 36/38
depth=2 : removed 2/4
nodes left = 2
steps left = 1
using 1.48374s out of 1.48374s left
----MOST-BALANCED-MOVES----
CIRCLE (0, 10) Q=46.4% : H=1 : Visit=357 : 37
CROSS  (9, 14) Q=50% : H=0.999 : Visit=320 : 48
---------------------------
median imbalance = 0.00765111
depth=1 : removed 37/38
depth=2 : removed 1/2
Answered : MESSAGE depth 1-11 ev 47.8 n 4883 n/s 399 tm 12230 pv Oa10 Xj14 Oe9 Xf10 Og10 Xe8 Of11 Xh9 Od9 Xe10 Ob9
Overall 38 children
sum of visits = 769
BEST
CIRCLE (0, 10) Q=48.6% : H=1 : Visit=732 : 37
CIRCLE (0, 11) Q=0% : H=0 : Visit=1 : 37
CIRCLE (1, 9) Q=0% : H=0 : Visit=1 : 37
CIRCLE (4, 14) Q=0% : H=0 : Visit=1 : 37
CIRCLE (4, 12) Q=0% : H=0 : Visit=1 : 37
CIRCLE (3, 12) Q=0% : H=0 : Visit=1 : 37
CIRCLE (2, 12) Q=0% : H=0 : Visit=1 : 37
CIRCLE (0, 9) Q=0% : H=0 : Visit=1 : 37
CIRCLE (3, 9) Q=0% : H=0 : Visit=1 : 37
CIRCLE (7, 13) Q=0% : H=0 : Visit=1 : 37
WORST
CIRCLE (1, 12) Q=0% : H=0 : Visit=1 : 37
CIRCLE (2, 9) Q=0% : H=0 : Visit=1 : 37
CIRCLE (3, 11) Q=0% : H=0 : Visit=1 : 37
CIRCLE (4, 9) Q=0% : H=0 : Visit=1 : 37
CIRCLE (3, 10) Q=0% : H=0 : Visit=1 : 37
CIRCLE (6, 12) Q=0% : H=0 : Visit=1 : 37
CIRCLE (1, 10) Q=0% : H=0 : Visit=1 : 37
CIRCLE (4, 13) Q=0% : H=0 : Visit=1 : 37
CIRCLE (2, 10) Q=0% : H=0 : Visit=1 : 37
CIRCLE (5, 12) Q=0% : H=0 : Visit=1 : 37
  _   _   _   _   _   _   _   _   _    1 951   1   1   1  _ 
  _   _   _   _   _   _   _   _   _    1   1   1   1   1  _ 
  _   _   _   _   _   _   _   _   _    1   1  X    1   1  _ 
  _   _   _   _   _   _   _   _   _    1   1   1   1   1  _ 
  _   _   _   _   _   _   _   _   _    1   1   1   1   1   1
  _   _   _   _   _   _   _   _   _   _   _   _    1   1   1
  _   _   _   _   _   _   _   _   _   _   _   _    1   1  O 
  _   _   _   _   _   _   _   _   _   _   _   _    1   1  X 
  _   _   _   _   _   _   _   _   _   _   _   _    1   1   1
  _   _   _   _   _   _   _   _   _   _   _   _    1   1   1
  _   _   _   _   _   _   _   _   _   _   _   _   _   _   _ 
  _   _   _   _   _   _   _   _   _   _   _   _   _   _   _ 
  _   _   _   _   _   _   _   _   _   _   _   _   _   _   _ 
  _   _   _   _   _   _   _   _   _   _   _   _   _   _   _ 
  _   _   _   _   _   _   _   _   _   _   _   _   _   _   _ 

nodes used 141k / 42M (0.3%)
memory = 1285.67 MB
0 : CROSS  (-1, -1) Q=52.1% : H=1 : Visit=4881 : 38
1 : CIRCLE (0, 10) Q=48.6% : H=1 : Visit=732 : 37
2 : CROSS  (9, 14) Q=49.5% : H=1 : Visit=695 : 48
3 : CIRCLE (4, 9) Q=51.5% : H=0.501 : Visit=446 : 48
4 : CROSS  (5, 10) Q=51.9% : H=0.191 : Visit=182 : 27
5 : CIRCLE (6, 10) Q=49.4% : H=0.339 : Visit=73 : 40
6 : CROSS  (4, 8) Q=57.5% : H=0.183 : Visit=26 : 30
7 : CIRCLE (5, 11) Q=37.5% : H=0.393 : Visit=8 : 22
8 : CROSS  (7, 9) Q=65.5% : H=0.943 : Visit=7 : 35
9 : CIRCLE (3, 9) Q=36.6% : H=0.241 : Visit=2 : 23
10 : CROSS  (4, 10) Q=67.4% : H=0.58 : Visit=1 : 44
11 : CIRCLE (1, 9) Q=0% : H=0 : Visit=0 : 0
Total 11 moves ahead
----NNCACHE-INFO----
memory = 5.96483 MB / 857.112MB
stored = 5296 elements
calls  = 5575
hits   = 277 (4.9%)
--------------------
----MOST-BALANCED-MOVES----
CIRCLE (0, 10) Q=48.6% : H=1 : Visit=732 : 37
CROSS  (9, 14) Q=49.5% : H=1 : Visit=695 : 48
---------------------------
Answered : 10,0 14,9
Got : END
