Compiled on Apr 23 2020 at 02:42:48
Launched in Engine\
Answered : MESSAGE Detected following devices : CPU : GenuineIntel : 4 x AVX with 4043MB of memory
Answered : MESSAGE Using : CPU : GenuineIntel : 4 x AVX with 4043MB of memory
Got : START 15
Answered : OK
Got : INFO max_memory 2306867200
Got : INFO timeout_match 60000
Got : INFO timeout_turn 60000
Got : INFO game_type 1
Got : INFO rule 1
Got : INFO time_left 60000
Got : SWAP2BOARD
Got : 7,7
Got : 7,8
Got : 7,3
Got : DONE
Answered : MESSAGE depth 1-13 ev 51.9 n 564 n/s 368 tm 1528 pv Oi8 Xi9 Oj8 Xh8 Oh6 Xk9 Oi6 Xh9 Oj9 Xj10 Og7 Xi5 Of4
Overall 222 children
sum of visits = 534
BEST
CIRCLE (8, 8) Q=54.6% : H=0.317 : Visit=163 : 32
CIRCLE (9, 8) Q=55.6% : H=0.066 : Visit=112 : 34
CIRCLE (8, 6) Q=53.6% : H=0.181 : Visit=106 : 32
CIRCLE (9, 6) Q=53.8% : H=0.107 : Visit=95 : 32
CIRCLE (7, 8) Q=36% : H=0.077 : Visit=11 : 31
CIRCLE (6, 6) Q=32.1% : H=0.093 : Visit=10 : 35
CIRCLE (8, 9) Q=47.6% : H=0.028 : Visit=9 : 35
CIRCLE (6, 8) Q=30.1% : H=0.059 : Visit=6 : 31
CIRCLE (8, 5) Q=49% : H=0.014 : Visit=5 : 36
CIRCLE (7, 6) Q=39.9% : H=0.021 : Visit=3 : 31
WORST
CIRCLE (11, 5) Q=0% : H=0 : Visit=0 : 0
CIRCLE (11, 6) Q=0% : H=0 : Visit=0 : 0
CIRCLE (4, 5) Q=0% : H=0 : Visit=0 : 0
CIRCLE (7, 11) Q=0% : H=0 : Visit=0 : 0
CIRCLE (7, 3) Q=0% : H=0 : Visit=0 : 0
CIRCLE (8, 11) Q=0% : H=0 : Visit=0 : 0
CIRCLE (4, 9) Q=0% : H=0 : Visit=0 : 0
CIRCLE (11, 8) Q=0% : H=0 : Visit=0 : 0
CIRCLE (11, 9) Q=0% : H=0 : Visit=0 : 0
CIRCLE (5, 10) Q=0% : H=0 : Visit=0 : 0
  _   _   _   _   _   _   _   _   _   _   _   _   _   _   _ 
  _   _   _   _   _   _   _   _   _   _   _   _   _   _   _ 
  _   _   _   _   _   _   _   _   _   _   _   _   _   _   _ 
  _   _   _   _   _   _   _   X   _   _   _   _   _   _   _ 
  _   _   _   _   _   _   _   _   _   _   _   _   _   _   _ 
  _   _   _   _   _   _   _   _    1  _   _   _   _   _   _ 
  _   _   _   _   _    1  18   1  11   1  _   _   _   _   _ 
  _   _   _   _   _    1   5  X   20   1  _   _   _   _   _ 
  _   _   _   _   _    9 198  O  305  16  _   _   _   _   _ 
  _   _   _   _   _    1 177   1 209   1   1  _   _   _   _ 
  _   _   _   _   _    1   1   1   1  _   _   _   _   _   _ 
  _   _   _   _   _   _   _   _   _   _   _   _   _   _   _ 
  _   _   _   _   _   _   _   _   _   _   _   _   _   _   _ 
  _   _   _   _   _   _   _   _   _   _   _   _   _   _   _ 
  _   _   _   _   _   _   _   _   _   _   _   _   _   _   _ 

nodes used 13k / 42M (0%)
memory = 1285.67 MB
0 : CROSS  (-1, -1) Q=48% : H=1 : Visit=535 : 222
1 : CIRCLE (8, 8) Q=54.6% : H=0.317 : Visit=163 : 32
2 : CROSS  (8, 9) Q=48.5% : H=0.663 : Visit=135 : 29
3 : CIRCLE (9, 8) Q=55.1% : H=0.341 : Visit=58 : 21
4 : CROSS  (7, 8) Q=48.6% : H=0.732 : Visit=51 : 14
5 : CIRCLE (7, 6) Q=53% : H=0.803 : Visit=47 : 8
6 : CROSS  (10, 9) Q=47.5% : H=0.774 : Visit=38 : 21
7 : CIRCLE (8, 6) Q=68.5% : H=0.128 : Visit=16 : 28
8 : CROSS  (7, 9) Q=30.3% : H=0.275 : Visit=6 : 18
9 : CIRCLE (9, 9) Q=73% : H=0.821 : Visit=5 : 35
10 : CROSS  (9, 10) Q=23.7% : H=0.635 : Visit=3 : 20
11 : CIRCLE (6, 7) Q=93.1% : H=0.713 : Visit=2 : 50
12 : CROSS  (8, 5) Q=9.2% : H=0.366 : Visit=1 : 22
13 : CIRCLE (5, 4) Q=0% : H=0 : Visit=0 : 0
Total 13 moves ahead
----NNCACHE-INFO----
memory = 0.612701 MB / 857.112MB
stored = 544 elements
calls  = 564
hits   = 6 (1%)
--------------------
nodes left = 2162
steps left = 11
using 0.0526331s out of 9s left
median imbalance = 0.42116
depth=1 : removed 0/47
depth=2 : removed 16/32
nodes left = 2146
steps left = 11
using 0.0523253s out of 8.94737s left
----MOST-BALANCED-MOVES----
CIRCLE (4, 9) Q=48.2% : H=1 : Visit=1 : 46
CROSS  (1, 5) Q=51.7% : H=1 : Visit=1 : 30
---------------------------
median imbalance = 0.482019
depth=1 : removed 0/47
depth=2 : removed 24/48
nodes left = 2122
steps left = 11
using 0.0520193s out of 8.89504s left
----MOST-BALANCED-MOVES----
CIRCLE (4, 9) Q=48.2% : H=1 : Visit=1 : 46
CROSS  (1, 5) Q=51.7% : H=1 : Visit=1 : 30
---------------------------
median imbalance = 0.395557
depth=1 : removed 0/47
depth=2 : removed 28/56
nodes left = 2094
steps left = 11
using 0.0517151s out of 8.84302s left
----MOST-BALANCED-MOVES----
CIRCLE (4, 9) Q=61.7% : H=1 : Visit=2 : 46
CROSS  (1, 5) Q=51.7% : H=1 : Visit=1 : 30
---------------------------
median imbalance = 0.313595
depth=1 : removed 0/47
depth=2 : removed 30/60
nodes left = 2064
steps left = 11
using 0.0514126s out of 8.79131s left
----MOST-BALANCED-MOVES----
CIRCLE (4, 9) Q=53.3% : H=1 : Visit=3 : 46
CROSS  (1, 5) Q=51.7% : H=1 : Visit=1 : 30
---------------------------
median imbalance = 0.312841
depth=1 : removed 0/47
depth=2 : removed 39/78
nodes left = 2025
steps left = 10
using 0.0771189s out of 8.73989s left
----MOST-BALANCED-MOVES----
CIRCLE (4, 6) Q=45.4% : H=1 : Visit=4 : 46
CROSS  (1, 8) Q=51.1% : H=1 : Visit=1 : 40
---------------------------
median imbalance = 0.298963
depth=1 : removed 0/47
depth=2 : removed 44/87
nodes left = 1981
steps left = 10
using 0.0764385s out of 8.66278s left
----MOST-BALANCED-MOVES----
CIRCLE (4, 6) Q=52.6% : H=1 : Visit=5 : 46
CROSS  (1, 8) Q=51.1% : H=1 : Visit=1 : 40
---------------------------
median imbalance = 0.27032
depth=1 : removed 0/47
depth=2 : removed 46/91
nodes left = 1935
steps left = 10
using 0.075764s out of 8.58634s left
----MOST-BALANCED-MOVES----
CIRCLE (4, 6) Q=46.2% : H=1 : Visit=6 : 46
CROSS  (1, 8) Q=51.1% : H=1 : Visit=1 : 40
---------------------------
median imbalance = 0.252139
depth=1 : removed 0/47
depth=2 : removed 48/93
nodes left = 1887
steps left = 10
using 0.0750955s out of 8.51057s left
----MOST-BALANCED-MOVES----
CIRCLE (4, 6) Q=46.2% : H=1 : Visit=6 : 46
CROSS  (1, 8) Q=51.1% : H=1 : Visit=1 : 40
---------------------------
median imbalance = 0.240862
depth=1 : removed 0/47
depth=2 : removed 47/93
nodes left = 1840
steps left = 10
using 0.0744328s out of 8.43548s left
----MOST-BALANCED-MOVES----
CIRCLE (4, 6) Q=42.4% : H=1 : Visit=7 : 46
CROSS  (1, 8) Q=51.1% : H=1 : Visit=1 : 40
---------------------------
median imbalance = 0.227128
depth=1 : removed 0/47
depth=2 : removed 47/94
nodes left = 1793
steps left = 10
using 0.073776s out of 8.36105s left
----MOST-BALANCED-MOVES----
CIRCLE (4, 6) Q=38.4% : H=1 : Visit=8 : 46
CROSS  (1, 8) Q=51.1% : H=1 : Visit=1 : 40
---------------------------
median imbalance = 0.203707
depth=1 : removed 0/47
depth=2 : removed 48/95
nodes left = 1745
steps left = 10
using 0.0731251s out of 8.28727s left
----MOST-BALANCED-MOVES----
CIRCLE (4, 6) Q=38.3% : H=1 : Visit=9 : 46
CROSS  (1, 8) Q=51.1% : H=1 : Visit=1 : 40
---------------------------
median imbalance = 0.175899
depth=1 : removed 0/47
depth=2 : removed 48/95
nodes left = 1697
steps left = 10
using 0.0724798s out of 8.21414s left
----MOST-BALANCED-MOVES----
CIRCLE (4, 6) Q=38.3% : H=1 : Visit=10 : 46
CROSS  (1, 8) Q=51.1% : H=1 : Visit=1 : 40
---------------------------
median imbalance = 0.164765
depth=1 : removed 0/47
depth=2 : removed 48/95
nodes left = 1649
steps left = 10
using 0.0718403s out of 8.14166s left
----MOST-BALANCED-MOVES----
CIRCLE (4, 6) Q=35.2% : H=1 : Visit=11 : 46
CROSS  (1, 8) Q=51.1% : H=1 : Visit=1 : 40
---------------------------
median imbalance = 0.156511
depth=1 : removed 0/47
depth=2 : removed 48/95
nodes left = 1601
steps left = 10
using 0.0712064s out of 8.06982s left
----MOST-BALANCED-MOVES----
CIRCLE (4, 6) Q=32.6% : H=1 : Visit=12 : 46
CROSS  (1, 8) Q=51.1% : H=1 : Visit=1 : 40
---------------------------
median imbalance = 0.130653
depth=1 : removed 0/47
depth=2 : removed 50/100
nodes left = 1551
steps left = 10
using 0.0705781s out of 7.99862s left
----MOST-BALANCED-MOVES----
CIRCLE (9, 7) Q=90.9% : H=0.999 : Visit=16 : 46
CROSS  (4, 6) Q=51% : H=1 : Visit=1 : 26
---------------------------
median imbalance = 0.121004
depth=1 : removed 0/47
depth=2 : removed 50/99
nodes left = 1501
steps left = 10
using 0.0699553s out of 7.92804s left
----MOST-BALANCED-MOVES----
CIRCLE (9, 7) Q=86.5% : H=1 : Visit=18 : 46
CROSS  (4, 6) Q=51% : H=1 : Visit=1 : 26
---------------------------
median imbalance = 0.106223
depth=1 : removed 0/47
depth=2 : removed 51/101
nodes left = 1450
steps left = 10
using 0.069338s out of 7.85808s left
----MOST-BALANCED-MOVES----
CIRCLE (9, 7) Q=87.2% : H=1 : Visit=19 : 46
CROSS  (4, 6) Q=51% : H=1 : Visit=1 : 26
---------------------------
median imbalance = 0.101092
depth=1 : removed 0/47
depth=2 : removed 50/99
nodes left = 1400
steps left = 10
using 0.0687262s out of 7.78875s left
----MOST-BALANCED-MOVES----
CIRCLE (9, 7) Q=83.4% : H=1 : Visit=20 : 46
CROSS  (4, 6) Q=51% : H=1 : Visit=1 : 26
---------------------------
median imbalance = 0.0999835
depth=1 : removed 0/47
depth=2 : removed 51/101
nodes left = 1349
steps left = 10
using 0.0681198s out of 7.72002s left
----MOST-BALANCED-MOVES----
CIRCLE (9, 7) Q=84.1% : H=1 : Visit=21 : 46
CROSS  (4, 6) Q=51% : H=1 : Visit=1 : 26
---------------------------
median imbalance = 0.0903528
depth=1 : removed 0/47
depth=2 : removed 52/104
nodes left = 1297
steps left = 10
using 0.0675187s out of 7.6519s left
----MOST-BALANCED-MOVES----
CIRCLE (9, 7) Q=84.5% : H=1 : Visit=23 : 46
CROSS  (4, 6) Q=51% : H=1 : Visit=1 : 26
---------------------------
median imbalance = 0.0886298
depth=1 : removed 0/47
depth=2 : removed 51/102
nodes left = 1246
steps left = 10
using 0.0669229s out of 7.58438s left
----MOST-BALANCED-MOVES----
CIRCLE (9, 7) Q=81.9% : H=1 : Visit=24 : 46
CROSS  (4, 6) Q=51% : H=1 : Visit=1 : 26
---------------------------
median imbalance = 0.0872698
depth=1 : removed 0/47
depth=2 : removed 53/105
nodes left = 1193
steps left = 10
using 0.0663324s out of 7.51746s left
----MOST-BALANCED-MOVES----
CIRCLE (9, 7) Q=82% : H=0.999 : Visit=26 : 46
CROSS  (4, 6) Q=51% : H=1 : Visit=1 : 26
---------------------------
median imbalance = 0.0743945
depth=1 : removed 0/47
depth=2 : removed 53/105
nodes left = 1140
steps left = 10
using 0.0657471s out of 7.45113s left
----MOST-BALANCED-MOVES----
CIRCLE (9, 7) Q=81.7% : H=1 : Visit=27 : 46
CROSS  (4, 6) Q=51% : H=1 : Visit=1 : 26
---------------------------
median imbalance = 0.0701795
depth=1 : removed 0/47
depth=2 : removed 51/102
nodes left = 1089
steps left = 10
using 0.065167s out of 7.38538s left
----MOST-BALANCED-MOVES----
CIRCLE (10, 8) Q=76.4% : H=0.999 : Visit=28 : 46
CROSS  (6, 8) Q=50.4% : H=1 : Visit=1 : 21
---------------------------
median imbalance = 0.0671604
depth=1 : removed 0/47
depth=2 : removed 51/102
nodes left = 1038
steps left = 10
using 0.064592s out of 7.32021s left
----MOST-BALANCED-MOVES----
CIRCLE (10, 8) Q=77% : H=0.999 : Visit=29 : 46
CROSS  (6, 8) Q=50.4% : H=1 : Visit=1 : 21
---------------------------
median imbalance = 0.0646864
depth=1 : removed 0/47
depth=2 : removed 51/101
nodes left = 987
steps left = 9
using 0.0968879s out of 7.25562s left
----MOST-BALANCED-MOVES----
CIRCLE (10, 8) Q=77.2% : H=0.999 : Visit=30 : 46
CROSS  (6, 8) Q=50.4% : H=1 : Visit=1 : 21
---------------------------
median imbalance = 0.0594906
depth=1 : removed 0/47
depth=2 : removed 52/103
nodes left = 935
steps left = 9
using 0.0955941s out of 7.15873s left
----MOST-BALANCED-MOVES----
CIRCLE (10, 8) Q=76.1% : H=1 : Visit=32 : 46
CROSS  (6, 8) Q=50.4% : H=1 : Visit=1 : 21
---------------------------
median imbalance = 0.0575909
depth=1 : removed 0/47
depth=2 : removed 51/102
nodes left = 884
steps left = 9
using 0.0943176s out of 7.06314s left
----MOST-BALANCED-MOVES----
CIRCLE (10, 8) Q=75.7% : H=0.999 : Visit=33 : 46
CROSS  (6, 8) Q=50.4% : H=1 : Visit=1 : 21
---------------------------
median imbalance = 0.0546882
depth=1 : removed 0/47
depth=2 : removed 50/99
nodes left = 834
steps left = 9
using 0.0930582s out of 6.96882s left
----MOST-BALANCED-MOVES----
CIRCLE (10, 8) Q=76.2% : H=0.999 : Visit=34 : 46
CROSS  (6, 8) Q=50.4% : H=1 : Visit=1 : 21
---------------------------
median imbalance = 0.0521286
depth=1 : removed 0/47
depth=2 : removed 50/99
nodes left = 784
steps left = 9
using 0.0918155s out of 6.87576s left
----MOST-BALANCED-MOVES----
CIRCLE (7, 8) Q=83.9% : H=0.999 : Visit=38 : 46
CROSS  (9, 6) Q=49.7% : H=1 : Visit=1 : 28
---------------------------
median imbalance = 0.0507788
depth=1 : removed 0/47
depth=2 : removed 49/97
nodes left = 735
steps left = 9
using 0.0905894s out of 6.78395s left
----MOST-BALANCED-MOVES----
CIRCLE (7, 8) Q=83.9% : H=1 : Visit=40 : 46
CROSS  (9, 6) Q=49.7% : H=1 : Visit=1 : 28
---------------------------
median imbalance = 0.0499734
depth=1 : removed 0/47
depth=2 : removed 48/96
nodes left = 687
steps left = 9
using 0.0893798s out of 6.69336s left
----MOST-BALANCED-MOVES----
CIRCLE (7, 8) Q=84.1% : H=1 : Visit=41 : 46
CROSS  (9, 6) Q=49.7% : H=1 : Visit=1 : 28
---------------------------
median imbalance = 0.0489948
depth=1 : removed 0/47
depth=2 : removed 48/96
nodes left = 639
steps left = 9
using 0.0881862s out of 6.60398s left
----MOST-BALANCED-MOVES----
CIRCLE (7, 8) Q=84.8% : H=1 : Visit=43 : 46
CROSS  (9, 6) Q=49.7% : H=1 : Visit=1 : 28
---------------------------
median imbalance = 0.0511807
depth=1 : removed 4/47
depth=2 : removed 47/94
nodes left = 592
steps left = 9
using 0.0870086s out of 6.51579s left
----MOST-BALANCED-MOVES----
CIRCLE (7, 8) Q=85.1% : H=1 : Visit=44 : 46
CROSS  (9, 6) Q=49.7% : H=1 : Visit=1 : 28
---------------------------
median imbalance = 0.048648
depth=1 : removed 4/47
depth=2 : removed 48/95
nodes left = 544
steps left = 9
using 0.0858468s out of 6.42878s left
----MOST-BALANCED-MOVES----
CIRCLE (7, 8) Q=85.6% : H=1 : Visit=46 : 46
CROSS  (9, 6) Q=49.7% : H=1 : Visit=1 : 28
---------------------------
median imbalance = 0.046808
depth=1 : removed 5/47
depth=2 : removed 45/89
nodes left = 499
steps left = 8
using 0.12877s out of 6.34294s left
----MOST-BALANCED-MOVES----
CIRCLE (7, 8) Q=85.3% : H=1 : Visit=47 : 46
CROSS  (9, 6) Q=49.7% : H=1 : Visit=1 : 28
---------------------------
median imbalance = 0.387347
depth=1 : removed 8/47
depth=2 : removed 59/118
nodes left = 440
steps left = 8
using 0.126156s out of 6.21417s left
----MOST-BALANCED-MOVES----
CIRCLE (8, 5) Q=84.1% : H=1 : Visit=50 : 46
CROSS  (8, 6) Q=50% : H=1 : Visit=4 : 16
---------------------------
median imbalance = 0.328688
depth=1 : removed 8/47
depth=2 : removed 60/119
nodes left = 380
steps left = 8
using 0.123595s out of 6.08801s left
----MOST-BALANCED-MOVES----
CIRCLE (5, 6) Q=36% : H=1 : Visit=37 : 46
CROSS  (7, 9) Q=49.2% : H=1 : Visit=1 : 22
---------------------------
median imbalance = 0.170673
depth=1 : removed 10/47
depth=2 : removed 47/94
nodes left = 333
steps left = 8
using 0.121086s out of 5.96441s left
----MOST-BALANCED-MOVES----
CIRCLE (10, 8) Q=74.7% : H=0.999 : Visit=53 : 46
CROSS  (4, 8) Q=50.4% : H=1 : Visit=4 : 24
---------------------------
median imbalance = 0.192838
depth=1 : removed 10/47
depth=2 : removed 49/98
nodes left = 284
steps left = 8
using 0.118627s out of 5.84333s left
----MOST-BALANCED-MOVES----
CIRCLE (10, 6) Q=75.3% : H=0.999 : Visit=57 : 46
CROSS  (7, 8) Q=50% : H=1 : Visit=4 : 22
---------------------------
median imbalance = 0.191919
depth=1 : removed 10/47
depth=2 : removed 50/102
nodes left = 234
steps left = 7
using 0.177941s out of 5.7247s left
----MOST-BALANCED-MOVES----
CIRCLE (5, 6) Q=42.5% : H=1 : Visit=46 : 46
CROSS  (7, 9) Q=49.2% : H=1 : Visit=1 : 22
---------------------------
median imbalance = 0.157017
depth=1 : removed 12/47
depth=2 : removed 47/95
nodes left = 187
steps left = 7
using 0.17241s out of 5.54676s left
----MOST-BALANCED-MOVES----
CIRCLE (6, 6) Q=64% : H=0.999 : Visit=59 : 46
CROSS  (9, 6) Q=50.6% : H=1 : Visit=6 : 33
---------------------------
median imbalance = 0.147333
depth=1 : removed 15/47
depth=2 : removed 43/85
nodes left = 144
steps left = 7
using 0.167051s out of 5.37435s left
----MOST-BALANCED-MOVES----
CIRCLE (5, 8) Q=43.3% : H=1 : Visit=52 : 46
CROSS  (2, 6) Q=49.7% : H=1 : Visit=4 : 25
---------------------------
median imbalance = 0.10254
depth=1 : removed 16/47
depth=2 : removed 35/71
nodes left = 109
steps left = 6
using 0.250577s out of 5.2073s left
----MOST-BALANCED-MOVES----
CIRCLE (4, 7) Q=22.9% : H=1 : Visit=46 : 46
CROSS  (10, 8) Q=50.2% : H=1 : Visit=1 : 27
---------------------------
median imbalance = 0.23505
depth=1 : removed 16/47
depth=2 : removed 42/83
nodes left = 67
steps left = 6
using 0.238519s out of 4.95672s left
----MOST-BALANCED-MOVES----
CIRCLE (4, 9) Q=24.4% : H=1 : Visit=50 : 46
CROSS  (1, 8) Q=49.2% : H=1 : Visit=3 : 40
---------------------------
median imbalance = 0.149395
depth=1 : removed 28/47
depth=2 : removed 34/67
nodes left = 33
steps left = 5
using 0.357778s out of 4.7182s left
----MOST-BALANCED-MOVES----
CIRCLE (4, 7) Q=27.2% : H=0.999 : Visit=55 : 46
CROSS  (10, 6) Q=50.7% : H=1 : Visit=3 : 26
---------------------------
median imbalance = 0.0561576
depth=1 : removed 35/47
depth=2 : removed 16/33
nodes left = 17
steps left = 4
using 0.536668s out of 4.36042s left
----MOST-BALANCED-MOVES----
CIRCLE (3, 5) Q=14.1% : H=0.999 : Visit=55 : 46
CROSS  (10, 9) Q=50.1% : H=1 : Visit=9 : 37
---------------------------
median imbalance = 0.0460324
depth=1 : removed 39/47
depth=2 : removed 9/17
nodes left = 8
steps left = 3
using 0.805002s out of 3.82376s left
----MOST-BALANCED-MOVES----
CIRCLE (5, 7) Q=44.4% : H=0.999 : Visit=90 : 46
CROSS  (9, 7) Q=49.7% : H=0.999 : Visit=42 : 28
---------------------------
median imbalance = 0.0701514
depth=1 : removed 42/47
depth=2 : removed 3/8
nodes left = 5
steps left = 2
using 1.2075s out of 3.01876s left
----MOST-BALANCED-MOVES----
CIRCLE (5, 7) Q=45% : H=1 : Visit=127 : 46
CROSS  (9, 7) Q=51.4% : H=1 : Visit=79 : 28
---------------------------
median imbalance = 0.0212924
depth=1 : removed 45/47
depth=2 : removed 3/5
nodes left = 2
steps left = 1
using 1.81125s out of 1.81125s left
----MOST-BALANCED-MOVES----
CIRCLE (3, 8) Q=41.5% : H=0.999 : Visit=212 : 46
CROSS  (10, 9) Q=50.6% : H=1 : Visit=153 : 31
---------------------------
median imbalance = 0.0596551
depth=1 : removed 45/47
depth=2 : removed 0/2
nodes left = 2
steps left = 1
using 0s out of 0s left
----MOST-BALANCED-MOVES----
CIRCLE (3, 8) Q=42% : H=1 : Visit=605 : 46
CROSS  (10, 9) Q=55.6% : H=1 : Visit=546 : 31
---------------------------
median imbalance = 0.0588247
depth=1 : removed 45/47
depth=2 : removed 0/2
nodes left = 2
steps left = 1
using 0s out of 0s left
----MOST-BALANCED-MOVES----
CIRCLE (3, 8) Q=42.2% : H=1 : Visit=614 : 46
CROSS  (10, 9) Q=55.5% : H=1 : Visit=555 : 31
---------------------------
median imbalance = 0.0580844
depth=1 : removed 45/47
depth=2 : removed 0/2
nodes left = 2
steps left = 1
using 0s out of 0s left
----MOST-BALANCED-MOVES----
CIRCLE (3, 8) Q=42.3% : H=1 : Visit=624 : 46
CROSS  (10, 9) Q=55.4% : H=1 : Visit=565 : 31
---------------------------
median imbalance = 0.0576206
depth=1 : removed 45/47
depth=2 : removed 0/2
nodes left = 2
steps left = 1
using 0s out of 0s left
----MOST-BALANCED-MOVES----
CIRCLE (3, 8) Q=42.4% : H=1 : Visit=633 : 46
CROSS  (10, 9) Q=55.3% : H=1 : Visit=574 : 31
---------------------------
median imbalance = 0.058338
depth=1 : removed 45/47
depth=2 : removed 0/2
nodes left = 2
steps left = 1
using 0s out of 0s left
----MOST-BALANCED-MOVES----
CIRCLE (3, 8) Q=42.6% : H=1 : Visit=643 : 46
CROSS  (10, 9) Q=55.2% : H=1 : Visit=584 : 31
---------------------------
median imbalance = 0.0595071
depth=1 : removed 45/47
depth=2 : removed 0/2
nodes left = 2
steps left = 1
using 0s out of 0s left
----MOST-BALANCED-MOVES----
CIRCLE (3, 8) Q=42.8% : H=1 : Visit=652 : 46
CROSS  (10, 9) Q=54.9% : H=1 : Visit=593 : 31
---------------------------
median imbalance = 0.0598788
depth=1 : removed 46/47
depth=2 : removed 1/2
Answered : MESSAGE depth 1-14 ev 49.0 n 5038 n/s 363 tm 13852 pv Od8 Xk9 Og6 Xf6 Oi5 Xf7 Og7 Xf8 Of9 Xg5 Og9 Xf5 Of4 Xb7
Overall 47 children
sum of visits = 710
BEST
CIRCLE (3, 8) Q=43% : H=1 : Visit=664 : 46
CIRCLE (5, 8) Q=0% : H=0 : Visit=1 : 46
CIRCLE (4, 8) Q=0% : H=0 : Visit=1 : 46
CIRCLE (10, 9) Q=0% : H=0 : Visit=1 : 46
CIRCLE (6, 6) Q=0% : H=0 : Visit=1 : 46
CIRCLE (10, 7) Q=0% : H=0 : Visit=1 : 46
CIRCLE (8, 5) Q=0% : H=0 : Visit=1 : 46
CIRCLE (9, 7) Q=0% : H=0 : Visit=1 : 46
CIRCLE (9, 8) Q=0% : H=0 : Visit=1 : 46
CIRCLE (4, 6) Q=0% : H=0 : Visit=1 : 46
WORST
CIRCLE (6, 5) Q=0% : H=0 : Visit=1 : 46
CIRCLE (5, 6) Q=0% : H=0 : Visit=1 : 46
CIRCLE (9, 6) Q=0% : H=0 : Visit=1 : 46
CIRCLE (6, 9) Q=0% : H=0 : Visit=1 : 46
CIRCLE (9, 9) Q=0% : H=0 : Visit=1 : 46
CIRCLE (10, 8) Q=0% : H=0 : Visit=1 : 46
CIRCLE (8, 8) Q=0% : H=0 : Visit=1 : 46
CIRCLE (8, 9) Q=0% : H=0 : Visit=1 : 46
CIRCLE (5, 7) Q=0% : H=0 : Visit=1 : 46
CIRCLE (6, 8) Q=0% : H=0 : Visit=1 : 46
  _   _   _   _   _   _   _   _   _   _   _   _   _   _   _ 
  _   _   _   _   _    1   1   1   1   1  _   _   _   _   _ 
  _   _   _   _   _    1   1   1   1   1  _   _   _   _   _ 
  _   _   _   _   _    1   1  X  935   1  _   _   _   _   _ 
  _   _   _   _   _    1   1   1   1   1  _   _   _   _   _ 
  _   _   _   _   _    1   1   1   1   1  _   _   _   _   _ 
  _   _   _   _   _    1   1   1   1   1  _   _   _   _   _ 
  _   _   _   _   _    1   1  X    1   1  _   _   _   _   _ 
  _   _   _   _   _    1   1  O    1   1  _   _   _   _   _ 
  _   _   _   _   _    1   1   1   1   1  _   _   _   _   _ 
  _   _   _   _   _    1   1   1   1   1  _   _   _   _   _ 
  _   _   _   _   _   _   _   _   _   _   _   _   _   _   _ 
  _   _   _   _   _   _   _   _   _   _   _   _   _   _   _ 
  _   _   _   _   _   _   _   _   _   _   _   _   _   _   _ 
  _   _   _   _   _   _   _   _   _   _   _   _   _   _   _ 

nodes used 186k / 42M (0.4%)
memory = 1285.67 MB
0 : CROSS  (-1, -1) Q=50.9% : H=1 : Visit=4979 : 47
1 : CIRCLE (3, 8) Q=43% : H=1 : Visit=664 : 46
2 : CROSS  (10, 9) Q=54.8% : H=1 : Visit=605 : 31
3 : CIRCLE (6, 6) Q=47.4% : H=0.396 : Visit=391 : 43
4 : CROSS  (5, 6) Q=58.3% : H=0.072 : Visit=300 : 32
5 : CIRCLE (8, 5) Q=47.5% : H=0.189 : Visit=122 : 35
6 : CROSS  (5, 7) Q=55.5% : H=0.522 : Visit=77 : 24
7 : CIRCLE (6, 7) Q=48.4% : H=0.35 : Visit=43 : 18
8 : CROSS  (5, 8) Q=56.3% : H=0.653 : Visit=33 : 12
9 : CIRCLE (5, 9) Q=50.1% : H=0.556 : Visit=26 : 23
10 : CROSS  (6, 5) Q=69.3% : H=0.066 : Visit=8 : 28
11 : CIRCLE (6, 9) Q=22.7% : H=0.327 : Visit=2 : 25
12 : CROSS  (5, 5) Q=79.8% : H=0.522 : Visit=1 : 1
13 : CIRCLE (5, 4) Q=20.1% : H=1 : Visit=1 : 24
14 : CROSS  (1, 7) Q=0% : H=0 : Visit=0 : 0
Total 14 moves ahead
----NNCACHE-INFO----
memory = 6.03691 MB / 857.112MB
stored = 5360 elements
calls  = 5602
hits   = 167 (2.9%)
--------------------
----MOST-BALANCED-MOVES----
CIRCLE (3, 8) Q=43% : H=1 : Visit=664 : 46
CROSS  (10, 9) Q=54.8% : H=1 : Visit=605 : 31
---------------------------
Answered : 8,3 9,10
Got : END
