Compiled on Apr 23 2020 at 02:42:48
Launched in Engine\
Answered : MESSAGE Detected following devices : CPU : GenuineIntel : 4 x AVX with 4043MB of memory
Answered : MESSAGE Using : CPU : GenuineIntel : 4 x AVX with 4043MB of memory
Got : START 15
Answered : OK
Got : INFO max_memory 2306867200
Got : INFO timeout_match 60000
Got : INFO timeout_turn 60000
Got : INFO game_type 1
Got : INFO rule 1
Got : INFO time_left 60000
Got : PONDER
Got : SWAP2BOARD
Got : 7,7
Got : 3,3
Got : 8,12
Got : DONE
Answered : MESSAGE depth 1-13 ev 33.8 n 572 n/s 374 tm 1528 pv Oe4 Xk10 Od4 Xj9 Oi8 Xl9 Oj11 Xk9 Om9 Xk8 Ok7 Xl8 Oa8
Overall 222 children
sum of visits = 555
BEST
CIRCLE (4, 4) Q=33.8% : H=0.355 : Visit=178 : 45
CIRCLE (3, 4) Q=35.7% : H=0.158 : Visit=119 : 52
CIRCLE (4, 3) Q=34.2% : H=0.185 : Visit=90 : 52
CIRCLE (2, 4) Q=35.1% : H=0.09 : Visit=65 : 46
CIRCLE (4, 2) Q=37.1% : H=0.044 : Visit=47 : 46
CIRCLE (3, 5) Q=38.8% : H=0.053 : Visit=28 : 47
CIRCLE (5, 3) Q=17.1% : H=0.071 : Visit=9 : 46
CIRCLE (2, 2) Q=17.6% : H=0.003 : Visit=1 : 48
CIRCLE (5, 1) Q=16.7% : H=0 : Visit=1 : 50
CIRCLE (3, 6) Q=9.3% : H=0 : Visit=1 : 54
WORST
CIRCLE (0, 7) Q=0% : H=0 : Visit=0 : 0
CIRCLE (6, 13) Q=0% : H=0 : Visit=0 : 0
CIRCLE (12, 9) Q=0% : H=0 : Visit=0 : 0
CIRCLE (0, 5) Q=0% : H=0 : Visit=0 : 0
CIRCLE (6, 11) Q=0% : H=0 : Visit=0 : 0
CIRCLE (12, 5) Q=0% : H=0 : Visit=0 : 0
CIRCLE (0, 6) Q=0% : H=0 : Visit=0 : 0
CIRCLE (12, 6) Q=0% : H=0 : Visit=0 : 0
CIRCLE (11, 6) Q=0% : H=0 : Visit=0 : 0
CIRCLE (4, 0) Q=0% : H=0 : Visit=0 : 0
  _   _   _   _   _   _   _   _   _   _   _   _   _   _   _ 
  _   _   _   _    1   1  _   _   _   _   _   _   _   _   _ 
  _   _    1   1 117   1  _   _   _   _   _   _   _   _   _ 
  _   _    1  O  214  50   1  _   _   _   _   _   _   _   _ 
  _   _   84 162 320   1   1  _   _   _   _   _   _   _   _ 
  _    1   1  16   1   1   1  _   _   _   _   _   _   _   _ 
  _   _    1   1   1   1  _    1  _   _   _   _   _   _   _ 
  _   _   _   _   _   _   _   X   _   _   _   _   _   _   _ 
  _   _   _   _   _   _   _   _   _   _   _   _   _   _   _ 
  _   _   _   _   _   _   _   _   _   _   _   _   _   _   _ 
  _   _   _   _   _   _   _   _   _   _   _   _   _   _   _ 
  _   _   _   _   _   _   _   _   _   _   _   _   _   _   _ 
  _   _   _   _   _   _   _   _   X   _   _   _   _   _   _ 
  _   _   _   _   _   _   _   _   _   _   _   _   _   _   _ 
  _   _   _   _   _   _   _   _   _   _   _   _   _   _   _ 

nodes used 18k / 42M (0%)
memory = 1285.67 MB
0 : CROSS  (-1, -1) Q=66.1% : H=1 : Visit=556 : 222
1 : CIRCLE (4, 4) Q=33.8% : H=0.355 : Visit=178 : 45
2 : CROSS  (10, 10) Q=75.5% : H=0.526 : Visit=145 : 30
3 : CIRCLE (3, 4) Q=19.1% : H=0.479 : Visit=46 : 45
4 : CROSS  (9, 9) Q=92.6% : H=0.402 : Visit=37 : 25
5 : CIRCLE (8, 8) Q=8.7% : H=0.433 : Visit=18 : 23
6 : CROSS  (11, 9) Q=95.7% : H=0.777 : Visit=15 : 25
7 : CIRCLE (9, 11) Q=3.4% : H=0.717 : Visit=11 : 24
8 : CROSS  (10, 9) Q=97.3% : H=0.873 : Visit=9 : 35
9 : CIRCLE (12, 9) Q=1.4% : H=0.615 : Visit=5 : 26
10 : CROSS  (10, 8) Q=98.6% : H=0.816 : Visit=4 : 39
11 : CIRCLE (10, 7) Q=1% : H=0.65 : Visit=2 : 33
12 : CROSS  (11, 8) Q=99.1% : H=0.428 : Visit=1 : 63
13 : CIRCLE (0, 8) Q=0% : H=0 : Visit=0 : 0
Total 13 moves ahead
----NNCACHE-INFO----
memory = 0.522598 MB / 857.112MB
stored = 464 elements
calls  = 572
hits   = 105 (18.3%)
--------------------
nodes left = 4970
steps left = 12
using 0.0349525s out of 9s left
median imbalance = 0.492959
depth=1 : removed 0/71
depth=2 : removed 8/16
nodes left = 4962
steps left = 12
using 0.0348167s out of 8.96505s left
----MOST-BALANCED-MOVES----
CIRCLE (1, 1) Q=95.8% : H=1 : Visit=1 : 70
CROSS  (1, 2) Q=4.1% : H=1 : Visit=1 : 23
---------------------------
median imbalance = 0.416527
depth=1 : removed 0/71
depth=2 : removed 28/56
nodes left = 4934
steps left = 12
using 0.0346815s out of 8.93023s left
----MOST-BALANCED-MOVES----
CIRCLE (12, 7) Q=51.9% : H=1 : Visit=1 : 70
CROSS  (1, 1) Q=48% : H=1 : Visit=1 : 44
---------------------------
median imbalance = 0.359962
depth=1 : removed 0/71
depth=2 : removed 38/76
nodes left = 4896
steps left = 12
using 0.0345468s out of 8.89555s left
----MOST-BALANCED-MOVES----
CIRCLE (12, 7) Q=51.9% : H=1 : Visit=1 : 70
CROSS  (1, 1) Q=48% : H=1 : Visit=1 : 44
---------------------------
median imbalance = 0.154454
depth=1 : removed 0/71
depth=2 : removed 43/86
nodes left = 4853
steps left = 12
using 0.0344126s out of 8.861s left
----MOST-BALANCED-MOVES----
CIRCLE (13, 6) Q=51.1% : H=1 : Visit=2 : 70
CROSS  (1, 2) Q=49.5% : H=1 : Visit=1 : 43
---------------------------
median imbalance = 0.12355
depth=1 : removed 0/71
depth=2 : removed 38/75
nodes left = 4815
steps left = 12
using 0.034279s out of 8.82659s left
----MOST-BALANCED-MOVES----
CIRCLE (13, 6) Q=51.1% : H=1 : Visit=2 : 70
CROSS  (1, 2) Q=49.5% : H=1 : Visit=1 : 43
---------------------------
median imbalance = 0.076108
depth=1 : removed 0/71
depth=2 : removed 35/69
nodes left = 4780
steps left = 12
using 0.0341459s out of 8.79231s left
----MOST-BALANCED-MOVES----
CIRCLE (13, 10) Q=59% : H=1 : Visit=3 : 70
CROSS  (1, 3) Q=50.1% : H=1 : Visit=1 : 42
---------------------------
median imbalance = 0.0650691
depth=1 : removed 0/71
depth=2 : removed 41/82
nodes left = 4739
steps left = 12
using 0.0340133s out of 8.75817s left
----MOST-BALANCED-MOVES----
CIRCLE (13, 10) Q=56.7% : H=1 : Visit=4 : 70
CROSS  (1, 3) Q=50.1% : H=1 : Visit=1 : 42
---------------------------
median imbalance = 0.0262968
depth=1 : removed 0/71
depth=2 : removed 29/57
nodes left = 4710
steps left = 12
using 0.0338812s out of 8.72415s left
----MOST-BALANCED-MOVES----
CIRCLE (13, 10) Q=56.7% : H=1 : Visit=4 : 70
CROSS  (1, 3) Q=50.1% : H=1 : Visit=1 : 42
---------------------------
median imbalance = 0.40937
depth=1 : removed 0/71
depth=2 : removed 30/60
nodes left = 4680
steps left = 12
using 0.0337496s out of 8.69027s left
----MOST-BALANCED-MOVES----
CIRCLE (13, 10) Q=56.7% : H=1 : Visit=4 : 70
CROSS  (1, 3) Q=50.1% : H=1 : Visit=1 : 42
---------------------------
median imbalance = 0.0397421
depth=1 : removed 0/71
depth=2 : removed 39/78
nodes left = 4641
steps left = 12
using 0.0336185s out of 8.65652s left
----MOST-BALANCED-MOVES----
CIRCLE (13, 10) Q=56.1% : H=1 : Visit=5 : 70
CROSS  (1, 3) Q=50.1% : H=1 : Visit=1 : 42
---------------------------
median imbalance = 0.115547
depth=1 : removed 0/71
depth=2 : removed 44/87
nodes left = 4597
steps left = 12
using 0.033488s out of 8.6229s left
----MOST-BALANCED-MOVES----
CIRCLE (13, 10) Q=58% : H=1 : Visit=6 : 70
CROSS  (1, 3) Q=50.1% : H=1 : Visit=1 : 42
---------------------------
median imbalance = 0.0306727
depth=1 : removed 0/71
depth=2 : removed 38/75
nodes left = 4559
steps left = 12
using 0.0333579s out of 8.58941s left
----MOST-BALANCED-MOVES----
CIRCLE (13, 10) Q=58% : H=1 : Visit=6 : 70
CROSS  (1, 3) Q=50.1% : H=1 : Visit=1 : 42
---------------------------
median imbalance = 0.0214539
depth=1 : removed 0/71
depth=2 : removed 43/85
nodes left = 4516
steps left = 12
using 0.0332283s out of 8.55606s left
----MOST-BALANCED-MOVES----
CIRCLE (12, 10) Q=58.9% : H=1 : Visit=7 : 70
CROSS  (2, 2) Q=49.9% : H=1 : Visit=1 : 46
---------------------------
median imbalance = 0.0948515
depth=1 : removed 0/71
depth=2 : removed 45/90
nodes left = 4471
steps left = 12
using 0.0330993s out of 8.52283s left
----MOST-BALANCED-MOVES----
CIRCLE (12, 10) Q=58.9% : H=1 : Visit=7 : 70
CROSS  (2, 2) Q=49.9% : H=1 : Visit=1 : 46
---------------------------
median imbalance = 0.0192971
depth=1 : removed 0/71
depth=2 : removed 39/77
nodes left = 4432
steps left = 12
using 0.0329708s out of 8.48973s left
----MOST-BALANCED-MOVES----
CIRCLE (12, 10) Q=57% : H=1 : Visit=8 : 70
CROSS  (2, 2) Q=49.9% : H=1 : Visit=1 : 46
---------------------------
median imbalance = 0.011556
depth=1 : removed 0/71
depth=2 : removed 27/54
nodes left = 4405
steps left = 12
using 0.0328427s out of 8.45676s left
----MOST-BALANCED-MOVES----
CIRCLE (12, 10) Q=57% : H=1 : Visit=8 : 70
CROSS  (2, 2) Q=49.9% : H=1 : Visit=1 : 46
---------------------------
median imbalance = 0.0687876
depth=1 : removed 0/71
depth=2 : removed 30/59
nodes left = 4375
steps left = 12
using 0.0327152s out of 8.42392s left
----MOST-BALANCED-MOVES----
CIRCLE (12, 10) Q=57% : H=1 : Visit=8 : 70
CROSS  (2, 2) Q=49.9% : H=1 : Visit=1 : 46
---------------------------
median imbalance = 0.0206167
depth=1 : removed 0/71
depth=2 : removed 31/61
nodes left = 4344
steps left = 12
using 0.0325881s out of 8.3912s left
----MOST-BALANCED-MOVES----
CIRCLE (12, 10) Q=54.4% : H=1 : Visit=9 : 70
CROSS  (2, 2) Q=49.9% : H=1 : Visit=1 : 46
---------------------------
median imbalance = 0.169197
depth=1 : removed 0/71
depth=2 : removed 39/78
nodes left = 4305
steps left = 12
using 0.0324616s out of 8.35861s left
----MOST-BALANCED-MOVES----
CIRCLE (12, 10) Q=54.4% : H=1 : Visit=9 : 70
CROSS  (2, 2) Q=49.9% : H=1 : Visit=1 : 46
---------------------------
median imbalance = 0.106242
depth=1 : removed 0/71
depth=2 : removed 44/87
nodes left = 4261
steps left = 12
using 0.0323355s out of 8.32615s left
----MOST-BALANCED-MOVES----
CIRCLE (12, 10) Q=53% : H=1 : Visit=10 : 70
CROSS  (2, 2) Q=49.9% : H=1 : Visit=1 : 46
---------------------------
median imbalance = 0.0961676
depth=1 : removed 0/71
depth=2 : removed 46/91
nodes left = 4215
steps left = 12
using 0.0322099s out of 8.29382s left
----MOST-BALANCED-MOVES----
CIRCLE (12, 10) Q=53% : H=1 : Visit=11 : 70
CROSS  (2, 2) Q=49.9% : H=1 : Visit=1 : 46
---------------------------
median imbalance = 0.0358474
depth=1 : removed 0/71
depth=2 : removed 47/93
nodes left = 4168
steps left = 12
using 0.0320848s out of 8.26161s left
----MOST-BALANCED-MOVES----
CIRCLE (12, 10) Q=53% : H=1 : Visit=11 : 70
CROSS  (2, 2) Q=49.9% : H=1 : Visit=1 : 46
---------------------------
median imbalance = 0.0188023
depth=1 : removed 0/71
depth=2 : removed 39/78
nodes left = 4129
steps left = 12
using 0.0319602s out of 8.22952s left
----MOST-BALANCED-MOVES----
CIRCLE (12, 10) Q=53% : H=1 : Visit=11 : 70
CROSS  (2, 2) Q=49.9% : H=1 : Visit=1 : 46
---------------------------
median imbalance = 0.0115217
depth=1 : removed 0/71
depth=2 : removed 36/71
nodes left = 4093
steps left = 11
using 0.0479403s out of 8.19756s left
----MOST-BALANCED-MOVES----
CIRCLE (12, 10) Q=52.6% : H=1 : Visit=12 : 70
CROSS  (2, 2) Q=49.9% : H=1 : Visit=1 : 46
---------------------------
median imbalance = 0.0691935
depth=1 : removed 0/71
depth=2 : removed 42/83
nodes left = 4051
steps left = 11
using 0.04766s out of 8.14962s left
----MOST-BALANCED-MOVES----
CIRCLE (12, 10) Q=52.6% : H=1 : Visit=12 : 70
CROSS  (2, 2) Q=49.9% : H=1 : Visit=1 : 46
---------------------------
median imbalance = 0.0179085
depth=1 : removed 0/71
depth=2 : removed 37/73
nodes left = 4014
steps left = 11
using 0.0473812s out of 8.10196s left
----MOST-BALANCED-MOVES----
CIRCLE (12, 10) Q=51.2% : H=1 : Visit=13 : 70
CROSS  (2, 2) Q=49.9% : H=1 : Visit=1 : 46
---------------------------
median imbalance = 0.0113616
depth=1 : removed 0/71
depth=2 : removed 34/68
nodes left = 3980
steps left = 11
using 0.0471041s out of 8.05458s left
----MOST-BALANCED-MOVES----
CIRCLE (12, 10) Q=51.2% : H=1 : Visit=13 : 70
CROSS  (2, 2) Q=49.9% : H=1 : Visit=1 : 46
---------------------------
median imbalance = 0.203578
depth=1 : removed 0/71
depth=2 : removed 41/82
nodes left = 3939
steps left = 11
using 0.0468287s out of 8.00747s left
----MOST-BALANCED-MOVES----
CIRCLE (12, 10) Q=49.8% : H=1 : Visit=14 : 70
CROSS  (2, 2) Q=49.9% : H=1 : Visit=1 : 46
---------------------------
median imbalance = 0.113985
depth=1 : removed 0/71
depth=2 : removed 45/89
nodes left = 3894
steps left = 11
using 0.0465548s out of 7.96065s left
----MOST-BALANCED-MOVES----
CIRCLE (12, 10) Q=49.8% : H=1 : Visit=14 : 70
CROSS  (2, 2) Q=49.9% : H=1 : Visit=1 : 46
---------------------------
median imbalance = 0.0335891
depth=1 : removed 0/71
depth=2 : removed 46/92
nodes left = 3848
steps left = 11
using 0.0462826s out of 7.91409s left
----MOST-BALANCED-MOVES----
CIRCLE (12, 9) Q=45.5% : H=1 : Visit=15 : 70
CROSS  (4, 1) Q=50% : H=1 : Visit=1 : 36
---------------------------
median imbalance = 0.00922084
depth=1 : removed 0/71
depth=2 : removed 31/62
nodes left = 3817
steps left = 11
using 0.0460119s out of 7.86781s left
----MOST-BALANCED-MOVES----
CIRCLE (12, 9) Q=45.5% : H=1 : Visit=15 : 70
CROSS  (4, 1) Q=50% : H=1 : Visit=1 : 36
---------------------------
median imbalance = 0.00597328
depth=1 : removed 0/71
depth=2 : removed 24/47
nodes left = 3793
steps left = 11
using 0.0457428s out of 7.8218s left
----MOST-BALANCED-MOVES----
CIRCLE (12, 9) Q=45.5% : H=1 : Visit=15 : 70
CROSS  (4, 1) Q=50% : H=1 : Visit=1 : 36
---------------------------
median imbalance = 0.0742514
depth=1 : removed 0/71
depth=2 : removed 28/55
nodes left = 3765
steps left = 11
using 0.0454753s out of 7.77605s left
----MOST-BALANCED-MOVES----
CIRCLE (12, 9) Q=44.7% : H=0.999 : Visit=16 : 70
CROSS  (4, 1) Q=50% : H=1 : Visit=1 : 36
---------------------------
median imbalance = 0.208909
depth=1 : removed 0/71
depth=2 : removed 38/75
nodes left = 3727
steps left = 11
using 0.0452094s out of 7.73058s left
----MOST-BALANCED-MOVES----
CIRCLE (12, 9) Q=44.7% : H=0.999 : Visit=16 : 70
CROSS  (4, 1) Q=50% : H=1 : Visit=1 : 36
---------------------------
median imbalance = 0.195144
depth=1 : removed 0/71
depth=2 : removed 43/85
nodes left = 3684
steps left = 11
using 0.044945s out of 7.68537s left
----MOST-BALANCED-MOVES----
CIRCLE (12, 9) Q=43.4% : H=1 : Visit=17 : 70
CROSS  (4, 1) Q=50% : H=1 : Visit=1 : 36
---------------------------
median imbalance = 0.263989
depth=1 : removed 0/71
depth=2 : removed 45/90
nodes left = 3639
steps left = 11
using 0.0446821s out of 7.64042s left
----MOST-BALANCED-MOVES----
CIRCLE (12, 9) Q=43.4% : H=1 : Visit=17 : 70
CROSS  (4, 1) Q=50% : H=1 : Visit=1 : 36
---------------------------
median imbalance = 0.264677
depth=1 : removed 0/71
depth=2 : removed 47/93
nodes left = 3592
steps left = 11
using 0.0444208s out of 7.59574s left
----MOST-BALANCED-MOVES----
CIRCLE (12, 9) Q=41.8% : H=1 : Visit=18 : 70
CROSS  (4, 1) Q=50% : H=1 : Visit=1 : 36
---------------------------
median imbalance = 0.181567
depth=1 : removed 0/71
depth=2 : removed 47/94
nodes left = 3545
steps left = 11
using 0.044161s out of 7.55132s left
----MOST-BALANCED-MOVES----
CIRCLE (12, 9) Q=41.8% : H=1 : Visit=18 : 70
CROSS  (4, 1) Q=50% : H=1 : Visit=1 : 36
---------------------------
median imbalance = 0.140705
depth=1 : removed 0/71
depth=2 : removed 40/79
nodes left = 3505
steps left = 11
using 0.0439028s out of 7.50716s left
----MOST-BALANCED-MOVES----
CIRCLE (12, 9) Q=40.8% : H=1 : Visit=19 : 70
CROSS  (4, 1) Q=50% : H=1 : Visit=1 : 36
---------------------------
median imbalance = 0.0624907
depth=1 : removed 0/71
depth=2 : removed 44/87
nodes left = 3461
steps left = 11
using 0.043646s out of 7.46326s left
----MOST-BALANCED-MOVES----
CIRCLE (12, 9) Q=40.8% : H=1 : Visit=19 : 70
CROSS  (4, 1) Q=50% : H=1 : Visit=1 : 36
---------------------------
median imbalance = 0.0259254
depth=1 : removed 0/71
depth=2 : removed 38/75
nodes left = 3423
steps left = 11
using 0.0433908s out of 7.41961s left
----MOST-BALANCED-MOVES----
CIRCLE (12, 9) Q=41.1% : H=1 : Visit=20 : 70
CROSS  (4, 1) Q=50% : H=1 : Visit=1 : 36
---------------------------
median imbalance = 0.0164583
depth=1 : removed 0/71
depth=2 : removed 35/69
nodes left = 3388
steps left = 11
using 0.043137s out of 7.37622s left
----MOST-BALANCED-MOVES----
CIRCLE (12, 9) Q=41.1% : H=1 : Visit=20 : 70
CROSS  (4, 1) Q=50% : H=1 : Visit=1 : 36
---------------------------
median imbalance = 0.085948
depth=1 : removed 0/71
depth=2 : removed 41/82
nodes left = 3347
steps left = 11
using 0.0428848s out of 7.33308s left
----MOST-BALANCED-MOVES----
CIRCLE (12, 9) Q=41% : H=1 : Visit=21 : 70
CROSS  (4, 1) Q=50% : H=1 : Visit=1 : 36
---------------------------
median imbalance = 0.102091
depth=1 : removed 0/71
depth=2 : removed 45/89
nodes left = 3302
steps left = 11
using 0.042634s out of 7.2902s left
----MOST-BALANCED-MOVES----
CIRCLE (12, 9) Q=41% : H=1 : Visit=21 : 70
CROSS  (4, 1) Q=50% : H=1 : Visit=1 : 36
---------------------------
median imbalance = 0.147663
depth=1 : removed 0/71
depth=2 : removed 46/92
nodes left = 3256
steps left = 11
using 0.0423846s out of 7.24756s left
----MOST-BALANCED-MOVES----
CIRCLE (12, 9) Q=40.1% : H=0.999 : Visit=22 : 70
CROSS  (4, 1) Q=50% : H=1 : Visit=1 : 36
---------------------------
median imbalance = 0.0633402
depth=1 : removed 0/71
depth=2 : removed 39/78
nodes left = 3217
steps left = 11
using 0.0421368s out of 7.20518s left
----MOST-BALANCED-MOVES----
CIRCLE (12, 9) Q=40.1% : H=0.999 : Visit=22 : 70
CROSS  (4, 1) Q=50% : H=1 : Visit=1 : 36
---------------------------
median imbalance = 0.0498728
depth=1 : removed 0/71
depth=2 : removed 36/71
nodes left = 3181
steps left = 11
using 0.0418903s out of 7.16304s left
----MOST-BALANCED-MOVES----
CIRCLE (12, 9) Q=40.1% : H=0.999 : Visit=22 : 70
CROSS  (4, 1) Q=50% : H=1 : Visit=1 : 36
---------------------------
median imbalance = 0.301506
depth=1 : removed 0/71
depth=2 : removed 42/84
nodes left = 3139
steps left = 11
using 0.0416454s out of 7.12115s left
----MOST-BALANCED-MOVES----
CIRCLE (12, 9) Q=39.1% : H=1 : Visit=23 : 70
CROSS  (4, 1) Q=50% : H=1 : Visit=1 : 36
---------------------------
median imbalance = 0.18055
depth=1 : removed 0/71
depth=2 : removed 45/90
nodes left = 3094
steps left = 11
using 0.0414018s out of 7.07951s left
----MOST-BALANCED-MOVES----
CIRCLE (12, 9) Q=37.7% : H=1 : Visit=24 : 70
CROSS  (4, 1) Q=50% : H=1 : Visit=1 : 36
---------------------------
median imbalance = 0.0442423
depth=1 : removed 0/71
depth=2 : removed 39/77
nodes left = 3055
steps left = 11
using 0.0411597s out of 7.03811s left
----MOST-BALANCED-MOVES----
CIRCLE (12, 9) Q=37.7% : H=1 : Visit=24 : 70
CROSS  (4, 1) Q=50% : H=1 : Visit=1 : 36
---------------------------
median imbalance = 0.330949
depth=1 : removed 0/71
depth=2 : removed 43/86
nodes left = 3012
steps left = 11
using 0.040919s out of 6.99695s left
----MOST-BALANCED-MOVES----
CIRCLE (12, 9) Q=36.7% : H=1 : Visit=25 : 70
CROSS  (4, 1) Q=50% : H=1 : Visit=1 : 36
---------------------------
median imbalance = 0.19622
depth=1 : removed 0/71
depth=2 : removed 46/91
nodes left = 2966
steps left = 11
using 0.0406797s out of 6.95603s left
----MOST-BALANCED-MOVES----
CIRCLE (12, 9) Q=36.7% : H=1 : Visit=25 : 70
CROSS  (4, 1) Q=50% : H=1 : Visit=1 : 36
---------------------------
median imbalance = 0.0609654
depth=1 : removed 0/71
depth=2 : removed 39/78
nodes left = 2927
steps left = 11
using 0.0404418s out of 6.91535s left
----MOST-BALANCED-MOVES----
CIRCLE (12, 9) Q=35.3% : H=0.999 : Visit=26 : 70
CROSS  (4, 1) Q=50% : H=1 : Visit=1 : 36
---------------------------
median imbalance = 0.0194105
depth=1 : removed 0/71
depth=2 : removed 36/71
nodes left = 2891
steps left = 11
using 0.0402053s out of 6.87491s left
----MOST-BALANCED-MOVES----
CIRCLE (12, 9) Q=35.3% : H=0.999 : Visit=26 : 70
CROSS  (4, 1) Q=50% : H=1 : Visit=1 : 36
---------------------------
median imbalance = 0.336494
depth=1 : removed 0/71
depth=2 : removed 42/84
nodes left = 2849
steps left = 11
using 0.0399702s out of 6.8347s left
----MOST-BALANCED-MOVES----
CIRCLE (12, 9) Q=35.3% : H=0.999 : Visit=26 : 70
CROSS  (4, 1) Q=50% : H=1 : Visit=1 : 36
---------------------------
median imbalance = 0.212243
depth=1 : removed 0/71
depth=2 : removed 45/90
nodes left = 2804
steps left = 11
using 0.0397364s out of 6.79473s left
----MOST-BALANCED-MOVES----
CIRCLE (12, 9) Q=34.4% : H=1 : Visit=27 : 70
CROSS  (4, 1) Q=50% : H=1 : Visit=1 : 36
---------------------------
median imbalance = 0.187304
depth=1 : removed 0/71
depth=2 : removed 47/94
nodes left = 2757
steps left = 11
using 0.039504s out of 6.75499s left
----MOST-BALANCED-MOVES----
CIRCLE (12, 9) Q=33.3% : H=0.999 : Visit=28 : 70
CROSS  (4, 1) Q=50% : H=1 : Visit=1 : 36
---------------------------
median imbalance = 0.0300385
depth=1 : removed 0/71
depth=2 : removed 40/80
nodes left = 2717
steps left = 11
using 0.039273s out of 6.71549s left
----MOST-BALANCED-MOVES----
CIRCLE (12, 9) Q=33.3% : H=0.999 : Visit=28 : 70
CROSS  (4, 1) Q=50% : H=1 : Visit=1 : 36
---------------------------
median imbalance = 0.016068
depth=1 : removed 0/71
depth=2 : removed 37/73
nodes left = 2680
steps left = 11
using 0.0390433s out of 6.67622s left
----MOST-BALANCED-MOVES----
CIRCLE (12, 9) Q=33.3% : H=0.999 : Visit=28 : 70
CROSS  (4, 1) Q=50% : H=1 : Visit=1 : 36
---------------------------
median imbalance = 0.18651
depth=1 : removed 0/71
depth=2 : removed 43/85
nodes left = 2637
steps left = 11
using 0.038815s out of 6.63717s left
----MOST-BALANCED-MOVES----
CIRCLE (12, 9) Q=32.6% : H=0.999 : Visit=29 : 70
CROSS  (4, 1) Q=50% : H=1 : Visit=1 : 36
---------------------------
median imbalance = 0.060091
depth=1 : removed 0/71
depth=2 : removed 37/74
nodes left = 2600
steps left = 11
using 0.038588s out of 6.59836s left
----MOST-BALANCED-MOVES----
CIRCLE (12, 9) Q=32.6% : H=0.999 : Visit=29 : 70
CROSS  (4, 1) Q=50% : H=1 : Visit=1 : 36
---------------------------
median imbalance = 0.0222588
depth=1 : removed 0/71
depth=2 : removed 36/72
nodes left = 2564
steps left = 11
using 0.0383623s out of 6.55977s left
----MOST-BALANCED-MOVES----
CIRCLE (12, 9) Q=31.6% : H=0.999 : Visit=30 : 70
CROSS  (4, 1) Q=50% : H=1 : Visit=1 : 36
---------------------------
median imbalance = 0.282339
depth=1 : removed 0/71
depth=2 : removed 44/88
nodes left = 2520
steps left = 11
using 0.038138s out of 6.52141s left
----MOST-BALANCED-MOVES----
CIRCLE (12, 9) Q=31.6% : H=0.999 : Visit=30 : 70
CROSS  (4, 1) Q=50% : H=1 : Visit=1 : 36
---------------------------
median imbalance = 0.20875
depth=1 : removed 0/71
depth=2 : removed 47/93
nodes left = 2473
steps left = 11
using 0.0379149s out of 6.48327s left
----MOST-BALANCED-MOVES----
CIRCLE (12, 9) Q=30.7% : H=1 : Visit=31 : 70
CROSS  (4, 1) Q=50% : H=1 : Visit=1 : 36
---------------------------
median imbalance = 0.152354
depth=1 : removed 0/71
depth=2 : removed 50/99
nodes left = 2423
steps left = 11
using 0.0376932s out of 6.44536s left
----MOST-BALANCED-MOVES----
CIRCLE (12, 9) Q=30.7% : H=1 : Visit=31 : 70
CROSS  (4, 1) Q=50% : H=1 : Visit=1 : 36
---------------------------
median imbalance = 0.056476
depth=1 : removed 0/71
depth=2 : removed 42/83
nodes left = 2381
steps left = 11
using 0.0374728s out of 6.40766s left
----MOST-BALANCED-MOVES----
CIRCLE (12, 9) Q=29.8% : H=1 : Visit=32 : 70
CROSS  (4, 1) Q=50% : H=1 : Visit=1 : 36
---------------------------
median imbalance = 0.156078
depth=1 : removed 0/71
depth=2 : removed 47/94
nodes left = 2334
steps left = 11
using 0.0372536s out of 6.37019s left
----MOST-BALANCED-MOVES----
CIRCLE (12, 9) Q=29.8% : H=1 : Visit=32 : 70
CROSS  (4, 1) Q=50% : H=1 : Visit=1 : 36
---------------------------
median imbalance = 0.0304734
depth=1 : removed 0/71
depth=2 : removed 41/81
nodes left = 2293
steps left = 11
using 0.0370358s out of 6.33294s left
----MOST-BALANCED-MOVES----
CIRCLE (12, 9) Q=29.4% : H=0.999 : Visit=33 : 70
CROSS  (4, 1) Q=50% : H=1 : Visit=1 : 36
---------------------------
median imbalance = 0.0232114
depth=1 : removed 0/71
depth=2 : removed 38/76
nodes left = 2255
steps left = 11
using 0.0368192s out of 6.2959s left
----MOST-BALANCED-MOVES----
CIRCLE (12, 9) Q=29.4% : H=0.999 : Visit=33 : 70
CROSS  (4, 1) Q=50% : H=1 : Visit=1 : 36
---------------------------
median imbalance = 0.012218
depth=1 : removed 0/71
depth=2 : removed 35/70
nodes left = 2220
steps left = 11
using 0.0366039s out of 6.25908s left
----MOST-BALANCED-MOVES----
CIRCLE (12, 9) Q=28.6% : H=0.999 : Visit=34 : 70
CROSS  (4, 1) Q=50% : H=1 : Visit=1 : 36
---------------------------
median imbalance = 0.150263
depth=1 : removed 0/71
depth=2 : removed 45/89
nodes left = 2175
steps left = 11
using 0.0363898s out of 6.22248s left
----MOST-BALANCED-MOVES----
CIRCLE (12, 9) Q=28.6% : H=0.999 : Visit=34 : 70
CROSS  (4, 1) Q=50% : H=1 : Visit=1 : 36
---------------------------
median imbalance = 0.0970088
depth=1 : removed 0/71
depth=2 : removed 48/95
nodes left = 2127
steps left = 11
using 0.036177s out of 6.18609s left
----MOST-BALANCED-MOVES----
CIRCLE (12, 9) Q=27.9% : H=1 : Visit=35 : 70
CROSS  (4, 1) Q=50% : H=1 : Visit=1 : 36
---------------------------
median imbalance = 0.0824556
depth=1 : removed 0/71
depth=2 : removed 50/100
nodes left = 2077
steps left = 11
using 0.0359654s out of 6.14991s left
----MOST-BALANCED-MOVES----
CIRCLE (12, 9) Q=27.9% : H=1 : Visit=35 : 70
CROSS  (4, 1) Q=50% : H=1 : Visit=1 : 36
---------------------------
median imbalance = 0.0746133
depth=1 : removed 0/71
depth=2 : removed 51/101
nodes left = 2026
steps left = 10
using 0.0539481s out of 6.11394s left
----MOST-BALANCED-MOVES----
CIRCLE (12, 9) Q=27.2% : H=1 : Visit=36 : 70
CROSS  (4, 1) Q=50% : H=1 : Visit=1 : 36
---------------------------
median imbalance = 0.0701677
depth=1 : removed 0/71
depth=2 : removed 51/102
nodes left = 1975
steps left = 10
using 0.0534721s out of 6.06s left
----MOST-BALANCED-MOVES----
CIRCLE (12, 9) Q=26.4% : H=1 : Visit=37 : 70
CROSS  (4, 1) Q=50% : H=1 : Visit=1 : 36
---------------------------
median imbalance = 0.0196657
depth=1 : removed 0/71
depth=2 : removed 43/85
nodes left = 1932
steps left = 10
using 0.0530003s out of 6.00652s left
----MOST-BALANCED-MOVES----
CIRCLE (12, 9) Q=26.4% : H=1 : Visit=37 : 70
CROSS  (4, 1) Q=50% : H=1 : Visit=1 : 36
---------------------------
median imbalance = 0.193821
depth=1 : removed 0/71
depth=2 : removed 45/90
nodes left = 1887
steps left = 10
using 0.0525326s out of 5.95352s left
----MOST-BALANCED-MOVES----
CIRCLE (12, 9) Q=26.4% : H=1 : Visit=37 : 70
CROSS  (4, 1) Q=50% : H=1 : Visit=1 : 36
---------------------------
median imbalance = 0.167134
depth=1 : removed 0/71
depth=2 : removed 47/94
nodes left = 1840
steps left = 10
using 0.0520691s out of 5.90099s left
----MOST-BALANCED-MOVES----
CIRCLE (12, 9) Q=26% : H=0.999 : Visit=38 : 70
CROSS  (4, 1) Q=50% : H=1 : Visit=1 : 36
---------------------------
median imbalance = 0.155129
depth=1 : removed 0/71
depth=2 : removed 48/95
nodes left = 1792
steps left = 10
using 0.0516096s out of 5.84892s left
----MOST-BALANCED-MOVES----
CIRCLE (12, 9) Q=26% : H=0.999 : Visit=38 : 70
CROSS  (4, 1) Q=50% : H=1 : Visit=1 : 36
---------------------------
median imbalance = 0.0110149
depth=1 : removed 0/71
depth=2 : removed 40/79
nodes left = 1752
steps left = 10
using 0.0511542s out of 5.79731s left
----MOST-BALANCED-MOVES----
CIRCLE (12, 9) Q=25.4% : H=1 : Visit=39 : 70
CROSS  (4, 1) Q=50% : H=1 : Visit=1 : 36
---------------------------
median imbalance = 0.350354
depth=1 : removed 0/71
depth=2 : removed 44/87
nodes left = 1708
steps left = 10
using 0.0507029s out of 5.74616s left
----MOST-BALANCED-MOVES----
CIRCLE (12, 9) Q=25.4% : H=1 : Visit=39 : 70
CROSS  (4, 1) Q=50% : H=1 : Visit=1 : 36
---------------------------
median imbalance = 0.0106956
depth=1 : removed 0/71
depth=2 : removed 38/75
nodes left = 1670
steps left = 10
using 0.0502555s out of 5.69546s left
----MOST-BALANCED-MOVES----
CIRCLE (12, 9) Q=24.8% : H=1 : Visit=40 : 70
CROSS  (4, 1) Q=50% : H=1 : Visit=1 : 36
---------------------------
median imbalance = 0.00982034
depth=1 : removed 0/71
depth=2 : removed 35/69
nodes left = 1635
steps left = 10
using 0.049812s out of 5.6452s left
----MOST-BALANCED-MOVES----
CIRCLE (12, 9) Q=24.8% : H=1 : Visit=40 : 70
CROSS  (4, 1) Q=50% : H=1 : Visit=1 : 36
---------------------------
median imbalance = 0.00943804
depth=1 : removed 0/71
depth=2 : removed 33/66
nodes left = 1602
steps left = 10
using 0.0493725s out of 5.59539s left
----MOST-BALANCED-MOVES----
CIRCLE (12, 9) Q=24.8% : H=1 : Visit=40 : 70
CROSS  (4, 1) Q=50% : H=1 : Visit=1 : 36
---------------------------
median imbalance = 0.375952
depth=1 : removed 0/71
depth=2 : removed 41/81
nodes left = 1561
steps left = 10
using 0.0489368s out of 5.54602s left
----MOST-BALANCED-MOVES----
CIRCLE (12, 9) Q=24.3% : H=1 : Visit=41 : 70
CROSS  (4, 1) Q=50% : H=1 : Visit=1 : 36
---------------------------
median imbalance = 0.341708
depth=1 : removed 0/71
depth=2 : removed 44/88
nodes left = 1517
steps left = 10
using 0.048505s out of 5.49708s left
----MOST-BALANCED-MOVES----
CIRCLE (12, 9) Q=24.3% : H=1 : Visit=41 : 70
CROSS  (4, 1) Q=50% : H=1 : Visit=1 : 36
---------------------------
median imbalance = 0.302686
depth=1 : removed 0/71
depth=2 : removed 46/92
nodes left = 1471
steps left = 10
using 0.048077s out of 5.44857s left
----MOST-BALANCED-MOVES----
CIRCLE (12, 9) Q=24% : H=0.999 : Visit=42 : 70
CROSS  (4, 1) Q=50% : H=1 : Visit=1 : 36
---------------------------
median imbalance = 0.33712
depth=1 : removed 0/71
depth=2 : removed 47/94
nodes left = 1424
steps left = 10
using 0.0476528s out of 5.4005s left
----MOST-BALANCED-MOVES----
CIRCLE (12, 9) Q=24% : H=0.999 : Visit=42 : 70
CROSS  (4, 1) Q=50% : H=1 : Visit=1 : 36
---------------------------
median imbalance = 0.145949
depth=1 : removed 0/71
depth=2 : removed 40/79
nodes left = 1384
steps left = 10
using 0.0472323s out of 5.35284s left
----MOST-BALANCED-MOVES----
CIRCLE (12, 9) Q=23.4% : H=1 : Visit=43 : 70
CROSS  (4, 1) Q=50% : H=1 : Visit=1 : 36
---------------------------
median imbalance = 0.00556087
depth=1 : removed 0/71
depth=2 : removed 28/55
nodes left = 1356
steps left = 10
using 0.0468156s out of 5.30561s left
----MOST-BALANCED-MOVES----
CIRCLE (12, 9) Q=23.4% : H=1 : Visit=43 : 70
CROSS  (4, 1) Q=50% : H=1 : Visit=1 : 36
---------------------------
median imbalance = 0.364646
depth=1 : removed 0/71
depth=2 : removed 30/59
nodes left = 1326
steps left = 10
using 0.0464025s out of 5.2588s left
----MOST-BALANCED-MOVES----
CIRCLE (12, 9) Q=23.4% : H=1 : Visit=43 : 70
CROSS  (4, 1) Q=50% : H=1 : Visit=1 : 36
---------------------------
median imbalance = 0.387058
depth=1 : removed 1/71
depth=2 : removed 39/77
nodes left = 1287
steps left = 10
using 0.045993s out of 5.21239s left
----MOST-BALANCED-MOVES----
CIRCLE (12, 9) Q=23.2% : H=1 : Visit=44 : 70
CROSS  (4, 1) Q=50% : H=1 : Visit=1 : 36
---------------------------
median imbalance = 0.372918
depth=1 : removed 1/71
depth=2 : removed 43/86
nodes left = 1244
steps left = 10
using 0.0455872s out of 5.1664s left
----MOST-BALANCED-MOVES----
CIRCLE (12, 9) Q=23.2% : H=1 : Visit=44 : 70
CROSS  (4, 1) Q=50% : H=1 : Visit=1 : 36
---------------------------
median imbalance = 0.347166
depth=1 : removed 4/71
depth=2 : removed 46/91
nodes left = 1198
steps left = 10
using 0.0451849s out of 5.12081s left
----MOST-BALANCED-MOVES----
CIRCLE (12, 9) Q=22.7% : H=0.999 : Visit=45 : 70
CROSS  (4, 1) Q=50% : H=1 : Visit=1 : 36
---------------------------
median imbalance = 0.329982
depth=1 : removed 10/71
depth=2 : removed 46/92
nodes left = 1152
steps left = 10
using 0.0447862s out of 5.07563s left
----MOST-BALANCED-MOVES----
CIRCLE (12, 9) Q=22.7% : H=0.999 : Visit=45 : 70
CROSS  (4, 1) Q=50% : H=1 : Visit=1 : 36
---------------------------
median imbalance = 0.310605
depth=1 : removed 13/71
depth=2 : removed 47/94
nodes left = 1105
steps left = 10
using 0.0443911s out of 5.03084s left
----MOST-BALANCED-MOVES----
CIRCLE (12, 9) Q=22.2% : H=1 : Visit=46 : 70
CROSS  (4, 1) Q=50% : H=1 : Visit=1 : 36
---------------------------
median imbalance = 0.213498
depth=1 : removed 17/71
depth=2 : removed 40/79
nodes left = 1065
steps left = 10
using 0.0439994s out of 4.98645s left
----MOST-BALANCED-MOVES----
CIRCLE (12, 9) Q=22.2% : H=1 : Visit=46 : 70
CROSS  (4, 1) Q=50% : H=1 : Visit=1 : 36
---------------------------
median imbalance = 0.118925
depth=1 : removed 20/71
depth=2 : removed 36/71
nodes left = 1029
steps left = 10
using 0.0436111s out of 4.94245s left
----MOST-BALANCED-MOVES----
CIRCLE (12, 9) Q=21.8% : H=1 : Visit=47 : 70
CROSS  (4, 1) Q=50% : H=1 : Visit=1 : 36
---------------------------
median imbalance = 0.380777
depth=1 : removed 20/71
depth=2 : removed 41/82
nodes left = 988
steps left = 9
using 0.0654167s out of 4.89884s left
----MOST-BALANCED-MOVES----
CIRCLE (12, 9) Q=21.8% : H=1 : Visit=47 : 70
CROSS  (4, 1) Q=50% : H=1 : Visit=1 : 36
---------------------------
median imbalance = 0.0895125
depth=1 : removed 20/71
depth=2 : removed 36/72
nodes left = 952
steps left = 9
using 0.0645431s out of 4.83342s left
----MOST-BALANCED-MOVES----
CIRCLE (12, 9) Q=21.4% : H=1 : Visit=48 : 70
CROSS  (4, 1) Q=50% : H=1 : Visit=1 : 36
---------------------------
median imbalance = 0.32785
depth=1 : removed 21/71
depth=2 : removed 41/81
nodes left = 911
steps left = 9
using 0.0636813s out of 4.76888s left
----MOST-BALANCED-MOVES----
CIRCLE (12, 9) Q=21% : H=1 : Visit=49 : 70
CROSS  (4, 1) Q=50% : H=1 : Visit=1 : 36
---------------------------
median imbalance = 0.268129
depth=1 : removed 22/71
depth=2 : removed 43/85
nodes left = 868
steps left = 9
using 0.0628309s out of 4.7052s left
----MOST-BALANCED-MOVES----
CIRCLE (12, 9) Q=20.6% : H=1 : Visit=50 : 70
CROSS  (4, 1) Q=50% : H=1 : Visit=1 : 36
---------------------------
median imbalance = 0.208504
depth=1 : removed 24/71
depth=2 : removed 43/85
nodes left = 825
steps left = 9
using 0.0619919s out of 4.64237s left
----MOST-BALANCED-MOVES----
CIRCLE (12, 9) Q=20.6% : H=1 : Visit=50 : 70
CROSS  (4, 1) Q=50% : H=1 : Visit=1 : 36
---------------------------
median imbalance = 0.0908648
depth=1 : removed 25/71
depth=2 : removed 36/72
nodes left = 789
steps left = 9
using 0.0611641s out of 4.58038s left
----MOST-BALANCED-MOVES----
CIRCLE (12, 9) Q=20.4% : H=1 : Visit=51 : 70
CROSS  (4, 1) Q=50% : H=1 : Visit=1 : 36
---------------------------
median imbalance = 0.0821443
depth=1 : removed 26/71
depth=2 : removed 34/67
nodes left = 755
steps left = 9
using 0.0603473s out of 4.51921s left
----MOST-BALANCED-MOVES----
CIRCLE (12, 9) Q=20% : H=1 : Visit=52 : 70
CROSS  (4, 1) Q=50% : H=1 : Visit=1 : 36
---------------------------
median imbalance = 0.0812292
depth=1 : removed 26/71
depth=2 : removed 33/65
nodes left = 722
steps left = 9
using 0.0595415s out of 4.45887s left
----MOST-BALANCED-MOVES----
CIRCLE (12, 9) Q=20% : H=1 : Visit=52 : 70
CROSS  (4, 1) Q=50% : H=1 : Visit=1 : 36
---------------------------
median imbalance = 0.303105
depth=1 : removed 26/71
depth=2 : removed 40/80
nodes left = 682
steps left = 9
using 0.0587464s out of 4.39932s left
----MOST-BALANCED-MOVES----
CIRCLE (12, 9) Q=19.9% : H=0.999 : Visit=53 : 70
CROSS  (4, 1) Q=50% : H=1 : Visit=1 : 36
---------------------------
median imbalance = 0.288571
depth=1 : removed 26/71
depth=2 : removed 43/85
nodes left = 639
steps left = 9
using 0.0579619s out of 4.34058s left
----MOST-BALANCED-MOVES----
CIRCLE (12, 9) Q=19.6% : H=0.999 : Visit=54 : 70
CROSS  (4, 1) Q=50% : H=1 : Visit=1 : 36
---------------------------
median imbalance = 0.24966
depth=1 : removed 26/71
depth=2 : removed 43/86
nodes left = 596
steps left = 9
using 0.0571879s out of 4.28262s left
----MOST-BALANCED-MOVES----
CIRCLE (12, 9) Q=19.4% : H=0.999 : Visit=55 : 70
CROSS  (4, 1) Q=50% : H=1 : Visit=1 : 36
---------------------------
median imbalance = 0.227229
depth=1 : removed 26/71
depth=2 : removed 44/87
nodes left = 552
steps left = 9
using 0.0564243s out of 4.22543s left
----MOST-BALANCED-MOVES----
CIRCLE (12, 9) Q=19.2% : H=0.999 : Visit=56 : 70
CROSS  (4, 1) Q=50% : H=1 : Visit=1 : 36
---------------------------
median imbalance = 0.197666
depth=1 : removed 26/71
depth=2 : removed 43/85
nodes left = 509
steps left = 8
using 0.0846364s out of 4.169s left
----MOST-BALANCED-MOVES----
CIRCLE (12, 9) Q=19.2% : H=0.999 : Visit=57 : 70
CROSS  (4, 1) Q=50% : H=1 : Visit=1 : 36
---------------------------
median imbalance = 0.0627471
depth=1 : removed 28/71
depth=2 : removed 29/57
nodes left = 480
steps left = 8
using 0.0829182s out of 4.08437s left
----MOST-BALANCED-MOVES----
CIRCLE (12, 9) Q=19.2% : H=0.999 : Visit=57 : 70
CROSS  (4, 1) Q=50% : H=1 : Visit=1 : 36
---------------------------
median imbalance = 0.274278
depth=1 : removed 28/71
depth=2 : removed 30/59
nodes left = 450
steps left = 8
using 0.0812348s out of 4.00145s left
----MOST-BALANCED-MOVES----
CIRCLE (12, 9) Q=19.4% : H=0.999 : Visit=58 : 70
CROSS  (4, 1) Q=50% : H=1 : Visit=1 : 36
---------------------------
median imbalance = 0.297395
depth=1 : removed 28/71
depth=2 : removed 37/74
nodes left = 413
steps left = 8
using 0.0795856s out of 3.92021s left
----MOST-BALANCED-MOVES----
CIRCLE (12, 9) Q=19.5% : H=0.999 : Visit=59 : 70
CROSS  (4, 1) Q=50% : H=1 : Visit=1 : 36
---------------------------
median imbalance = 0.201702
depth=1 : removed 28/71
depth=2 : removed 40/79
nodes left = 373
steps left = 8
using 0.0779699s out of 3.84063s left
----MOST-BALANCED-MOVES----
CIRCLE (12, 9) Q=20.3% : H=0.999 : Visit=61 : 70
CROSS  (4, 1) Q=50% : H=1 : Visit=1 : 36
---------------------------
median imbalance = 0.168424
depth=1 : removed 28/71
depth=2 : removed 41/82
nodes left = 332
steps left = 8
using 0.076387s out of 3.76266s left
----MOST-BALANCED-MOVES----
CIRCLE (12, 9) Q=20.2% : H=0.999 : Visit=62 : 70
CROSS  (4, 1) Q=50% : H=1 : Visit=1 : 36
---------------------------
median imbalance = 0.0878115
depth=1 : removed 30/71
depth=2 : removed 34/68
nodes left = 298
steps left = 8
using 0.0748363s out of 3.68627s left
----MOST-BALANCED-MOVES----
CIRCLE (12, 9) Q=20.2% : H=0.999 : Visit=62 : 70
CROSS  (4, 1) Q=50% : H=1 : Visit=1 : 36
---------------------------
median imbalance = 0.0880042
depth=1 : removed 30/71
depth=2 : removed 39/77
nodes left = 259
steps left = 8
using 0.073317s out of 3.61144s left
----MOST-BALANCED-MOVES----
CIRCLE (12, 9) Q=20.1% : H=0.999 : Visit=63 : 70
CROSS  (4, 1) Q=50% : H=1 : Visit=1 : 36
---------------------------
median imbalance = 0.0559892
depth=1 : removed 33/71
depth=2 : removed 32/64
nodes left = 227
steps left = 7
using 0.109976s out of 3.53812s left
----MOST-BALANCED-MOVES----
CIRCLE (12, 9) Q=19.9% : H=0.999 : Visit=64 : 70
CROSS  (4, 1) Q=50% : H=1 : Visit=1 : 36
---------------------------
median imbalance = 0.0237983
depth=1 : removed 36/71
depth=2 : removed 30/59
nodes left = 197
steps left = 7
using 0.106557s out of 3.42814s left
----MOST-BALANCED-MOVES----
CIRCLE (12, 9) Q=20.4% : H=0.999 : Visit=65 : 70
CROSS  (4, 1) Q=50% : H=1 : Visit=1 : 36
---------------------------
median imbalance = 0.0320934
depth=1 : removed 40/71
depth=2 : removed 37/74
nodes left = 160
steps left = 7
using 0.103245s out of 3.32159s left
----MOST-BALANCED-MOVES----
CIRCLE (12, 9) Q=21% : H=0.999 : Visit=66 : 70
CROSS  (4, 1) Q=50% : H=1 : Visit=1 : 36
---------------------------
median imbalance = 0.0235828
depth=1 : removed 41/71
depth=2 : removed 42/84
nodes left = 118
steps left = 6
using 0.154868s out of 3.21834s left
----MOST-BALANCED-MOVES----
CIRCLE (12, 9) Q=22.1% : H=1 : Visit=68 : 70
CROSS  (4, 1) Q=50% : H=1 : Visit=1 : 36
---------------------------
median imbalance = 0.0455105
depth=1 : removed 48/71
depth=2 : removed 53/105
nodes left = 65
steps left = 6
using 0.147415s out of 3.06347s left
----MOST-BALANCED-MOVES----
CIRCLE (10, 6) Q=23.7% : H=1 : Visit=71 : 70
CROSS  (4, 2) Q=50% : H=1 : Visit=1 : 56
---------------------------
median imbalance = 0.0620985
depth=1 : removed 52/71
depth=2 : removed 33/65
nodes left = 32
steps left = 5
using 0.221123s out of 2.91606s left
----MOST-BALANCED-MOVES----
CIRCLE (10, 9) Q=23.7% : H=1 : Visit=74 : 70
CROSS  (14, 7) Q=50% : H=1 : Visit=2 : 52
---------------------------
median imbalance = 0.0528806
depth=1 : removed 59/71
depth=2 : removed 16/32
nodes left = 16
steps left = 4
using 0.331684s out of 2.69494s left
----MOST-BALANCED-MOVES----
CIRCLE (11, 7) Q=26.4% : H=1 : Visit=78 : 70
CROSS  (5, 1) Q=50.2% : H=1 : Visit=9 : 53
---------------------------
median imbalance = 0.0500129
depth=1 : removed 64/71
depth=2 : removed 7/16
nodes left = 9
steps left = 3
using 0.497526s out of 2.36325s left
----MOST-BALANCED-MOVES----
CIRCLE (10, 8) Q=28.3% : H=0.999 : Visit=90 : 70
CROSS  (14, 7) Q=49.6% : H=1 : Visit=8 : 57
---------------------------
median imbalance = 0.0443778
depth=1 : removed 67/71
depth=2 : removed 4/9
nodes left = 5
steps left = 2
using 0.74629s out of 1.86572s left
----MOST-BALANCED-MOVES----
CIRCLE (13, 6) Q=28% : H=0.999 : Visit=107 : 70
CROSS  (1, 3) Q=50.7% : H=1 : Visit=15 : 51
---------------------------
median imbalance = 0.0364084
depth=1 : removed 70/71
depth=2 : removed 3/5
nodes left = 2
steps left = 1
using 1.11943s out of 1.11943s left
----MOST-BALANCED-MOVES----
CIRCLE (13, 6) Q=37.9% : H=1 : Visit=175 : 70
CROSS  (1, 2) Q=48.2% : H=1 : Visit=47 : 43
---------------------------
median imbalance = 0.0739245
depth=1 : removed 70/71
depth=2 : removed 0/2
nodes left = 2
steps left = 1
using 0s out of 0s left
----MOST-BALANCED-MOVES----
CIRCLE (13, 6) Q=40.5% : H=1 : Visit=622 : 70
CROSS  (1, 2) Q=55.6% : H=0.999 : Visit=265 : 43
---------------------------
median imbalance = 0.0713639
depth=1 : removed 70/71
depth=2 : removed 0/2
nodes left = 2
steps left = 1
using 0s out of 0s left
----MOST-BALANCED-MOVES----
CIRCLE (13, 6) Q=40.9% : H=1 : Visit=642 : 70
CROSS  (1, 2) Q=55.1% : H=0.999 : Visit=272 : 43
---------------------------
median imbalance = 0.0769235
depth=1 : removed 70/71
depth=2 : removed 0/2
nodes left = 2
steps left = 1
using 0s out of 0s left
----MOST-BALANCED-MOVES----
CIRCLE (13, 6) Q=40.8% : H=1 : Visit=664 : 70
CROSS  (1, 2) Q=55% : H=0.999 : Visit=278 : 43
---------------------------
median imbalance = 0.0807253
depth=1 : removed 70/71
depth=2 : removed 0/2
nodes left = 2
steps left = 1
using 0s out of 0s left
----MOST-BALANCED-MOVES----
CIRCLE (13, 6) Q=40.7% : H=1 : Visit=683 : 70
CROSS  (1, 2) Q=55% : H=0.999 : Visit=282 : 43
---------------------------
median imbalance = 0.0845957
depth=1 : removed 70/71
depth=2 : removed 1/2
Answered : MESSAGE depth 1-12 ev 49.7 n 6331 n/s 284 tm 22214 pv On6 Xb2 Oe3 Xk10 Oe2 Xj9 Oi8 Xl9 Oj11 Xk9 Om9 Xe4
Overall 71 children
sum of visits = 769
BEST
CIRCLE (13, 6) Q=40.5% : H=1 : Visit=699 : 70
CIRCLE (3, 5) Q=0% : H=0 : Visit=1 : 70
CIRCLE (4, 4) Q=0% : H=0 : Visit=1 : 70
CIRCLE (2, 5) Q=0% : H=0 : Visit=1 : 70
CIRCLE (13, 7) Q=0% : H=0 : Visit=1 : 70
CIRCLE (5, 8) Q=0% : H=0 : Visit=1 : 70
CIRCLE (5, 7) Q=0% : H=0 : Visit=1 : 70
CIRCLE (12, 6) Q=0% : H=0 : Visit=1 : 70
CIRCLE (6, 7) Q=0% : H=0 : Visit=1 : 70
CIRCLE (11, 6) Q=0% : H=0 : Visit=1 : 70
WORST
CIRCLE (7, 9) Q=0% : H=0 : Visit=1 : 70
CIRCLE (6, 6) Q=0% : H=0 : Visit=1 : 70
CIRCLE (3, 1) Q=0% : H=0 : Visit=1 : 70
CIRCLE (5, 3) Q=0% : H=0 : Visit=1 : 70
CIRCLE (2, 2) Q=0% : H=0 : Visit=1 : 70
CIRCLE (1, 5) Q=0% : H=0 : Visit=1 : 70
CIRCLE (4, 3) Q=0% : H=0 : Visit=1 : 70
CIRCLE (2, 3) Q=0% : H=0 : Visit=1 : 70
CIRCLE (7, 5) Q=0% : H=0 : Visit=1 : 70
CIRCLE (5, 2) Q=0% : H=0 : Visit=1 : 70
  _   _   _   _   _   _   _   _   _   _   _   _   _   _   _ 
  _    1   1   1   1   1  _   _   _   _   _   _   _   _   _ 
  _    1   1   1   1   1  _   _   _   _   _   _   _   _   _ 
  _    1   1  O    1   1  _   _   _   _   _   _   _   _   _ 
  _    1   1   1   1   1  _   _   _   _   _   _   _   _   _ 
  _    1   1   1   1   1   1   1   1   1  _   _   _   _   _ 
  _   _   _   _   _    1   1   1   1   1  _   _   _   _   _ 
  _   _   _   _   _    1   1  X    1   1  _   _   _   _   _ 
  _   _   _   _   _    1   1   1   1   1  _   _   _   _   _ 
  _   _   _   _   _    1   1   1   1   1  _   _   _   _   _ 
  _   _   _   _   _   _    1   1   1   1   1  _   _   _   _ 
  _   _   _   _   _   _    1   1   1   1   1  _   _   _   _ 
  _   _   _   _   _   _    1   1  X    1   1  _   _   _   _ 
  _   _   _   _   _   _  908   1   1   1   1  _   _   _   _ 
  _   _   _   _   _   _    1   1   1   1   1  _   _   _   _ 

nodes used 323k / 42M (0.7%)
memory = 1285.67 MB
0 : CROSS  (-1, -1) Q=50.2% : H=1 : Visit=6331 : 71
1 : CIRCLE (13, 6) Q=40.5% : H=1 : Visit=699 : 70
2 : CROSS  (1, 2) Q=55% : H=0.999 : Visit=286 : 43
3 : CIRCLE (4, 3) Q=45.3% : H=0.21 : Visit=78 : 54
4 : CROSS  (10, 10) Q=62.1% : H=0.377 : Visit=60 : 37
5 : CIRCLE (4, 2) Q=41.8% : H=0.149 : Visit=14 : 54
6 : CROSS  (9, 9) Q=78.5% : H=0.384 : Visit=8 : 30
7 : CIRCLE (8, 8) Q=19.9% : H=0.867 : Visit=7 : 36
8 : CROSS  (11, 9) Q=91.4% : H=0.784 : Visit=5 : 19
9 : CIRCLE (9, 11) Q=8.9% : H=0.581 : Visit=3 : 24
10 : CROSS  (10, 9) Q=93.3% : H=0.901 : Visit=2 : 26
11 : CIRCLE (12, 9) Q=3.7% : H=0.638 : Visit=1 : 25
12 : CROSS  (4, 4) Q=0% : H=0 : Visit=0 : 0
Total 12 moves ahead
----NNCACHE-INFO----
memory = 7.47856 MB / 857.112MB
stored = 6640 elements
calls  = 6903
hits   = 260 (3.7%)
--------------------
----MOST-BALANCED-MOVES----
CIRCLE (13, 6) Q=40.5% : H=1 : Visit=699 : 70
CROSS  (1, 2) Q=55% : H=0.999 : Visit=286 : 43
---------------------------
Answered : 6,13 2,1
Got : END
