Compiled on May 17 2021 at 21:00:40
Launched in Engine\
Answered : MESSAGE Detected following devices
Answered : MESSAGE CPU : GenuineIntel : 8 x AVX with 6091MB of memory
Answered : OK
Received : INFO max_memory 2147483648
Received : INFO timeout_match 60
Received : INFO timeout_turn 60
Received : INFO game_type 1
Received : INFO rule 1
Received : INFO time_left 60
Received : SWAP2BOARD
Received : 7,12
Received : 4,7
Received : 12,10
Received : DONE
Initialized in 0.100955 seconds
Evaluating opening
BEST
CIRCLE ( 6, 5) : U : Q=0.152045 : 0.000438 : 0.847516 : P=0.180817 : Visits=6 : Children=30
CIRCLE ( 8, 4) : U : Q=0.234131 : 0.000461 : 0.765407 : P=0.120951 : Visits=4 : Children=30
CIRCLE ( 7, 6) : U : Q=0.174692 : 0.000962 : 0.824346 : P=0.122243 : Visits=4 : Children=30
CIRCLE ( 7, 5) : U : Q=0.307761 : 0.000337 : 0.691901 : P=0.105632 : Visits=3 : Children=30
CIRCLE ( 6, 4) : U : Q=0.258400 : 0.001207 : 0.740393 : P=0.088389 : Visits=3 : Children=30
CIRCLE ( 9, 4) : U : Q=0.441340 : 0.001713 : 0.556947 : P=0.084711 : Visits=2 : Children=30
CIRCLE ( 8, 5) : U : Q=0.439056 : 0.001584 : 0.559360 : P=0.065120 : Visits=2 : Children=30
CIRCLE ( 8, 3) : U : Q=0.944477 : 0.002225 : 0.053298 : P=0.019006 : Visits=1 : Children=30
CIRCLE ( 7, 2) : U : Q=0.926615 : 0.003279 : 0.070106 : P=0.004284 : Visits=1 : Children=30
CIRCLE ( 6, 3) : U : Q=0.921925 : 0.002718 : 0.075357 : P=0.018402 : Visits=1 : Children=30
  _   _   _   _   _   _   _   _   _   _   _   _   _   _   _ 
  _   _   _   _   _   _   _   _   _   _   _   _   _   _   _ 
  _   _   _   _   _   _   _   _   _   _   _   _   _   _   _ 
  _   _   _   _   _   _   _   _   _   _   _   _   _   _   _ 
  _   _   _   _   21  21  _   _   _   _   _   _   _   _   _ 
  _   _   _   _   21  21  21  _   _   _   _   _   _   _   _ 
  _   _   _   21  63 127  21  21  _   _   _   _   _   _   _ 
  _   _   21  21  O   63  85  21  _   _   _   _   _   _   _ 
  _   _   _   21  85  42  21  21  _   _   _   _   _   _   _ 
  _   _   _   21  42  21  21  21  _   _   _   _   _   _   _ 
  _   _   _   21  21  21  _   21  _   21  _   _   X   _   _ 
  _   _   _   _   _   _   _   _   _   _   _   _   _   _   _ 
  _   _   _   _   _   _   _   X   _   _   _   _   _   _   _ 
  _   _   _   _   _   _   _   _   _   _   _   _   _   _   _ 
  _   _   _   _   _   _   _   _   _   _   _   _   _   _   _ 

CROSS  ( 0, 0) : U : Q=0.137951 : 0.002228 : 0.859822 : P=0.000000 : Visits=55 : Children=30
CIRCLE ( 6, 5) : U : Q=0.152045 : 0.000438 : 0.847516 : P=0.180817 : Visits=6 : Children=30
CROSS  (10, 9) : U : Q=0.000000 : 0.000000 : 0.000000 : P=0.436784 : Visits=0 : Children=0
----EvaluationQueue----
avg batch size = 3.000000
network   = 0.143916s : 2 : 71.958154 ms
pack      = 0.000249s : 2 : 124.663115 us
unpack    = 0.000000s : 2 : 0.000000 us

----SearchStats----
nb_duplicate_nodes = 1
select     = 0.000874s : 8 : 109.214336 us
expand     = 0.016988s : 6 : 2.831260 ms
vcf solver = 0.975774s : 6 : 162.628919 ms
backup     = 0.000000s : 3 : 0.000000 us
evaluate   = 0.000000s : 6 : 0.000000 us
game rules = 0.000000s : 8 : 0.000000 us

----TreeStats----
used nodes      = 930
allocated nodes = 1000000
proven nodes    = 0 : 0 : 0 (win:draw:loss)
memory = 0MB
----CacheStats----
hit rate = 0.000000%
time_seek    = 0.000000s : 55 : 0.000000 us
time_insert  = 0.000000s : 55 : 0.000000 us
time_cleanup = 0.000000s : 1 : 0.000000 us
entries = 55 : 0 : 55 (stored:buffered:allocated)
memory = 48MB

Answered : MESSAGE depth 1-3 ev 86.0 n 55 n/s 43 tm 1263 pv Og5 Xk9
Answered : 3,8
Received : END
