Compiled on May 17 2021 at 21:00:40
Launched in Engine\
Answered : MESSAGE Detected following devices
Answered : MESSAGE CPU : GenuineIntel : 8 x AVX with 6091MB of memory
Answered : OK
Received : INFO max_memory 2147483648
Received : INFO timeout_match 60
Received : INFO timeout_turn 60
Received : INFO game_type 1
Received : INFO rule 1
Received : INFO time_left 60
Received : SWAP2BOARD
Received : 7,12
Received : 4,7
Received : 12,10
Received : DONE
Initialized in 0.137928 seconds
Evaluating opening
BEST
CIRCLE ( 7, 6) : U : Q=0.071757 : 0.000631 : 0.927612 : P=0.180663 : Visits=7 : Children=30
CIRCLE ( 7, 5) : U : Q=0.155001 : 0.000431 : 0.844567 : P=0.144542 : Visits=6 : Children=30
CIRCLE ( 6, 5) : U : Q=0.097088 : 0.000621 : 0.902291 : P=0.165656 : Visits=6 : Children=30
CIRCLE ( 8, 5) : U : Q=0.282377 : 0.001678 : 0.715945 : P=0.075648 : Visits=3 : Children=30
CIRCLE ( 9, 4) : U : Q=0.441340 : 0.001713 : 0.556947 : P=0.070917 : Visits=2 : Children=30
CIRCLE ( 8, 4) : U : Q=0.273428 : 0.001817 : 0.724755 : P=0.063771 : Visits=2 : Children=30
CIRCLE ( 6, 3) : U : Q=0.921925 : 0.002718 : 0.075357 : P=0.010541 : Visits=1 : Children=30
CIRCLE ( 6, 4) : U : Q=0.915771 : 0.002395 : 0.081834 : P=0.029559 : Visits=1 : Children=30
CIRCLE ( 5, 6) : U : Q=0.908639 : 0.002213 : 0.089148 : P=0.044742 : Visits=1 : Children=30
CIRCLE ( 8, 3) : U : Q=0.879864 : 0.004026 : 0.116109 : P=0.044593 : Visits=1 : Children=30
  _   _   _   _   _   _   _   _   _   _   _   _   _   _   _ 
  _   _   _   _   _   _   _   _   _   _   _   _   _   _   _ 
  _   _   _   _   _   _   _   _   _   _   _   _   _   _   _ 
  _   _   _   _   _   _   _   _   _   _   _   _   _   _   _ 
  _   _   _   _   20  _   _   20  _   _   _   _   _   _   _ 
  _   _   _   _   20  20  20  _   _   _   _   _   _   _   _ 
  _   _   _   20  20 120  20  20  _   _   _   _   _   _   _ 
  _   _   20  20  O  120 140  20  _   _   _   _   _   _   _ 
  _   _   20  20  40  60  20  20  _   _   _   _   _   _   _ 
  _   _   _   20  40  20  20  20  _   _   _   _   _   _   _ 
  _   _   _   _   20  _   20  20  _   20  _   _   X   _   _ 
  _   _   _   _   _   _   _   _   _   _   _   _   _   _   _ 
  _   _   _   _   _   _   _   X   _   _   _   _   _   _   _ 
  _   _   _   _   _   _   _   _   _   _   _   _   _   _   _ 
  _   _   _   _   _   _   _   _   _   _   _   _   _   _   _ 

CROSS  ( 0, 0) : U : Q=0.193785 : 0.002595 : 0.803620 : P=0.000000 : Visits=58 : Children=30
CIRCLE ( 7, 6) : U : Q=0.071757 : 0.000631 : 0.927612 : P=0.180663 : Visits=7 : Children=30
CROSS  (10, 9) : U : Q=0.000000 : 0.000000 : 0.000000 : P=0.470805 : Visits=0 : Children=0
----EvaluationQueue----
avg batch size = 3.500000
network   = 0.181139s : 2 : 90.569571 ms
pack      = 0.000000s : 2 : 0.000000 us
unpack    = 0.000000s : 2 : 0.000000 us

----SearchStats----
nb_duplicate_nodes = 1
select     = 0.000499s : 8 : 62.432140 us
expand     = 0.020110s : 7 : 2.872918 ms
vcf solver = 0.964035s : 7 : 137.719244 ms
backup     = 0.000000s : 3 : 0.000000 us
evaluate   = 0.000000s : 7 : 0.000000 us
game rules = 0.000000s : 8 : 0.000000 us

----TreeStats----
used nodes      = 929
allocated nodes = 1000000
proven nodes    = 0 : 0 : 0 (win:draw:loss)
memory = 0MB
----CacheStats----
hit rate = 0.000000%
time_seek    = 0.000000s : 58 : 0.000000 us
time_insert  = 0.000000s : 58 : 0.000000 us
time_cleanup = 0.000000s : 1 : 0.000000 us
entries = 58 : 0 : 58 (stored:buffered:allocated)
memory = 48MB

Answered : MESSAGE depth 1-3 ev 80.4 n 58 n/s 43 tm 1336 pv Oh6 Xk9
Answered : 3,6
Received : END
