Compiled on May 17 2021 at 21:00:40
Launched in Engine\
Answered : MESSAGE Detected following devices
Answered : MESSAGE CPU : GenuineIntel : 8 x AVX with 6091MB of memory
Answered : OK
Received : INFO max_memory 2147483648
Received : INFO timeout_match 60
Received : INFO timeout_turn 60
Received : INFO game_type 1
Received : INFO rule 1
Received : INFO time_left 60
Received : SWAP2BOARD
Received : 7,12
Received : 4,7
Received : 12,10
Received : DONE
Initialized in 0.137109 seconds
Evaluating opening
BEST
CIRCLE ( 6, 5) : U : Q=0.144606 : 0.000595 : 0.854799 : P=0.183118 : Visits=6 : Children=30
CIRCLE ( 7, 6) : U : Q=0.178681 : 0.000573 : 0.820746 : P=0.158307 : Visits=5 : Children=30
CIRCLE ( 7, 5) : U : Q=0.211649 : 0.001159 : 0.787192 : P=0.141034 : Visits=4 : Children=30
CIRCLE ( 6, 4) : U : Q=0.260709 : 0.000917 : 0.738374 : P=0.098488 : Visits=3 : Children=30
CIRCLE ( 8, 4) : U : Q=0.460671 : 0.000826 : 0.538503 : P=0.083396 : Visits=2 : Children=30
CIRCLE ( 8, 5) : U : Q=0.423566 : 0.002517 : 0.573918 : P=0.065702 : Visits=2 : Children=30
CIRCLE ( 9, 4) : U : Q=0.882680 : 0.003426 : 0.113894 : P=0.043120 : Visits=1 : Children=30
CIRCLE ( 8, 3) : U : Q=0.879864 : 0.004026 : 0.116109 : P=0.023713 : Visits=1 : Children=30
CIRCLE ( 5, 4) : U : Q=0.878905 : 0.001844 : 0.119251 : P=0.042911 : Visits=1 : Children=30
CIRCLE ( 6, 6) : U : Q=0.874767 : 0.002791 : 0.122442 : P=0.010543 : Visits=1 : Children=30
  _   _   _   _   _   _   _   _   _   _   _   _   _   _   _ 
  _   _   _   _   _   _   _   _   _   _   _   _   _   _   _ 
  _   _   _   _   _   _   _   _   _   _   _   _   _   _   _ 
  _   _   _   _   _   _   _   _   _   _   _   _   _   _   _ 
  _   _   _   _   21  21  _   _   _   _   _   _   _   _   _ 
  _   _   _   21  21  21  21  _   _   _   _   _   _   _   _ 
  _   _   _   21  65 130  21  21  _   _   _   _   _   _   _ 
  _   _   21  21  O   86 108  21  _   _   _   _   _   _   _ 
  _   _   _   21  43  43  21  21  _   _   _   _   _   _   _ 
  _   _   21  _   21  21  21  21  _   _   _   _   _   _   _ 
  _   _   _   _   21  _   _   21  _   21  21  _   X   _   _ 
  _   _   _   _   _   _   _   _   _   _   _   _   _   _   _ 
  _   _   _   _   _   _   _   X   _   _   _   _   _   _   _ 
  _   _   _   _   _   _   _   _   _   _   _   _   _   _   _ 
  _   _   _   _   _   _   _   _   _   _   _   _   _   _   _ 

CROSS  ( 0, 0) : U : Q=0.151595 : 0.002745 : 0.845660 : P=0.000000 : Visits=54 : Children=30
CIRCLE ( 6, 5) : U : Q=0.144606 : 0.000595 : 0.854799 : P=0.183118 : Visits=6 : Children=30
CROSS  (10, 9) : U : Q=0.000000 : 0.000000 : 0.000000 : P=0.625927 : Visits=0 : Children=0
----EvaluationQueue----
avg batch size = 3.000000
network   = 0.145670s : 2 : 72.834805 ms
pack      = 0.000000s : 2 : 0.000000 us
unpack    = 0.000000s : 2 : 0.000000 us

----SearchStats----
nb_duplicate_nodes = 2
select     = 0.000249s : 8 : 31.180680 us
expand     = 0.019111s : 6 : 3.185203 ms
vcf solver = 0.967533s : 6 : 161.255469 ms
backup     = 0.000000s : 3 : 0.000000 us
evaluate   = 0.000000s : 6 : 0.000000 us
game rules = 0.000000s : 8 : 0.000000 us

----TreeStats----
used nodes      = 930
allocated nodes = 1000000
proven nodes    = 0 : 0 : 0 (win:draw:loss)
memory = 0MB
----CacheStats----
hit rate = 0.000000%
time_seek    = 0.000000s : 54 : 0.000000 us
time_insert  = 0.001001s : 54 : 18.530422 us
time_cleanup = 0.000000s : 1 : 0.000000 us
entries = 54 : 0 : 54 (stored:buffered:allocated)
memory = 48MB

Answered : MESSAGE depth 1-3 ev 84.7 n 54 n/s 41 tm 1289 pv Og5 Xk9
Answered : 4,9
Received : END
