Compiled on May 17 2021 at 21:00:40
Launched in Engine\
Answered : MESSAGE Detected following devices
Answered : MESSAGE CPU : GenuineIntel : 8 x AVX with 6091MB of memory
Answered : OK
Received : INFO max_memory 2147483648
Received : INFO timeout_match 60
Received : INFO timeout_turn 60
Received : INFO game_type 1
Received : INFO rule 1
Received : INFO time_left 60
Received : SWAP2BOARD
Received : 7,12
Received : 4,7
Received : 12,10
Received : DONE
Initialized in 0.103194 seconds
Evaluating opening
BEST
CIRCLE ( 7, 6) : U : Q=0.148901 : 0.000478 : 0.850622 : P=0.137669 : Visits=6 : Children=30
CIRCLE ( 7, 5) : U : Q=0.180554 : 0.000475 : 0.818971 : P=0.133024 : Visits=5 : Children=30
CIRCLE ( 6, 5) : U : Q=0.173527 : 0.000714 : 0.825759 : P=0.130142 : Visits=5 : Children=30
CIRCLE ( 9, 4) : U : Q=0.220670 : 0.000856 : 0.778473 : P=0.106527 : Visits=4 : Children=30
CIRCLE ( 8, 4) : U : Q=0.312175 : 0.000615 : 0.687210 : P=0.070228 : Visits=3 : Children=30
CIRCLE ( 8, 5) : U : Q=0.423566 : 0.002517 : 0.573918 : P=0.063779 : Visits=2 : Children=30
CIRCLE ( 6, 4) : U : Q=0.387600 : 0.001811 : 0.610589 : P=0.052475 : Visits=2 : Children=30
CIRCLE ( 8, 3) : U : Q=0.899240 : 0.002615 : 0.098145 : P=0.035427 : Visits=1 : Children=30
CIRCLE ( 5, 5) : U : Q=0.864716 : 0.003861 : 0.131423 : P=0.012197 : Visits=1 : Children=30
CIRCLE ( 6, 3) : U : Q=0.862503 : 0.002541 : 0.134956 : P=0.025251 : Visits=1 : Children=30
  _   _   _   _   _   _   _   _   _   _   _   _   _   _   _ 
  _   _   _   _   _   _   _   _   _   _   _   _   _   _   _ 
  _   _   _   _   _   _   _   _   _   _   _   _   _   _   _ 
  _   _   _   _   _   _   _   _   _   _   _   _   _   _   _ 
  _   _   _   _   20  20  _   _   _   _   _   _   _   _   _ 
  _   _   _   _   20  20  20  _   _   _   _   _   _   _   _ 
  _   _   _   20  40  99  20  20  _   _   _   _   _   _   _ 
  _   _   20  20  O   99 120  20  _   _   _   _   _   _   _ 
  _   _   _   20  60  40  20  20  _   _   _   _   _   _   _ 
  _   _   _   20  80  20  20  20  _   _   _   _   _   _   _ 
  _   _   _   _   20  20  _   20  _   20  20  _   X   _   _ 
  _   _   _   _   _   _   _   _   _   _   _   _   _   _   _ 
  _   _   _   _   _   _   _   X   _   _   _   _   _   _   _ 
  _   _   _   _   _   _   _   _   _   _   _   _   _   _   _ 
  _   _   _   _   _   _   _   _   _   _   _   _   _   _   _ 

CROSS  ( 0, 0) : U : Q=0.147865 : 0.002749 : 0.849385 : P=0.000000 : Visits=58 : Children=30
CIRCLE ( 7, 6) : U : Q=0.148901 : 0.000478 : 0.850622 : P=0.137669 : Visits=6 : Children=30
CROSS  (10, 9) : U : Q=0.000000 : 0.000000 : 0.000000 : P=0.434443 : Visits=0 : Children=0
----EvaluationQueue----
avg batch size = 3.500000
network   = 0.139895s : 2 : 69.947377 ms
pack      = 0.000000s : 2 : 0.000000 us
unpack    = 0.000000s : 2 : 0.000000 us

----SearchStats----
nb_duplicate_nodes = 1
select     = 0.000000s : 8 : 0.000000 us
expand     = 0.015118s : 7 : 2.159766 ms
vcf solver = 0.976395s : 7 : 139.485061 ms
backup     = 0.000000s : 3 : 0.000000 us
evaluate   = 0.000000s : 7 : 0.000000 us
game rules = 0.000000s : 8 : 0.000000 us

----TreeStats----
used nodes      = 930
allocated nodes = 1000000
proven nodes    = 0 : 0 : 0 (win:draw:loss)
memory = 0MB
----CacheStats----
hit rate = 0.000000%
time_seek    = 0.000000s : 58 : 0.000000 us
time_insert  = 0.000000s : 58 : 0.000000 us
time_cleanup = 0.000000s : 1 : 0.000000 us
entries = 58 : 0 : 58 (stored:buffered:allocated)
memory = 48MB

Answered : MESSAGE depth 1-3 ev 85.0 n 58 n/s 46 tm 1259 pv Oh6 Xk9
Answered : 3,8
Received : END
